***************************************************************
Number of open positions: 0
Function started at 02.09.2025 18:40:28

SYMBOL     |   ΔRSI |    RSI
----------------------------
WLFIUSDT   | -11.37 |  27.31
***************************************************************
Number of open positions: 0
Function started at 02.09.2025 18:51:26

SYMBOL     |   ΔRSI |    RSI
----------------------------
TONUSDT    | -13.39 |  50.57
{'retCode': 0, 'retMsg': 'OK', 'result': {}, 'retExtInfo': {}, 'time': 1756824716745}
Last close price for TONUSDT: 3.1323
Opening Sell for  TONUSDT
TP: 2.975685
SL: 3.194946
TS: 0.031323
Order Quantity: 3192.54
***************************************************************
Number of open positions: 8
Scanning these symbols: ['WLFIUSDT', 'DOGEUSDT', 'DOGEUSDT', 'GALAUSDT', 'PENGUUSDT', 'ENAUSDT', 'FARTCOINUSDT', 'JASMYUSDT', 'ADAUSDT', 'PYTHUSDT', 'WIFUSDT', 'XRPUSDT', 'HBARUSDT', 'MUSDT', 'BRETTUSDT', 'POLUSDT', 'ARBUSDT', 'VETUSDT', 'RSRUSDT', 'CROUSDT', 'SEIUSDT', 'KASUSDT', 'XLMUSDT', 'ONDOUSDT', 'STRKUSDT', 'SKYUSDT', 'SUIUSDT', 'CRVUSDT', 'CFXUSDT', 'GRTUSDT', 'OPUSDT', 'ALGOUSDT', 'TRXUSDT', 'WLDUSDT', 'FLRUSDT', 'JUPUSDT', 'SANDUSDT', 'SUSDT', 'VIRTUALUSDT', 'MANAUSDT', 'LDOUSDT', 'WALUSDT', 'ETHFIUSDT', 'MNTUSDT', 'SPXUSDT', 'KAIAUSDT', 'TIAUSDT', 'APEUSDT', 'XDCUSDT', 'DYDXUSDT', 'NEARUSDT', 'FLOWUSDT', 'SOLUSDT', 'AEROUSDT', 'SYRUPUSDT', 'DOTUSDT', 'TRUMPUSDT', 'FILUSDT', 'IOTAUSDT', 'SUNUSDT', 'IMXUSDT', 'APTUSDT', 'STXUSDT', 'LINKUSDT', 'TONUSDT', 'XTZUSDT', 'RUNEUSDT', 'THETAUSDT', 'IPUSDT', 'AVAXUSDT', 'AUSDT', 'UNIUSDT', 'ATOMUSDT', 'JTOUSDT', 'RENDERUSDT', 'SAROSUSDT', 'USDCUSDT', 'USDCUSDT', 'BUSDT', 'ICPUSDT', 'HYPEUSDT', 'PENDLEUSDT', 'INJUSDT', 'MORPHOUSDT', 'COREUSDT', 'ETHUSDT', 'FORMUSDT', 'USD1USDT', 'NEOUSDT', 'ETCUSDT', 'CAKEUSDT', 'LTCUSDT', 'ENSUSDT', 'HNTUSDT', 'AAVEUSDT', 'BCHUSDT', 'USDEUSDT', 'BTCUSDT', 'BNBUSDT', 'TAOUSDT'] 

Function started at 02.09.2025 21:39:24
Latest Close: 0.2271 	RSI(14): 40.50 	SMA(10) : 42.38 	Delta : -1.88 	STC : 0.00
Latest Close: 0.21223 	RSI(14): 45.57 	SMA(10) : 44.46 	Delta : 1.11 	STC : 0.84
Latest Close: 0.21219 	RSI(14): 45.50 	SMA(10) : 44.45 	Delta : 1.05 	STC : 0.84
Latest Close: 0.01597 	RSI(14): 47.17 	SMA(10) : 43.43 	Delta : 3.74 	STC : 2.21
Latest Close: 0.029351 	RSI(14): 49.47 	SMA(10) : 43.47 	Delta : 6.00 	STC : 57.10
Latest Close: 0.676 	RSI(14): 56.55 	SMA(10) : 50.82 	Delta : 5.73 	STC : 81.75
Latest Close: 0.7645 	RSI(14): 48.54 	SMA(10) : 39.27 	Delta : 9.27 	STC : 29.84
Latest Close: 0.014286 	RSI(14): 44.90 	SMA(10) : 42.22 	Delta : 2.68 	STC : 36.72
Latest Close: 0.8166 	RSI(14): 46.50 	SMA(10) : 44.45 	Delta : 2.05 	STC : 93.74
Latest Close: 0.1586 	RSI(14): 39.55 	SMA(10) : 42.38 	Delta : -2.83 	STC : 0.00
Latest Close: 0.8124 	RSI(14): 56.55 	SMA(10) : 42.99 	Delta : 13.56 	STC : 22.92
Latest Close: 2.7938 	RSI(14): 44.94 	SMA(10) : 41.47 	Delta : 3.47 	STC : 96.88
Latest Close: 0.21449 	RSI(14): 37.81 	SMA(10) : 35.99 	Delta : 1.82 	STC : 28.11
Latest Close: 0.8731 	RSI(14): 71.37 	SMA(10) : 68.73 	Delta : 2.64 	STC : 100.00
Latest Close: 0.04564 	RSI(14): 43.52 	SMA(10) : 37.97 	Delta : 5.55 	STC : 2.10
Latest Close: 0.2857 	RSI(14): 67.05 	SMA(10) : 64.63 	Delta : 2.42 	STC : 93.28
Latest Close: 0.4912 	RSI(14): 46.34 	SMA(10) : 43.44 	Delta : 2.90 	STC : 3.22
Latest Close: 0.02363 	RSI(14): 41.41 	SMA(10) : 40.48 	Delta : 0.92 	STC : 0.00
Latest Close: 0.007569 	RSI(14): 53.57 	SMA(10) : 44.69 	Delta : 8.88 	STC : 87.29
Latest Close: 0.25322 	RSI(14): 38.51 	SMA(10) : 43.58 	Delta : -5.08 	STC : 0.00
Latest Close: 0.2831 	RSI(14): 47.08 	SMA(10) : 42.20 	Delta : 4.88 	STC : 9.39
Latest Close: 0.08371 	RSI(14): 45.25 	SMA(10) : 42.96 	Delta : 2.29 	STC : 11.22
Latest Close: 0.36073 	RSI(14): 48.37 	SMA(10) : 44.45 	Delta : 3.92 	STC : 99.97
Latest Close: 0.9187 	RSI(14): 54.05 	SMA(10) : 46.42 	Delta : 7.63 	STC : 81.25
Latest Close: 0.1221 	RSI(14): 40.25 	SMA(10) : 39.65 	Delta : 0.60 	STC : 0.14
Latest Close: 0.07665 	RSI(14): 85.93 	SMA(10) : 66.57 	Delta : 19.35 	STC : 99.69
Latest Close: 3.2607 	RSI(14): 46.41 	SMA(10) : 42.83 	Delta : 3.58 	STC : 95.52
Latest Close: 0.7576 	RSI(14): 45.07 	SMA(10) : 42.95 	Delta : 2.12 	STC : 81.18
Latest Close: 0.1738 	RSI(14): 38.47 	SMA(10) : 39.99 	Delta : -1.51 	STC : 0.03
Latest Close: 0.08804 	RSI(14): 47.14 	SMA(10) : 45.00 	Delta : 2.14 	STC : 1.31
Latest Close: 0.6979 	RSI(14): 49.77 	SMA(10) : 46.09 	Delta : 3.68 	STC : 15.26
Latest Close: 0.2304 	RSI(14): 44.47 	SMA(10) : 41.74 	Delta : 2.73 	STC : 94.36
Latest Close: 0.33711 	RSI(14): 42.02 	SMA(10) : 41.91 	Delta : 0.11 	STC : 29.63
Latest Close: 0.8781 	RSI(14): 45.19 	SMA(10) : 39.59 	Delta : 5.60 	STC : 50.00
Latest Close: 0.02081 	RSI(14): 38.32 	SMA(10) : 39.54 	Delta : -1.22 	STC : 20.77
Latest Close: 0.4901 	RSI(14): 48.20 	SMA(10) : 44.18 	Delta : 4.02 	STC : 65.91
Latest Close: 0.2737 	RSI(14): 47.81 	SMA(10) : 44.53 	Delta : 3.27 	STC : 2.57
Latest Close: 0.3051 	RSI(14): 43.49 	SMA(10) : 41.08 	Delta : 2.41 	STC : 0.08
Latest Close: 1.0343 	RSI(14): 33.29 	SMA(10) : 31.37 	Delta : 1.92 	STC : 0.04
Latest Close: 0.3004 	RSI(14): 60.84 	SMA(10) : 54.85 	Delta : 6.00 	STC : 99.08
Latest Close: 1.1755 	RSI(14): 43.54 	SMA(10) : 39.86 	Delta : 3.68 	STC : 7.40
Latest Close: 0.4026 	RSI(14): 55.26 	SMA(10) : 49.38 	Delta : 5.88 	STC : 94.90
Latest Close: 1.0907 	RSI(14): 53.28 	SMA(10) : 44.27 	Delta : 9.01 	STC : 24.66
Latest Close: 1.1176 	RSI(14): 36.60 	SMA(10) : 39.81 	Delta : -3.21 	STC : 0.04
Latest Close: 1.0791 	RSI(14): 41.97 	SMA(10) : 43.42 	Delta : -1.45 	STC : 29.47
Latest Close: 0.147 	RSI(14): 47.48 	SMA(10) : 45.19 	Delta : 2.29 	STC : 38.11
Latest Close: 1.585 	RSI(14): 44.96 	SMA(10) : 41.46 	Delta : 3.50 	STC : 35.86
Latest Close: 0.5668 	RSI(14): 49.71 	SMA(10) : 44.29 	Delta : 5.42 	STC : 19.95
Latest Close: 0.07837 	RSI(14): 49.08 	SMA(10) : 44.66 	Delta : 4.42 	STC : 2.56
Latest Close: 0.5894 	RSI(14): 43.64 	SMA(10) : 39.23 	Delta : 4.41 	STC : 1.09
Latest Close: 2.389 	RSI(14): 47.23 	SMA(10) : 41.47 	Delta : 5.76 	STC : 12.64
Latest Close: 0.4015 	RSI(14): 46.84 	SMA(10) : 47.30 	Delta : -0.45 	STC : 1.63
Latest Close: 204.61 	RSI(14): 54.15 	SMA(10) : 47.27 	Delta : 6.88 	STC : 50.00
Latest Close: 1.1176 	RSI(14): 42.81 	SMA(10) : 38.62 	Delta : 4.19 	STC : 60.90
Latest Close: 0.44739 	RSI(14): 45.58 	SMA(10) : 50.74 	Delta : -5.16 	STC : 0.05
Latest Close: 3.7779 	RSI(14): 49.26 	SMA(10) : 45.57 	Delta : 3.69 	STC : 68.17
Latest Close: 8.344 	RSI(14): 45.34 	SMA(10) : 50.28 	Delta : -4.94 	STC : 0.69
Latest Close: 2.256 	RSI(14): 44.17 	SMA(10) : 48.69 	Delta : -4.53 	STC : 7.63
Latest Close: 0.1848 	RSI(14): 40.34 	SMA(10) : 39.97 	Delta : 0.37 	STC : 0.08
Latest Close: 0.022226 	RSI(14): 37.66 	SMA(10) : 33.74 	Delta : 3.92 	STC : 15.86
Latest Close: 0.5165 	RSI(14): 49.82 	SMA(10) : 44.26 	Delta : 5.56 	STC : 81.99
Latest Close: 4.306 	RSI(14): 51.04 	SMA(10) : 46.12 	Delta : 4.92 	STC : 76.06
Latest Close: 0.6206 	RSI(14): 48.46 	SMA(10) : 42.55 	Delta : 5.91 	STC : 17.80
Latest Close: 23.042 	RSI(14): 45.29 	SMA(10) : 42.76 	Delta : 2.54 	STC : 6.25
Latest Close: 3.1398 	RSI(14): 51.06 	SMA(10) : 48.11 	Delta : 2.95 	STC : 99.99
Latest Close: 0.719 	RSI(14): 44.03 	SMA(10) : 38.97 	Delta : 5.06 	STC : 97.75
Latest Close: 1.189 	RSI(14): 47.86 	SMA(10) : 42.75 	Delta : 5.11 	STC : 19.61
Latest Close: 0.7899 	RSI(14): 52.17 	SMA(10) : 46.27 	Delta : 5.90 	STC : 6.44
Latest Close: 7.8393 	RSI(14): 62.58 	SMA(10) : 61.58 	Delta : 1.01 	STC : 1.48
Latest Close: 23.965 	RSI(14): 52.27 	SMA(10) : 47.77 	Delta : 4.50 	STC : 94.85
Latest Close: 0.4842 	RSI(14): 45.22 	SMA(10) : 43.01 	Delta : 2.22 	STC : 0.04
Latest Close: 9.506 	RSI(14): 45.90 	SMA(10) : 42.90 	Delta : 3.00 	STC : 4.17
Latest Close: 4.397 	RSI(14): 43.46 	SMA(10) : 43.49 	Delta : -0.03 	STC : 0.05
Latest Close: 1.883 	RSI(14): 47.24 	SMA(10) : 43.42 	Delta : 3.82 	STC : 0.00
Latest Close: 3.421 	RSI(14): 47.71 	SMA(10) : 42.68 	Delta : 5.04 	STC : 20.30
Latest Close: 0.36523 	RSI(14): 65.85 	SMA(10) : 60.33 	Delta : 5.53 	STC : 100.00
Latest Close: 1.0 	RSI(14): 53.06 	SMA(10) : 50.76 	Delta : 2.30 	STC : 82.32
Latest Close: 1.0 	RSI(14): 53.06 	SMA(10) : 50.76 	Delta : 2.30 	STC : 82.32
Latest Close: 0.67753 	RSI(14): 49.41 	SMA(10) : 54.83 	Delta : -5.41 	STC : 0.19
Latest Close: 4.837 	RSI(14): 49.75 	SMA(10) : 42.96 	Delta : 6.79 	STC : 97.69
Latest Close: 44.241 	RSI(14): 47.19 	SMA(10) : 45.95 	Delta : 1.24 	STC : 46.50
Latest Close: 4.5501 	RSI(14): 38.42 	SMA(10) : 35.72 	Delta : 2.71 	STC : 49.69
Latest Close: 12.876 	RSI(14): 49.43 	SMA(10) : 43.33 	Delta : 6.09 	STC : 97.05
Latest Close: 1.8939 	RSI(14): 40.47 	SMA(10) : 33.41 	Delta : 7.05 	STC : 93.78
Latest Close: 0.4268 	RSI(14): 45.51 	SMA(10) : 42.64 	Delta : 2.87 	STC : 0.63
Latest Close: 4304.94 	RSI(14): 40.65 	SMA(10) : 43.72 	Delta : -3.07 	STC : 2.14
Latest Close: 3.3893 	RSI(14): 52.87 	SMA(10) : 41.80 	Delta : 11.07 	STC : 68.00
Latest Close: 0.9986 	RSI(14): 40.29 	SMA(10) : 40.80 	Delta : -0.51 	STC : 0.39
Latest Close: 6.493 	RSI(14): 40.58 	SMA(10) : 38.64 	Delta : 1.95 	STC : 0.01
Latest Close: 20.676 	RSI(14): 45.09 	SMA(10) : 42.74 	Delta : 2.34 	STC : 36.72
Latest Close: 2.405 	RSI(14): 39.59 	SMA(10) : 36.73 	Delta : 2.87 	STC : 0.51
Latest Close: 110.58 	RSI(14): 50.56 	SMA(10) : 45.93 	Delta : 4.62 	STC : 93.42
Latest Close: 22.376 	RSI(14): 43.25 	SMA(10) : 38.70 	Delta : 4.55 	STC : 58.53
Latest Close: 2.528 	RSI(14): 45.30 	SMA(10) : 43.26 	Delta : 2.03 	STC : 18.44
Latest Close: 313.16 	RSI(14): 48.65 	SMA(10) : 43.38 	Delta : 5.27 	STC : 1.48
Latest Close: 581.3 	RSI(14): 69.80 	SMA(10) : 57.30 	Delta : 12.50 	STC : 100.00
Latest Close: 0.9999 	RSI(14): 50.09 	SMA(10) : 51.62 	Delta : -1.53 	STC : 99.97
Latest Close: 110758.5 	RSI(14): 58.24 	SMA(10) : 51.61 	Delta : 6.63 	STC : 99.96
Latest Close: 849.6 	RSI(14): 44.92 	SMA(10) : 43.93 	Delta : 0.99 	STC : 0.61
Latest Close: 316.19 	RSI(14): 45.92 	SMA(10) : 40.66 	Delta : 5.26 	STC : 32.94

SYMBOL     |   ΔRSI |    STC
----------------------------
SAROSUSDT  |   0.00 | 100.00
Last close price for SAROSUSDT: 0.36523
Opening Buy for  SAROSUSDT
TP: 0.3688823
SL: 0.3579254
TS: 0.0073046
Order Quantity: 27380.01
Adjusted qty: 27380.0
Final Adjusted qty: 27380.0
27000.0
Position already open.
0
resultOK: 0 <class 'int'>
MUSDT      |   2.64 | 100.00
Last close price for MUSDT: 0.8739
Opening Buy for  MUSDT
TP: 0.8826390000000001
SL: 0.856422
TS: 0.017478
Order Quantity: 11442.96
Adjusted qty: 11443.0
Final Adjusted qty: 11442.0
120000.0
{'retCode': 0, 'retMsg': 'OK', 'result': {'orderId': 'e6eb5e54-9ca5-40ad-b74f-8e2bfd11502e', 'orderLinkId': ''}, 'retExtInfo': {}, 'time': 1756834829200}
e6eb5e54-9ca5-40ad-b74f-8e2bfd11502e
