************************************************************************

************************************************************************
Function started at 21.09.2025 20:46:11
Balance for Main account is  100052.011249
Balance for Sub Account 1 account is  89422.97837648
Balance for Sub Account 2 account is  79309.50769671
************************************************************************
Function started at 21.09.2025 20:51:20
Balance for Main account is  100230.46244286
Balance for Sub Account 1 account is  89378.40132914
Balance for Sub Account 2 account is  79219.4368618
************************************************************************
Function started at 21.09.2025 20:56:00
Balance for Main account is  100072.8285616
Balance for Sub Account 1 account is  89428.70281786
Balance for Sub Account 2 account is  79183.4059991
************************************************************************
Function started at 21.09.2025 21:01:44
Balance for Main account is  100140.21320125
Balance for Sub Account 1 account is  89315.6845834
Balance for Sub Account 2 account is  79137.09027371
************************************************************************
Function started at 21.09.2025 21:06:13
Balance for Main account is  100085.84407549
Balance for Sub Account 1 account is  89398.13038822
Balance for Sub Account 2 account is  79251.04837201
************************************************************************
Function started at 21.09.2025 21:11:40
Balance for Main account is  100357.07821205
Balance for Sub Account 1 account is  89419.8900797
Balance for Sub Account 2 account is  79332.16067774
************************************************************************
Function started at 21.09.2025 21:16:30
Balance for Main account is  99935.56566899
Balance for Sub Account 1 account is  89466.81210753
************************************************************************
Function started at 21.09.2025 21:21:42
Balance for Main account is  100349.15574352
Balance for Sub Account 1 account is  89378.77439605
Balance for Sub Account 2 account is  79276.96764539
************************************************************************
Function started at 21.09.2025 21:27:02
Balance for Main account is  100293.5531333
Balance for Sub Account 1 account is  89350.06830294
Balance for Sub Account 2 account is  79329.03197658
************************************************************************
Function started at 21.09.2025 21:31:27
Balance for Main account is  100426.71304324
Balance for Sub Account 1 account is  89394.56293467
Balance for Sub Account 2 account is  79455.11654253
************************************************************************
Function started at 21.09.2025 21:36:32
Balance for Main account is  101087.00983375
Balance for Sub Account 1 account is  89335.66192465
Balance for Sub Account 2 account is  79293.18665324
************************************************************************
Function started at 21.09.2025 21:41:33
Balance for Main account is  101170.60605352
Balance for Sub Account 1 account is  89329.57938892
Balance for Sub Account 2 account is  79224.75955482
************************************************************************
Function started at 21.09.2025 21:46:44
Balance for Main account is  101050.00837134
Balance for Sub Account 1 account is  89314.20364988
Balance for Sub Account 2 account is  79163.0132256
************************************************************************
Function started at 21.09.2025 21:51:17
Balance for Main account is  100985.38325264
Balance for Sub Account 1 account is  89286.64212799
Balance for Sub Account 2 account is  79115.04194907
************************************************************************
Function started at 21.09.2025 21:56:48
Balance for Main account is  101038.73640428
Balance for Sub Account 1 account is  89143.34101765
Balance for Sub Account 2 account is  78921.0508381
************************************************************************
Function started at 21.09.2025 22:01:17
Balance for Main account is  100878.8324636
Balance for Sub Account 1 account is  89078.93258395
Balance for Sub Account 2 account is  78919.62131495
************************************************************************
Function started at 21.09.2025 22:05:42
Balance for Main account is  100955.64161738
Balance for Sub Account 1 account is  89087.22946616
Balance for Sub Account 2 account is  78929.50211794
************************************************************************
Function started at 21.09.2025 22:11:08
Balance for Main account is  101117.73094597
Balance for Sub Account 1 account is  89056.61488602
Balance for Sub Account 2 account is  78886.0965662
************************************************************************
Function started at 21.09.2025 22:16:17
Balance for Main account is  101146.76825755
Balance for Sub Account 1 account is  89071.08858077
Balance for Sub Account 2 account is  78939.21918384
************************************************************************
Function started at 21.09.2025 22:21:08
Balance for Main account is  101175.46822095
Balance for Sub Account 1 account is  89081.76729268
Balance for Sub Account 2 account is  79004.48645493
************************************************************************
Function started at 21.09.2025 22:26:06
Balance for Main account is  101205.42520556
Balance for Sub Account 1 account is  89089.96207685
Balance for Sub Account 2 account is  79044.8177376
************************************************************************
Function started at 21.09.2025 22:31:01
Balance for Main account is  101327.10839013
Balance for Sub Account 1 account is  89068.15510532
Balance for Sub Account 2 account is  79001.2459967
************************************************************************
Function started at 21.09.2025 22:36:01
Balance for Main account is  101191.96363716
Balance for Sub Account 1 account is  89047.32012661
Balance for Sub Account 2 account is  78846.17832997
************************************************************************
Function started at 21.09.2025 22:41:05
Balance for Main account is  101212.95996363
Balance for Sub Account 1 account is  89023.27084308
Balance for Sub Account 2 account is  78837.43704855
************************************************************************
Function started at 21.09.2025 22:46:23
Balance for Main account is  101469.432534
Balance for Sub Account 1 account is  89002.79568713
Balance for Sub Account 2 account is  78797.71033768
************************************************************************
Function started at 21.09.2025 22:51:04
Balance for Main account is  101425.51464985
Balance for Sub Account 1 account is  88978.44129968
Balance for Sub Account 2 account is  78814.73840647
************************************************************************
Function started at 21.09.2025 22:56:06
Balance for Main account is  101668.72871523
Balance for Sub Account 1 account is  89075.83041914
Balance for Sub Account 2 account is  78751.7521442
************************************************************************
Function started at 21.09.2025 23:01:12
Balance for Main account is  101726.02965815
Balance for Sub Account 1 account is  89079.07320776
Balance for Sub Account 2 account is  78749.63682098
************************************************************************
Function started at 21.09.2025 23:06:06
Balance for Main account is  101631.5651957
Balance for Sub Account 1 account is  89065.84817742
Balance for Sub Account 2 account is  78707.75920082
************************************************************************
Function started at 21.09.2025 23:11:17
Balance for Main account is  101150.21182464
Balance for Sub Account 1 account is  89010.53747261
Balance for Sub Account 2 account is  78853.05956103
************************************************************************
Function started at 21.09.2025 23:16:14
Balance for Main account is  101072.62609084
Balance for Sub Account 1 account is  88998.32927131
Balance for Sub Account 2 account is  78810.84177373
************************************************************************
Function started at 21.09.2025 23:21:14
Balance for Main account is  101456.91151221
Balance for Sub Account 1 account is  89034.43363695
Balance for Sub Account 2 account is  78639.08427372
************************************************************************
Function started at 21.09.2025 23:26:30
Balance for Main account is  101470.47296953
Balance for Sub Account 1 account is  89057.69010654
Balance for Sub Account 2 account is  78518.83524082
************************************************************************
Function started at 21.09.2025 23:31:06
Balance for Main account is  101679.32365002
Balance for Sub Account 1 account is  89074.02208374
Balance for Sub Account 2 account is  78476.26802379
************************************************************************
Function started at 21.09.2025 23:36:07
Balance for Main account is  101681.99940169
Balance for Sub Account 1 account is  89068.50581861
Balance for Sub Account 2 account is  78482.10712021
************************************************************************
Function started at 21.09.2025 23:41:02
Balance for Main account is  101571.98860582
Balance for Sub Account 1 account is  89044.06256067
Balance for Sub Account 2 account is  78496.3816617
************************************************************************
Function started at 21.09.2025 23:46:17
Balance for Main account is  101677.51823127
Balance for Sub Account 1 account is  89030.69556499
Balance for Sub Account 2 account is  78501.1454766
************************************************************************
Function started at 21.09.2025 23:51:06
Balance for Main account is  101680.32773788
Balance for Sub Account 1 account is  89050.36014471
Balance for Sub Account 2 account is  78465.60597449
************************************************************************
Function started at 21.09.2025 23:56:30
Balance for Main account is  101694.64816395
Balance for Sub Account 1 account is  89092.52004282
Balance for Sub Account 2 account is  78429.51502207
************************************************************************
Function started at 22.09.2025 00:01:17
Balance for Main account is  101916.60105198
Balance for Sub Account 1 account is  89109.53110737
Balance for Sub Account 2 account is  78380.79370584
************************************************************************
Function started at 22.09.2025 00:06:18
Balance for Main account is  101508.71161069
Balance for Sub Account 1 account is  89074.15528601
Balance for Sub Account 2 account is  78370.22612473
************************************************************************
Function started at 22.09.2025 00:11:05
Balance for Main account is  101410.053917
Balance for Sub Account 1 account is  89054.60062642
Balance for Sub Account 2 account is  78385.42214494
************************************************************************
Function started at 22.09.2025 00:15:37
Balance for Main account is  101415.22247797
Balance for Sub Account 1 account is  89049.60692067
Balance for Sub Account 2 account is  78387.05551218
************************************************************************
Function started at 22.09.2025 00:21:02
Balance for Main account is  101388.39238717
Balance for Sub Account 1 account is  89075.1040548
Balance for Sub Account 2 account is  78372.4705423
************************************************************************
Function started at 22.09.2025 00:26:02
Balance for Main account is  101595.78378198
Balance for Sub Account 1 account is  89112.25596407
Balance for Sub Account 2 account is  78372.35623569
************************************************************************
Function started at 22.09.2025 00:31:20
Balance for Main account is  101321.59798025
Balance for Sub Account 1 account is  89076.15912951
Balance for Sub Account 2 account is  78349.46654206
************************************************************************
Function started at 22.09.2025 00:36:01
Balance for Main account is  101328.84145365
Balance for Sub Account 1 account is  89018.7470673
Balance for Sub Account 2 account is  78356.36985817
************************************************************************
Function started at 22.09.2025 00:41:05
Balance for Main account is  101074.05563515
Balance for Sub Account 1 account is  89010.53042767
Balance for Sub Account 2 account is  78354.03428823
************************************************************************
Function started at 22.09.2025 00:46:14
Balance for Main account is  101343.41934441
Balance for Sub Account 1 account is  89020.73753606
Balance for Sub Account 2 account is  78355.46769417
************************************************************************
Function started at 22.09.2025 00:51:06
Balance for Main account is  101108.68168489
Balance for Sub Account 1 account is  89009.47129714
Balance for Sub Account 2 account is  78337.29749861
************************************************************************
Function started at 22.09.2025 00:56:03
Balance for Main account is  101783.50356705
Balance for Sub Account 1 account is  88989.50924386
Balance for Sub Account 2 account is  78358.53415513
************************************************************************
Function started at 22.09.2025 01:01:05
Balance for Main account is  101739.35713649
Balance for Sub Account 1 account is  88991.28420328
Balance for Sub Account 2 account is  78352.97423121
************************************************************************
Function started at 22.09.2025 01:06:02
Balance for Main account is  101523.8108128
Balance for Sub Account 1 account is  88951.36633664
Balance for Sub Account 2 account is  78370.51789007
************************************************************************
Function started at 22.09.2025 01:11:03
Balance for Main account is  101420.1510577
Balance for Sub Account 1 account is  88976.49655882
Balance for Sub Account 2 account is  78364.83676726
************************************************************************
Function started at 22.09.2025 01:16:01
Balance for Main account is  101548.90983713
Balance for Sub Account 1 account is  88988.83947828
Balance for Sub Account 2 account is  78365.77637283
************************************************************************
Function started at 22.09.2025 01:21:04
Balance for Main account is  101358.28670675
Balance for Sub Account 1 account is  88949.2546797
Balance for Sub Account 2 account is  78402.03313134
************************************************************************
Function started at 22.09.2025 01:26:08
Balance for Main account is  101572.89741186
Balance for Sub Account 1 account is  88939.53121437
Balance for Sub Account 2 account is  78376.91058765
************************************************************************
Function started at 22.09.2025 01:31:09
Balance for Main account is  101614.4266521
Balance for Sub Account 1 account is  88946.58896568
Balance for Sub Account 2 account is  78370.7431032
************************************************************************
Function started at 22.09.2025 01:36:12
Balance for Main account is  101748.29845326
Balance for Sub Account 1 account is  88973.29746606
Balance for Sub Account 2 account is  78344.18182598
************************************************************************
Function started at 22.09.2025 01:40:37
Balance for Main account is  101756.22758737
Balance for Sub Account 1 account is  88951.11227061
Balance for Sub Account 2 account is  78316.94671373
************************************************************************
Function started at 22.09.2025 01:45:37
Balance for Main account is  101644.2644281
Balance for Sub Account 1 account is  88964.91164157
Balance for Sub Account 2 account is  78320.09022349
************************************************************************
Function started at 22.09.2025 01:51:08
Balance for Main account is  101719.32175435
Balance for Sub Account 1 account is  88952.80480653
Balance for Sub Account 2 account is  78321.78934617
************************************************************************
Function started at 22.09.2025 01:56:06
Balance for Main account is  101667.36709354
Balance for Sub Account 1 account is  88914.12270805
Balance for Sub Account 2 account is  78292.45171302
************************************************************************
Function started at 22.09.2025 02:01:03
Balance for Main account is  101351.82625795
Balance for Sub Account 1 account is  88904.5033856
Balance for Sub Account 2 account is  78315.0023768
************************************************************************
Function started at 22.09.2025 02:05:57
Balance for Main account is  101334.5283017
Balance for Sub Account 1 account is  88860.33159361
Balance for Sub Account 2 account is  78312.11059746
************************************************************************
Function started at 22.09.2025 02:11:28
Balance for Main account is  100620.97943159
Balance for Sub Account 1 account is  88871.67975418
Balance for Sub Account 2 account is  78321.75960576
************************************************************************
Function started at 22.09.2025 02:16:59
Balance for Main account is  100666.81717584
Balance for Sub Account 1 account is  88869.98470163
Balance for Sub Account 2 account is  78332.47664236
************************************************************************
Function started at 22.09.2025 02:21:11
Balance for Main account is  100661.69758804
Balance for Sub Account 1 account is  88877.29845447
Balance for Sub Account 2 account is  78400.02177743
************************************************************************
Function started at 22.09.2025 02:26:32
Balance for Main account is  100913.16695289
Balance for Sub Account 1 account is  88846.49929545
Balance for Sub Account 2 account is  78317.51591577
************************************************************************
Function started at 22.09.2025 02:31:03
Balance for Main account is  100859.97694781
Balance for Sub Account 1 account is  88867.56916462
Balance for Sub Account 2 account is  78304.3366612
************************************************************************
Function started at 22.09.2025 02:36:16
Balance for Main account is  100835.10103946
Balance for Sub Account 1 account is  88827.43829109
Balance for Sub Account 2 account is  78312.32847694
************************************************************************
Function started at 22.09.2025 02:41:17
Balance for Main account is  100847.93310742
Balance for Sub Account 1 account is  88712.32523236
Balance for Sub Account 2 account is  78173.5570146
************************************************************************
Function started at 22.09.2025 02:45:39
Balance for Main account is  100821.09617698
Balance for Sub Account 1 account is  88657.13682414
Balance for Sub Account 2 account is  78075.24640257
************************************************************************
Function started at 22.09.2025 02:51:23
Balance for Main account is  100952.351791
Balance for Sub Account 1 account is  88591.43374375
Balance for Sub Account 2 account is  77985.42028999
************************************************************************
Function started at 22.09.2025 02:56:28
Balance for Main account is  100810.76967997
Balance for Sub Account 1 account is  88464.36396257
Balance for Sub Account 2 account is  77906.12109
************************************************************************
Function started at 22.09.2025 03:01:30
Balance for Main account is  100642.51138505
Balance for Sub Account 1 account is  88483.12901691
Balance for Sub Account 2 account is  77952.1593432
************************************************************************
Function started at 22.09.2025 03:06:20
Balance for Main account is  100325.35105569
Balance for Sub Account 1 account is  88671.83334765
Balance for Sub Account 2 account is  78027.96643012
************************************************************************
Function started at 22.09.2025 03:11:11
Balance for Main account is  100194.86192473
Balance for Sub Account 1 account is  88809.34439057
Balance for Sub Account 2 account is  78107.77030777
************************************************************************
Function started at 22.09.2025 03:16:05
Balance for Main account is  100495.52278235
Balance for Sub Account 1 account is  88719.29341727
Balance for Sub Account 2 account is  78059.90083883
************************************************************************
Function started at 22.09.2025 03:21:04
Balance for Main account is  100482.47493903
Balance for Sub Account 1 account is  88799.86708216
Balance for Sub Account 2 account is  78111.30127073
************************************************************************
Function started at 22.09.2025 03:26:19
Balance for Main account is  100504.58674578
Balance for Sub Account 1 account is  88739.42985016
Balance for Sub Account 2 account is  78058.98941104
************************************************************************
Function started at 22.09.2025 03:31:22
Balance for Main account is  100338.27201866
Balance for Sub Account 1 account is  88708.56333032
Balance for Sub Account 2 account is  77988.85624742
************************************************************************
Function started at 22.09.2025 03:36:06
Balance for Main account is  100144.95427031
Balance for Sub Account 1 account is  88781.65633653
Balance for Sub Account 2 account is  78066.569485
************************************************************************
Function started at 22.09.2025 03:41:07
Balance for Main account is  100296.22045323
Balance for Sub Account 1 account is  88737.81153163
Balance for Sub Account 2 account is  77999.6445052
************************************************************************
Function started at 22.09.2025 03:46:11
Balance for Main account is  100254.25697402
Balance for Sub Account 1 account is  88701.8303758
Balance for Sub Account 2 account is  77949.11360591
************************************************************************
Function started at 22.09.2025 03:51:04
Balance for Main account is  100138.7229929
Balance for Sub Account 1 account is  88746.91977955
Balance for Sub Account 2 account is  78011.2693151
************************************************************************
Function started at 22.09.2025 03:56:10
Balance for Main account is  100240.94595171
Balance for Sub Account 1 account is  88752.92011095
Balance for Sub Account 2 account is  78032.93881674
************************************************************************
Function started at 22.09.2025 04:01:04
Balance for Main account is  100953.49600573
Balance for Sub Account 1 account is  88822.5789185
Balance for Sub Account 2 account is  78109.67462264
************************************************************************
Function started at 22.09.2025 04:06:05
Balance for Main account is  101100.29096664
Balance for Sub Account 1 account is  88646.75358527
Balance for Sub Account 2 account is  77836.9542706
************************************************************************
Function started at 22.09.2025 04:11:07
Balance for Main account is  101657.0218117
Balance for Sub Account 1 account is  88677.22450444
Balance for Sub Account 2 account is  77979.34393229
************************************************************************
Function started at 22.09.2025 04:16:01
Balance for Main account is  102051.11202649
Balance for Sub Account 1 account is  88774.37711961
Balance for Sub Account 2 account is  78093.56752981
************************************************************************
Function started at 22.09.2025 04:21:10
Balance for Main account is  101918.34627511
Balance for Sub Account 1 account is  88884.80493764
Balance for Sub Account 2 account is  78257.61693107
************************************************************************
Function started at 22.09.2025 04:26:43
Balance for Main account is  101816.72890987
Balance for Sub Account 1 account is  88901.79132775
Balance for Sub Account 2 account is  78408.51528816
************************************************************************
Function started at 22.09.2025 04:31:27
Balance for Main account is  101746.01191086
Balance for Sub Account 1 account is  89023.27000943
Balance for Sub Account 2 account is  78520.24239012
************************************************************************
Function started at 22.09.2025 04:37:58
Balance for Main account is  101524.76500755
Balance for Sub Account 1 account is  89236.110831
Balance for Sub Account 2 account is  78680.69815695
************************************************************************
Function started at 22.09.2025 04:41:16
Balance for Main account is  101464.97199644
Balance for Sub Account 1 account is  89281.26206274
Balance for Sub Account 2 account is  78683.15457256
************************************************************************
Function started at 22.09.2025 04:46:38
Balance for Main account is  101285.26170255
Balance for Sub Account 1 account is  89414.37364453
Balance for Sub Account 2 account is  78908.70411152
************************************************************************
Function started at 22.09.2025 04:51:30
Balance for Main account is  100995.84414208
Balance for Sub Account 1 account is  89558.09897641
Balance for Sub Account 2 account is  79356.87334213
************************************************************************
Function started at 22.09.2025 04:56:38
Balance for Main account is  101029.78904518
Balance for Sub Account 1 account is  89577.30838459
Balance for Sub Account 2 account is  79273.71636832
************************************************************************
Function started at 22.09.2025 05:01:04
Balance for Main account is  101072.53244033
Balance for Sub Account 1 account is  89519.28191069
Balance for Sub Account 2 account is  79234.00739214
************************************************************************
Function started at 22.09.2025 05:31:30
Balance for Main account is  100874.23086882
Balance for Sub Account 1 account is  89439.05523078
Balance for Sub Account 2 account is  79077.50826299
************************************************************************
Function started at 22.09.2025 05:36:07
Balance for Main account is  100943.9380178
Balance for Sub Account 1 account is  89318.04127491
Balance for Sub Account 2 account is  78982.82255779
************************************************************************
Function started at 22.09.2025 05:41:05
Balance for Main account is  100938.13703012
Balance for Sub Account 1 account is  89303.92897796
Balance for Sub Account 2 account is  78956.79386879
************************************************************************
Function started at 22.09.2025 05:46:10
Balance for Main account is  101007.2293779
Balance for Sub Account 1 account is  89292.43582968
Balance for Sub Account 2 account is  78941.51727187
************************************************************************
Function started at 22.09.2025 05:51:11
Balance for Main account is  100962.57564873
Balance for Sub Account 1 account is  89346.9835063
Balance for Sub Account 2 account is  78975.06154966
************************************************************************
Function started at 22.09.2025 05:56:06
Balance for Main account is  100942.89004506
Balance for Sub Account 1 account is  89475.17796266
Balance for Sub Account 2 account is  79018.59979203
************************************************************************
Function started at 22.09.2025 06:01:13
Balance for Main account is  100995.72606296
Balance for Sub Account 1 account is  89378.70968555
Balance for Sub Account 2 account is  79029.44596357
************************************************************************
Function started at 22.09.2025 06:06:31
Balance for Main account is  101208.229945
Balance for Sub Account 1 account is  89408.41005163
Balance for Sub Account 2 account is  79098.70039469
************************************************************************
Function started at 22.09.2025 06:11:34
Balance for Main account is  101110.54066167
Balance for Sub Account 1 account is  89535.15028857
Balance for Sub Account 2 account is  79204.19626031
************************************************************************
Function started at 22.09.2025 06:16:26
Balance for Main account is  101131.51364706
Balance for Sub Account 1 account is  89487.28919646
Balance for Sub Account 2 account is  79167.65384731
************************************************************************
Function started at 22.09.2025 06:21:07
Balance for Main account is  101074.41399158
Balance for Sub Account 1 account is  89577.33412995
Balance for Sub Account 2 account is  79179.24410184
************************************************************************
Function started at 22.09.2025 06:26:05
Balance for Main account is  101001.39775696
Balance for Sub Account 1 account is  89602.26792105
Balance for Sub Account 2 account is  79177.48469483
************************************************************************
Function started at 22.09.2025 06:31:04
Balance for Main account is  101060.36033262
Balance for Sub Account 1 account is  89651.03826871
Balance for Sub Account 2 account is  79245.06352286
************************************************************************
Function started at 22.09.2025 06:36:02
Balance for Main account is  100970.75896521
Balance for Sub Account 1 account is  89735.13119766
Balance for Sub Account 2 account is  79277.026669
************************************************************************
Function started at 22.09.2025 06:41:05
Balance for Main account is  101222.08934713
Balance for Sub Account 1 account is  89687.55651409
Balance for Sub Account 2 account is  79239.95066347
************************************************************************
Function started at 22.09.2025 06:46:28
Balance for Main account is  101120.9800893
Balance for Sub Account 1 account is  89668.97251698
Balance for Sub Account 2 account is  79211.15652636
************************************************************************
Function started at 22.09.2025 06:51:16
Balance for Main account is  101199.58750863
Balance for Sub Account 1 account is  89673.35877374
Balance for Sub Account 2 account is  79211.35157419
************************************************************************
Function started at 22.09.2025 06:56:15
Balance for Main account is  101115.34261826
Balance for Sub Account 1 account is  89715.7658525
Balance for Sub Account 2 account is  79251.17508383
************************************************************************
Function started at 22.09.2025 07:01:03
Balance for Main account is  101122.93257808
Balance for Sub Account 1 account is  89738.21416583
Balance for Sub Account 2 account is  79165.21592053
************************************************************************
Function started at 22.09.2025 07:06:04
Balance for Main account is  101209.62903142
Balance for Sub Account 1 account is  89734.97513028
Balance for Sub Account 2 account is  79166.20253017
************************************************************************
Function started at 22.09.2025 07:11:04
Balance for Main account is  101193.89944264
Balance for Sub Account 1 account is  89734.4432276
Balance for Sub Account 2 account is  79164.2622361
************************************************************************
Function started at 22.09.2025 07:15:58
Balance for Main account is  101180.82485329
Balance for Sub Account 1 account is  89762.90918346
Balance for Sub Account 2 account is  79166.52224003
************************************************************************
Function started at 22.09.2025 07:21:02
Balance for Main account is  101093.92497514
Balance for Sub Account 1 account is  89764.73306811
Balance for Sub Account 2 account is  79184.74802992
************************************************************************
Function started at 22.09.2025 07:26:04
Balance for Main account is  100974.54406063
Balance for Sub Account 1 account is  89787.45618324
Balance for Sub Account 2 account is  79165.60469541
************************************************************************
Function started at 22.09.2025 07:31:04
Balance for Main account is  100978.44169318
Balance for Sub Account 1 account is  89789.07386025
Balance for Sub Account 2 account is  79180.12467422
************************************************************************
Function started at 22.09.2025 07:36:03
Balance for Main account is  101180.9790486
Balance for Sub Account 1 account is  89813.80956139
Balance for Sub Account 2 account is  79196.73813734
************************************************************************
Function started at 22.09.2025 07:41:04
Balance for Main account is  101424.43536106
Balance for Sub Account 1 account is  89845.56171455
Balance for Sub Account 2 account is  79231.00320641
************************************************************************
Function started at 22.09.2025 07:46:22
Balance for Main account is  101391.22806754
Balance for Sub Account 1 account is  89845.56171455
Balance for Sub Account 2 account is  79099.05072532
************************************************************************
Function started at 22.09.2025 07:51:18
Balance for Main account is  101403.6883984
Balance for Sub Account 1 account is  89845.56171455
Balance for Sub Account 2 account is  79114.76541625
************************************************************************
Function started at 22.09.2025 07:56:17
Balance for Main account is  101500.37308708
Balance for Sub Account 1 account is  89845.56171455
Balance for Sub Account 2 account is  79252.69452779
************************************************************************
Function started at 22.09.2025 08:01:05
Balance for Main account is  101569.60672396
Balance for Sub Account 1 account is  89845.56171455
Balance for Sub Account 2 account is  79287.72138725
************************************************************************
Function started at 22.09.2025 08:06:04
Balance for Main account is  101425.77068057
Balance for Sub Account 1 account is  89845.56171455
Balance for Sub Account 2 account is  79280.43924958
************************************************************************
Function started at 22.09.2025 08:11:07
Balance for Main account is  101409.64490014
Balance for Sub Account 1 account is  89845.56171455
Balance for Sub Account 2 account is  79273.94885339
************************************************************************
Function started at 22.09.2025 08:16:03
Balance for Main account is  101529.09702532
Balance for Sub Account 1 account is  89845.56171455
Balance for Sub Account 2 account is  79273.71591458
************************************************************************
Function started at 22.09.2025 08:21:01
Balance for Main account is  101480.66335896
Balance for Sub Account 1 account is  89845.56171455
Balance for Sub Account 2 account is  79270.79046699
************************************************************************
Function started at 22.09.2025 08:26:00
Balance for Main account is  101237.96969905
Balance for Sub Account 1 account is  89845.56171455
Balance for Sub Account 2 account is  79274.43484242
************************************************************************
Function started at 22.09.2025 08:30:57
Balance for Main account is  101201.38345904
Balance for Sub Account 1 account is  89845.56171455
Balance for Sub Account 2 account is  79268.33934076
************************************************************************
Function started at 22.09.2025 08:36:08
Balance for Main account is  101454.78134155
Balance for Sub Account 1 account is  89845.56171455
Balance for Sub Account 2 account is  79292.12049858
************************************************************************
Function started at 22.09.2025 08:41:08
Balance for Main account is  101435.8829363
Balance for Sub Account 1 account is  89845.56171455
Balance for Sub Account 2 account is  79247.26426447
************************************************************************
Function started at 22.09.2025 08:46:28
Balance for Main account is  101469.8736835
Balance for Sub Account 1 account is  89811.14306136
Balance for Sub Account 2 account is  79240.64148444
************************************************************************
Function started at 22.09.2025 08:51:29
Balance for Main account is  101516.35498664
Balance for Sub Account 1 account is  89669.8261712
Balance for Sub Account 2 account is  79147.73091738
************************************************************************
Function started at 22.09.2025 08:56:26
Balance for Main account is  101396.66831061
Balance for Sub Account 1 account is  89718.18280736
Balance for Sub Account 2 account is  79329.97921093
************************************************************************
Function started at 22.09.2025 09:01:01
Balance for Main account is  101566.46223672
Balance for Sub Account 1 account is  89686.26403834
Balance for Sub Account 2 account is  79335.69806587
************************************************************************
Function started at 22.09.2025 09:05:59
Balance for Main account is  101398.07120171
Balance for Sub Account 1 account is  89686.26403834
Balance for Sub Account 2 account is  79328.23985542
************************************************************************
Function started at 22.09.2025 09:11:05
Balance for Main account is  101371.13377798
Balance for Sub Account 1 account is  89686.26403834
Balance for Sub Account 2 account is  79306.02080152
************************************************************************
Function started at 22.09.2025 09:16:07
Balance for Main account is  101421.39531673
Balance for Sub Account 1 account is  89686.26403834
Balance for Sub Account 2 account is  79294.97363149
************************************************************************
Function started at 22.09.2025 09:21:16
Balance for Main account is  101430.8170983
Balance for Sub Account 1 account is  89686.26403834
Balance for Sub Account 2 account is  79288.81816082
************************************************************************
Function started at 22.09.2025 09:26:06
Balance for Main account is  101246.67560184
Balance for Sub Account 1 account is  89686.26403834
Balance for Sub Account 2 account is  79307.86328773
************************************************************************
Function started at 22.09.2025 09:31:05
Balance for Main account is  101468.39198396
Balance for Sub Account 1 account is  89686.26403834
Balance for Sub Account 2 account is  79279.32932328
************************************************************************
Function started at 22.09.2025 09:36:05
Balance for Main account is  101147.24805206
Balance for Sub Account 1 account is  89686.26403834
Balance for Sub Account 2 account is  79320.64363644
************************************************************************
Function started at 22.09.2025 09:41:09
Balance for Main account is  101146.19841668
Balance for Sub Account 1 account is  89686.26403834
Balance for Sub Account 2 account is  79303.56404453
************************************************************************
Function started at 22.09.2025 09:46:28
Balance for Main account is  101281.73520198
Balance for Sub Account 1 account is  89696.18143998
Balance for Sub Account 2 account is  79287.96275526
************************************************************************
Function started at 22.09.2025 09:51:06
Balance for Main account is  101393.05835297
Balance for Sub Account 1 account is  89655.2263253
Balance for Sub Account 2 account is  79251.81114303
************************************************************************
Function started at 22.09.2025 09:56:22
Balance for Main account is  101417.10906588
Balance for Sub Account 1 account is  89848.85115035
Balance for Sub Account 2 account is  79340.59720635
************************************************************************
Function started at 22.09.2025 10:01:24
Balance for Main account is  102436.7156158
Balance for Sub Account 1 account is  89652.06959942
Balance for Sub Account 2 account is  79265.27176576
************************************************************************
Function started at 22.09.2025 10:06:27
Balance for Main account is  103940.4833084
Balance for Sub Account 1 account is  89652.06959942
Balance for Sub Account 2 account is  79343.64441088
************************************************************************
Function started at 22.09.2025 10:11:29
Balance for Main account is  103940.4833084
Balance for Sub Account 1 account is  89652.06959942
Balance for Sub Account 2 account is  79290.52284524
************************************************************************
Function started at 22.09.2025 10:16:04
Balance for Main account is  103940.4833084
Balance for Sub Account 1 account is  89652.06959942
Balance for Sub Account 2 account is  79200.16759964
************************************************************************
Function started at 22.09.2025 10:21:06
Balance for Main account is  103940.4833084
Balance for Sub Account 1 account is  89652.06959942
Balance for Sub Account 2 account is  79200.16759964
************************************************************************
Function started at 22.09.2025 10:25:59
Balance for Main account is  103940.4833084
Balance for Sub Account 1 account is  89652.06959942
Balance for Sub Account 2 account is  79200.16759964
************************************************************************
Function started at 22.09.2025 10:31:20
Balance for Main account is  103940.4833084
Balance for Sub Account 1 account is  89585.13929983
Balance for Sub Account 2 account is  79195.89805508
************************************************************************
Function started at 22.09.2025 10:36:45
Balance for Main account is  103940.4833084
Balance for Sub Account 1 account is  89499.79795884
Balance for Sub Account 2 account is  79064.29989237
************************************************************************
Function started at 22.09.2025 10:41:00
Balance for Main account is  103940.4833084
Balance for Sub Account 1 account is  89611.38591727
Balance for Sub Account 2 account is  79123.57670799
************************************************************************
Function started at 22.09.2025 10:45:58
Balance for Main account is  103940.4833084
Balance for Sub Account 1 account is  89363.05978823
Balance for Sub Account 2 account is  79142.12938985
************************************************************************
Function started at 22.09.2025 10:51:02
Balance for Main account is  103940.4833084
Balance for Sub Account 1 account is  89363.05978823
Balance for Sub Account 2 account is  79142.12938985
