Number of open positions: 6
***************************************************************
Function started at 29.08.2025 17:42:14
Number of open positions: 6
***************************************************************
Function started at 29.08.2025 17:42:38
Number of open positions: 3
***************************************************************
Function started at 29.08.2025 17:46:45
Number of open positions: 3
***************************************************************
Function started at 29.08.2025 17:50:54
Number of open positions: 7
***************************************************************
Function started at 29.08.2025 17:54:38

SYMBOL     |   ΔRSI
-------------------
MNTUSDT    | -13.54
Last close price for MNTUSDT: 1.1544
Opening Sell for  MNTUSDT
TP: 1.142856
SL: 1.177488
TS: 0.023088
Order Quantity: 8662.51
Adjusted qty: 8663.0
71000.0
Position already open.
CROUSDT    | -12.71
Last close price for CROUSDT: 0.29396
Opening Sell for  CROUSDT
TP: 0.2910204
SL: 0.29983920000000003
TS: 0.0058792
Order Quantity: 34018.23
Adjusted qty: 34018.0
79800.0
Position already open.
INJUSDT    | -10.56
Last close price for INJUSDT: 13.081
Opening Sell for  INJUSDT
TP: 12.95019
SL: 13.34262
TS: 0.26161999999999996
Order Quantity: 764.47
Adjusted qty: 764.5
6020.0
{'retCode': 0, 'retMsg': 'OK', 'result': {'orderId': '0c172af9-b4aa-44a3-a906-7f9b52c0192c', 'orderLinkId': ''}, 'retExtInfo': {}, 'time': 1756475715362}
0c172af9-b4aa-44a3-a906-7f9b52c0192c
fetching trade data for :  0c172af9-b4aa-44a3-a906-7f9b52c0192c
[{'symbol': 'INJUSDT', 'orderType': 'Market', 'underlyingPrice': '', 'orderLinkId': '', 'orderId': '0c172af9-b4aa-44a3-a906-7f9b52c0192c', 'stopOrderType': 'UNKNOWN', 'execTime': '1756475715361', 'feeCurrency': '', 'createType': 'CreateByUser', 'execFeeV2': '', 'feeRate': '0.00055', 'tradeIv': '', 'blockTradeId': '', 'markPrice': '13.0774', 'execPrice': '13.068', 'markIv': '', 'orderQty': '764.5', 'orderPrice': '12.424', 'execValue': '9990.486', 'closedSize': '0', 'execType': 'Trade', 'seq': 140710478097739, 'side': 'Sell', 'indexPrice': '', 'leavesQty': '0', 'isMaker': False, 'execFee': '5.4947673', 'execId': 'c2224016-584e-4072-a70f-5932ccc843f8', 'marketUnit': '', 'execQty': '764.5', 'extraFees': ''}]
Trades inserted successfully.
None
Function finished at 29.08.2025 17:55:25
Number of open positions: 7
***************************************************************
Function started at 29.08.2025 18:00:16

SYMBOL     |   ΔRSI
-------------------
MNTUSDT    | -13.42
Last close price for MNTUSDT: 1.1567
Opening Sell for  MNTUSDT
TP: 1.145133
SL: 1.179834
TS: 0.023134000000000002
Order Quantity: 8645.28
Adjusted qty: 8645.0
71000.0
Position already open.
CROUSDT    | -13.05
Last close price for CROUSDT: 0.29201
Opening Sell for  CROUSDT
TP: 0.2890899
SL: 0.2978502
TS: 0.0058402
Order Quantity: 34245.4
Adjusted qty: 34245.0
79800.0
{'retCode': 0, 'retMsg': 'OK', 'result': {'orderId': '40b05943-965c-4f44-b5c5-b97abce97305', 'orderLinkId': ''}, 'retExtInfo': {}, 'time': 1756476051847}
40b05943-965c-4f44-b5c5-b97abce97305
fetching trade data for :  40b05943-965c-4f44-b5c5-b97abce97305
[{'symbol': 'CROUSDT', 'orderType': 'Market', 'underlyingPrice': '', 'orderLinkId': '', 'orderId': '40b05943-965c-4f44-b5c5-b97abce97305', 'stopOrderType': 'UNKNOWN', 'execTime': '1756476051846', 'feeCurrency': '', 'createType': 'CreateByUser', 'execFeeV2': '', 'feeRate': '0.00055', 'tradeIv': '', 'blockTradeId': '', 'markPrice': '0.29207', 'execPrice': '0.29212', 'markIv': '', 'orderQty': '34245', 'orderPrice': '0.26287', 'execValue': '10003.6494', 'closedSize': '0', 'execType': 'Trade', 'seq': 140710478108838, 'side': 'Sell', 'indexPrice': '', 'leavesQty': '0', 'isMaker': False, 'execFee': '5.50200717', 'execId': '0a672b87-dc9d-4f9c-9e39-142f4ad505de', 'marketUnit': '', 'execQty': '34245', 'extraFees': ''}]
Trades inserted successfully.
None
INJUSDT    | -10.21
Last close price for INJUSDT: 13.157
Opening Sell for  INJUSDT
TP: 13.02543
SL: 13.42014
TS: 0.26314
Order Quantity: 760.05
Adjusted qty: 760.0
6020.0
Position already open.
Function finished at 29.08.2025 18:01:04
