***************************************************************
Number of open positions: 0
Function started at 02.09.2025 13:55:30

SYMBOL     |   ΔRSI |    RSI
----------------------------
BNBUSDT    |  -9.61 |  33.81
***************************************************************
Number of open positions: 0
Function started at 02.09.2025 14:00:57

SYMBOL     |   ΔRSI |    RSI
----------------------------
BNBUSDT    | -11.30 |  30.14
***************************************************************
Number of open positions: 0
Function started at 02.09.2025 14:01:15

SYMBOL     |   ΔRSI |    RSI
----------------------------
BNBUSDT    | -12.24 |  29.09
***************************************************************
Number of open positions: 1
Function started at 02.09.2025 14:05:46

SYMBOL     |   ΔRSI |    RSI
----------------------------
BNBUSDT    | -11.80 |  27.30
{'retCode': 0, 'retMsg': 'OK', 'result': {}, 'retExtInfo': {}, 'time': 1756807566988}
Last close price for BNBUSDT: 849.7
Opening Sell for  BNBUSDT
TP: 845.4515
SL: 853.9485
TS: 4.2485
Order Quantity: 11.77
Adjusted qty: 11.77
Final Adjusted qty: 11.77
1054.0
{'retCode': 0, 'retMsg': 'OK', 'result': {'orderId': '61e99fde-6dac-4e17-bb10-4a43d8cca87a', 'orderLinkId': ''}, 'retExtInfo': {}, 'time': 1756807568397}
61e99fde-6dac-4e17-bb10-4a43d8cca87a
fetching trade data for :  61e99fde-6dac-4e17-bb10-4a43d8cca87a
[{'symbol': 'BNBUSDT', 'orderType': 'Market', 'underlyingPrice': '', 'orderLinkId': '', 'orderId': '61e99fde-6dac-4e17-bb10-4a43d8cca87a', 'stopOrderType': 'UNKNOWN', 'execTime': '1756807568397', 'feeCurrency': '', 'createType': 'CreateByUser', 'execFeeV2': '', 'feeRate': '0.00055', 'tradeIv': '', 'blockTradeId': '', 'markPrice': '849.7', 'execPrice': '849.7', 'markIv': '', 'orderQty': '11.77', 'orderPrice': '807.3', 'execValue': '10000.969', 'closedSize': '0', 'execType': 'Trade', 'seq': 140697179176808, 'side': 'Sell', 'indexPrice': '', 'leavesQty': '0', 'isMaker': False, 'execFee': '5.50053295', 'execId': 'c4a1e828-d2b4-4c1c-9b49-6324b514112e', 'marketUnit': '', 'execQty': '11.77', 'extraFees': ''}]
Trades inserted successfully.
None
1
resultOK: 1 <class 'int'>
POLUSDT    |   7.99 |  55.41
{'retCode': 0, 'retMsg': 'OK', 'result': {}, 'retExtInfo': {}, 'time': 1756807574720}
Last close price for POLUSDT: 0.2853
Opening Buy for  POLUSDT
TP: 0.2867265
SL: 0.2838735
TS: 0.0014265
Order Quantity: 35050.82
Adjusted qty: 35051.0
Final Adjusted qty: 35050.0
500000.0
{'retCode': 0, 'retMsg': 'OK', 'result': {'orderId': '91f872f3-4489-4401-a91f-830cc1fe06dd', 'orderLinkId': ''}, 'retExtInfo': {}, 'time': 1756807576125}
91f872f3-4489-4401-a91f-830cc1fe06dd
fetching trade data for :  91f872f3-4489-4401-a91f-830cc1fe06dd
[{'symbol': 'POLUSDT', 'orderType': 'Market', 'underlyingPrice': '', 'orderLinkId': '', 'orderId': '91f872f3-4489-4401-a91f-830cc1fe06dd', 'stopOrderType': 'UNKNOWN', 'execTime': '1756807576125', 'feeCurrency': '', 'createType': 'CreateByUser', 'execFeeV2': '', 'feeRate': '0.00055', 'tradeIv': '', 'blockTradeId': '', 'markPrice': '0.2855', 'execPrice': '0.2853', 'markIv': '', 'orderQty': '35050', 'orderPrice': '0.2997', 'execValue': '9999.765', 'closedSize': '0', 'execType': 'Trade', 'seq': 140697179177069, 'side': 'Buy', 'indexPrice': '', 'leavesQty': '0', 'isMaker': False, 'execFee': '5.49987075', 'execId': '15867c3b-5969-4c76-8fdc-a2cb5c84f22b', 'marketUnit': '', 'execQty': '35050', 'extraFees': ''}]
Trades inserted successfully.
None
1
resultOK: 1 <class 'int'>
XDCUSDT    |   7.42 |  47.17
{'retCode': 0, 'retMsg': 'OK', 'result': {}, 'retExtInfo': {}, 'time': 1756807582511}
Last close price for XDCUSDT: 0.0775
Opening Buy for  XDCUSDT
TP: 0.07788749999999998
SL: 0.0771125
TS: 0.0003875
Order Quantity: 129032.26
Adjusted qty: 129032.0
Final Adjusted qty: 129032.0
160000.0
{'retCode': 0, 'retMsg': 'OK', 'result': {'orderId': '945f5a5f-1017-42e4-aa8e-47fba15cf823', 'orderLinkId': ''}, 'retExtInfo': {}, 'time': 1756807584024}
945f5a5f-1017-42e4-aa8e-47fba15cf823
fetching trade data for :  945f5a5f-1017-42e4-aa8e-47fba15cf823
[{'symbol': 'XDCUSDT', 'orderType': 'Market', 'underlyingPrice': '', 'orderLinkId': '', 'orderId': '945f5a5f-1017-42e4-aa8e-47fba15cf823', 'stopOrderType': 'UNKNOWN', 'execTime': '1756807584023', 'feeCurrency': '', 'createType': 'CreateByUser', 'execFeeV2': '', 'feeRate': '0.0011', 'tradeIv': '', 'blockTradeId': '', 'markPrice': '0.0775', 'execPrice': '0.0775', 'markIv': '', 'orderQty': '129032', 'orderPrice': '0.093', 'execValue': '9999.98', 'closedSize': '0', 'execType': 'Trade', 'seq': 140697179177327, 'side': 'Buy', 'indexPrice': '', 'leavesQty': '0', 'isMaker': False, 'execFee': '10.999978', 'execId': 'ff87b44c-6c6b-4fae-98fe-3675a3fb18cb', 'marketUnit': '', 'execQty': '129032', 'extraFees': ''}]
Trades inserted successfully.
None
1
resultOK: 1 <class 'int'>
MUSDT      |   5.74 |  54.92
{'retCode': 0, 'retMsg': 'OK', 'result': {}, 'retExtInfo': {}, 'time': 1756807590459}
Last close price for MUSDT: 0.8386
Opening Buy for  MUSDT
TP: 0.8427929999999999
SL: 0.834407
TS: 0.004193
Order Quantity: 11924.64
Adjusted qty: 11925.0
Final Adjusted qty: 11924.0
120000.0
{'retCode': 0, 'retMsg': 'OK', 'result': {'orderId': '6ae75c2f-7628-4bb5-a0ee-cb46f17c9727', 'orderLinkId': ''}, 'retExtInfo': {}, 'time': 1756807591812}
6ae75c2f-7628-4bb5-a0ee-cb46f17c9727
fetching trade data for :  6ae75c2f-7628-4bb5-a0ee-cb46f17c9727
[{'symbol': 'MUSDT', 'orderType': 'Market', 'underlyingPrice': '', 'orderLinkId': '', 'orderId': '6ae75c2f-7628-4bb5-a0ee-cb46f17c9727', 'stopOrderType': 'UNKNOWN', 'execTime': '1756807591812', 'feeCurrency': '', 'createType': 'CreateByUser', 'execFeeV2': '', 'feeRate': '0.0011', 'tradeIv': '', 'blockTradeId': '', 'markPrice': '0.8392', 'execPrice': '0.8384', 'markIv': '', 'orderQty': '11924', 'orderPrice': '0.965', 'execValue': '9997.0816', 'closedSize': '0', 'execType': 'Trade', 'seq': 140697179177610, 'side': 'Buy', 'indexPrice': '', 'leavesQty': '0', 'isMaker': False, 'execFee': '10.99678976', 'execId': '1a20816b-0a0c-4a2f-9a7e-6a54a19f8abf', 'marketUnit': '', 'execQty': '11924', 'extraFees': ''}]
Trades inserted successfully.
None
1
resultOK: 1 <class 'int'>
ENAUSDT    |   4.73 |  74.23
{'retCode': 0, 'retMsg': 'OK', 'result': {}, 'retExtInfo': {}, 'time': 1756807598146}
Last close price for ENAUSDT: 0.7011
Opening Buy for  ENAUSDT
TP: 0.7046054999999999
SL: 0.6975944999999999
TS: 0.0035055
Order Quantity: 14263.3
Adjusted qty: 14263.0
Final Adjusted qty: 14263.0
100000.0
{'retCode': 0, 'retMsg': 'OK', 'result': {'orderId': '5f2e6145-ac11-4e81-ae38-78fa0dc44082', 'orderLinkId': ''}, 'retExtInfo': {}, 'time': 1756807599513}
5f2e6145-ac11-4e81-ae38-78fa0dc44082
fetching trade data for :  5f2e6145-ac11-4e81-ae38-78fa0dc44082
[]
Trades inserted successfully.
None
1
resultOK: 1 <class 'int'>
LTCUSDT    |  -4.45 |  42.79
{'retCode': 0, 'retMsg': 'OK', 'result': {}, 'retExtInfo': {}, 'time': 1756807605928}
Last close price for LTCUSDT: 110.36
Opening Sell for  LTCUSDT
TP: 109.8082
SL: 110.91179999999999
TS: 0.5518
Order Quantity: 90.61
Adjusted qty: 90.60000000000001
Final Adjusted qty: 90.6
6160.0
{'retCode': 0, 'retMsg': 'OK', 'result': {'orderId': 'a40a9188-5699-4372-87ec-2fb34900f50a', 'orderLinkId': ''}, 'retExtInfo': {}, 'time': 1756807607299}
a40a9188-5699-4372-87ec-2fb34900f50a
fetching trade data for :  a40a9188-5699-4372-87ec-2fb34900f50a
[{'symbol': 'LTCUSDT', 'orderType': 'Market', 'underlyingPrice': '', 'orderLinkId': '', 'orderId': 'a40a9188-5699-4372-87ec-2fb34900f50a', 'stopOrderType': 'UNKNOWN', 'execTime': '1756807607298', 'feeCurrency': '', 'createType': 'CreateByUser', 'execFeeV2': '', 'feeRate': '0.00055', 'tradeIv': '', 'blockTradeId': '', 'markPrice': '110.36', 'execPrice': '110.36', 'markIv': '', 'orderQty': '90.6', 'orderPrice': '104.85', 'execValue': '9998.616', 'closedSize': '0', 'execType': 'Trade', 'seq': 140697179178083, 'side': 'Sell', 'indexPrice': '', 'leavesQty': '0', 'isMaker': False, 'execFee': '5.4992388', 'execId': 'f64f3c41-8b9a-4c05-964b-4b441ff2ef00', 'marketUnit': '', 'execQty': '90.6', 'extraFees': ''}]
Trades inserted successfully.
None
1
resultOK: 1 <class 'int'>
MNTUSDT    |  -3.34 |  35.54
{'retCode': 0, 'retMsg': 'OK', 'result': {}, 'retExtInfo': {}, 'time': 1756807613600}
Last close price for MNTUSDT: 1.1362
Opening Sell for  MNTUSDT
TP: 1.130519
SL: 1.141881
TS: 0.005681
Order Quantity: 8801.27
Adjusted qty: 8801.0
Final Adjusted qty: 8801.0
71000.0
{'retCode': 0, 'retMsg': 'OK', 'result': {'orderId': '5c2a85dd-c3dc-41df-8a64-f6b2a5dbb5f1', 'orderLinkId': ''}, 'retExtInfo': {}, 'time': 1756807614898}
5c2a85dd-c3dc-41df-8a64-f6b2a5dbb5f1
fetching trade data for :  5c2a85dd-c3dc-41df-8a64-f6b2a5dbb5f1
[]
Trades inserted successfully.
None
1
resultOK: 1 <class 'int'>
RENDERUSDT |  -3.28 |  53.03
{'retCode': 0, 'retMsg': 'OK', 'result': {}, 'retExtInfo': {}, 'time': 1756807623384}
Last close price for RENDERUSDT: 3.425
Opening Sell for  RENDERUSDT
TP: 3.4078749999999998
SL: 3.4421249999999994
TS: 0.017124999999999998
Order Quantity: 2919.71
Adjusted qty: 2919.7000000000003
Final Adjusted qty: 2919.7
10000.0
{'retCode': 0, 'retMsg': 'OK', 'result': {'orderId': 'a2d5887a-a820-40fe-be83-958addffcf47', 'orderLinkId': ''}, 'retExtInfo': {}, 'time': 1756807624628}
a2d5887a-a820-40fe-be83-958addffcf47
fetching trade data for :  a2d5887a-a820-40fe-be83-958addffcf47
[{'symbol': 'RENDERUSDT', 'orderType': 'Market', 'underlyingPrice': '', 'orderLinkId': '', 'orderId': 'a2d5887a-a820-40fe-be83-958addffcf47', 'stopOrderType': 'UNKNOWN', 'execTime': '1756807624628', 'feeCurrency': '', 'createType': 'CreateByUser', 'execFeeV2': '', 'feeRate': '0.00055', 'tradeIv': '', 'blockTradeId': '', 'markPrice': '3.425', 'execPrice': '3.425', 'markIv': '', 'orderQty': '2919.7', 'orderPrice': '3.254', 'execValue': '9999.9725', 'closedSize': '0', 'execType': 'Trade', 'seq': 140697179178664, 'side': 'Sell', 'indexPrice': '', 'leavesQty': '0', 'isMaker': False, 'execFee': '5.49998488', 'execId': '25b3bc5a-1f1d-46e1-bbb2-56221b6fa0d0', 'marketUnit': '', 'execQty': '2919.7', 'extraFees': ''}]
Trades inserted successfully.
None
1
resultOK: 1 <class 'int'>
ALGOUSDT   |  -3.27 |  47.47
{'retCode': 0, 'retMsg': 'OK', 'result': {}, 'retExtInfo': {}, 'time': 1756807630978}
Last close price for ALGOUSDT: 0.2318
Opening Sell for  ALGOUSDT
TP: 0.230641
SL: 0.23295899999999997
TS: 0.001159
Order Quantity: 43140.64
Adjusted qty: 43140.600000000006
Final Adjusted qty: 43140.6
160000.0
{'retCode': 0, 'retMsg': 'OK', 'result': {'orderId': 'ad65f503-a6aa-4bb4-a0cd-edcb61bd844d', 'orderLinkId': ''}, 'retExtInfo': {}, 'time': 1756807632358}
ad65f503-a6aa-4bb4-a0cd-edcb61bd844d
fetching trade data for :  ad65f503-a6aa-4bb4-a0cd-edcb61bd844d
[{'symbol': 'ALGOUSDT', 'orderType': 'Market', 'underlyingPrice': '', 'orderLinkId': '', 'orderId': 'ad65f503-a6aa-4bb4-a0cd-edcb61bd844d', 'stopOrderType': 'UNKNOWN', 'execTime': '1756807632358', 'feeCurrency': '', 'createType': 'CreateByUser', 'execFeeV2': '', 'feeRate': '0.00055', 'tradeIv': '', 'blockTradeId': '', 'markPrice': '0.2319', 'execPrice': '0.2318', 'markIv': '', 'orderQty': '43140.6', 'orderPrice': '0.2204', 'execValue': '9999.99108', 'closedSize': '0', 'execType': 'Trade', 'seq': 140697179178890, 'side': 'Sell', 'indexPrice': '', 'leavesQty': '0', 'isMaker': False, 'execFee': '5.4999951', 'execId': '16c82a15-f7fe-4d68-94e0-ca4887c25daf', 'marketUnit': '', 'execQty': '43140.6', 'extraFees': ''}]
Trades inserted successfully.
None
1
resultOK: 1 <class 'int'>
Stopping loop:  9
Function finished at 02.09.2025 14:07:16
