***************************************************************
Number of open positions: 0
we will scan fron Pybit : 500 symbols
*******************************************
Function started at 12.09.2025 12:01:29
Fetching data from 2025-08-08 20:00:00 to 2025-09-21 12:59:59
***************************************************************
Number of open positions: 0
*******************************************
Function started at 12.09.2025 12:01:04
Fetching data from 2025-08-12 12:01:02 to 2025-09-12 12:01:02
Last candle time: 2025-08-12 16:00:00, Signal: 0
Last candle time: 2025-08-12 16:00:00, Signal: 0
Last candle time: 2025-08-12 16:00:00, Signal: 0
Last candle time: 2025-08-12 16:00:00, Signal: 0
Last candle time: 2025-08-12 16:00:00, Signal: 0
Last candle time: 2025-08-12 16:00:00, Signal: 0
Last candle time: 2025-08-12 16:00:00, Signal: 0
Last candle time: 2025-08-12 16:00:00, Signal: 0
Last candle time: 2025-08-12 16:00:00, Signal: 0
Last candle time: 2025-09-01 08:00:00, Signal: 0
Last candle time: 2025-08-12 16:00:00, Signal: 0
Last candle time: 2025-08-12 16:00:00, Signal: 0
Last candle time: 2025-08-12 16:00:00, Signal: 0
Last candle time: 2025-08-12 16:00:00, Signal: 0
Last candle time: 2025-08-12 16:00:00, Signal: 0
Last candle time: 2025-09-03 12:00:00, Signal: 0
Last candle time: 2025-08-12 16:00:00, Signal: 0
Last candle time: 2025-08-12 16:00:00, Signal: 0
Last candle time: 2025-08-12 16:00:00, Signal: 0
Last candle time: 2025-08-13 12:00:00, Signal: 0
Last candle time: 2025-08-12 16:00:00, Signal: 0
Last candle time: 2025-08-12 16:00:00, Signal: 0
Last candle time: 2025-08-12 16:00:00, Signal: 0
Last candle time: 2025-08-12 16:00:00, Signal: 0
Last candle time: 2025-08-23 08:00:00, Signal: 0
Last candle time: 2025-08-12 16:00:00, Signal: 0
Last candle time: 2025-08-12 16:00:00, Signal: 0
Last candle time: 2025-08-12 16:00:00, Signal: 0
Last candle time: 2025-08-12 16:00:00, Signal: 0
Last candle time: 2025-08-12 16:00:00, Signal: 0
Last candle time: 2025-08-12 16:00:00, Signal: 0
Last candle time: 2025-08-12 16:00:00, Signal: 0
Last candle time: 2025-08-12 16:00:00, Signal: 0
Last candle time: 2025-08-12 16:00:00, Signal: 0
Last candle time: 2025-08-12 16:00:00, Signal: 0
Last candle time: 2025-08-12 16:00:00, Signal: 0
Last candle time: 2025-08-18 12:00:00, Signal: 0
Last candle time: 2025-09-03 12:00:00, Signal: 0
Last candle time: 2025-08-12 16:00:00, Signal: 0
Last candle time: 2025-08-12 16:00:00, Signal: 0
Last candle time: 2025-08-12 16:00:00, Signal: 0
Last candle time: 2025-08-12 16:00:00, Signal: 0
Last candle time: 2025-08-12 16:00:00, Signal: 0
Last candle time: 2025-08-12 16:00:00, Signal: 0
Last candle time: 2025-08-12 16:00:00, Signal: 0
Last candle time: 2025-08-12 16:00:00, Signal: 0
Last candle time: 2025-08-12 16:00:00, Signal: 0
Last candle time: 2025-08-12 16:00:00, Signal: 0
Last candle time: 2025-08-12 16:00:00, Signal: 0
Last candle time: 2025-08-12 16:00:00, Signal: 0
Last candle time: 2025-08-12 16:00:00, Signal: 0
Last candle time: 2025-08-12 16:00:00, Signal: 0
Last candle time: 2025-08-12 16:00:00, Signal: 0
Last candle time: 2025-08-12 16:00:00, Signal: 0
Last candle time: 2025-08-12 16:00:00, Signal: 0
Last candle time: 2025-08-12 16:00:00, Signal: 0
Last candle time: 2025-08-12 16:00:00, Signal: 0
Last candle time: 2025-08-12 16:00:00, Signal: 0
Last candle time: 2025-08-12 16:00:00, Signal: 0
Last candle time: 2025-08-12 16:00:00, Signal: 0
Last candle time: 2025-08-12 16:00:00, Signal: 0
Last candle time: 2025-08-12 16:00:00, Signal: 0
Last candle time: 2025-08-12 16:00:00, Signal: 0
Last candle time: 2025-08-12 16:00:00, Signal: 0
Last candle time: 2025-08-12 16:00:00, Signal: 0
Last candle time: 2025-09-11 12:00:00, Signal: 0
Last candle time: 2025-08-12 16:00:00, Signal: 0
Last candle time: 2025-08-12 16:00:00, Signal: 0
Last candle time: 2025-08-12 16:00:00, Signal: 0
Last candle time: 2025-08-12 16:00:00, Signal: 0
Last candle time: 2025-08-12 16:00:00, Signal: 0
Last candle time: 2025-08-12 16:00:00, Signal: 0
Last candle time: 2025-08-12 16:00:00, Signal: 0
Last candle time: 2025-08-12 16:00:00, Signal: 0
Last candle time: 2025-08-12 16:00:00, Signal: 0
Last candle time: 2025-08-12 16:00:00, Signal: 0
Last candle time: 2025-08-12 16:00:00, Signal: 0
Last candle time: 2025-08-12 16:00:00, Signal: 0
Last candle time: 2025-08-12 16:00:00, Signal: 0
Last candle time: 2025-08-12 16:00:00, Signal: 0
Last candle time: 2025-08-12 16:00:00, Signal: 0
Last candle time: 2025-08-12 16:00:00, Signal: 0
Last candle time: 2025-08-12 16:00:00, Signal: 0
Last candle time: 2025-08-12 16:00:00, Signal: 0
Last candle time: 2025-08-12 16:00:00, Signal: 0
Last candle time: 2025-08-12 16:00:00, Signal: 0
Last candle time: 2025-08-12 16:00:00, Signal: 0
Last candle time: 2025-08-12 16:00:00, Signal: 0
Last candle time: 2025-08-12 16:00:00, Signal: 0
Last candle time: 2025-08-12 16:00:00, Signal: 0
Last candle time: 2025-09-09 12:00:00, Signal: 0
Last candle time: 2025-08-12 16:00:00, Signal: 0
Last candle time: 2025-08-12 16:00:00, Signal: 0
Last candle time: 2025-08-12 16:00:00, Signal: 0
Last candle time: 2025-08-12 16:00:00, Signal: 0
Last candle time: 2025-08-12 16:00:00, Signal: 0
Last candle time: 2025-08-28 08:00:00, Signal: 0
Last candle time: 2025-08-12 16:00:00, Signal: 0
Last candle time: 2025-08-12 16:00:00, Signal: 0
Last candle time: 2025-09-02 12:00:00, Signal: 0
Last candle time: 2025-08-12 16:00:00, Signal: 0
Last candle time: 2025-08-27 08:00:00, Signal: 0
Last candle time: 2025-08-12 16:00:00, Signal: 0
Last candle time: 2025-08-12 16:00:00, Signal: 0
Last candle time: 2025-08-12 16:00:00, Signal: 0
Last candle time: 2025-08-12 16:00:00, Signal: 0
Last candle time: 2025-08-12 16:00:00, Signal: 0
Last candle time: 2025-08-12 16:00:00, Signal: 0
Last candle time: 2025-08-12 16:00:00, Signal: 0
Last candle time: 2025-08-12 16:00:00, Signal: 0
Last candle time: 2025-08-12 16:00:00, Signal: 0
Last candle time: 2025-08-12 16:00:00, Signal: 0
Last candle time: 2025-08-12 16:00:00, Signal: 0
Last candle time: 2025-08-20 16:00:00, Signal: 0
Last candle time: 2025-08-12 16:00:00, Signal: 0
Last candle time: 2025-08-12 16:00:00, Signal: 0
Last candle time: 2025-08-12 16:00:00, Signal: 0
Last candle time: 2025-08-12 16:00:00, Signal: 0
Last candle time: 2025-08-12 16:00:00, Signal: 0
Last candle time: 2025-08-12 16:00:00, Signal: 0
Last candle time: 2025-08-12 16:00:00, Signal: 0
Last candle time: 2025-08-12 16:00:00, Signal: 0
Last candle time: 2025-08-12 16:00:00, Signal: 0
Last candle time: 2025-08-12 16:00:00, Signal: 0
Last candle time: 2025-08-12 16:00:00, Signal: 0
Last candle time: 2025-08-12 16:00:00, Signal: 0
Last candle time: 2025-08-12 16:00:00, Signal: 0
Last candle time: 2025-08-12 16:00:00, Signal: 0
Last candle time: 2025-08-12 16:00:00, Signal: 0
Last candle time: 2025-08-12 16:00:00, Signal: 0
Last candle time: 2025-08-12 16:00:00, Signal: 0
Last candle time: 2025-08-12 16:00:00, Signal: 0
Last candle time: 2025-08-12 16:00:00, Signal: 0
Last candle time: 2025-08-12 16:00:00, Signal: 0
Last candle time: 2025-08-12 16:00:00, Signal: 0
Last candle time: 2025-08-12 16:00:00, Signal: 0
Last candle time: 2025-08-12 16:00:00, Signal: 0
Last candle time: 2025-08-12 16:00:00, Signal: 0
Last candle time: 2025-08-12 16:00:00, Signal: 0
Last candle time: 2025-08-12 16:00:00, Signal: 0
Last candle time: 2025-08-12 16:00:00, Signal: 0
Last candle time: 2025-08-12 16:00:00, Signal: 0
Last candle time: 2025-08-12 16:00:00, Signal: 0
Last candle time: 2025-08-12 16:00:00, Signal: 0
Last candle time: 2025-08-12 16:00:00, Signal: 0
Last candle time: 2025-08-12 16:00:00, Signal: 0
Last candle time: 2025-08-12 16:00:00, Signal: 0
Last candle time: 2025-08-12 16:00:00, Signal: 0
Last candle time: 2025-08-12 16:00:00, Signal: 0
Last candle time: 2025-08-12 16:00:00, Signal: 0
Last candle time: 2025-08-12 16:00:00, Signal: 0
Last candle time: 2025-08-12 16:00:00, Signal: 0
Last candle time: 2025-08-12 16:00:00, Signal: 0
Last candle time: 2025-08-12 16:00:00, Signal: 0
Last candle time: 2025-08-12 16:00:00, Signal: 0
Last candle time: 2025-08-12 16:00:00, Signal: 0
Last candle time: 2025-08-12 16:00:00, Signal: 0
Last candle time: 2025-08-12 16:00:00, Signal: 0
Last candle time: 2025-08-12 16:00:00, Signal: 0
Last candle time: 2025-08-12 16:00:00, Signal: 0
Last candle time: 2025-08-12 16:00:00, Signal: 0
Last candle time: 2025-08-12 16:00:00, Signal: 0
Last candle time: 2025-08-12 16:00:00, Signal: 0
Last candle time: 2025-08-12 16:00:00, Signal: 0
Last candle time: 2025-08-12 16:00:00, Signal: 0
Last candle time: 2025-08-12 16:00:00, Signal: 0
Last candle time: 2025-08-12 16:00:00, Signal: 0
Last candle time: 2025-08-12 16:00:00, Signal: 0
Last candle time: 2025-08-12 16:00:00, Signal: 0
Last candle time: 2025-08-12 16:00:00, Signal: 0
Last candle time: 2025-08-12 16:00:00, Signal: 0
Last candle time: 2025-08-12 16:00:00, Signal: 0
Last candle time: 2025-08-12 16:00:00, Signal: 0
Last candle time: 2025-08-12 16:00:00, Signal: 0
Last candle time: 2025-08-12 16:00:00, Signal: 0
Last candle time: 2025-08-12 16:00:00, Signal: 0
Last candle time: 2025-08-12 16:00:00, Signal: 0
Last candle time: 2025-08-12 16:00:00, Signal: 0
Last candle time: 2025-08-12 16:00:00, Signal: 0
Last candle time: 2025-08-12 16:00:00, Signal: 0
Last candle time: 2025-08-12 16:00:00, Signal: 0
Last candle time: 2025-08-12 16:00:00, Signal: 0
Last candle time: 2025-08-12 16:00:00, Signal: 0
Last candle time: 2025-08-12 16:00:00, Signal: 0
Last candle time: 2025-08-12 16:00:00, Signal: 0
Last candle time: 2025-08-12 16:00:00, Signal: 0
Last candle time: 2025-08-12 16:00:00, Signal: 0
Last candle time: 2025-08-12 16:00:00, Signal: 0
Last candle time: 2025-08-12 16:00:00, Signal: 0
Last candle time: 2025-08-12 16:00:00, Signal: 0
Last candle time: 2025-08-12 16:00:00, Signal: 0
Last candle time: 2025-08-12 16:00:00, Signal: 0
Last candle time: 2025-08-12 16:00:00, Signal: 0
Last candle time: 2025-08-12 16:00:00, Signal: 0
Last candle time: 2025-08-12 16:00:00, Signal: 0
Last candle time: 2025-08-12 16:00:00, Signal: 0
Last candle time: 2025-08-12 16:00:00, Signal: 0
Last candle time: 2025-08-12 16:00:00, Signal: 0
Last candle time: 2025-08-29 08:00:00, Signal: 0
Last candle time: 2025-08-12 16:00:00, Signal: 0
Last candle time: 2025-08-12 16:00:00, Signal: 0
Last candle time: 2025-08-12 16:00:00, Signal: 0
Last candle time: 2025-08-12 16:00:00, Signal: 0
Last candle time: 2025-08-12 16:00:00, Signal: 0
Last candle time: 2025-08-12 16:00:00, Signal: 0
Last candle time: 2025-08-12 16:00:00, Signal: 0
Last candle time: 2025-08-12 16:00:00, Signal: 0
Last candle time: 2025-08-12 16:00:00, Signal: 0
Last candle time: 2025-08-12 16:00:00, Signal: 0
Last candle time: 2025-08-12 16:00:00, Signal: 0
Last candle time: 2025-08-12 16:00:00, Signal: 0
Last candle time: 2025-08-12 16:00:00, Signal: 0
Last candle time: 2025-08-12 16:00:00, Signal: 0
Last candle time: 2025-08-12 16:00:00, Signal: 0
Last candle time: 2025-08-12 16:00:00, Signal: 0
Last candle time: 2025-08-12 16:00:00, Signal: 0
Last candle time: 2025-08-12 16:00:00, Signal: 0
Last candle time: 2025-08-12 16:00:00, Signal: 0
Last candle time: 2025-08-12 16:00:00, Signal: 0
Last candle time: 2025-08-12 16:00:00, Signal: 0
Last candle time: 2025-08-12 16:00:00, Signal: 0
Last candle time: 2025-08-12 16:00:00, Signal: 0
Last candle time: 2025-08-12 16:00:00, Signal: 0
Last candle time: 2025-08-12 16:00:00, Signal: 0
Last candle time: 2025-08-12 16:00:00, Signal: 0
Last candle time: 2025-08-12 16:00:00, Signal: 0
Last candle time: 2025-08-12 16:00:00, Signal: 0
Last candle time: 2025-09-08 12:00:00, Signal: 0
Last candle time: 2025-08-12 16:00:00, Signal: 0
Last candle time: 2025-08-12 16:00:00, Signal: 0
Last candle time: 2025-08-12 16:00:00, Signal: 0
Last candle time: 2025-08-12 16:00:00, Signal: 0
Last candle time: 2025-08-12 16:00:00, Signal: 0
Last candle time: 2025-08-12 16:00:00, Signal: 0
Last candle time: 2025-08-12 16:00:00, Signal: 0
Last candle time: 2025-08-13 12:00:00, Signal: 0
Last candle time: 2025-08-12 16:00:00, Signal: 0
Last candle time: 2025-08-12 16:00:00, Signal: 0
Last candle time: 2025-08-12 16:00:00, Signal: 0
Last candle time: 2025-08-12 16:00:00, Signal: 0
Last candle time: 2025-08-12 16:00:00, Signal: 0
Last candle time: 2025-08-12 16:00:00, Signal: 0
Last candle time: 2025-08-12 16:00:00, Signal: 0
Last candle time: 2025-08-12 16:00:00, Signal: 0
Last candle time: 2025-08-12 16:00:00, Signal: 0
Last candle time: 2025-08-12 16:00:00, Signal: 0
Last candle time: 2025-08-12 16:00:00, Signal: 0
Last candle time: 2025-08-12 16:00:00, Signal: 0
Last candle time: 2025-08-12 16:00:00, Signal: 0
Last candle time: 2025-08-12 16:00:00, Signal: 0
Last candle time: 2025-08-12 16:00:00, Signal: 0
Last candle time: 2025-08-12 16:00:00, Signal: 0
Last candle time: 2025-08-12 16:00:00, Signal: 0
Last candle time: 2025-08-12 16:00:00, Signal: 0
Last candle time: 2025-08-12 16:00:00, Signal: 0
Last candle time: 2025-08-12 16:00:00, Signal: 0
Last candle time: 2025-08-12 16:00:00, Signal: 0
Last candle time: 2025-08-12 16:00:00, Signal: 0
Last candle time: 2025-08-12 16:00:00, Signal: 0
Last candle time: 2025-08-12 16:00:00, Signal: 0
Last candle time: 2025-08-12 16:00:00, Signal: 0
Last candle time: 2025-08-12 16:00:00, Signal: 0
Last candle time: 2025-08-12 16:00:00, Signal: 0
Last candle time: 2025-08-12 16:00:00, Signal: 0
Last candle time: 2025-08-12 16:00:00, Signal: 0
Last candle time: 2025-08-12 16:00:00, Signal: 0
Last candle time: 2025-08-12 16:00:00, Signal: 0
Last candle time: 2025-08-12 16:00:00, Signal: 0
Last candle time: 2025-08-12 16:00:00, Signal: 0
Last candle time: 2025-08-12 16:00:00, Signal: 0
Last candle time: 2025-08-12 16:00:00, Signal: 0
Last candle time: 2025-08-12 16:00:00, Signal: 0
Last candle time: 2025-08-12 16:00:00, Signal: 0
Last candle time: 2025-08-12 16:00:00, Signal: 0
Last candle time: 2025-08-12 16:00:00, Signal: 0
Last candle time: 2025-08-12 16:00:00, Signal: 0
Last candle time: 2025-08-12 16:00:00, Signal: 0
Last candle time: 2025-08-12 16:00:00, Signal: 0
Last candle time: 2025-08-12 16:00:00, Signal: 0
Last candle time: 2025-08-12 16:00:00, Signal: 0
Last candle time: 2025-08-12 16:00:00, Signal: 0
Last candle time: 2025-08-12 16:00:00, Signal: 0
Last candle time: 2025-08-12 16:00:00, Signal: 0
Last candle time: 2025-08-12 16:00:00, Signal: 0
Last candle time: 2025-08-12 16:00:00, Signal: 0
Last candle time: 2025-08-12 16:00:00, Signal: 0
Last candle time: 2025-08-12 16:00:00, Signal: 0
Last candle time: 2025-08-12 16:00:00, Signal: 0
Last candle time: 2025-08-12 16:00:00, Signal: 0
Last candle time: 2025-08-12 16:00:00, Signal: 0
Last candle time: 2025-08-12 16:00:00, Signal: 0
Last candle time: 2025-08-12 16:00:00, Signal: 0
Last candle time: 2025-08-12 16:00:00, Signal: 0
Last candle time: 2025-08-12 16:00:00, Signal: 0
Last candle time: 2025-08-12 16:00:00, Signal: 0
Last candle time: 2025-08-12 16:00:00, Signal: 0
Last candle time: 2025-09-04 08:00:00, Signal: 0
Last candle time: 2025-08-12 16:00:00, Signal: 0
Last candle time: 2025-08-12 16:00:00, Signal: 0
Last candle time: 2025-08-12 16:00:00, Signal: 0
Last candle time: 2025-08-12 16:00:00, Signal: 0
Last candle time: 2025-08-12 16:00:00, Signal: 0
Last candle time: 2025-08-12 16:00:00, Signal: 0
Last candle time: 2025-08-12 16:00:00, Signal: 0
Last candle time: 2025-08-12 16:00:00, Signal: 0
Last candle time: 2025-08-12 16:00:00, Signal: 0
Last candle time: 2025-08-12 16:00:00, Signal: 0
Last candle time: 2025-08-12 16:00:00, Signal: 0
Last candle time: 2025-08-12 16:00:00, Signal: 0
Last candle time: 2025-08-12 16:00:00, Signal: 0
Last candle time: 2025-08-12 16:00:00, Signal: 0
Last candle time: 2025-08-12 16:00:00, Signal: 0
Last candle time: 2025-08-12 16:00:00, Signal: 0
Last candle time: 2025-08-12 16:00:00, Signal: 0
Last candle time: 2025-08-12 16:00:00, Signal: 0
Last candle time: 2025-08-12 16:00:00, Signal: 0
Last candle time: 2025-08-12 16:00:00, Signal: 0
Last candle time: 2025-08-12 16:00:00, Signal: 0
Last candle time: 2025-08-12 16:00:00, Signal: 0
Last candle time: 2025-08-12 16:00:00, Signal: 0
Last candle time: 2025-08-12 16:00:00, Signal: 0
Last candle time: 2025-08-12 16:00:00, Signal: 0
Last candle time: 2025-08-12 16:00:00, Signal: 0
Last candle time: 2025-08-12 16:00:00, Signal: 0
Last candle time: 2025-08-12 16:00:00, Signal: 0
Last candle time: 2025-08-12 16:00:00, Signal: 0
Last candle time: 2025-08-12 16:00:00, Signal: 0
Last candle time: 2025-08-12 16:00:00, Signal: 0
Last candle time: 2025-08-12 16:00:00, Signal: 0
Last candle time: 2025-08-12 16:00:00, Signal: 0
Last candle time: 2025-08-12 16:00:00, Signal: 0
Last candle time: 2025-08-12 16:00:00, Signal: 0
Last candle time: 2025-08-12 16:00:00, Signal: 0
Last candle time: 2025-08-12 16:00:00, Signal: 0
Last candle time: 2025-08-12 16:00:00, Signal: 0
Last candle time: 2025-08-12 16:00:00, Signal: 0
Last candle time: 2025-08-12 16:00:00, Signal: 0
Last candle time: 2025-08-12 16:00:00, Signal: 0
Last candle time: 2025-08-12 16:00:00, Signal: 0
Last candle time: 2025-08-12 16:00:00, Signal: 0
Last candle time: 2025-08-12 16:00:00, Signal: 0
Last candle time: 2025-08-12 16:00:00, Signal: 0
Last candle time: 2025-08-12 16:00:00, Signal: 0
Last candle time: 2025-08-12 16:00:00, Signal: 0
Last candle time: 2025-08-12 16:00:00, Signal: 0
Last candle time: 2025-08-12 16:00:00, Signal: 0
Last candle time: 2025-08-12 16:00:00, Signal: 0
Last candle time: 2025-08-12 16:00:00, Signal: 0
Last candle time: 2025-08-12 16:00:00, Signal: 0
Last candle time: 2025-08-12 16:00:00, Signal: 0
Last candle time: 2025-08-12 16:00:00, Signal: 0
Last candle time: 2025-08-12 16:00:00, Signal: 0
Last candle time: 2025-08-27 08:00:00, Signal: 0
Last candle time: 2025-08-12 16:00:00, Signal: 0
Last candle time: 2025-08-12 16:00:00, Signal: 0
Last candle time: 2025-08-12 16:00:00, Signal: 0
Last candle time: 2025-08-12 16:00:00, Signal: 0
Last candle time: 2025-08-12 16:00:00, Signal: 0
Last candle time: 2025-08-22 08:00:00, Signal: 0
Last candle time: 2025-08-12 16:00:00, Signal: 0
Last candle time: 2025-08-12 16:00:00, Signal: 0
Last candle time: 2025-08-12 16:00:00, Signal: 0
Last candle time: 2025-08-12 16:00:00, Signal: 0
Last candle time: 2025-08-12 16:00:00, Signal: 0
Last candle time: 2025-08-12 16:00:00, Signal: 0
Last candle time: 2025-08-12 16:00:00, Signal: 0
Last candle time: 2025-08-12 16:00:00, Signal: 0
Last candle time: 2025-08-12 16:00:00, Signal: 0
Last candle time: 2025-08-12 16:00:00, Signal: 0
Last candle time: 2025-08-12 16:00:00, Signal: 0
Last candle time: 2025-08-12 16:00:00, Signal: 0
Last candle time: 2025-08-12 16:00:00, Signal: 0
Last candle time: 2025-08-12 16:00:00, Signal: 0
Last candle time: 2025-08-12 16:00:00, Signal: 0
Last candle time: 2025-08-12 16:00:00, Signal: 0
Last candle time: 2025-08-12 16:00:00, Signal: 0
Last candle time: 2025-08-12 16:00:00, Signal: 0
Last candle time: 2025-08-12 16:00:00, Signal: 0
Last candle time: 2025-08-12 16:00:00, Signal: 0
Last candle time: 2025-08-12 16:00:00, Signal: 0
Last candle time: 2025-08-12 16:00:00, Signal: 0
Last candle time: 2025-08-12 16:00:00, Signal: 0
Last candle time: 2025-08-12 16:00:00, Signal: 0
Last candle time: 2025-08-12 16:00:00, Signal: 0
Last candle time: 2025-08-12 16:00:00, Signal: 0
Last candle time: 2025-08-12 16:00:00, Signal: 0
Last candle time: 2025-08-12 16:00:00, Signal: 0
Last candle time: 2025-08-12 16:00:00, Signal: 0
Last candle time: 2025-08-12 16:00:00, Signal: 0
Last candle time: 2025-08-12 16:00:00, Signal: 0
Last candle time: 2025-08-12 16:00:00, Signal: 0
Last candle time: 2025-08-12 16:00:00, Signal: 0
Last candle time: 2025-08-12 16:00:00, Signal: 0
Last candle time: 2025-08-12 16:00:00, Signal: 0
Last candle time: 2025-08-12 16:00:00, Signal: 0
Last candle time: 2025-08-12 16:00:00, Signal: 0
Last candle time: 2025-08-12 16:00:00, Signal: 0
Last candle time: 2025-08-12 16:00:00, Signal: 0
Last candle time: 2025-08-12 16:00:00, Signal: 0
Last candle time: 2025-08-12 16:00:00, Signal: 0
Last candle time: 2025-08-12 16:00:00, Signal: 0
Last candle time: 2025-08-12 16:00:00, Signal: 0
Last candle time: 2025-08-12 16:00:00, Signal: 0
Last candle time: 2025-08-12 16:00:00, Signal: 0
Last candle time: 2025-08-12 16:00:00, Signal: 0
Last candle time: 2025-08-12 16:00:00, Signal: 0
Last candle time: 2025-08-12 16:00:00, Signal: 0
Last candle time: 2025-08-12 16:00:00, Signal: 0
Last candle time: 2025-08-21 04:00:00, Signal: 0
Last candle time: 2025-08-12 16:00:00, Signal: 0
Last candle time: 2025-08-12 16:00:00, Signal: 0
Last candle time: 2025-08-12 16:00:00, Signal: 0
Last candle time: 2025-08-12 16:00:00, Signal: 0
Last candle time: 2025-08-12 16:00:00, Signal: 0
Last candle time: 2025-08-12 16:00:00, Signal: 0
Last candle time: 2025-08-12 16:00:00, Signal: 0
Last candle time: 2025-08-12 16:00:00, Signal: 0
Last candle time: 2025-08-12 16:00:00, Signal: 0
Last candle time: 2025-08-12 16:00:00, Signal: 0
Last candle time: 2025-08-12 16:00:00, Signal: 0
Last candle time: 2025-08-12 16:00:00, Signal: 0
Last candle time: 2025-08-12 16:00:00, Signal: 0
Last candle time: 2025-08-12 16:00:00, Signal: 0
Last candle time: 2025-08-12 16:00:00, Signal: 0
Last candle time: 2025-08-12 16:00:00, Signal: 0
Last candle time: 2025-08-12 16:00:00, Signal: 0
Last candle time: 2025-08-12 16:00:00, Signal: 0
Last candle time: 2025-08-12 16:00:00, Signal: 0
Last candle time: 2025-08-12 16:00:00, Signal: 0
Last candle time: 2025-08-12 16:00:00, Signal: 0
Last candle time: 2025-08-12 16:00:00, Signal: 0
Last candle time: 2025-08-12 16:00:00, Signal: 0
Last candle time: 2025-08-12 16:00:00, Signal: 0
Last candle time: 2025-08-12 16:00:00, Signal: 0
Last candle time: 2025-08-12 16:00:00, Signal: 0
Last candle time: 2025-08-12 16:00:00, Signal: 0
Last candle time: 2025-08-12 16:00:00, Signal: 0
Last candle time: 2025-08-12 16:00:00, Signal: 0
Last candle time: 2025-08-12 16:00:00, Signal: 0
Last candle time: 2025-08-12 16:00:00, Signal: 0
Last candle time: 2025-08-12 16:00:00, Signal: 0
Last candle time: 2025-08-12 16:00:00, Signal: 0
Last candle time: 2025-08-12 16:00:00, Signal: 0
Last candle time: 2025-08-12 16:00:00, Signal: 0
Last candle time: 2025-08-12 16:00:00, Signal: 0
Last candle time: 2025-08-12 16:00:00, Signal: 0
Last candle time: 2025-08-12 16:00:00, Signal: 0
Last candle time: 2025-08-12 16:00:00, Signal: 0
Last candle time: 2025-08-12 16:00:00, Signal: 0
Last candle time: 2025-08-12 16:00:00, Signal: 0
Last candle time: 2025-08-12 16:00:00, Signal: 0
Last candle time: 2025-08-12 16:00:00, Signal: 0
Last candle time: 2025-08-12 16:00:00, Signal: 0
Last candle time: 2025-08-12 16:00:00, Signal: 0
Last candle time: 2025-08-12 16:00:00, Signal: 0
Last candle time: 2025-08-12 16:00:00, Signal: 0
Last candle time: 2025-08-12 16:00:00, Signal: 0
Last candle time: 2025-08-12 16:00:00, Signal: 0
Last candle time: 2025-08-12 16:00:00, Signal: 0
Last candle time: 2025-08-12 16:00:00, Signal: 0
Last candle time: 2025-08-12 16:00:00, Signal: 0
Last candle time: 2025-08-12 16:00:00, Signal: 0
Last candle time: 2025-08-12 16:00:00, Signal: 0
Last candle time: 2025-08-12 16:00:00, Signal: 0
Last candle time: 2025-08-12 16:00:00, Signal: 0
Last candle time: 2025-08-12 16:00:00, Signal: 0
Last candle time: 2025-08-12 16:00:00, Signal: 0
Last candle time: 2025-08-12 16:00:00, Signal: 0
Last candle time: 2025-08-12 16:00:00, Signal: 0
Last candle time: 2025-08-12 16:00:00, Signal: 0
Last candle time: 2025-08-12 16:00:00, Signal: 0
Last candle time: 2025-08-12 16:00:00, Signal: 0
Last candle time: 2025-08-12 16:00:00, Signal: 0
Last candle time: 2025-08-12 16:00:00, Signal: 0
Last candle time: 2025-08-12 16:00:00, Signal: 0
Last candle time: 2025-08-12 16:00:00, Signal: 0
Last candle time: 2025-08-12 16:00:00, Signal: 0
Last candle time: 2025-08-12 16:00:00, Signal: 0
Last candle time: 2025-08-12 16:00:00, Signal: 0
Last candle time: 2025-08-12 16:00:00, Signal: 0
Last candle time: 2025-08-12 16:00:00, Signal: 0
Last candle time: 2025-08-12 16:00:00, Signal: 0
Last candle time: 2025-08-12 16:00:00, Signal: 0
Last candle time: 2025-08-12 16:00:00, Signal: 0
Last candle time: 2025-08-12 16:00:00, Signal: 0
Last candle time: 2025-08-12 16:00:00, Signal: 0
Last candle time: 2025-08-12 16:00:00, Signal: 0
Last candle time: 2025-08-12 16:00:00, Signal: 0
Last candle time: 2025-08-12 16:00:00, Signal: 0
Last candle time: 2025-08-12 16:00:00, Signal: 0
Last candle time: 2025-08-12 16:00:00, Signal: 0
Last candle time: 2025-08-12 16:00:00, Signal: 0
Last candle time: 2025-08-12 16:00:00, Signal: 0
Last candle time: 2025-08-12 16:00:00, Signal: 0
Last candle time: 2025-08-12 16:00:00, Signal: 0
Last candle time: 2025-08-12 16:00:00, Signal: 0
Last candle time: 2025-08-12 16:00:00, Signal: 0
Last candle time: 2025-08-12 16:00:00, Signal: 0
Last candle time: 2025-08-12 16:00:00, Signal: 0
Last candle time: 2025-08-12 16:00:00, Signal: 0
On a scanne:  500
Function finished at 12.09.2025 12:10:29
*******************************************
***************************************************************
Number of open positions: 0
*******************************************
Function started at 12.09.2025 14:01:04
Fetching data from 2025-08-12 14:01:02 to 2025-09-12 14:01:02
***************************************************************
Number of open positions: 0
*******************************************
Function started at 12.09.2025 15:01:05
Fetching data from 2025-08-12 15:01:02 to 2025-09-12 15:01:02
On a scanne:  500
Function finished at 12.09.2025 15:12:29
*******************************************
***************************************************************
Number of open positions: 0
*******************************************
Function started at 12.09.2025 16:01:04
Fetching data from 2025-08-12 16:01:02 to 2025-09-12 16:01:02
On a scanne:  500
Function finished at 12.09.2025 16:11:42
*******************************************
***************************************************************
Number of open positions: 0
*******************************************
Function started at 12.09.2025 17:01:04
Fetching data from 2025-08-12 17:01:02 to 2025-09-12 17:01:02
On a scanne:  500
Function finished at 12.09.2025 17:11:12
*******************************************
***************************************************************
Number of open positions: 0
*******************************************
Function started at 12.09.2025 18:01:04
Fetching data from 2025-08-12 18:01:02 to 2025-09-12 18:01:02
On a scanne:  500
Function finished at 12.09.2025 18:10:32
*******************************************
***************************************************************
Number of open positions: 0
*******************************************
Function started at 12.09.2025 19:01:04
Fetching data from 2025-08-12 19:01:02 to 2025-09-12 19:01:02
On a scanne:  500
Function finished at 12.09.2025 19:10:35
*******************************************
***************************************************************
Number of open positions: 0
*******************************************
Function started at 12.09.2025 20:01:04
Fetching data from 2025-08-12 20:01:02 to 2025-09-12 20:01:02
***************************************************************
Number of open positions: 0
*******************************************
Function started at 12.09.2025 21:01:04
Fetching data from 2025-08-12 21:01:02 to 2025-09-12 21:01:02
On a scanne:  500
Function finished at 12.09.2025 21:11:33
*******************************************
***************************************************************
Number of open positions: 0
*******************************************
Function started at 12.09.2025 22:01:04
Fetching data from 2025-08-12 22:01:02 to 2025-09-12 22:01:02
On a scanne:  500
Function finished at 12.09.2025 22:11:25
*******************************************
***************************************************************
Number of open positions: 0
*******************************************
Function started at 12.09.2025 23:01:07
Fetching data from 2025-08-12 23:01:05 to 2025-09-12 23:01:05
***************************************************************
Number of open positions: 0
*******************************************
Function started at 13.09.2025 02:01:05
Fetching data from 2025-08-13 02:01:02 to 2025-09-13 02:01:02
On a scanne:  500
Function finished at 13.09.2025 02:11:03
*******************************************
***************************************************************
Number of open positions: 0
*******************************************
Function started at 13.09.2025 03:01:04
Fetching data from 2025-08-13 03:01:02 to 2025-09-13 03:01:02
On a scanne:  500
Function finished at 13.09.2025 03:11:06
*******************************************
***************************************************************
Number of open positions: 0
*******************************************
Function started at 13.09.2025 04:01:05
Fetching data from 2025-08-13 04:01:02 to 2025-09-13 04:01:02
On a scanne:  500
Function finished at 13.09.2025 04:11:03
*******************************************
***************************************************************
Number of open positions: 0
*******************************************
Function started at 14.09.2025 10:01:08
Fetching data from 2025-08-14 10:01:05 to 2025-09-14 10:01:05
On a scanne:  500
Function finished at 14.09.2025 10:10:41
*******************************************
***************************************************************
Number of open positions: 0
*******************************************
Function started at 14.09.2025 11:01:04
Fetching data from 2025-08-14 11:01:02 to 2025-09-14 11:01:02
On a scanne:  500
Function finished at 14.09.2025 11:10:07
*******************************************
***************************************************************
Number of open positions: 0
*******************************************
Function started at 14.09.2025 12:01:04
Fetching data from 2025-08-14 12:01:02 to 2025-09-14 12:01:02
On a scanne:  500
Function finished at 14.09.2025 12:10:11
*******************************************
***************************************************************
Number of open positions: 0
*******************************************
Function started at 14.09.2025 13:01:04
Fetching data from 2025-08-14 13:01:02 to 2025-09-14 13:01:02
On a scanne:  500
Function finished at 14.09.2025 13:10:41
*******************************************
***************************************************************
Number of open positions: 0
*******************************************
Function started at 14.09.2025 14:01:05
Fetching data from 2025-08-14 14:01:02 to 2025-09-14 14:01:02
On a scanne:  500
Function finished at 14.09.2025 14:10:39
*******************************************
***************************************************************
Number of open positions: 0
*******************************************
Function started at 14.09.2025 15:01:04
Fetching data from 2025-08-14 15:01:02 to 2025-09-14 15:01:02
On a scanne:  500
Function finished at 14.09.2025 15:10:26
*******************************************
***************************************************************
Number of open positions: 0
*******************************************
Function started at 14.09.2025 16:01:04
Fetching data from 2025-08-14 16:01:02 to 2025-09-14 16:01:02
On a scanne:  500
Function finished at 14.09.2025 16:09:49
*******************************************
***************************************************************
Number of open positions: 0
*******************************************
Function started at 14.09.2025 17:01:04
Fetching data from 2025-08-14 17:01:02 to 2025-09-14 17:01:02
On a scanne:  500
Function finished at 14.09.2025 17:09:55
*******************************************
***************************************************************
Number of open positions: 0
*******************************************
Function started at 14.09.2025 18:01:04
Fetching data from 2025-08-14 18:01:02 to 2025-09-14 18:01:02
On a scanne:  500
Function finished at 14.09.2025 18:09:51
*******************************************
***************************************************************
Number of open positions: 0
*******************************************
Function started at 14.09.2025 19:01:04
Fetching data from 2025-08-14 19:01:02 to 2025-09-14 19:01:02
On a scanne:  500
Function finished at 14.09.2025 19:10:59
*******************************************
***************************************************************
Number of open positions: 0
*******************************************
Function started at 14.09.2025 20:01:04
Fetching data from 2025-08-14 20:01:02 to 2025-09-14 20:01:02
On a scanne:  500
Function finished at 14.09.2025 20:10:31
*******************************************
***************************************************************
Number of open positions: 0
*******************************************
Function started at 14.09.2025 21:01:10
Fetching data from 2025-08-14 21:01:02 to 2025-09-14 21:01:02
On a scanne:  500
Function finished at 14.09.2025 21:10:37
*******************************************
***************************************************************
Number of open positions: 0
*******************************************
Function started at 14.09.2025 22:01:04
Fetching data from 2025-08-14 22:01:02 to 2025-09-14 22:01:02
On a scanne:  500
Function finished at 14.09.2025 22:09:58
*******************************************
