2025-10-05 17:42:20,961 - INFO - ============================================================
2025-10-05 17:42:20,962 - INFO - 🚀 NEW LOGGING SESSION STARTED
2025-10-05 17:42:20,962 - INFO - 📅 Session Time: 2025-10-05 17:42:20
2025-10-05 17:42:20,962 - INFO - ============================================================
2025-10-05 17:42:20,962 - INFO - ✅ INFO: Logging configuration test
2025-10-05 17:42:20,962 - WARNING - ⚠️ WARNING: Test warning message
2025-10-05 17:42:20,962 - ERROR - ❌ ERROR: Test error message (not real)
2025-10-05 17:42:20,962 - INFO - 🎯 Testing IVV Arbitrage Trading System logging
2025-10-05 17:42:20,963 - INFO - 💰 Portfolio value: $1,143,024.31
2025-10-05 17:42:20,963 - INFO - 📊 Trade executed: BUY 100 AAPL @ $150.25
2025-10-05 17:42:20,963 - INFO - 🔄 System status: Active and monitoring
2025-10-05 17:42:39,851 - INFO - Starting IVV Arbitrage Trading System
2025-10-05 17:42:39,851 - INFO - Position Size: $5,128, Max Position: $148,039
2025-10-05 17:42:39,851 - INFO - Market WEEKEND - Waiting...
2025-10-05 17:45:50,441 - INFO - Shutdown signal received, stopping trading system...
2025-10-06 11:00:02,758 - INFO - Starting IVV Arbitrage Trading System
2025-10-06 11:00:02,758 - INFO - Position Size: $5,128, Max Position: $148,039
2025-10-06 11:00:02,758 - INFO - Market CLOSED - Waiting for open...
2025-10-06 11:05:02,766 - INFO - Market CLOSED - Waiting for open...
2025-10-06 11:10:02,782 - INFO - Market CLOSED - Waiting for open...
2025-10-06 11:15:02,788 - INFO - Market CLOSED - Waiting for open...
2025-10-06 11:20:02,796 - INFO - Market CLOSED - Waiting for open...
2025-10-06 11:25:02,799 - INFO - Market CLOSED - Waiting for open...
2025-10-06 11:30:02,812 - INFO - Maximum runtime reached, stopping...
2025-10-06 14:01:01,730 - INFO - Starting IVV Arbitrage Trading System
2025-10-06 14:01:01,731 - INFO - Position Size: $5,128, Max Position: $148,039
2025-10-06 14:01:06,722 - INFO - TRADE EXECUTED: SELL 7 IVV @ $672.42, Spread: 49523.9 bps
2025-10-06 14:01:13,068 - INFO - TRADE EXECUTED: SELL 7 IVV @ $672.42, Spread: 49523.9 bps
2025-10-06 14:01:20,968 - INFO - TRADE EXECUTED: SELL 7 IVV @ $672.42, Spread: 49523.9 bps
2025-10-06 14:01:27,245 - INFO - TRADE EXECUTED: SELL 7 IVV @ $672.42, Spread: 49523.9 bps
2025-10-06 14:01:35,142 - INFO - TRADE EXECUTED: SELL 7 IVV @ $672.42, Spread: 49523.9 bps
2025-10-06 14:11:08,391 - INFO - POSITION CLOSED: IVV_0, P&L: $0.00, Reason: TIME_LIMIT
2025-10-06 14:11:08,391 - INFO - TRADE EXECUTED: SELL 7 IVV @ $672.42, Spread: 49523.9 bps
2025-10-06 14:11:16,572 - INFO - POSITION CLOSED: IVV_1, P&L: $0.00, Reason: TIME_LIMIT
2025-10-06 14:11:16,573 - INFO - TRADE EXECUTED: SELL 7 IVV @ $672.42, Spread: 49523.9 bps
2025-10-06 14:11:23,109 - INFO - POSITION CLOSED: IVV_2, P&L: $0.00, Reason: TIME_LIMIT
2025-10-06 14:11:23,109 - INFO - TRADE EXECUTED: SELL 7 IVV @ $672.42, Spread: 49523.9 bps
2025-10-06 14:11:30,897 - INFO - TRADE EXECUTED: SELL 7 IVV @ $672.42, Spread: 49523.9 bps
2025-10-06 14:11:37,379 - INFO - TRADE EXECUTED: SELL 7 IVV @ $672.42, Spread: 49523.9 bps
2025-10-06 14:11:45,191 - INFO - TRADE EXECUTED: SELL 7 IVV @ $672.42, Spread: 49523.9 bps
2025-10-06 14:11:51,571 - INFO - TRADE EXECUTED: SELL 7 IVV @ $672.42, Spread: 49523.9 bps
2025-10-06 14:11:59,294 - INFO - TRADE EXECUTED: SELL 7 IVV @ $672.42, Spread: 49523.9 bps
2025-10-06 14:12:06,169 - INFO - TRADE EXECUTED: SELL 7 IVV @ $672.42, Spread: 49523.9 bps
2025-10-06 14:12:13,848 - INFO - TRADE EXECUTED: SELL 7 IVV @ $672.42, Spread: 49523.9 bps
2025-10-06 14:12:20,272 - INFO - TRADE EXECUTED: SELL 7 IVV @ $672.42, Spread: 49523.9 bps
2025-10-06 14:12:28,246 - INFO - TRADE EXECUTED: SELL 7 IVV @ $672.42, Spread: 49523.9 bps
2025-10-06 14:12:34,756 - INFO - TRADE EXECUTED: SELL 7 IVV @ $672.42, Spread: 49523.9 bps
2025-10-06 14:12:42,421 - INFO - TRADE EXECUTED: SELL 7 IVV @ $672.42, Spread: 49523.9 bps
2025-10-06 14:12:48,856 - INFO - TRADE EXECUTED: SELL 7 IVV @ $672.42, Spread: 49523.9 bps
2025-10-06 14:12:56,821 - INFO - TRADE EXECUTED: SELL 7 IVV @ $672.42, Spread: 49523.9 bps
2025-10-06 14:13:03,261 - INFO - TRADE EXECUTED: SELL 7 IVV @ $672.42, Spread: 49523.9 bps
2025-10-06 14:13:11,222 - INFO - TRADE EXECUTED: SELL 7 IVV @ $672.42, Spread: 49523.9 bps
2025-10-06 14:13:17,844 - INFO - TRADE EXECUTED: SELL 7 IVV @ $672.42, Spread: 49523.9 bps
2025-10-06 14:13:26,262 - INFO - TRADE EXECUTED: SELL 7 IVV @ $672.42, Spread: 49523.9 bps
2025-10-06 14:13:32,882 - INFO - TRADE EXECUTED: SELL 7 IVV @ $672.42, Spread: 49523.9 bps
2025-10-06 14:13:41,042 - INFO - TRADE EXECUTED: SELL 7 IVV @ $672.42, Spread: 49523.9 bps
2025-10-06 14:13:47,872 - INFO - TRADE EXECUTED: SELL 7 IVV @ $672.42, Spread: 49523.9 bps
2025-10-06 14:13:55,692 - INFO - TRADE EXECUTED: SELL 7 IVV @ $672.42, Spread: 49523.9 bps
2025-10-06 14:14:02,192 - INFO - TRADE EXECUTED: SELL 7 IVV @ $672.42, Spread: 49523.9 bps
2025-10-06 14:14:10,182 - INFO - TRADE EXECUTED: SELL 7 IVV @ $672.42, Spread: 49523.9 bps
2025-10-06 14:14:16,879 - INFO - TRADE EXECUTED: SELL 7 IVV @ $672.42, Spread: 49523.9 bps
2025-10-06 14:14:24,693 - INFO - TRADE EXECUTED: SELL 7 IVV @ $672.42, Spread: 49523.9 bps
2025-10-06 14:14:31,278 - INFO - TRADE EXECUTED: SELL 7 IVV @ $672.42, Spread: 49523.9 bps
2025-10-06 14:14:39,523 - INFO - TRADE EXECUTED: SELL 7 IVV @ $672.42, Spread: 49523.9 bps
2025-10-06 14:14:46,139 - INFO - TRADE EXECUTED: SELL 7 IVV @ $672.42, Spread: 49523.9 bps
2025-10-06 14:14:53,811 - INFO - TRADE EXECUTED: SELL 7 IVV @ $672.42, Spread: 49523.9 bps
2025-10-06 14:15:00,232 - INFO - TRADE EXECUTED: SELL 7 IVV @ $672.42, Spread: 49523.9 bps
2025-10-06 14:15:08,076 - INFO - TRADE EXECUTED: SELL 7 IVV @ $672.42, Spread: 49523.9 bps
2025-10-06 14:15:14,555 - INFO - TRADE EXECUTED: SELL 7 IVV @ $672.42, Spread: 49523.9 bps
2025-10-06 14:15:22,067 - INFO - TRADE EXECUTED: SELL 7 IVV @ $672.42, Spread: 49523.9 bps
2025-10-06 14:15:28,474 - INFO - TRADE EXECUTED: SELL 7 IVV @ $672.42, Spread: 49523.9 bps
2025-10-06 14:15:36,073 - INFO - TRADE EXECUTED: SELL 7 IVV @ $672.42, Spread: 49523.9 bps
2025-10-06 14:15:42,647 - INFO - TRADE EXECUTED: SELL 7 IVV @ $672.42, Spread: 49523.9 bps
2025-10-06 14:15:50,729 - INFO - TRADE EXECUTED: SELL 7 IVV @ $672.42, Spread: 49523.9 bps
2025-10-06 14:15:57,351 - INFO - TRADE EXECUTED: SELL 7 IVV @ $672.42, Spread: 49523.9 bps
2025-10-06 14:16:04,816 - INFO - TRADE EXECUTED: SELL 7 IVV @ $672.42, Spread: 49523.9 bps
2025-10-06 14:16:11,430 - INFO - TRADE EXECUTED: SELL 7 IVV @ $672.42, Spread: 49523.9 bps
2025-10-06 14:16:19,270 - INFO - TRADE EXECUTED: SELL 7 IVV @ $672.42, Spread: 49523.9 bps
2025-10-06 14:16:25,730 - INFO - TRADE EXECUTED: SELL 7 IVV @ $672.42, Spread: 49523.9 bps
2025-10-06 14:16:33,508 - INFO - TRADE EXECUTED: SELL 7 IVV @ $672.42, Spread: 49523.9 bps
2025-10-06 14:16:40,030 - INFO - TRADE EXECUTED: SELL 7 IVV @ $672.42, Spread: 49523.9 bps
2025-10-06 14:16:47,514 - INFO - TRADE EXECUTED: SELL 7 IVV @ $672.42, Spread: 49523.9 bps
2025-10-06 14:16:53,966 - INFO - TRADE EXECUTED: SELL 7 IVV @ $672.42, Spread: 49523.9 bps
2025-10-06 14:17:02,002 - INFO - TRADE EXECUTED: SELL 7 IVV @ $672.42, Spread: 49523.9 bps
2025-10-06 14:17:08,809 - INFO - TRADE EXECUTED: SELL 7 IVV @ $672.42, Spread: 49523.9 bps
2025-10-06 14:17:16,691 - INFO - TRADE EXECUTED: SELL 7 IVV @ $672.42, Spread: 49523.9 bps
2025-10-06 14:17:23,243 - INFO - TRADE EXECUTED: SELL 7 IVV @ $672.42, Spread: 49523.9 bps
2025-10-06 14:17:31,105 - INFO - TRADE EXECUTED: SELL 7 IVV @ $672.42, Spread: 49523.9 bps
2025-10-06 14:17:37,580 - INFO - TRADE EXECUTED: SELL 7 IVV @ $672.42, Spread: 49523.9 bps
2025-10-06 14:17:45,527 - INFO - TRADE EXECUTED: SELL 7 IVV @ $672.42, Spread: 49523.9 bps
2025-10-06 14:17:52,026 - INFO - TRADE EXECUTED: SELL 7 IVV @ $672.42, Spread: 49523.9 bps
2025-10-06 14:17:59,483 - INFO - TRADE EXECUTED: SELL 7 IVV @ $672.42, Spread: 49523.9 bps
2025-10-06 14:18:05,981 - INFO - TRADE EXECUTED: SELL 7 IVV @ $672.42, Spread: 49523.9 bps
2025-10-06 14:18:13,917 - INFO - TRADE EXECUTED: SELL 7 IVV @ $672.42, Spread: 49523.9 bps
2025-10-06 14:18:20,381 - INFO - TRADE EXECUTED: SELL 7 IVV @ $672.42, Spread: 49523.9 bps
2025-10-06 14:18:28,540 - INFO - TRADE EXECUTED: SELL 7 IVV @ $672.42, Spread: 49523.9 bps
2025-10-06 14:18:35,016 - INFO - TRADE EXECUTED: SELL 7 IVV @ $672.42, Spread: 49523.9 bps
2025-10-06 14:18:43,578 - INFO - TRADE EXECUTED: SELL 7 IVV @ $672.42, Spread: 49523.9 bps
2025-10-06 14:18:50,116 - INFO - TRADE EXECUTED: SELL 7 IVV @ $672.42, Spread: 49523.9 bps
2025-10-06 14:18:58,149 - INFO - TRADE EXECUTED: SELL 7 IVV @ $672.42, Spread: 49523.9 bps
2025-10-06 14:19:04,857 - INFO - TRADE EXECUTED: SELL 7 IVV @ $672.42, Spread: 49523.9 bps
2025-10-06 14:19:12,716 - INFO - TRADE EXECUTED: SELL 7 IVV @ $672.42, Spread: 49523.9 bps
2025-10-06 14:19:19,314 - INFO - TRADE EXECUTED: SELL 7 IVV @ $672.42, Spread: 49523.9 bps
2025-10-06 14:19:27,201 - INFO - TRADE EXECUTED: SELL 7 IVV @ $672.42, Spread: 49523.9 bps
2025-10-06 14:19:33,814 - INFO - TRADE EXECUTED: SELL 7 IVV @ $672.42, Spread: 49523.9 bps
2025-10-06 14:19:41,685 - INFO - TRADE EXECUTED: SELL 7 IVV @ $672.42, Spread: 49523.9 bps
2025-10-06 14:19:48,202 - INFO - TRADE EXECUTED: SELL 7 IVV @ $672.42, Spread: 49523.9 bps
2025-10-06 14:19:55,918 - INFO - TRADE EXECUTED: SELL 7 IVV @ $672.42, Spread: 49523.9 bps
2025-10-06 14:20:02,319 - INFO - TRADE EXECUTED: SELL 7 IVV @ $672.42, Spread: 49523.9 bps
2025-10-06 14:20:10,372 - INFO - TRADE EXECUTED: SELL 7 IVV @ $672.42, Spread: 49523.9 bps
2025-10-06 14:20:17,012 - INFO - TRADE EXECUTED: SELL 7 IVV @ $672.42, Spread: 49523.9 bps
2025-10-06 14:20:24,689 - INFO - TRADE EXECUTED: SELL 7 IVV @ $672.42, Spread: 49523.9 bps
2025-10-06 14:20:31,412 - INFO - TRADE EXECUTED: SELL 7 IVV @ $672.42, Spread: 49523.9 bps
2025-10-06 14:20:39,215 - INFO - TRADE EXECUTED: SELL 7 IVV @ $672.42, Spread: 49523.9 bps
2025-10-06 14:20:45,788 - INFO - TRADE EXECUTED: SELL 7 IVV @ $672.42, Spread: 49523.9 bps
2025-10-06 14:20:53,735 - INFO - TRADE EXECUTED: SELL 7 IVV @ $672.42, Spread: 49523.9 bps
2025-10-06 14:21:00,529 - INFO - TRADE EXECUTED: SELL 7 IVV @ $672.42, Spread: 49523.9 bps
2025-10-06 14:21:08,204 - INFO - TRADE EXECUTED: SELL 7 IVV @ $672.42, Spread: 49523.9 bps
2025-10-06 14:21:14,767 - INFO - POSITION CLOSED: IVV_4, P&L: $0.00, Reason: TIME_LIMIT
2025-10-06 14:21:14,768 - INFO - TRADE EXECUTED: SELL 7 IVV @ $672.42, Spread: 49523.9 bps
2025-10-06 14:21:22,785 - INFO - TRADE EXECUTED: SELL 7 IVV @ $672.42, Spread: 49523.9 bps
2025-10-06 14:21:29,306 - INFO - TRADE EXECUTED: SELL 7 IVV @ $672.42, Spread: 49523.9 bps
2025-10-06 14:21:37,412 - INFO - TRADE EXECUTED: SELL 7 IVV @ $672.42, Spread: 49523.9 bps
2025-10-06 14:21:43,886 - INFO - TRADE EXECUTED: SELL 7 IVV @ $672.42, Spread: 49523.9 bps
2025-10-06 14:21:52,283 - INFO - TRADE EXECUTED: SELL 7 IVV @ $672.42, Spread: 49523.9 bps
2025-10-06 14:21:58,925 - INFO - TRADE EXECUTED: SELL 7 IVV @ $672.42, Spread: 49523.9 bps
2025-10-06 14:22:06,770 - INFO - TRADE EXECUTED: SELL 7 IVV @ $672.42, Spread: 49523.9 bps
2025-10-06 14:22:13,323 - INFO - TRADE EXECUTED: SELL 7 IVV @ $672.42, Spread: 49523.9 bps
2025-10-06 14:22:21,209 - INFO - TRADE EXECUTED: SELL 7 IVV @ $672.42, Spread: 49523.9 bps
2025-10-06 14:22:27,721 - INFO - TRADE EXECUTED: SELL 7 IVV @ $672.42, Spread: 49523.9 bps
2025-10-06 14:22:35,399 - INFO - TRADE EXECUTED: SELL 7 IVV @ $672.42, Spread: 49523.9 bps
2025-10-06 14:22:41,900 - INFO - TRADE EXECUTED: SELL 7 IVV @ $672.42, Spread: 49523.9 bps
2025-10-06 14:22:49,961 - INFO - TRADE EXECUTED: SELL 7 IVV @ $672.42, Spread: 49523.9 bps
2025-10-06 14:22:56,498 - INFO - TRADE EXECUTED: SELL 7 IVV @ $672.42, Spread: 49523.9 bps
2025-10-06 14:23:04,541 - INFO - TRADE EXECUTED: SELL 7 IVV @ $672.42, Spread: 49523.9 bps
2025-10-06 14:23:11,052 - INFO - TRADE EXECUTED: SELL 7 IVV @ $672.42, Spread: 49523.9 bps
2025-10-06 14:23:18,670 - INFO - TRADE EXECUTED: SELL 7 IVV @ $672.42, Spread: 49523.9 bps
2025-10-06 14:23:25,318 - INFO - TRADE EXECUTED: SELL 7 IVV @ $672.42, Spread: 49523.9 bps
2025-10-06 14:23:32,976 - INFO - TRADE EXECUTED: SELL 7 IVV @ $672.42, Spread: 49523.9 bps
2025-10-06 14:23:39,458 - INFO - TRADE EXECUTED: SELL 7 IVV @ $672.42, Spread: 49523.9 bps
2025-10-06 14:23:47,258 - INFO - TRADE EXECUTED: SELL 7 IVV @ $672.42, Spread: 49523.9 bps
2025-10-06 14:23:53,965 - INFO - TRADE EXECUTED: SELL 7 IVV @ $672.42, Spread: 49523.9 bps
2025-10-06 14:24:01,803 - INFO - TRADE EXECUTED: SELL 7 IVV @ $672.42, Spread: 49523.9 bps
2025-10-06 14:24:08,255 - INFO - TRADE EXECUTED: SELL 7 IVV @ $672.42, Spread: 49523.9 bps
2025-10-06 14:24:15,976 - INFO - TRADE EXECUTED: SELL 7 IVV @ $672.42, Spread: 49523.9 bps
2025-10-06 14:24:22,479 - INFO - TRADE EXECUTED: SELL 7 IVV @ $672.42, Spread: 49523.9 bps
2025-10-06 14:24:30,084 - INFO - TRADE EXECUTED: SELL 7 IVV @ $672.42, Spread: 49523.9 bps
2025-10-06 14:24:36,529 - INFO - TRADE EXECUTED: SELL 7 IVV @ $672.42, Spread: 49523.9 bps
2025-10-06 14:24:44,092 - INFO - TRADE EXECUTED: SELL 7 IVV @ $672.42, Spread: 49523.9 bps
2025-10-06 14:24:50,589 - INFO - TRADE EXECUTED: SELL 7 IVV @ $672.42, Spread: 49523.9 bps
2025-10-06 14:24:58,489 - INFO - TRADE EXECUTED: SELL 7 IVV @ $672.42, Spread: 49523.9 bps
2025-10-06 14:25:04,977 - INFO - TRADE EXECUTED: SELL 7 IVV @ $672.42, Spread: 49523.9 bps
2025-10-06 14:25:12,842 - INFO - TRADE EXECUTED: SELL 7 IVV @ $672.42, Spread: 49523.9 bps
2025-10-06 14:25:19,329 - INFO - TRADE EXECUTED: SELL 7 IVV @ $672.42, Spread: 49523.9 bps
2025-10-06 14:25:27,389 - INFO - TRADE EXECUTED: SELL 7 IVV @ $672.42, Spread: 49523.9 bps
2025-10-06 14:25:33,949 - INFO - TRADE EXECUTED: SELL 7 IVV @ $672.42, Spread: 49523.9 bps
2025-10-06 14:25:41,628 - INFO - TRADE EXECUTED: SELL 7 IVV @ $672.42, Spread: 49523.9 bps
2025-10-06 14:25:48,187 - INFO - TRADE EXECUTED: SELL 7 IVV @ $672.42, Spread: 49523.9 bps
2025-10-06 14:25:56,027 - INFO - TRADE EXECUTED: SELL 7 IVV @ $672.42, Spread: 49523.9 bps
2025-10-06 14:26:02,728 - INFO - TRADE EXECUTED: SELL 7 IVV @ $672.42, Spread: 49523.9 bps
2025-10-06 14:26:10,408 - INFO - TRADE EXECUTED: SELL 7 IVV @ $672.42, Spread: 49523.9 bps
2025-10-06 14:26:17,123 - INFO - TRADE EXECUTED: SELL 7 IVV @ $672.42, Spread: 49523.9 bps
2025-10-06 14:26:24,606 - INFO - TRADE EXECUTED: SELL 7 IVV @ $672.42, Spread: 49523.9 bps
2025-10-06 14:26:31,128 - INFO - TRADE EXECUTED: SELL 7 IVV @ $672.42, Spread: 49523.9 bps
2025-10-06 14:26:39,063 - INFO - TRADE EXECUTED: SELL 7 IVV @ $672.42, Spread: 49523.9 bps
2025-10-06 14:26:45,684 - INFO - TRADE EXECUTED: SELL 7 IVV @ $672.42, Spread: 49523.9 bps
2025-10-06 14:26:53,961 - INFO - TRADE EXECUTED: SELL 7 IVV @ $672.42, Spread: 49523.9 bps
2025-10-06 14:27:00,441 - INFO - TRADE EXECUTED: SELL 7 IVV @ $672.42, Spread: 49523.9 bps
2025-10-06 14:27:07,999 - INFO - TRADE EXECUTED: SELL 7 IVV @ $672.42, Spread: 49523.9 bps
2025-10-06 14:27:14,558 - INFO - TRADE EXECUTED: SELL 7 IVV @ $672.42, Spread: 49523.9 bps
2025-10-06 14:27:22,911 - INFO - TRADE EXECUTED: SELL 7 IVV @ $672.42, Spread: 49523.9 bps
2025-10-06 14:27:29,460 - INFO - TRADE EXECUTED: SELL 7 IVV @ $672.42, Spread: 49523.9 bps
2025-10-06 14:27:37,390 - INFO - TRADE EXECUTED: SELL 7 IVV @ $672.42, Spread: 49523.9 bps
2025-10-06 14:27:43,925 - INFO - TRADE EXECUTED: SELL 7 IVV @ $672.42, Spread: 49523.9 bps
2025-10-06 14:27:51,704 - INFO - TRADE EXECUTED: SELL 7 IVV @ $672.42, Spread: 49523.9 bps
2025-10-06 14:27:58,258 - INFO - TRADE EXECUTED: SELL 7 IVV @ $672.42, Spread: 49523.9 bps
2025-10-06 14:28:06,316 - INFO - TRADE EXECUTED: SELL 7 IVV @ $672.42, Spread: 49523.9 bps
2025-10-06 14:28:12,817 - INFO - TRADE EXECUTED: SELL 7 IVV @ $672.42, Spread: 49523.9 bps
2025-10-06 14:28:20,663 - INFO - TRADE EXECUTED: SELL 7 IVV @ $672.42, Spread: 49523.9 bps
2025-10-06 14:28:27,193 - INFO - TRADE EXECUTED: SELL 7 IVV @ $672.42, Spread: 49523.9 bps
2025-10-06 14:28:35,050 - INFO - TRADE EXECUTED: SELL 7 IVV @ $672.42, Spread: 49523.9 bps
2025-10-06 14:28:41,589 - INFO - TRADE EXECUTED: SELL 7 IVV @ $672.42, Spread: 49523.9 bps
2025-10-06 14:28:49,164 - INFO - TRADE EXECUTED: SELL 7 IVV @ $672.42, Spread: 49523.9 bps
2025-10-06 14:28:55,680 - INFO - TRADE EXECUTED: SELL 7 IVV @ $672.42, Spread: 49523.9 bps
2025-10-06 14:29:03,330 - INFO - TRADE EXECUTED: SELL 7 IVV @ $672.42, Spread: 49523.9 bps
2025-10-06 14:29:09,831 - INFO - TRADE EXECUTED: SELL 7 IVV @ $672.42, Spread: 49523.9 bps
2025-10-06 14:29:17,470 - INFO - TRADE EXECUTED: SELL 7 IVV @ $672.42, Spread: 49523.9 bps
2025-10-06 14:29:23,989 - INFO - TRADE EXECUTED: SELL 7 IVV @ $672.42, Spread: 49523.9 bps
2025-10-06 14:29:32,789 - INFO - TRADE EXECUTED: SELL 7 IVV @ $672.42, Spread: 49523.9 bps
2025-10-06 14:29:39,475 - INFO - TRADE EXECUTED: SELL 7 IVV @ $672.42, Spread: 49523.9 bps
2025-10-06 14:29:46,984 - INFO - TRADE EXECUTED: SELL 7 IVV @ $672.42, Spread: 49523.9 bps
2025-10-06 14:29:53,477 - INFO - TRADE EXECUTED: SELL 7 IVV @ $672.42, Spread: 49523.9 bps
2025-10-06 14:30:01,197 - INFO - TRADE EXECUTED: SELL 7 IVV @ $672.42, Spread: 49523.9 bps
2025-10-06 14:30:07,866 - INFO - TRADE EXECUTED: SELL 7 IVV @ $672.42, Spread: 49523.9 bps
2025-10-06 14:30:15,447 - INFO - TRADE EXECUTED: SELL 7 IVV @ $672.42, Spread: 49523.9 bps
2025-10-06 14:30:22,065 - INFO - TRADE EXECUTED: SELL 7 IVV @ $672.42, Spread: 49523.9 bps
2025-10-06 14:30:29,645 - INFO - TRADE EXECUTED: SELL 7 IVV @ $672.42, Spread: 49523.9 bps
2025-10-06 14:30:36,305 - INFO - TRADE EXECUTED: SELL 7 IVV @ $672.42, Spread: 49523.9 bps
2025-10-06 14:30:43,864 - INFO - TRADE EXECUTED: SELL 7 IVV @ $672.42, Spread: 49523.9 bps
2025-10-06 14:30:50,384 - INFO - TRADE EXECUTED: SELL 7 IVV @ $672.42, Spread: 49523.9 bps
2025-10-06 14:30:58,222 - INFO - TRADE EXECUTED: SELL 7 IVV @ $672.42, Spread: 49523.9 bps
2025-10-06 14:31:04,803 - INFO - TRADE EXECUTED: SELL 7 IVV @ $672.42, Spread: 49523.9 bps
2025-10-06 14:31:13,269 - INFO - POSITION CLOSED: IVV_3, P&L: $0.00, Reason: TIME_LIMIT
2025-10-06 14:31:13,269 - INFO - TRADE EXECUTED: SELL 7 IVV @ $672.42, Spread: 49523.9 bps
2025-10-06 14:31:19,779 - INFO - TRADE EXECUTED: SELL 7 IVV @ $672.42, Spread: 49523.9 bps
2025-10-06 14:31:27,226 - INFO - TRADE EXECUTED: SELL 7 IVV @ $672.42, Spread: 49523.9 bps
2025-10-06 14:31:33,899 - INFO - TRADE EXECUTED: SELL 7 IVV @ $672.42, Spread: 49523.9 bps
2025-10-06 14:31:41,578 - INFO - TRADE EXECUTED: SELL 7 IVV @ $672.42, Spread: 49523.9 bps
2025-10-06 14:31:48,097 - INFO - TRADE EXECUTED: SELL 7 IVV @ $672.42, Spread: 49523.9 bps
2025-10-06 14:31:55,784 - INFO - TRADE EXECUTED: SELL 7 IVV @ $672.42, Spread: 49523.9 bps
2025-10-06 14:32:02,338 - INFO - TRADE EXECUTED: SELL 7 IVV @ $672.42, Spread: 49523.9 bps
2025-10-06 14:32:10,376 - INFO - TRADE EXECUTED: SELL 7 IVV @ $672.42, Spread: 49523.9 bps
2025-10-06 14:32:16,903 - INFO - TRADE EXECUTED: SELL 7 IVV @ $672.42, Spread: 49523.9 bps
2025-10-06 14:32:24,523 - INFO - TRADE EXECUTED: SELL 7 IVV @ $672.42, Spread: 49523.9 bps
2025-10-06 14:32:31,056 - INFO - TRADE EXECUTED: SELL 7 IVV @ $672.42, Spread: 49523.9 bps
2025-10-06 14:32:38,933 - INFO - TRADE EXECUTED: SELL 7 IVV @ $672.42, Spread: 49523.9 bps
2025-10-06 14:32:45,461 - INFO - TRADE EXECUTED: SELL 7 IVV @ $672.42, Spread: 49523.9 bps
2025-10-06 14:32:53,301 - INFO - TRADE EXECUTED: SELL 7 IVV @ $672.42, Spread: 49523.9 bps
2025-10-06 14:32:59,855 - INFO - TRADE EXECUTED: SELL 7 IVV @ $672.42, Spread: 49523.9 bps
2025-10-06 14:33:07,731 - INFO - TRADE EXECUTED: SELL 7 IVV @ $672.42, Spread: 49523.9 bps
2025-10-06 14:33:14,452 - INFO - TRADE EXECUTED: SELL 7 IVV @ $672.42, Spread: 49523.9 bps
2025-10-06 14:33:22,713 - INFO - TRADE EXECUTED: SELL 7 IVV @ $672.42, Spread: 49523.9 bps
2025-10-06 14:33:29,218 - INFO - TRADE EXECUTED: SELL 7 IVV @ $672.42, Spread: 49523.9 bps
2025-10-06 14:33:37,021 - INFO - TRADE EXECUTED: SELL 7 IVV @ $672.42, Spread: 49523.9 bps
2025-10-06 14:33:43,490 - INFO - TRADE EXECUTED: SELL 7 IVV @ $672.42, Spread: 49523.9 bps
2025-10-06 14:33:51,124 - INFO - TRADE EXECUTED: SELL 7 IVV @ $672.42, Spread: 49523.9 bps
2025-10-06 14:33:57,639 - INFO - TRADE EXECUTED: SELL 7 IVV @ $672.42, Spread: 49523.9 bps
2025-10-06 14:34:05,910 - INFO - TRADE EXECUTED: SELL 7 IVV @ $672.42, Spread: 49523.9 bps
2025-10-06 14:34:12,469 - INFO - TRADE EXECUTED: SELL 7 IVV @ $672.42, Spread: 49523.9 bps
2025-10-06 14:34:20,534 - INFO - TRADE EXECUTED: SELL 7 IVV @ $672.42, Spread: 49523.9 bps
2025-10-06 14:34:26,968 - INFO - TRADE EXECUTED: SELL 7 IVV @ $672.42, Spread: 49523.9 bps
2025-10-06 14:34:34,716 - INFO - TRADE EXECUTED: SELL 7 IVV @ $672.42, Spread: 49523.9 bps
2025-10-06 14:34:41,213 - INFO - TRADE EXECUTED: SELL 7 IVV @ $672.42, Spread: 49523.9 bps
2025-10-06 14:34:49,168 - INFO - TRADE EXECUTED: SELL 7 IVV @ $672.42, Spread: 49523.9 bps
2025-10-06 14:34:55,685 - INFO - TRADE EXECUTED: SELL 7 IVV @ $672.42, Spread: 49523.9 bps
2025-10-06 14:35:03,630 - INFO - TRADE EXECUTED: SELL 7 IVV @ $672.42, Spread: 49523.9 bps
2025-10-06 14:35:10,223 - INFO - TRADE EXECUTED: SELL 7 IVV @ $672.42, Spread: 49523.9 bps
2025-10-06 14:35:18,158 - INFO - TRADE EXECUTED: SELL 7 IVV @ $672.42, Spread: 49523.9 bps
2025-10-06 14:35:24,642 - INFO - TRADE EXECUTED: SELL 7 IVV @ $672.42, Spread: 49523.9 bps
2025-10-06 14:35:32,320 - INFO - TRADE EXECUTED: SELL 7 IVV @ $672.42, Spread: 49523.9 bps
2025-10-06 14:35:38,809 - INFO - TRADE EXECUTED: SELL 7 IVV @ $672.42, Spread: 49523.9 bps
2025-10-06 14:35:46,948 - INFO - TRADE EXECUTED: SELL 7 IVV @ $672.42, Spread: 49523.9 bps
2025-10-06 14:35:53,581 - INFO - TRADE EXECUTED: SELL 7 IVV @ $672.42, Spread: 49523.9 bps
2025-10-06 14:36:01,174 - INFO - TRADE EXECUTED: SELL 7 IVV @ $672.42, Spread: 49523.9 bps
2025-10-06 14:36:07,678 - INFO - TRADE EXECUTED: SELL 7 IVV @ $672.42, Spread: 49523.9 bps
2025-10-06 14:36:15,358 - INFO - TRADE EXECUTED: SELL 7 IVV @ $672.42, Spread: 49523.9 bps
2025-10-06 14:36:21,900 - INFO - TRADE EXECUTED: SELL 7 IVV @ $672.42, Spread: 49523.9 bps
2025-10-06 14:36:29,565 - INFO - TRADE EXECUTED: SELL 7 IVV @ $672.42, Spread: 49523.9 bps
2025-10-06 14:36:36,237 - INFO - TRADE EXECUTED: SELL 7 IVV @ $672.42, Spread: 49523.9 bps
2025-10-06 14:36:44,081 - INFO - TRADE EXECUTED: SELL 7 IVV @ $672.42, Spread: 49523.9 bps
2025-10-06 14:36:50,538 - INFO - TRADE EXECUTED: SELL 7 IVV @ $672.42, Spread: 49523.9 bps
2025-10-06 14:36:58,358 - INFO - TRADE EXECUTED: SELL 7 IVV @ $672.42, Spread: 49523.9 bps
2025-10-06 14:37:04,937 - INFO - TRADE EXECUTED: SELL 7 IVV @ $672.42, Spread: 49523.9 bps
2025-10-06 14:37:12,474 - INFO - TRADE EXECUTED: SELL 7 IVV @ $672.42, Spread: 49523.9 bps
2025-10-06 14:37:18,953 - INFO - TRADE EXECUTED: SELL 7 IVV @ $672.42, Spread: 49523.9 bps
2025-10-06 14:37:26,873 - INFO - TRADE EXECUTED: SELL 7 IVV @ $672.42, Spread: 49523.9 bps
2025-10-06 14:37:33,320 - INFO - TRADE EXECUTED: SELL 7 IVV @ $672.42, Spread: 49523.9 bps
2025-10-06 14:37:41,574 - INFO - TRADE EXECUTED: SELL 7 IVV @ $672.42, Spread: 49523.9 bps
2025-10-06 14:37:48,134 - INFO - TRADE EXECUTED: SELL 7 IVV @ $672.42, Spread: 49523.9 bps
2025-10-06 14:37:55,838 - INFO - TRADE EXECUTED: SELL 7 IVV @ $672.42, Spread: 49523.9 bps
2025-10-06 14:38:02,431 - INFO - TRADE EXECUTED: SELL 7 IVV @ $672.42, Spread: 49523.9 bps
2025-10-06 14:38:10,302 - INFO - TRADE EXECUTED: SELL 7 IVV @ $672.42, Spread: 49523.9 bps
2025-10-06 14:38:16,869 - INFO - TRADE EXECUTED: SELL 7 IVV @ $672.42, Spread: 49523.9 bps
2025-10-06 14:38:24,547 - INFO - TRADE EXECUTED: SELL 7 IVV @ $672.42, Spread: 49523.9 bps
2025-10-06 14:38:31,068 - INFO - TRADE EXECUTED: SELL 7 IVV @ $672.42, Spread: 49523.9 bps
2025-10-06 14:38:38,858 - INFO - TRADE EXECUTED: SELL 7 IVV @ $672.42, Spread: 49523.9 bps
2025-10-06 14:38:45,428 - INFO - TRADE EXECUTED: SELL 7 IVV @ $672.42, Spread: 49523.9 bps
2025-10-06 14:38:53,071 - INFO - TRADE EXECUTED: SELL 7 IVV @ $672.42, Spread: 49523.9 bps
2025-10-06 14:38:59,585 - INFO - TRADE EXECUTED: SELL 7 IVV @ $672.42, Spread: 49523.9 bps
2025-10-06 14:39:07,381 - INFO - TRADE EXECUTED: SELL 7 IVV @ $672.42, Spread: 49523.9 bps
2025-10-06 14:39:13,904 - INFO - TRADE EXECUTED: SELL 7 IVV @ $672.42, Spread: 49523.9 bps
2025-10-06 14:39:21,513 - INFO - TRADE EXECUTED: SELL 7 IVV @ $672.42, Spread: 49523.9 bps
2025-10-06 14:39:27,984 - INFO - TRADE EXECUTED: SELL 7 IVV @ $672.42, Spread: 49523.9 bps
2025-10-06 14:39:36,226 - INFO - TRADE EXECUTED: SELL 7 IVV @ $672.42, Spread: 49523.9 bps
2025-10-06 14:39:42,861 - INFO - TRADE EXECUTED: SELL 7 IVV @ $672.42, Spread: 49523.9 bps
2025-10-06 14:39:50,542 - INFO - TRADE EXECUTED: SELL 7 IVV @ $672.42, Spread: 49523.9 bps
2025-10-06 14:39:57,724 - INFO - TRADE EXECUTED: SELL 7 IVV @ $672.42, Spread: 49523.9 bps
2025-10-06 14:40:05,255 - INFO - TRADE EXECUTED: SELL 7 IVV @ $672.42, Spread: 49523.9 bps
2025-10-06 14:40:12,028 - INFO - TRADE EXECUTED: SELL 7 IVV @ $672.42, Spread: 49523.9 bps
2025-10-06 14:40:19,727 - INFO - TRADE EXECUTED: SELL 7 IVV @ $672.42, Spread: 49523.9 bps
2025-10-06 14:40:26,359 - INFO - TRADE EXECUTED: SELL 7 IVV @ $672.42, Spread: 49523.9 bps
2025-10-06 14:40:33,652 - INFO - TRADE EXECUTED: SELL 7 IVV @ $672.42, Spread: 49523.9 bps
2025-10-06 14:40:40,441 - INFO - TRADE EXECUTED: SELL 7 IVV @ $672.42, Spread: 49523.9 bps
2025-10-06 14:40:48,142 - INFO - TRADE EXECUTED: SELL 7 IVV @ $672.42, Spread: 49523.9 bps
2025-10-06 14:40:54,801 - INFO - TRADE EXECUTED: SELL 7 IVV @ $672.42, Spread: 49523.9 bps
2025-10-06 14:41:02,561 - INFO - TRADE EXECUTED: SELL 7 IVV @ $672.42, Spread: 49523.9 bps
2025-10-06 14:41:09,238 - INFO - TRADE EXECUTED: SELL 7 IVV @ $672.42, Spread: 49523.9 bps
2025-10-06 14:41:16,749 - INFO - POSITION CLOSED: IVV_1, P&L: $0.00, Reason: TIME_LIMIT
2025-10-06 14:41:16,749 - INFO - TRADE EXECUTED: SELL 7 IVV @ $672.42, Spread: 49523.9 bps
2025-10-06 14:41:23,318 - INFO - TRADE EXECUTED: SELL 7 IVV @ $672.42, Spread: 49523.9 bps
2025-10-06 14:41:31,156 - INFO - TRADE EXECUTED: SELL 7 IVV @ $672.42, Spread: 49523.9 bps
2025-10-06 14:41:37,773 - INFO - TRADE EXECUTED: SELL 7 IVV @ $672.42, Spread: 49523.9 bps
2025-10-06 14:41:45,412 - INFO - TRADE EXECUTED: SELL 7 IVV @ $672.42, Spread: 49523.9 bps
2025-10-06 14:41:52,115 - INFO - TRADE EXECUTED: SELL 7 IVV @ $672.42, Spread: 49523.9 bps
2025-10-06 14:41:59,856 - INFO - TRADE EXECUTED: SELL 7 IVV @ $672.42, Spread: 49523.9 bps
2025-10-06 14:42:06,514 - INFO - TRADE EXECUTED: SELL 7 IVV @ $672.42, Spread: 49523.9 bps
2025-10-06 14:42:14,091 - INFO - TRADE EXECUTED: SELL 7 IVV @ $672.42, Spread: 49523.9 bps
2025-10-06 14:42:20,673 - INFO - TRADE EXECUTED: SELL 7 IVV @ $672.42, Spread: 49523.9 bps
2025-10-06 14:42:28,432 - INFO - TRADE EXECUTED: SELL 7 IVV @ $672.42, Spread: 49523.9 bps
2025-10-06 14:42:34,979 - INFO - TRADE EXECUTED: SELL 7 IVV @ $672.42, Spread: 49523.9 bps
2025-10-06 14:42:42,465 - INFO - TRADE EXECUTED: SELL 7 IVV @ $672.42, Spread: 49523.9 bps
2025-10-06 14:42:48,999 - INFO - TRADE EXECUTED: SELL 7 IVV @ $672.42, Spread: 49523.9 bps
2025-10-06 14:42:56,598 - INFO - TRADE EXECUTED: SELL 7 IVV @ $672.42, Spread: 49523.9 bps
2025-10-06 14:43:03,118 - INFO - TRADE EXECUTED: SELL 7 IVV @ $672.42, Spread: 49523.9 bps
2025-10-06 14:43:11,000 - INFO - TRADE EXECUTED: SELL 7 IVV @ $672.42, Spread: 49523.9 bps
2025-10-06 14:43:17,655 - INFO - TRADE EXECUTED: SELL 7 IVV @ $672.42, Spread: 49523.9 bps
2025-10-06 14:43:25,047 - INFO - TRADE EXECUTED: SELL 7 IVV @ $672.42, Spread: 49523.9 bps
2025-10-06 14:43:31,650 - INFO - TRADE EXECUTED: SELL 7 IVV @ $672.42, Spread: 49523.9 bps
2025-10-06 14:43:39,306 - INFO - TRADE EXECUTED: SELL 7 IVV @ $672.42, Spread: 49523.9 bps
2025-10-06 14:43:46,036 - INFO - TRADE EXECUTED: SELL 7 IVV @ $672.42, Spread: 49523.9 bps
2025-10-06 14:43:53,797 - INFO - TRADE EXECUTED: SELL 7 IVV @ $672.42, Spread: 49523.9 bps
2025-10-06 14:44:00,585 - INFO - TRADE EXECUTED: SELL 7 IVV @ $672.42, Spread: 49523.9 bps
2025-10-06 14:44:08,281 - INFO - TRADE EXECUTED: SELL 7 IVV @ $672.42, Spread: 49523.9 bps
2025-10-06 14:44:15,144 - INFO - TRADE EXECUTED: SELL 7 IVV @ $672.42, Spread: 49523.9 bps
2025-10-06 14:44:22,755 - INFO - TRADE EXECUTED: SELL 7 IVV @ $672.42, Spread: 49523.9 bps
2025-10-06 14:44:29,408 - INFO - TRADE EXECUTED: SELL 7 IVV @ $672.42, Spread: 49523.9 bps
2025-10-06 14:44:37,063 - INFO - TRADE EXECUTED: SELL 7 IVV @ $672.42, Spread: 49523.9 bps
2025-10-06 14:44:43,645 - INFO - TRADE EXECUTED: SELL 7 IVV @ $672.42, Spread: 49523.9 bps
2025-10-06 14:44:51,541 - INFO - TRADE EXECUTED: SELL 7 IVV @ $672.42, Spread: 49523.9 bps
2025-10-06 14:44:58,339 - INFO - TRADE EXECUTED: SELL 7 IVV @ $672.42, Spread: 49523.9 bps
2025-10-06 14:45:06,023 - INFO - TRADE EXECUTED: SELL 7 IVV @ $672.42, Spread: 49523.9 bps
2025-10-06 14:45:12,741 - INFO - TRADE EXECUTED: SELL 7 IVV @ $672.42, Spread: 49523.9 bps
2025-10-06 14:45:20,271 - INFO - TRADE EXECUTED: SELL 7 IVV @ $672.42, Spread: 49523.9 bps
2025-10-06 14:45:26,977 - INFO - TRADE EXECUTED: SELL 7 IVV @ $672.42, Spread: 49523.9 bps
2025-10-06 14:45:34,566 - INFO - TRADE EXECUTED: SELL 7 IVV @ $672.42, Spread: 49523.9 bps
2025-10-06 14:45:41,202 - INFO - TRADE EXECUTED: SELL 7 IVV @ $672.42, Spread: 49523.9 bps
2025-10-06 14:45:48,764 - INFO - TRADE EXECUTED: SELL 7 IVV @ $672.42, Spread: 49523.9 bps
2025-10-06 14:45:55,456 - INFO - TRADE EXECUTED: SELL 7 IVV @ $672.42, Spread: 49523.9 bps
2025-10-06 14:46:03,532 - INFO - TRADE EXECUTED: SELL 7 IVV @ $672.42, Spread: 49523.9 bps
2025-10-06 14:46:10,080 - INFO - TRADE EXECUTED: SELL 7 IVV @ $672.42, Spread: 49523.9 bps
2025-10-06 14:46:17,695 - INFO - TRADE EXECUTED: SELL 7 IVV @ $672.42, Spread: 49523.9 bps
2025-10-06 14:46:24,254 - INFO - TRADE EXECUTED: SELL 7 IVV @ $672.42, Spread: 49523.9 bps
2025-10-06 14:46:31,775 - INFO - TRADE EXECUTED: SELL 7 IVV @ $672.42, Spread: 49523.9 bps
2025-10-06 14:46:38,491 - INFO - TRADE EXECUTED: SELL 7 IVV @ $672.42, Spread: 49523.9 bps
2025-10-06 14:46:45,871 - INFO - TRADE EXECUTED: SELL 7 IVV @ $672.42, Spread: 49523.9 bps
2025-10-06 14:46:52,733 - INFO - TRADE EXECUTED: SELL 7 IVV @ $672.42, Spread: 49523.9 bps
2025-10-06 14:47:00,412 - INFO - TRADE EXECUTED: SELL 7 IVV @ $672.42, Spread: 49523.9 bps
2025-10-06 14:47:07,105 - INFO - TRADE EXECUTED: SELL 7 IVV @ $672.42, Spread: 49523.9 bps
2025-10-06 14:47:14,810 - INFO - TRADE EXECUTED: SELL 7 IVV @ $672.42, Spread: 49523.9 bps
2025-10-06 14:47:21,532 - INFO - TRADE EXECUTED: SELL 7 IVV @ $672.42, Spread: 49523.9 bps
2025-10-06 14:47:29,289 - INFO - TRADE EXECUTED: SELL 7 IVV @ $672.42, Spread: 49523.9 bps
2025-10-06 14:47:36,063 - INFO - TRADE EXECUTED: SELL 7 IVV @ $672.42, Spread: 49523.9 bps
2025-10-06 14:47:43,607 - INFO - TRADE EXECUTED: SELL 7 IVV @ $672.42, Spread: 49523.9 bps
2025-10-06 14:47:50,329 - INFO - TRADE EXECUTED: SELL 7 IVV @ $672.42, Spread: 49523.9 bps
2025-10-06 14:47:58,099 - INFO - TRADE EXECUTED: SELL 7 IVV @ $672.42, Spread: 49523.9 bps
2025-10-06 14:48:04,727 - INFO - TRADE EXECUTED: SELL 7 IVV @ $672.42, Spread: 49523.9 bps
2025-10-06 14:48:12,406 - INFO - TRADE EXECUTED: SELL 7 IVV @ $672.42, Spread: 49523.9 bps
2025-10-06 14:48:19,126 - INFO - TRADE EXECUTED: SELL 7 IVV @ $672.42, Spread: 49523.9 bps
2025-10-06 14:48:26,798 - INFO - TRADE EXECUTED: SELL 7 IVV @ $672.42, Spread: 49523.9 bps
2025-10-06 14:48:33,540 - INFO - TRADE EXECUTED: SELL 7 IVV @ $672.42, Spread: 49523.9 bps
2025-10-06 14:48:41,166 - INFO - TRADE EXECUTED: SELL 7 IVV @ $672.42, Spread: 49523.9 bps
2025-10-06 14:48:48,421 - INFO - TRADE EXECUTED: SELL 7 IVV @ $672.42, Spread: 49523.9 bps
2025-10-06 14:48:56,244 - INFO - TRADE EXECUTED: SELL 7 IVV @ $672.42, Spread: 49523.9 bps
2025-10-06 14:49:02,838 - INFO - TRADE EXECUTED: SELL 7 IVV @ $672.42, Spread: 49523.9 bps
2025-10-06 14:49:10,394 - INFO - TRADE EXECUTED: SELL 7 IVV @ $672.42, Spread: 49523.9 bps
2025-10-06 14:49:17,395 - INFO - TRADE EXECUTED: SELL 7 IVV @ $672.42, Spread: 49523.9 bps
2025-10-06 14:49:25,202 - INFO - TRADE EXECUTED: SELL 7 IVV @ $672.42, Spread: 49523.9 bps
2025-10-06 14:49:31,826 - INFO - TRADE EXECUTED: SELL 7 IVV @ $672.42, Spread: 49523.9 bps
2025-10-06 14:49:39,371 - INFO - TRADE EXECUTED: SELL 7 IVV @ $672.42, Spread: 49523.9 bps
2025-10-06 14:49:45,978 - INFO - TRADE EXECUTED: SELL 7 IVV @ $672.42, Spread: 49523.9 bps
2025-10-06 14:49:53,695 - INFO - TRADE EXECUTED: SELL 7 IVV @ $672.42, Spread: 49523.9 bps
2025-10-06 14:50:00,398 - INFO - TRADE EXECUTED: SELL 7 IVV @ $672.42, Spread: 49523.9 bps
2025-10-06 14:50:07,916 - INFO - TRADE EXECUTED: SELL 7 IVV @ $672.42, Spread: 49523.9 bps
2025-10-06 14:50:14,455 - INFO - TRADE EXECUTED: SELL 7 IVV @ $672.42, Spread: 49523.9 bps
2025-10-06 14:50:22,033 - INFO - TRADE EXECUTED: SELL 7 IVV @ $672.42, Spread: 49523.9 bps
2025-10-06 14:50:28,810 - INFO - TRADE EXECUTED: SELL 7 IVV @ $672.42, Spread: 49523.9 bps
2025-10-06 14:50:36,642 - INFO - TRADE EXECUTED: SELL 7 IVV @ $672.42, Spread: 49523.9 bps
2025-10-06 14:50:43,231 - INFO - TRADE EXECUTED: SELL 7 IVV @ $672.42, Spread: 49523.9 bps
2025-10-06 14:50:50,706 - INFO - TRADE EXECUTED: SELL 7 IVV @ $672.42, Spread: 49523.9 bps
2025-10-06 14:50:57,485 - INFO - TRADE EXECUTED: SELL 7 IVV @ $672.42, Spread: 49523.9 bps
2025-10-06 14:51:05,192 - INFO - TRADE EXECUTED: SELL 7 IVV @ $672.42, Spread: 49523.9 bps
2025-10-06 14:51:11,904 - INFO - TRADE EXECUTED: SELL 7 IVV @ $672.42, Spread: 49523.9 bps
2025-10-06 14:51:19,604 - INFO - POSITION CLOSED: IVV_1, P&L: $0.00, Reason: TIME_LIMIT
2025-10-06 14:51:19,605 - INFO - TRADE EXECUTED: SELL 7 IVV @ $672.42, Spread: 49523.9 bps
2025-10-06 14:51:26,633 - INFO - TRADE EXECUTED: SELL 7 IVV @ $672.42, Spread: 49523.9 bps
2025-10-06 14:51:34,151 - INFO - TRADE EXECUTED: SELL 7 IVV @ $672.42, Spread: 49523.9 bps
2025-10-06 14:51:40,690 - INFO - TRADE EXECUTED: SELL 7 IVV @ $672.42, Spread: 49523.9 bps
2025-10-06 14:51:48,551 - INFO - TRADE EXECUTED: SELL 7 IVV @ $672.42, Spread: 49523.9 bps
2025-10-06 14:51:55,589 - INFO - TRADE EXECUTED: SELL 7 IVV @ $672.42, Spread: 49523.9 bps
2025-10-06 14:52:03,366 - INFO - TRADE EXECUTED: SELL 7 IVV @ $672.42, Spread: 49523.9 bps
2025-10-06 14:52:10,148 - INFO - TRADE EXECUTED: SELL 7 IVV @ $672.42, Spread: 49523.9 bps
2025-10-06 14:52:17,764 - INFO - TRADE EXECUTED: SELL 7 IVV @ $672.42, Spread: 49523.9 bps
2025-10-06 14:52:24,344 - INFO - TRADE EXECUTED: SELL 7 IVV @ $672.42, Spread: 49523.9 bps
2025-10-06 14:52:32,085 - INFO - TRADE EXECUTED: SELL 7 IVV @ $672.42, Spread: 49523.9 bps
2025-10-06 14:52:38,631 - INFO - TRADE EXECUTED: SELL 7 IVV @ $672.42, Spread: 49523.9 bps
2025-10-06 14:52:46,146 - INFO - TRADE EXECUTED: SELL 7 IVV @ $672.42, Spread: 49523.9 bps
2025-10-06 14:52:52,685 - INFO - TRADE EXECUTED: SELL 7 IVV @ $672.42, Spread: 49523.9 bps
2025-10-06 14:53:00,385 - INFO - TRADE EXECUTED: SELL 7 IVV @ $672.42, Spread: 49523.9 bps
2025-10-06 14:53:07,003 - INFO - TRADE EXECUTED: SELL 7 IVV @ $672.42, Spread: 49523.9 bps
2025-10-06 14:53:14,635 - INFO - TRADE EXECUTED: SELL 7 IVV @ $672.42, Spread: 49523.9 bps
2025-10-06 14:53:21,208 - INFO - TRADE EXECUTED: SELL 7 IVV @ $672.42, Spread: 49523.9 bps
2025-10-06 14:53:28,818 - INFO - TRADE EXECUTED: SELL 7 IVV @ $672.42, Spread: 49523.9 bps
2025-10-06 14:53:35,361 - INFO - TRADE EXECUTED: SELL 7 IVV @ $672.42, Spread: 49523.9 bps
2025-10-06 14:53:43,178 - INFO - TRADE EXECUTED: SELL 7 IVV @ $672.42, Spread: 49523.9 bps
2025-10-06 14:53:49,768 - INFO - TRADE EXECUTED: SELL 7 IVV @ $672.42, Spread: 49523.9 bps
2025-10-06 14:53:57,207 - INFO - TRADE EXECUTED: SELL 7 IVV @ $672.42, Spread: 49523.9 bps
2025-10-06 14:54:03,782 - INFO - TRADE EXECUTED: SELL 7 IVV @ $672.42, Spread: 49523.9 bps
2025-10-06 14:54:11,398 - INFO - TRADE EXECUTED: SELL 7 IVV @ $672.42, Spread: 49523.9 bps
2025-10-06 14:54:18,106 - INFO - TRADE EXECUTED: SELL 7 IVV @ $672.42, Spread: 49523.9 bps
2025-10-06 14:54:25,477 - INFO - TRADE EXECUTED: SELL 7 IVV @ $672.42, Spread: 49523.9 bps
2025-10-06 14:54:31,997 - INFO - TRADE EXECUTED: SELL 7 IVV @ $672.42, Spread: 49523.9 bps
2025-10-06 14:54:40,057 - INFO - TRADE EXECUTED: SELL 7 IVV @ $672.42, Spread: 49523.9 bps
2025-10-06 14:54:46,756 - INFO - TRADE EXECUTED: SELL 7 IVV @ $672.42, Spread: 49523.9 bps
2025-10-06 14:54:54,475 - INFO - TRADE EXECUTED: SELL 7 IVV @ $672.42, Spread: 49523.9 bps
2025-10-06 14:55:01,337 - INFO - TRADE EXECUTED: SELL 7 IVV @ $672.42, Spread: 49523.9 bps
2025-10-06 14:55:08,941 - INFO - TRADE EXECUTED: SELL 7 IVV @ $672.42, Spread: 49523.9 bps
2025-10-06 14:55:15,719 - INFO - TRADE EXECUTED: SELL 7 IVV @ $672.42, Spread: 49523.9 bps
2025-10-06 14:55:23,414 - INFO - TRADE EXECUTED: SELL 7 IVV @ $672.42, Spread: 49523.9 bps
2025-10-06 14:55:29,975 - INFO - TRADE EXECUTED: SELL 7 IVV @ $672.42, Spread: 49523.9 bps
2025-10-06 14:55:37,357 - INFO - TRADE EXECUTED: SELL 7 IVV @ $672.42, Spread: 49523.9 bps
2025-10-06 14:55:44,384 - INFO - TRADE EXECUTED: SELL 7 IVV @ $672.42, Spread: 49523.9 bps
2025-10-06 14:55:52,220 - INFO - TRADE EXECUTED: SELL 7 IVV @ $672.42, Spread: 49523.9 bps
2025-10-06 14:55:58,932 - INFO - TRADE EXECUTED: SELL 7 IVV @ $672.42, Spread: 49523.9 bps
2025-10-06 14:56:06,802 - INFO - TRADE EXECUTED: SELL 7 IVV @ $672.42, Spread: 49523.9 bps
2025-10-06 14:56:13,430 - INFO - TRADE EXECUTED: SELL 7 IVV @ $672.42, Spread: 49523.9 bps
2025-10-06 14:56:21,252 - INFO - TRADE EXECUTED: SELL 7 IVV @ $672.42, Spread: 49523.9 bps
2025-10-06 14:56:27,827 - INFO - TRADE EXECUTED: SELL 7 IVV @ $672.42, Spread: 49523.9 bps
2025-10-06 14:56:35,345 - INFO - TRADE EXECUTED: SELL 7 IVV @ $672.42, Spread: 49523.9 bps
2025-10-06 14:56:41,969 - INFO - TRADE EXECUTED: SELL 7 IVV @ $672.42, Spread: 49523.9 bps
2025-10-06 14:56:49,316 - INFO - TRADE EXECUTED: SELL 7 IVV @ $672.42, Spread: 49523.9 bps
2025-10-06 14:56:55,887 - INFO - TRADE EXECUTED: SELL 7 IVV @ $672.42, Spread: 49523.9 bps
2025-10-06 14:57:03,921 - INFO - TRADE EXECUTED: SELL 7 IVV @ $672.42, Spread: 49523.9 bps
2025-10-06 14:57:10,547 - INFO - TRADE EXECUTED: SELL 7 IVV @ $672.42, Spread: 49523.9 bps
2025-10-06 14:57:18,139 - INFO - TRADE EXECUTED: SELL 7 IVV @ $672.42, Spread: 49523.9 bps
2025-10-06 14:57:24,710 - INFO - TRADE EXECUTED: SELL 7 IVV @ $672.42, Spread: 49523.9 bps
2025-10-06 14:57:32,525 - INFO - TRADE EXECUTED: SELL 7 IVV @ $672.42, Spread: 49523.9 bps
2025-10-06 14:57:39,565 - INFO - TRADE EXECUTED: SELL 7 IVV @ $672.42, Spread: 49523.9 bps
2025-10-06 14:57:47,110 - INFO - TRADE EXECUTED: SELL 7 IVV @ $672.42, Spread: 49523.9 bps
2025-10-06 14:57:53,644 - INFO - TRADE EXECUTED: SELL 7 IVV @ $672.42, Spread: 49523.9 bps
2025-10-06 14:58:01,260 - INFO - TRADE EXECUTED: SELL 7 IVV @ $672.42, Spread: 49523.9 bps
2025-10-06 14:58:07,880 - INFO - TRADE EXECUTED: SELL 7 IVV @ $672.42, Spread: 49523.9 bps
2025-10-06 14:58:15,643 - INFO - TRADE EXECUTED: SELL 7 IVV @ $672.42, Spread: 49523.9 bps
2025-10-06 14:58:22,441 - INFO - TRADE EXECUTED: SELL 7 IVV @ $672.42, Spread: 49523.9 bps
2025-10-06 14:58:30,284 - INFO - TRADE EXECUTED: SELL 7 IVV @ $672.42, Spread: 49523.9 bps
2025-10-06 14:58:37,131 - INFO - TRADE EXECUTED: SELL 7 IVV @ $672.42, Spread: 49523.9 bps
2025-10-06 14:58:44,519 - INFO - TRADE EXECUTED: SELL 7 IVV @ $672.42, Spread: 49523.9 bps
2025-10-06 14:58:51,135 - INFO - TRADE EXECUTED: SELL 7 IVV @ $672.42, Spread: 49523.9 bps
2025-10-06 14:58:58,599 - INFO - TRADE EXECUTED: SELL 7 IVV @ $672.42, Spread: 49523.9 bps
2025-10-06 14:59:05,275 - INFO - TRADE EXECUTED: SELL 7 IVV @ $672.42, Spread: 49523.9 bps
2025-10-06 14:59:12,833 - INFO - TRADE EXECUTED: SELL 7 IVV @ $672.42, Spread: 49523.9 bps
2025-10-06 14:59:19,422 - INFO - TRADE EXECUTED: SELL 7 IVV @ $672.42, Spread: 49523.9 bps
2025-10-06 14:59:26,958 - INFO - TRADE EXECUTED: SELL 7 IVV @ $672.42, Spread: 49523.9 bps
2025-10-06 14:59:33,636 - INFO - TRADE EXECUTED: SELL 7 IVV @ $672.42, Spread: 49523.9 bps
2025-10-06 14:59:41,476 - INFO - TRADE EXECUTED: SELL 7 IVV @ $672.42, Spread: 49523.9 bps
2025-10-06 14:59:48,051 - INFO - TRADE EXECUTED: SELL 7 IVV @ $672.42, Spread: 49523.9 bps
2025-10-06 14:59:55,574 - INFO - TRADE EXECUTED: SELL 7 IVV @ $672.42, Spread: 49523.9 bps
2025-10-06 15:00:02,431 - INFO - TRADE EXECUTED: SELL 7 IVV @ $672.42, Spread: 49523.9 bps
2025-10-06 15:00:10,820 - INFO - TRADE EXECUTED: SELL 7 IVV @ $672.42, Spread: 49523.9 bps
2025-10-06 15:00:17,632 - INFO - TRADE EXECUTED: SELL 7 IVV @ $672.42, Spread: 49523.9 bps
2025-10-06 15:00:25,160 - INFO - TRADE EXECUTED: SELL 7 IVV @ $672.42, Spread: 49523.9 bps
2025-10-06 15:00:31,858 - INFO - TRADE EXECUTED: SELL 7 IVV @ $672.42, Spread: 49523.9 bps
2025-10-06 15:00:39,560 - INFO - TRADE EXECUTED: SELL 7 IVV @ $672.42, Spread: 49523.9 bps
2025-10-06 15:00:46,090 - INFO - TRADE EXECUTED: SELL 7 IVV @ $672.42, Spread: 49523.9 bps
2025-10-06 15:00:53,790 - INFO - TRADE EXECUTED: SELL 7 IVV @ $672.42, Spread: 49523.9 bps
2025-10-06 15:01:00,334 - INFO - TRADE EXECUTED: SELL 7 IVV @ $672.42, Spread: 49523.9 bps
2025-10-06 15:01:08,379 - INFO - TRADE EXECUTED: SELL 7 IVV @ $672.42, Spread: 49523.9 bps
2025-10-06 15:01:15,052 - INFO - TRADE EXECUTED: SELL 7 IVV @ $672.42, Spread: 49523.9 bps
2025-10-06 15:01:22,586 - INFO - POSITION CLOSED: IVV_1, P&L: $0.00, Reason: TIME_LIMIT
2025-10-06 15:01:22,587 - INFO - TRADE EXECUTED: SELL 7 IVV @ $672.42, Spread: 49523.9 bps
2025-10-06 15:01:29,213 - INFO - TRADE EXECUTED: SELL 7 IVV @ $672.42, Spread: 49523.9 bps
2025-10-06 15:01:36,987 - INFO - TRADE EXECUTED: SELL 7 IVV @ $672.42, Spread: 49523.9 bps
2025-10-06 15:01:43,518 - INFO - TRADE EXECUTED: SELL 7 IVV @ $672.42, Spread: 49523.9 bps
2025-10-06 15:01:50,906 - INFO - TRADE EXECUTED: SELL 7 IVV @ $672.42, Spread: 49523.9 bps
2025-10-06 15:01:57,921 - INFO - TRADE EXECUTED: SELL 7 IVV @ $672.42, Spread: 49523.9 bps
2025-10-06 15:02:05,624 - INFO - TRADE EXECUTED: SELL 7 IVV @ $672.42, Spread: 49523.9 bps
2025-10-06 15:02:12,319 - INFO - TRADE EXECUTED: SELL 7 IVV @ $672.42, Spread: 49523.9 bps
2025-10-06 15:02:20,184 - INFO - TRADE EXECUTED: SELL 7 IVV @ $672.42, Spread: 49523.9 bps
2025-10-06 15:02:27,032 - INFO - TRADE EXECUTED: SELL 7 IVV @ $672.42, Spread: 49523.9 bps
2025-10-06 15:02:34,758 - INFO - TRADE EXECUTED: SELL 7 IVV @ $672.42, Spread: 49523.9 bps
2025-10-06 15:02:41,262 - INFO - TRADE EXECUTED: SELL 7 IVV @ $672.42, Spread: 49523.9 bps
2025-10-06 15:02:49,140 - INFO - TRADE EXECUTED: SELL 7 IVV @ $672.42, Spread: 49523.9 bps
2025-10-06 15:02:55,678 - INFO - TRADE EXECUTED: SELL 7 IVV @ $672.42, Spread: 49523.9 bps
2025-10-06 15:03:03,454 - INFO - TRADE EXECUTED: SELL 7 IVV @ $672.42, Spread: 49523.9 bps
2025-10-06 15:03:10,039 - INFO - TRADE EXECUTED: SELL 7 IVV @ $672.42, Spread: 49523.9 bps
2025-10-06 15:03:18,031 - INFO - TRADE EXECUTED: SELL 7 IVV @ $672.42, Spread: 49523.9 bps
2025-10-06 15:03:24,645 - INFO - TRADE EXECUTED: SELL 7 IVV @ $672.42, Spread: 49523.9 bps
2025-10-06 15:03:32,279 - INFO - TRADE EXECUTED: SELL 7 IVV @ $672.42, Spread: 49523.9 bps
2025-10-06 15:03:38,897 - INFO - TRADE EXECUTED: SELL 7 IVV @ $672.42, Spread: 49523.9 bps
2025-10-06 15:03:46,737 - INFO - TRADE EXECUTED: SELL 7 IVV @ $672.42, Spread: 49523.9 bps
2025-10-06 15:03:53,428 - INFO - TRADE EXECUTED: SELL 7 IVV @ $672.42, Spread: 49523.9 bps
2025-10-06 15:04:01,541 - INFO - TRADE EXECUTED: SELL 7 IVV @ $672.42, Spread: 49523.9 bps
2025-10-06 15:04:08,494 - INFO - TRADE EXECUTED: SELL 7 IVV @ $672.42, Spread: 49523.9 bps
2025-10-06 15:04:16,054 - INFO - TRADE EXECUTED: SELL 7 IVV @ $672.42, Spread: 49523.9 bps
2025-10-06 15:04:23,534 - INFO - TRADE EXECUTED: SELL 7 IVV @ $672.42, Spread: 49523.9 bps
2025-10-06 15:04:32,174 - INFO - TRADE EXECUTED: SELL 7 IVV @ $672.42, Spread: 49523.9 bps
2025-10-06 15:04:39,853 - INFO - TRADE EXECUTED: SELL 7 IVV @ $672.42, Spread: 49523.9 bps
2025-10-06 15:04:48,363 - INFO - TRADE EXECUTED: SELL 7 IVV @ $672.42, Spread: 49523.9 bps
2025-10-06 15:04:54,992 - INFO - TRADE EXECUTED: SELL 7 IVV @ $672.42, Spread: 49523.9 bps
2025-10-06 15:05:02,729 - INFO - TRADE EXECUTED: SELL 7 IVV @ $672.42, Spread: 49523.9 bps
2025-10-06 15:05:09,609 - INFO - TRADE EXECUTED: SELL 7 IVV @ $672.42, Spread: 49523.9 bps
2025-10-06 15:05:17,706 - INFO - TRADE EXECUTED: SELL 7 IVV @ $672.42, Spread: 49523.9 bps
2025-10-06 15:05:24,626 - INFO - TRADE EXECUTED: SELL 7 IVV @ $672.42, Spread: 49523.9 bps
2025-10-06 15:05:32,100 - INFO - TRADE EXECUTED: SELL 7 IVV @ $672.42, Spread: 49523.9 bps
2025-10-06 15:05:38,588 - INFO - TRADE EXECUTED: SELL 7 IVV @ $672.42, Spread: 49523.9 bps
2025-10-06 15:05:46,940 - INFO - TRADE EXECUTED: SELL 7 IVV @ $672.42, Spread: 49523.9 bps
2025-10-06 15:05:53,508 - INFO - TRADE EXECUTED: SELL 7 IVV @ $672.42, Spread: 49523.9 bps
2025-10-06 15:06:01,066 - INFO - TRADE EXECUTED: SELL 7 IVV @ $672.42, Spread: 49523.9 bps
2025-10-06 15:06:07,825 - INFO - TRADE EXECUTED: SELL 7 IVV @ $672.42, Spread: 49523.9 bps
2025-10-06 15:06:19,932 - INFO - TRADE EXECUTED: SELL 7 IVV @ $672.42, Spread: 49523.9 bps
2025-10-06 15:06:26,589 - INFO - TRADE EXECUTED: SELL 7 IVV @ $672.42, Spread: 49523.9 bps
2025-10-06 15:06:34,244 - INFO - TRADE EXECUTED: SELL 7 IVV @ $672.42, Spread: 49523.9 bps
2025-10-06 15:06:40,868 - INFO - TRADE EXECUTED: SELL 7 IVV @ $672.42, Spread: 49523.9 bps
2025-10-06 15:06:48,643 - INFO - TRADE EXECUTED: SELL 7 IVV @ $672.42, Spread: 49523.9 bps
2025-10-06 15:06:55,462 - INFO - TRADE EXECUTED: SELL 7 IVV @ $672.42, Spread: 49523.9 bps
2025-10-06 15:07:02,831 - INFO - TRADE EXECUTED: SELL 7 IVV @ $672.42, Spread: 49523.9 bps
2025-10-06 15:07:09,546 - INFO - TRADE EXECUTED: SELL 7 IVV @ $672.42, Spread: 49523.9 bps
2025-10-06 15:07:16,888 - INFO - TRADE EXECUTED: SELL 7 IVV @ $672.42, Spread: 49523.9 bps
2025-10-06 15:07:23,579 - INFO - TRADE EXECUTED: SELL 7 IVV @ $672.42, Spread: 49523.9 bps
2025-10-06 15:07:31,360 - INFO - TRADE EXECUTED: SELL 7 IVV @ $672.42, Spread: 49523.9 bps
2025-10-06 15:07:38,241 - INFO - TRADE EXECUTED: SELL 7 IVV @ $672.42, Spread: 49523.9 bps
2025-10-06 15:07:46,009 - INFO - TRADE EXECUTED: SELL 7 IVV @ $672.42, Spread: 49523.9 bps
2025-10-06 15:07:52,741 - INFO - TRADE EXECUTED: SELL 7 IVV @ $672.42, Spread: 49523.9 bps
2025-10-06 15:08:00,638 - INFO - TRADE EXECUTED: SELL 7 IVV @ $672.42, Spread: 49523.9 bps
2025-10-06 15:08:07,336 - INFO - TRADE EXECUTED: SELL 7 IVV @ $672.42, Spread: 49523.9 bps
2025-10-06 15:08:15,027 - INFO - TRADE EXECUTED: SELL 7 IVV @ $672.42, Spread: 49523.9 bps
2025-10-06 15:08:21,983 - INFO - TRADE EXECUTED: SELL 7 IVV @ $672.42, Spread: 49523.9 bps
2025-10-06 15:08:29,570 - INFO - TRADE EXECUTED: SELL 7 IVV @ $672.42, Spread: 49523.9 bps
2025-10-06 15:08:36,294 - INFO - TRADE EXECUTED: SELL 7 IVV @ $672.42, Spread: 49523.9 bps
2025-10-06 15:08:43,819 - INFO - TRADE EXECUTED: SELL 7 IVV @ $672.42, Spread: 49523.9 bps
2025-10-06 15:08:50,554 - INFO - TRADE EXECUTED: SELL 7 IVV @ $672.42, Spread: 49523.9 bps
2025-10-06 15:08:58,259 - INFO - TRADE EXECUTED: SELL 7 IVV @ $672.42, Spread: 49523.9 bps
2025-10-06 15:09:05,075 - INFO - TRADE EXECUTED: SELL 7 IVV @ $672.42, Spread: 49523.9 bps
2025-10-06 15:09:12,367 - INFO - TRADE EXECUTED: SELL 7 IVV @ $672.42, Spread: 49523.9 bps
2025-10-06 15:09:19,090 - INFO - TRADE EXECUTED: SELL 7 IVV @ $672.42, Spread: 49523.9 bps
2025-10-06 15:09:26,810 - INFO - TRADE EXECUTED: SELL 7 IVV @ $672.42, Spread: 49523.9 bps
2025-10-06 15:09:33,593 - INFO - TRADE EXECUTED: SELL 7 IVV @ $672.42, Spread: 49523.9 bps
2025-10-06 15:09:41,128 - INFO - TRADE EXECUTED: SELL 7 IVV @ $672.42, Spread: 49523.9 bps
2025-10-06 15:09:47,807 - INFO - TRADE EXECUTED: SELL 7 IVV @ $672.42, Spread: 49523.9 bps
2025-10-06 15:09:56,169 - INFO - TRADE EXECUTED: SELL 7 IVV @ $672.42, Spread: 49523.9 bps
2025-10-06 15:10:02,934 - INFO - TRADE EXECUTED: SELL 7 IVV @ $672.42, Spread: 49523.9 bps
2025-10-06 15:10:10,691 - INFO - TRADE EXECUTED: SELL 7 IVV @ $672.42, Spread: 49523.9 bps
2025-10-06 15:10:17,435 - INFO - TRADE EXECUTED: SELL 7 IVV @ $672.42, Spread: 49523.9 bps
2025-10-06 15:10:24,963 - INFO - TRADE EXECUTED: SELL 7 IVV @ $672.42, Spread: 49523.9 bps
2025-10-06 15:10:31,844 - INFO - TRADE EXECUTED: SELL 7 IVV @ $672.42, Spread: 49523.9 bps
2025-10-06 15:10:39,420 - INFO - TRADE EXECUTED: SELL 7 IVV @ $672.42, Spread: 49523.9 bps
2025-10-06 15:10:46,365 - INFO - TRADE EXECUTED: SELL 7 IVV @ $672.42, Spread: 49523.9 bps
2025-10-06 15:10:53,851 - INFO - TRADE EXECUTED: SELL 7 IVV @ $672.42, Spread: 49523.9 bps
2025-10-06 15:11:00,563 - INFO - TRADE EXECUTED: SELL 7 IVV @ $672.42, Spread: 49523.9 bps
2025-10-06 15:11:08,170 - INFO - TRADE EXECUTED: SELL 7 IVV @ $672.42, Spread: 49523.9 bps
2025-10-06 15:11:14,880 - INFO - TRADE EXECUTED: SELL 7 IVV @ $672.42, Spread: 49523.9 bps
2025-10-06 15:11:22,250 - INFO - TRADE EXECUTED: SELL 7 IVV @ $672.42, Spread: 49523.9 bps
2025-10-06 15:11:28,893 - INFO - POSITION CLOSED: IVV_1, P&L: $0.00, Reason: TIME_LIMIT
2025-10-06 15:11:28,893 - INFO - TRADE EXECUTED: SELL 7 IVV @ $672.42, Spread: 49523.9 bps
2025-10-06 15:11:36,462 - INFO - TRADE EXECUTED: SELL 7 IVV @ $672.42, Spread: 49523.9 bps
2025-10-06 15:11:43,159 - INFO - TRADE EXECUTED: SELL 7 IVV @ $672.42, Spread: 49523.9 bps
2025-10-06 15:11:50,792 - INFO - TRADE EXECUTED: SELL 7 IVV @ $672.42, Spread: 49523.9 bps
2025-10-06 15:11:57,421 - INFO - TRADE EXECUTED: SELL 7 IVV @ $672.42, Spread: 49523.9 bps
2025-10-06 15:12:05,332 - INFO - TRADE EXECUTED: SELL 7 IVV @ $672.42, Spread: 49523.9 bps
2025-10-06 15:12:12,997 - INFO - TRADE EXECUTED: SELL 7 IVV @ $672.42, Spread: 49523.9 bps
2025-10-06 15:12:20,556 - INFO - TRADE EXECUTED: SELL 7 IVV @ $672.42, Spread: 49523.9 bps
2025-10-06 15:12:27,498 - INFO - TRADE EXECUTED: SELL 7 IVV @ $672.42, Spread: 49523.9 bps
2025-10-06 15:12:34,644 - INFO - TRADE EXECUTED: SELL 7 IVV @ $672.42, Spread: 49523.9 bps
2025-10-06 15:12:41,577 - INFO - TRADE EXECUTED: SELL 7 IVV @ $672.42, Spread: 49523.9 bps
2025-10-06 15:12:49,114 - INFO - TRADE EXECUTED: SELL 7 IVV @ $672.42, Spread: 49523.9 bps
2025-10-06 15:12:55,834 - INFO - TRADE EXECUTED: SELL 7 IVV @ $672.42, Spread: 49523.9 bps
2025-10-06 15:13:03,569 - INFO - TRADE EXECUTED: SELL 7 IVV @ $672.42, Spread: 49523.9 bps
2025-10-06 15:13:10,535 - INFO - TRADE EXECUTED: SELL 7 IVV @ $672.42, Spread: 49523.9 bps
2025-10-06 15:13:18,074 - INFO - TRADE EXECUTED: SELL 7 IVV @ $672.42, Spread: 49523.9 bps
2025-10-06 15:13:24,830 - INFO - TRADE EXECUTED: SELL 7 IVV @ $672.42, Spread: 49523.9 bps
2025-10-06 15:13:32,789 - INFO - TRADE EXECUTED: SELL 7 IVV @ $672.42, Spread: 49523.9 bps
2025-10-06 15:13:39,837 - INFO - TRADE EXECUTED: SELL 7 IVV @ $672.42, Spread: 49523.9 bps
2025-10-06 15:13:47,385 - INFO - TRADE EXECUTED: SELL 7 IVV @ $672.42, Spread: 49523.9 bps
2025-10-06 15:13:54,151 - INFO - TRADE EXECUTED: SELL 7 IVV @ $672.42, Spread: 49523.9 bps
2025-10-06 15:14:01,508 - INFO - TRADE EXECUTED: SELL 7 IVV @ $672.42, Spread: 49523.9 bps
2025-10-06 15:14:08,309 - INFO - TRADE EXECUTED: SELL 7 IVV @ $672.42, Spread: 49523.9 bps
2025-10-06 15:14:15,628 - INFO - TRADE EXECUTED: SELL 7 IVV @ $672.42, Spread: 49523.9 bps
2025-10-06 15:14:22,599 - INFO - TRADE EXECUTED: SELL 7 IVV @ $672.42, Spread: 49523.9 bps
2025-10-06 15:14:30,079 - INFO - TRADE EXECUTED: SELL 7 IVV @ $672.42, Spread: 49523.9 bps
2025-10-06 15:14:36,986 - INFO - TRADE EXECUTED: SELL 7 IVV @ $672.42, Spread: 49523.9 bps
2025-10-06 15:14:44,473 - INFO - TRADE EXECUTED: SELL 7 IVV @ $672.42, Spread: 49523.9 bps
2025-10-06 15:14:51,233 - INFO - TRADE EXECUTED: SELL 7 IVV @ $672.42, Spread: 49523.9 bps
2025-10-06 15:14:59,032 - INFO - TRADE EXECUTED: SELL 7 IVV @ $672.42, Spread: 49523.9 bps
2025-10-06 15:15:05,833 - INFO - TRADE EXECUTED: SELL 7 IVV @ $672.42, Spread: 49523.9 bps
2025-10-06 15:15:13,071 - INFO - TRADE EXECUTED: SELL 7 IVV @ $672.42, Spread: 49523.9 bps
2025-10-06 15:15:19,965 - INFO - TRADE EXECUTED: SELL 7 IVV @ $672.42, Spread: 49523.9 bps
2025-10-06 15:15:27,542 - INFO - TRADE EXECUTED: SELL 7 IVV @ $672.42, Spread: 49523.9 bps
2025-10-06 15:15:34,422 - INFO - TRADE EXECUTED: SELL 7 IVV @ $672.42, Spread: 49523.9 bps
2025-10-06 15:15:41,982 - INFO - TRADE EXECUTED: SELL 7 IVV @ $672.42, Spread: 49523.9 bps
2025-10-06 15:15:48,762 - INFO - TRADE EXECUTED: SELL 7 IVV @ $672.42, Spread: 49523.9 bps
2025-10-06 15:15:56,301 - INFO - TRADE EXECUTED: SELL 7 IVV @ $672.42, Spread: 49523.9 bps
2025-10-06 15:16:03,261 - INFO - TRADE EXECUTED: SELL 7 IVV @ $672.42, Spread: 49523.9 bps
2025-10-06 15:16:11,800 - INFO - TRADE EXECUTED: SELL 7 IVV @ $672.42, Spread: 49523.9 bps
2025-10-06 15:16:18,338 - INFO - TRADE EXECUTED: SELL 7 IVV @ $672.42, Spread: 49523.9 bps
2025-10-06 15:16:25,780 - INFO - TRADE EXECUTED: SELL 7 IVV @ $672.42, Spread: 49523.9 bps
2025-10-06 15:16:32,380 - INFO - TRADE EXECUTED: SELL 7 IVV @ $672.42, Spread: 49523.9 bps
2025-10-06 15:16:39,633 - INFO - TRADE EXECUTED: SELL 7 IVV @ $672.42, Spread: 49523.9 bps
2025-10-06 15:16:46,577 - INFO - TRADE EXECUTED: SELL 7 IVV @ $672.42, Spread: 49523.9 bps
2025-10-06 15:16:54,357 - INFO - TRADE EXECUTED: SELL 7 IVV @ $672.42, Spread: 49523.9 bps
2025-10-06 15:17:00,943 - INFO - TRADE EXECUTED: SELL 7 IVV @ $672.42, Spread: 49523.9 bps
2025-10-06 15:17:09,076 - INFO - TRADE EXECUTED: SELL 7 IVV @ $672.42, Spread: 49523.9 bps
2025-10-06 15:17:15,623 - INFO - TRADE EXECUTED: SELL 7 IVV @ $672.42, Spread: 49523.9 bps
2025-10-06 15:17:22,818 - INFO - TRADE EXECUTED: SELL 7 IVV @ $672.42, Spread: 49523.9 bps
2025-10-06 15:17:29,414 - INFO - TRADE EXECUTED: SELL 7 IVV @ $672.42, Spread: 49523.9 bps
2025-10-06 15:17:36,767 - INFO - TRADE EXECUTED: SELL 7 IVV @ $672.42, Spread: 49523.9 bps
2025-10-06 15:17:43,253 - INFO - TRADE EXECUTED: SELL 7 IVV @ $672.42, Spread: 49523.9 bps
2025-10-06 15:17:50,724 - INFO - TRADE EXECUTED: SELL 7 IVV @ $672.42, Spread: 49523.9 bps
2025-10-06 15:17:57,332 - INFO - TRADE EXECUTED: SELL 7 IVV @ $672.42, Spread: 49523.9 bps
2025-10-06 15:18:04,473 - INFO - TRADE EXECUTED: SELL 7 IVV @ $672.42, Spread: 49523.9 bps
2025-10-06 15:18:11,619 - INFO - TRADE EXECUTED: SELL 7 IVV @ $672.42, Spread: 49523.9 bps
2025-10-06 15:18:19,036 - INFO - TRADE EXECUTED: SELL 7 IVV @ $672.42, Spread: 49523.9 bps
2025-10-06 15:18:25,568 - INFO - TRADE EXECUTED: SELL 7 IVV @ $672.42, Spread: 49523.9 bps
2025-10-06 15:18:33,071 - INFO - TRADE EXECUTED: SELL 7 IVV @ $672.42, Spread: 49523.9 bps
2025-10-06 15:18:39,652 - INFO - TRADE EXECUTED: SELL 7 IVV @ $672.42, Spread: 49523.9 bps
2025-10-06 15:18:46,783 - INFO - TRADE EXECUTED: SELL 7 IVV @ $672.42, Spread: 49523.9 bps
2025-10-06 15:18:53,295 - INFO - TRADE EXECUTED: SELL 7 IVV @ $672.42, Spread: 49523.9 bps
2025-10-06 15:19:00,589 - INFO - TRADE EXECUTED: SELL 7 IVV @ $672.42, Spread: 49523.9 bps
2025-10-06 15:19:07,142 - INFO - TRADE EXECUTED: SELL 7 IVV @ $672.42, Spread: 49523.9 bps
2025-10-06 15:19:14,841 - INFO - TRADE EXECUTED: SELL 7 IVV @ $672.42, Spread: 49523.9 bps
2025-10-06 15:19:21,366 - INFO - TRADE EXECUTED: SELL 7 IVV @ $672.42, Spread: 49523.9 bps
2025-10-06 15:19:28,557 - INFO - TRADE EXECUTED: SELL 7 IVV @ $672.42, Spread: 49523.9 bps
2025-10-06 15:19:35,062 - INFO - TRADE EXECUTED: SELL 7 IVV @ $672.42, Spread: 49523.9 bps
2025-10-06 15:19:42,505 - INFO - TRADE EXECUTED: SELL 7 IVV @ $672.42, Spread: 49523.9 bps
2025-10-06 15:19:49,011 - INFO - TRADE EXECUTED: SELL 7 IVV @ $672.42, Spread: 49523.9 bps
2025-10-06 15:19:56,522 - INFO - TRADE EXECUTED: SELL 7 IVV @ $672.42, Spread: 49523.9 bps
2025-10-06 15:20:03,092 - INFO - TRADE EXECUTED: SELL 7 IVV @ $672.42, Spread: 49523.9 bps
2025-10-06 15:20:10,728 - INFO - TRADE EXECUTED: SELL 7 IVV @ $672.42, Spread: 49523.9 bps
2025-10-06 15:20:17,240 - INFO - TRADE EXECUTED: SELL 7 IVV @ $672.42, Spread: 49523.9 bps
2025-10-06 15:20:24,602 - INFO - TRADE EXECUTED: SELL 7 IVV @ $672.42, Spread: 49523.9 bps
2025-10-06 15:20:31,199 - INFO - TRADE EXECUTED: SELL 7 IVV @ $672.42, Spread: 49523.9 bps
2025-10-06 15:20:38,494 - INFO - TRADE EXECUTED: SELL 7 IVV @ $672.42, Spread: 49523.9 bps
2025-10-06 15:20:45,025 - INFO - TRADE EXECUTED: SELL 7 IVV @ $672.42, Spread: 49523.9 bps
2025-10-06 15:20:52,404 - INFO - TRADE EXECUTED: SELL 7 IVV @ $672.42, Spread: 49523.9 bps
2025-10-06 15:20:58,917 - INFO - TRADE EXECUTED: SELL 7 IVV @ $672.42, Spread: 49523.9 bps
2025-10-06 15:21:06,181 - INFO - TRADE EXECUTED: SELL 7 IVV @ $672.42, Spread: 49523.9 bps
2025-10-06 15:21:12,739 - INFO - TRADE EXECUTED: SELL 7 IVV @ $672.42, Spread: 49523.9 bps
2025-10-06 15:21:20,085 - INFO - TRADE EXECUTED: SELL 7 IVV @ $672.42, Spread: 49523.9 bps
2025-10-06 15:21:26,677 - INFO - TRADE EXECUTED: SELL 7 IVV @ $672.42, Spread: 49523.9 bps
2025-10-06 15:21:34,024 - INFO - POSITION CLOSED: IVV_1, P&L: $0.00, Reason: TIME_LIMIT
2025-10-06 15:21:34,025 - INFO - TRADE EXECUTED: SELL 7 IVV @ $672.42, Spread: 49523.9 bps
2025-10-06 15:21:40,522 - INFO - TRADE EXECUTED: SELL 7 IVV @ $672.42, Spread: 49523.9 bps
2025-10-06 15:21:47,953 - INFO - TRADE EXECUTED: SELL 7 IVV @ $672.42, Spread: 49523.9 bps
2025-10-06 15:21:54,816 - INFO - TRADE EXECUTED: SELL 7 IVV @ $672.42, Spread: 49523.9 bps
2025-10-06 15:22:02,112 - INFO - TRADE EXECUTED: SELL 7 IVV @ $672.42, Spread: 49523.9 bps
2025-10-06 15:22:08,751 - INFO - TRADE EXECUTED: SELL 7 IVV @ $672.42, Spread: 49523.9 bps
2025-10-06 15:22:16,011 - INFO - TRADE EXECUTED: SELL 7 IVV @ $672.42, Spread: 49523.9 bps
2025-10-06 15:22:22,512 - INFO - TRADE EXECUTED: SELL 7 IVV @ $672.42, Spread: 49523.9 bps
2025-10-06 15:22:30,180 - INFO - TRADE EXECUTED: SELL 7 IVV @ $672.42, Spread: 49523.9 bps
2025-10-06 15:22:36,721 - INFO - TRADE EXECUTED: SELL 7 IVV @ $672.42, Spread: 49523.9 bps
2025-10-06 15:22:44,400 - INFO - TRADE EXECUTED: SELL 7 IVV @ $672.42, Spread: 49523.9 bps
2025-10-06 15:22:51,600 - INFO - TRADE EXECUTED: SELL 7 IVV @ $672.42, Spread: 49523.9 bps
2025-10-06 15:23:05,623 - INFO - TRADE EXECUTED: SELL 7 IVV @ $672.42, Spread: 49523.9 bps
2025-10-06 15:23:12,349 - INFO - TRADE EXECUTED: SELL 7 IVV @ $672.42, Spread: 49523.9 bps
2025-10-06 15:23:19,421 - INFO - TRADE EXECUTED: SELL 7 IVV @ $672.42, Spread: 49523.9 bps
2025-10-06 15:23:25,985 - INFO - TRADE EXECUTED: SELL 7 IVV @ $672.42, Spread: 49523.9 bps
2025-10-06 15:23:33,246 - INFO - TRADE EXECUTED: SELL 7 IVV @ $672.42, Spread: 49523.9 bps
2025-10-06 15:23:39,965 - INFO - TRADE EXECUTED: SELL 7 IVV @ $672.42, Spread: 49523.9 bps
2025-10-06 15:23:47,047 - INFO - TRADE EXECUTED: SELL 7 IVV @ $672.42, Spread: 49523.9 bps
2025-10-06 15:23:54,514 - INFO - TRADE EXECUTED: SELL 7 IVV @ $672.42, Spread: 49523.9 bps
2025-10-06 15:24:01,723 - INFO - TRADE EXECUTED: SELL 7 IVV @ $672.42, Spread: 49523.9 bps
2025-10-06 15:24:08,440 - INFO - TRADE EXECUTED: SELL 7 IVV @ $672.42, Spread: 49523.9 bps
2025-10-06 15:24:15,691 - INFO - TRADE EXECUTED: SELL 7 IVV @ $672.42, Spread: 49523.9 bps
2025-10-06 15:24:22,473 - INFO - TRADE EXECUTED: SELL 7 IVV @ $672.42, Spread: 49523.9 bps
2025-10-06 15:24:29,481 - INFO - TRADE EXECUTED: SELL 7 IVV @ $672.42, Spread: 49523.9 bps
2025-10-06 15:24:36,121 - INFO - TRADE EXECUTED: SELL 7 IVV @ $672.42, Spread: 49523.9 bps
2025-10-06 15:24:43,356 - INFO - TRADE EXECUTED: SELL 7 IVV @ $672.42, Spread: 49523.9 bps
2025-10-06 15:24:49,939 - INFO - TRADE EXECUTED: SELL 7 IVV @ $672.42, Spread: 49523.9 bps
2025-10-06 15:24:57,878 - INFO - TRADE EXECUTED: SELL 7 IVV @ $672.42, Spread: 49523.9 bps
2025-10-06 15:25:04,529 - INFO - TRADE EXECUTED: SELL 7 IVV @ $672.42, Spread: 49523.9 bps
2025-10-06 15:25:11,798 - INFO - TRADE EXECUTED: SELL 7 IVV @ $672.42, Spread: 49523.9 bps
2025-10-06 15:25:18,547 - INFO - TRADE EXECUTED: SELL 7 IVV @ $672.42, Spread: 49523.9 bps
2025-10-06 15:25:25,785 - INFO - TRADE EXECUTED: SELL 7 IVV @ $672.42, Spread: 49523.9 bps
2025-10-06 15:25:32,347 - INFO - TRADE EXECUTED: SELL 7 IVV @ $672.42, Spread: 49523.9 bps
2025-10-06 15:25:39,706 - INFO - TRADE EXECUTED: SELL 7 IVV @ $672.42, Spread: 49523.9 bps
2025-10-06 15:25:46,516 - INFO - TRADE EXECUTED: SELL 7 IVV @ $672.42, Spread: 49523.9 bps
2025-10-06 15:25:53,696 - INFO - TRADE EXECUTED: SELL 7 IVV @ $672.42, Spread: 49523.9 bps
2025-10-06 15:26:00,939 - INFO - TRADE EXECUTED: SELL 7 IVV @ $672.42, Spread: 49523.9 bps
2025-10-06 15:26:08,171 - INFO - TRADE EXECUTED: SELL 7 IVV @ $672.42, Spread: 49523.9 bps
2025-10-06 15:26:15,153 - INFO - TRADE EXECUTED: SELL 7 IVV @ $672.42, Spread: 49523.9 bps
2025-10-06 15:26:22,249 - INFO - TRADE EXECUTED: SELL 7 IVV @ $672.42, Spread: 49523.9 bps
2025-10-06 15:26:28,933 - INFO - TRADE EXECUTED: SELL 7 IVV @ $672.42, Spread: 49523.9 bps
2025-10-06 15:26:36,102 - INFO - TRADE EXECUTED: SELL 7 IVV @ $672.42, Spread: 49523.9 bps
2025-10-06 15:26:42,692 - INFO - TRADE EXECUTED: SELL 7 IVV @ $672.42, Spread: 49523.9 bps
2025-10-06 15:26:49,871 - INFO - TRADE EXECUTED: SELL 7 IVV @ $672.42, Spread: 49523.9 bps
2025-10-06 15:26:56,577 - INFO - TRADE EXECUTED: SELL 7 IVV @ $672.42, Spread: 49523.9 bps
2025-10-06 15:27:04,109 - INFO - TRADE EXECUTED: SELL 7 IVV @ $672.42, Spread: 49523.9 bps
2025-10-06 15:27:10,729 - INFO - TRADE EXECUTED: SELL 7 IVV @ $672.42, Spread: 49523.9 bps
2025-10-06 15:27:17,826 - INFO - TRADE EXECUTED: SELL 7 IVV @ $672.42, Spread: 49523.9 bps
2025-10-06 15:27:24,564 - INFO - TRADE EXECUTED: SELL 7 IVV @ $672.42, Spread: 49523.9 bps
2025-10-06 15:27:31,679 - INFO - TRADE EXECUTED: SELL 7 IVV @ $672.42, Spread: 49523.9 bps
2025-10-06 15:27:38,368 - INFO - TRADE EXECUTED: SELL 7 IVV @ $672.42, Spread: 49523.9 bps
2025-10-06 15:27:45,547 - INFO - TRADE EXECUTED: SELL 7 IVV @ $672.42, Spread: 49523.9 bps
2025-10-06 15:27:52,266 - INFO - TRADE EXECUTED: SELL 7 IVV @ $672.42, Spread: 49523.9 bps
2025-10-06 15:27:59,672 - INFO - TRADE EXECUTED: SELL 7 IVV @ $672.42, Spread: 49523.9 bps
2025-10-06 15:28:06,891 - INFO - TRADE EXECUTED: SELL 7 IVV @ $672.42, Spread: 49523.9 bps
2025-10-06 15:28:14,051 - INFO - TRADE EXECUTED: SELL 7 IVV @ $672.42, Spread: 49523.9 bps
2025-10-06 15:28:21,064 - INFO - TRADE EXECUTED: SELL 7 IVV @ $672.42, Spread: 49523.9 bps
2025-10-06 15:28:28,585 - INFO - TRADE EXECUTED: SELL 7 IVV @ $672.42, Spread: 49523.9 bps
2025-10-06 15:28:35,303 - INFO - TRADE EXECUTED: SELL 7 IVV @ $672.42, Spread: 49523.9 bps
2025-10-06 15:28:42,302 - INFO - TRADE EXECUTED: SELL 7 IVV @ $672.42, Spread: 49523.9 bps
2025-10-06 15:28:49,042 - INFO - TRADE EXECUTED: SELL 7 IVV @ $672.42, Spread: 49523.9 bps
2025-10-06 15:28:56,217 - INFO - TRADE EXECUTED: SELL 7 IVV @ $672.42, Spread: 49523.9 bps
2025-10-06 15:29:03,301 - INFO - TRADE EXECUTED: SELL 7 IVV @ $672.42, Spread: 49523.9 bps
2025-10-06 15:29:11,034 - INFO - TRADE EXECUTED: SELL 7 IVV @ $672.42, Spread: 49523.9 bps
2025-10-06 15:29:17,700 - INFO - TRADE EXECUTED: SELL 7 IVV @ $672.42, Spread: 49523.9 bps
2025-10-06 15:29:25,697 - INFO - TRADE EXECUTED: SELL 7 IVV @ $672.42, Spread: 49523.9 bps
2025-10-06 15:29:32,320 - INFO - TRADE EXECUTED: SELL 7 IVV @ $672.42, Spread: 49523.9 bps
2025-10-06 15:29:39,298 - INFO - TRADE EXECUTED: SELL 7 IVV @ $672.42, Spread: 49523.9 bps
2025-10-06 15:29:45,958 - INFO - TRADE EXECUTED: SELL 7 IVV @ $672.42, Spread: 49523.9 bps
2025-10-06 15:29:53,145 - INFO - TRADE EXECUTED: SELL 7 IVV @ $672.42, Spread: 49523.9 bps
2025-10-06 15:29:59,776 - INFO - TRADE EXECUTED: SELL 7 IVV @ $672.42, Spread: 49523.9 bps
2025-10-06 15:30:06,845 - INFO - TRADE EXECUTED: SELL 7 IVV @ $672.42, Spread: 49523.9 bps
2025-10-06 15:30:14,178 - INFO - TRADE EXECUTED: SELL 7 IVV @ $672.42, Spread: 49523.9 bps
2025-10-06 15:30:21,695 - INFO - TRADE EXECUTED: SELL 7 IVV @ $672.42, Spread: 49523.9 bps
2025-10-06 15:30:28,236 - INFO - TRADE EXECUTED: SELL 7 IVV @ $672.42, Spread: 49523.9 bps
2025-10-06 15:30:35,503 - INFO - TRADE EXECUTED: SELL 7 IVV @ $672.42, Spread: 49523.9 bps
2025-10-06 15:30:42,155 - INFO - TRADE EXECUTED: SELL 7 IVV @ $672.42, Spread: 49523.9 bps
2025-10-06 15:30:51,929 - INFO - TRADE EXECUTED: SELL 7 IVV @ $672.42, Spread: 49523.9 bps
2025-10-06 15:30:58,520 - INFO - TRADE EXECUTED: SELL 7 IVV @ $672.42, Spread: 49523.9 bps
2025-10-06 15:31:05,901 - INFO - TRADE EXECUTED: SELL 7 IVV @ $672.42, Spread: 49523.9 bps
2025-10-06 15:31:12,563 - INFO - TRADE EXECUTED: SELL 7 IVV @ $672.42, Spread: 49523.9 bps
2025-10-06 15:31:19,994 - INFO - TRADE EXECUTED: SELL 7 IVV @ $672.42, Spread: 49523.9 bps
2025-10-06 15:31:26,651 - INFO - TRADE EXECUTED: SELL 7 IVV @ $672.42, Spread: 49523.9 bps
2025-10-06 15:31:33,847 - INFO - TRADE EXECUTED: SELL 7 IVV @ $672.42, Spread: 49523.9 bps
2025-10-06 15:31:40,469 - INFO - POSITION CLOSED: IVV_1, P&L: $0.00, Reason: TIME_LIMIT
2025-10-06 15:31:40,469 - INFO - TRADE EXECUTED: SELL 7 IVV @ $672.42, Spread: 49523.9 bps
2025-10-06 15:31:47,768 - INFO - TRADE EXECUTED: SELL 7 IVV @ $672.42, Spread: 49523.9 bps
2025-10-06 15:31:54,491 - INFO - TRADE EXECUTED: SELL 7 IVV @ $672.42, Spread: 49523.9 bps
2025-10-06 15:32:01,829 - INFO - TRADE EXECUTED: SELL 7 IVV @ $672.42, Spread: 49523.9 bps
2025-10-06 15:32:08,429 - INFO - TRADE EXECUTED: SELL 7 IVV @ $672.42, Spread: 49523.9 bps
2025-10-06 15:32:15,678 - INFO - TRADE EXECUTED: SELL 7 IVV @ $672.42, Spread: 49523.9 bps
2025-10-06 15:32:22,326 - INFO - TRADE EXECUTED: SELL 7 IVV @ $672.42, Spread: 49523.9 bps
2025-10-06 15:32:29,755 - INFO - TRADE EXECUTED: SELL 7 IVV @ $672.42, Spread: 49523.9 bps
2025-10-06 15:32:36,347 - INFO - TRADE EXECUTED: SELL 7 IVV @ $672.42, Spread: 49523.9 bps
2025-10-06 15:32:43,659 - INFO - TRADE EXECUTED: SELL 7 IVV @ $672.42, Spread: 49523.9 bps
2025-10-06 15:32:50,461 - INFO - TRADE EXECUTED: SELL 7 IVV @ $672.42, Spread: 49523.9 bps
2025-10-06 15:32:58,065 - INFO - TRADE EXECUTED: SELL 7 IVV @ $672.42, Spread: 49523.9 bps
2025-10-06 15:33:04,846 - INFO - TRADE EXECUTED: SELL 7 IVV @ $672.42, Spread: 49523.9 bps
2025-10-06 15:33:12,193 - INFO - TRADE EXECUTED: SELL 7 IVV @ $672.42, Spread: 49523.9 bps
2025-10-06 15:33:18,985 - INFO - TRADE EXECUTED: SELL 7 IVV @ $672.42, Spread: 49523.9 bps
2025-10-06 15:33:26,444 - INFO - TRADE EXECUTED: SELL 7 IVV @ $672.42, Spread: 49523.9 bps
2025-10-06 15:33:33,141 - INFO - TRADE EXECUTED: SELL 7 IVV @ $672.42, Spread: 49523.9 bps
2025-10-06 15:33:40,580 - INFO - TRADE EXECUTED: SELL 7 IVV @ $672.42, Spread: 49523.9 bps
2025-10-06 15:33:47,228 - INFO - TRADE EXECUTED: SELL 7 IVV @ $672.42, Spread: 49523.9 bps
2025-10-06 15:33:54,432 - INFO - TRADE EXECUTED: SELL 7 IVV @ $672.42, Spread: 49523.9 bps
2025-10-06 15:34:01,198 - INFO - TRADE EXECUTED: SELL 7 IVV @ $672.42, Spread: 49523.9 bps
2025-10-06 15:34:08,309 - INFO - TRADE EXECUTED: SELL 7 IVV @ $672.42, Spread: 49523.9 bps
2025-10-06 15:34:15,118 - INFO - TRADE EXECUTED: SELL 7 IVV @ $672.42, Spread: 49523.9 bps
2025-10-06 15:34:22,169 - INFO - TRADE EXECUTED: SELL 7 IVV @ $672.42, Spread: 49523.9 bps
2025-10-06 15:34:29,464 - INFO - TRADE EXECUTED: SELL 7 IVV @ $672.42, Spread: 49523.9 bps
2025-10-06 15:34:36,748 - INFO - TRADE EXECUTED: SELL 7 IVV @ $672.42, Spread: 49523.9 bps
2025-10-06 15:34:43,435 - INFO - TRADE EXECUTED: SELL 7 IVV @ $672.42, Spread: 49523.9 bps
2025-10-06 15:34:50,795 - INFO - TRADE EXECUTED: SELL 7 IVV @ $672.42, Spread: 49523.9 bps
2025-10-06 15:34:57,456 - INFO - TRADE EXECUTED: SELL 7 IVV @ $672.42, Spread: 49523.9 bps
2025-10-06 15:35:04,911 - INFO - TRADE EXECUTED: SELL 7 IVV @ $672.42, Spread: 49523.9 bps
2025-10-06 15:35:11,582 - INFO - TRADE EXECUTED: SELL 7 IVV @ $672.42, Spread: 49523.9 bps
2025-10-06 15:35:18,886 - INFO - TRADE EXECUTED: SELL 7 IVV @ $672.42, Spread: 49523.9 bps
2025-10-06 15:35:25,672 - INFO - TRADE EXECUTED: SELL 7 IVV @ $672.42, Spread: 49523.9 bps
2025-10-06 15:35:33,399 - INFO - TRADE EXECUTED: SELL 7 IVV @ $672.42, Spread: 49523.9 bps
2025-10-06 15:35:40,231 - INFO - TRADE EXECUTED: SELL 7 IVV @ $672.42, Spread: 49523.9 bps
2025-10-06 15:35:47,686 - INFO - TRADE EXECUTED: SELL 7 IVV @ $672.42, Spread: 49523.9 bps
2025-10-06 15:35:54,361 - INFO - TRADE EXECUTED: SELL 7 IVV @ $672.42, Spread: 49523.9 bps
2025-10-06 15:36:01,641 - INFO - TRADE EXECUTED: SELL 7 IVV @ $672.42, Spread: 49523.9 bps
2025-10-06 15:36:08,315 - INFO - TRADE EXECUTED: SELL 7 IVV @ $672.42, Spread: 49523.9 bps
2025-10-06 15:36:15,588 - INFO - TRADE EXECUTED: SELL 7 IVV @ $672.42, Spread: 49523.9 bps
2025-10-06 15:36:22,257 - INFO - TRADE EXECUTED: SELL 7 IVV @ $672.42, Spread: 49523.9 bps
2025-10-06 15:36:29,526 - INFO - TRADE EXECUTED: SELL 7 IVV @ $672.42, Spread: 49523.9 bps
2025-10-06 15:36:36,094 - INFO - TRADE EXECUTED: SELL 7 IVV @ $672.42, Spread: 49523.9 bps
2025-10-06 15:36:43,426 - INFO - TRADE EXECUTED: SELL 7 IVV @ $672.42, Spread: 49523.9 bps
2025-10-06 15:36:50,013 - INFO - TRADE EXECUTED: SELL 7 IVV @ $672.42, Spread: 49523.9 bps
2025-10-06 15:36:57,169 - INFO - TRADE EXECUTED: SELL 7 IVV @ $672.42, Spread: 49523.9 bps
2025-10-06 15:37:03,905 - INFO - TRADE EXECUTED: SELL 7 IVV @ $672.42, Spread: 49523.9 bps
2025-10-06 15:37:11,639 - INFO - TRADE EXECUTED: SELL 7 IVV @ $672.42, Spread: 49523.9 bps
2025-10-06 15:37:18,324 - INFO - TRADE EXECUTED: SELL 7 IVV @ $672.42, Spread: 49523.9 bps
2025-10-06 15:37:25,401 - INFO - TRADE EXECUTED: SELL 7 IVV @ $672.42, Spread: 49523.9 bps
2025-10-06 15:37:32,382 - INFO - TRADE EXECUTED: SELL 7 IVV @ $672.42, Spread: 49523.9 bps
2025-10-06 15:37:39,496 - INFO - TRADE EXECUTED: SELL 7 IVV @ $672.42, Spread: 49523.9 bps
2025-10-06 15:37:46,252 - INFO - TRADE EXECUTED: SELL 7 IVV @ $672.42, Spread: 49523.9 bps
2025-10-06 15:37:54,093 - INFO - TRADE EXECUTED: SELL 7 IVV @ $672.42, Spread: 49523.9 bps
2025-10-06 15:38:00,882 - INFO - TRADE EXECUTED: SELL 7 IVV @ $672.42, Spread: 49523.9 bps
2025-10-06 15:38:08,614 - INFO - TRADE EXECUTED: SELL 7 IVV @ $672.42, Spread: 49523.9 bps
2025-10-06 15:38:15,240 - INFO - TRADE EXECUTED: SELL 7 IVV @ $672.42, Spread: 49523.9 bps
2025-10-06 15:38:22,471 - INFO - TRADE EXECUTED: SELL 7 IVV @ $672.42, Spread: 49523.9 bps
2025-10-06 15:38:29,179 - INFO - TRADE EXECUTED: SELL 7 IVV @ $672.42, Spread: 49523.9 bps
2025-10-06 15:38:36,320 - INFO - TRADE EXECUTED: SELL 7 IVV @ $672.42, Spread: 49523.9 bps
2025-10-06 15:38:42,938 - INFO - TRADE EXECUTED: SELL 7 IVV @ $672.42, Spread: 49523.9 bps
2025-10-06 15:38:50,216 - INFO - TRADE EXECUTED: SELL 7 IVV @ $672.42, Spread: 49523.9 bps
2025-10-06 15:38:56,849 - INFO - TRADE EXECUTED: SELL 7 IVV @ $672.42, Spread: 49523.9 bps
2025-10-06 15:39:04,266 - INFO - TRADE EXECUTED: SELL 7 IVV @ $672.42, Spread: 49523.9 bps
2025-10-06 15:39:11,195 - INFO - TRADE EXECUTED: SELL 7 IVV @ $672.42, Spread: 49523.9 bps
2025-10-06 15:39:18,530 - INFO - TRADE EXECUTED: SELL 7 IVV @ $672.42, Spread: 49523.9 bps
2025-10-06 15:39:25,236 - INFO - TRADE EXECUTED: SELL 7 IVV @ $672.42, Spread: 49523.9 bps
2025-10-06 15:39:32,530 - INFO - TRADE EXECUTED: SELL 7 IVV @ $672.42, Spread: 49523.9 bps
2025-10-06 15:39:39,293 - INFO - TRADE EXECUTED: SELL 7 IVV @ $672.42, Spread: 49523.9 bps
2025-10-06 15:39:46,713 - INFO - TRADE EXECUTED: SELL 7 IVV @ $672.42, Spread: 49523.9 bps
2025-10-06 15:39:53,316 - INFO - TRADE EXECUTED: SELL 7 IVV @ $672.42, Spread: 49523.9 bps
2025-10-06 15:40:00,712 - INFO - TRADE EXECUTED: SELL 7 IVV @ $672.42, Spread: 49523.9 bps
2025-10-06 15:40:07,571 - INFO - TRADE EXECUTED: SELL 7 IVV @ $672.42, Spread: 49523.9 bps
2025-10-06 15:40:15,600 - INFO - TRADE EXECUTED: SELL 7 IVV @ $672.42, Spread: 49523.9 bps
2025-10-06 15:40:22,770 - INFO - TRADE EXECUTED: SELL 7 IVV @ $672.42, Spread: 49523.9 bps
2025-10-06 15:40:30,289 - INFO - TRADE EXECUTED: SELL 7 IVV @ $672.42, Spread: 49523.9 bps
2025-10-06 15:40:36,815 - INFO - TRADE EXECUTED: SELL 7 IVV @ $672.42, Spread: 49523.9 bps
2025-10-06 15:40:45,226 - INFO - TRADE EXECUTED: SELL 7 IVV @ $672.42, Spread: 49523.9 bps
2025-10-06 15:40:51,836 - INFO - TRADE EXECUTED: SELL 7 IVV @ $672.42, Spread: 49523.9 bps
2025-10-06 15:40:58,939 - INFO - TRADE EXECUTED: SELL 7 IVV @ $672.42, Spread: 49523.9 bps
2025-10-06 15:41:05,797 - INFO - TRADE EXECUTED: SELL 7 IVV @ $672.42, Spread: 49523.9 bps
2025-10-06 15:41:12,953 - INFO - TRADE EXECUTED: SELL 7 IVV @ $672.42, Spread: 49523.9 bps
2025-10-06 15:41:19,725 - INFO - TRADE EXECUTED: SELL 7 IVV @ $672.42, Spread: 49523.9 bps
2025-10-06 15:41:26,782 - INFO - TRADE EXECUTED: SELL 7 IVV @ $672.42, Spread: 49523.9 bps
2025-10-06 15:41:33,645 - INFO - TRADE EXECUTED: SELL 7 IVV @ $672.42, Spread: 49523.9 bps
2025-10-06 15:41:40,664 - INFO - POSITION CLOSED: IVV_1, P&L: $0.00, Reason: TIME_LIMIT
2025-10-06 15:41:40,665 - INFO - TRADE EXECUTED: SELL 7 IVV @ $672.42, Spread: 49523.9 bps
2025-10-06 15:41:47,991 - INFO - TRADE EXECUTED: SELL 7 IVV @ $672.42, Spread: 49523.9 bps
2025-10-06 15:41:55,322 - INFO - TRADE EXECUTED: SELL 7 IVV @ $672.42, Spread: 49523.9 bps
2025-10-06 15:42:02,122 - INFO - TRADE EXECUTED: SELL 7 IVV @ $672.42, Spread: 49523.9 bps
2025-10-06 15:42:09,321 - INFO - TRADE EXECUTED: SELL 7 IVV @ $672.42, Spread: 49523.9 bps
2025-10-06 15:42:16,062 - INFO - TRADE EXECUTED: SELL 7 IVV @ $672.42, Spread: 49523.9 bps
2025-10-06 15:42:23,190 - INFO - TRADE EXECUTED: SELL 7 IVV @ $672.42, Spread: 49523.9 bps
2025-10-06 15:42:29,983 - INFO - TRADE EXECUTED: SELL 7 IVV @ $672.42, Spread: 49523.9 bps
2025-10-06 15:42:37,152 - INFO - TRADE EXECUTED: SELL 7 IVV @ $672.42, Spread: 49523.9 bps
2025-10-06 15:42:43,780 - INFO - TRADE EXECUTED: SELL 7 IVV @ $672.42, Spread: 49523.9 bps
2025-10-06 15:42:51,303 - INFO - TRADE EXECUTED: SELL 7 IVV @ $672.42, Spread: 49523.9 bps
2025-10-06 15:42:57,946 - INFO - TRADE EXECUTED: SELL 7 IVV @ $672.42, Spread: 49523.9 bps
2025-10-06 15:43:05,158 - INFO - TRADE EXECUTED: SELL 7 IVV @ $672.42, Spread: 49523.9 bps
2025-10-06 15:43:12,037 - INFO - TRADE EXECUTED: SELL 7 IVV @ $672.42, Spread: 49523.9 bps
2025-10-06 15:43:19,309 - INFO - TRADE EXECUTED: SELL 7 IVV @ $672.42, Spread: 49523.9 bps
2025-10-06 15:43:25,948 - INFO - TRADE EXECUTED: SELL 7 IVV @ $672.42, Spread: 49523.9 bps
2025-10-06 15:43:33,150 - INFO - TRADE EXECUTED: SELL 7 IVV @ $672.42, Spread: 49523.9 bps
2025-10-06 15:43:39,877 - INFO - TRADE EXECUTED: SELL 7 IVV @ $672.42, Spread: 49523.9 bps
2025-10-06 15:43:47,074 - INFO - TRADE EXECUTED: SELL 7 IVV @ $672.42, Spread: 49523.9 bps
2025-10-06 15:43:54,918 - INFO - TRADE EXECUTED: SELL 7 IVV @ $672.42, Spread: 49523.9 bps
2025-10-06 15:44:02,266 - INFO - TRADE EXECUTED: SELL 7 IVV @ $672.42, Spread: 49523.9 bps
2025-10-06 15:44:09,153 - INFO - TRADE EXECUTED: SELL 7 IVV @ $672.42, Spread: 49523.9 bps
2025-10-06 15:44:16,432 - INFO - TRADE EXECUTED: SELL 7 IVV @ $672.42, Spread: 49523.9 bps
2025-10-06 15:44:23,551 - INFO - TRADE EXECUTED: SELL 7 IVV @ $672.42, Spread: 49523.9 bps
2025-10-06 15:44:30,586 - INFO - TRADE EXECUTED: SELL 7 IVV @ $672.42, Spread: 49523.9 bps
2025-10-06 15:44:37,311 - INFO - TRADE EXECUTED: SELL 7 IVV @ $672.42, Spread: 49523.9 bps
2025-10-06 15:44:44,882 - INFO - TRADE EXECUTED: SELL 7 IVV @ $672.42, Spread: 49523.9 bps
2025-10-06 15:44:51,710 - INFO - TRADE EXECUTED: SELL 7 IVV @ $672.42, Spread: 49523.9 bps
2025-10-06 15:44:59,422 - INFO - TRADE EXECUTED: SELL 7 IVV @ $672.42, Spread: 49523.9 bps
2025-10-06 15:45:06,109 - INFO - TRADE EXECUTED: SELL 7 IVV @ $672.42, Spread: 49523.9 bps
2025-10-06 15:45:13,190 - INFO - TRADE EXECUTED: SELL 7 IVV @ $672.42, Spread: 49523.9 bps
2025-10-06 15:45:19,880 - INFO - TRADE EXECUTED: SELL 7 IVV @ $672.42, Spread: 49523.9 bps
2025-10-06 15:45:27,466 - INFO - TRADE EXECUTED: SELL 7 IVV @ $672.42, Spread: 49523.9 bps
2025-10-06 15:45:34,350 - INFO - TRADE EXECUTED: SELL 7 IVV @ $672.42, Spread: 49523.9 bps
2025-10-06 15:45:41,626 - INFO - TRADE EXECUTED: SELL 7 IVV @ $672.42, Spread: 49523.9 bps
2025-10-06 15:45:48,246 - INFO - TRADE EXECUTED: SELL 7 IVV @ $672.42, Spread: 49523.9 bps
2025-10-06 15:45:55,261 - INFO - TRADE EXECUTED: SELL 7 IVV @ $672.42, Spread: 49523.9 bps
2025-10-06 15:46:01,952 - INFO - TRADE EXECUTED: SELL 7 IVV @ $672.42, Spread: 49523.9 bps
2025-10-06 15:46:09,304 - INFO - TRADE EXECUTED: SELL 7 IVV @ $672.42, Spread: 49523.9 bps
2025-10-06 15:46:15,864 - INFO - TRADE EXECUTED: SELL 7 IVV @ $672.42, Spread: 49523.9 bps
2025-10-06 15:46:23,008 - INFO - TRADE EXECUTED: SELL 7 IVV @ $672.42, Spread: 49523.9 bps
2025-10-06 15:46:32,042 - INFO - TRADE EXECUTED: SELL 7 IVV @ $672.42, Spread: 49523.9 bps
2025-10-06 15:46:39,297 - INFO - TRADE EXECUTED: SELL 7 IVV @ $672.42, Spread: 49523.9 bps
2025-10-06 15:46:45,934 - INFO - TRADE EXECUTED: SELL 7 IVV @ $672.42, Spread: 49523.9 bps
2025-10-06 15:46:53,077 - INFO - TRADE EXECUTED: SELL 7 IVV @ $672.42, Spread: 49523.9 bps
2025-10-06 15:46:59,625 - INFO - TRADE EXECUTED: SELL 7 IVV @ $672.42, Spread: 49523.9 bps
2025-10-06 15:47:07,115 - INFO - TRADE EXECUTED: SELL 7 IVV @ $672.42, Spread: 49523.9 bps
2025-10-06 15:47:13,779 - INFO - TRADE EXECUTED: SELL 7 IVV @ $672.42, Spread: 49523.9 bps
2025-10-06 15:47:21,318 - INFO - TRADE EXECUTED: SELL 7 IVV @ $672.42, Spread: 49523.9 bps
2025-10-06 15:47:27,940 - INFO - TRADE EXECUTED: SELL 7 IVV @ $672.42, Spread: 49523.9 bps
2025-10-06 15:47:35,538 - INFO - TRADE EXECUTED: SELL 7 IVV @ $672.42, Spread: 49523.9 bps
2025-10-06 15:47:42,240 - INFO - TRADE EXECUTED: SELL 7 IVV @ $672.42, Spread: 49523.9 bps
2025-10-06 15:47:49,456 - INFO - TRADE EXECUTED: SELL 7 IVV @ $672.42, Spread: 49523.9 bps
2025-10-06 15:47:56,116 - INFO - TRADE EXECUTED: SELL 7 IVV @ $672.42, Spread: 49523.9 bps
2025-10-06 15:48:03,216 - INFO - TRADE EXECUTED: SELL 7 IVV @ $672.42, Spread: 49523.9 bps
2025-10-06 15:48:09,934 - INFO - TRADE EXECUTED: SELL 7 IVV @ $672.42, Spread: 49523.9 bps
2025-10-06 15:48:17,367 - INFO - TRADE EXECUTED: SELL 7 IVV @ $672.42, Spread: 49523.9 bps
2025-10-06 15:48:24,174 - INFO - TRADE EXECUTED: SELL 7 IVV @ $672.42, Spread: 49523.9 bps
2025-10-06 15:48:31,213 - INFO - TRADE EXECUTED: SELL 7 IVV @ $672.42, Spread: 49523.9 bps
2025-10-06 15:48:38,710 - INFO - TRADE EXECUTED: SELL 7 IVV @ $672.42, Spread: 49523.9 bps
2025-10-06 15:48:46,252 - INFO - TRADE EXECUTED: SELL 7 IVV @ $672.42, Spread: 49523.9 bps
2025-10-06 15:48:52,972 - INFO - TRADE EXECUTED: SELL 7 IVV @ $672.42, Spread: 49523.9 bps
2025-10-06 15:49:00,082 - INFO - TRADE EXECUTED: SELL 7 IVV @ $672.42, Spread: 49523.9 bps
2025-10-06 15:49:06,855 - INFO - TRADE EXECUTED: SELL 7 IVV @ $672.42, Spread: 49523.9 bps
2025-10-06 15:49:13,872 - INFO - TRADE EXECUTED: SELL 7 IVV @ $672.42, Spread: 49523.9 bps
2025-10-06 15:49:20,589 - INFO - TRADE EXECUTED: SELL 7 IVV @ $672.42, Spread: 49523.9 bps
2025-10-06 15:49:27,922 - INFO - TRADE EXECUTED: SELL 7 IVV @ $672.42, Spread: 49523.9 bps
2025-10-06 15:49:34,569 - INFO - TRADE EXECUTED: SELL 7 IVV @ $672.42, Spread: 49523.9 bps
2025-10-06 15:49:42,667 - INFO - TRADE EXECUTED: SELL 7 IVV @ $672.42, Spread: 49523.9 bps
2025-10-06 15:49:49,441 - INFO - TRADE EXECUTED: SELL 7 IVV @ $672.42, Spread: 49523.9 bps
2025-10-06 15:49:56,870 - INFO - TRADE EXECUTED: SELL 7 IVV @ $672.42, Spread: 49523.9 bps
2025-10-06 15:50:03,505 - INFO - TRADE EXECUTED: SELL 7 IVV @ $672.42, Spread: 49523.9 bps
2025-10-06 15:50:11,075 - INFO - TRADE EXECUTED: SELL 7 IVV @ $672.42, Spread: 49523.9 bps
2025-10-06 15:50:17,605 - INFO - TRADE EXECUTED: SELL 7 IVV @ $672.42, Spread: 49523.9 bps
2025-10-06 15:50:24,824 - INFO - TRADE EXECUTED: SELL 7 IVV @ $672.42, Spread: 49523.9 bps
2025-10-06 15:50:31,454 - INFO - TRADE EXECUTED: SELL 7 IVV @ $672.42, Spread: 49523.9 bps
2025-10-06 15:50:39,096 - INFO - TRADE EXECUTED: SELL 7 IVV @ $672.42, Spread: 49523.9 bps
2025-10-06 15:50:45,624 - INFO - TRADE EXECUTED: SELL 7 IVV @ $672.42, Spread: 49523.9 bps
2025-10-06 15:50:53,075 - INFO - TRADE EXECUTED: SELL 7 IVV @ $672.42, Spread: 49523.9 bps
2025-10-06 15:50:59,842 - INFO - TRADE EXECUTED: SELL 7 IVV @ $672.42, Spread: 49523.9 bps
2025-10-06 15:51:07,315 - INFO - TRADE EXECUTED: SELL 7 IVV @ $672.42, Spread: 49523.9 bps
2025-10-06 15:51:15,041 - INFO - TRADE EXECUTED: SELL 7 IVV @ $672.42, Spread: 49523.9 bps
2025-10-06 15:51:22,130 - INFO - TRADE EXECUTED: SELL 7 IVV @ $672.42, Spread: 49523.9 bps
2025-10-06 15:51:28,694 - INFO - TRADE EXECUTED: SELL 7 IVV @ $672.42, Spread: 49523.9 bps
2025-10-06 15:51:36,000 - INFO - TRADE EXECUTED: SELL 7 IVV @ $672.42, Spread: 49523.9 bps
2025-10-06 15:51:42,708 - INFO - POSITION CLOSED: IVV_1, P&L: $0.00, Reason: TIME_LIMIT
2025-10-06 15:51:42,708 - INFO - TRADE EXECUTED: SELL 7 IVV @ $672.42, Spread: 49523.9 bps
2025-10-06 15:51:49,759 - INFO - TRADE EXECUTED: SELL 7 IVV @ $672.42, Spread: 49523.9 bps
2025-10-06 15:51:56,478 - INFO - TRADE EXECUTED: SELL 7 IVV @ $672.42, Spread: 49523.9 bps
2025-10-06 15:52:03,591 - INFO - TRADE EXECUTED: SELL 7 IVV @ $672.42, Spread: 49523.9 bps
2025-10-06 15:52:10,396 - INFO - TRADE EXECUTED: SELL 7 IVV @ $672.42, Spread: 49523.9 bps
2025-10-06 15:52:18,156 - INFO - TRADE EXECUTED: SELL 7 IVV @ $672.42, Spread: 49523.9 bps
2025-10-06 15:52:24,771 - INFO - TRADE EXECUTED: SELL 7 IVV @ $672.42, Spread: 49523.9 bps
2025-10-06 15:52:31,904 - INFO - TRADE EXECUTED: SELL 7 IVV @ $672.42, Spread: 49523.9 bps
2025-10-06 15:52:38,497 - INFO - TRADE EXECUTED: SELL 7 IVV @ $672.42, Spread: 49523.9 bps
2025-10-06 15:52:45,570 - INFO - TRADE EXECUTED: SELL 7 IVV @ $672.42, Spread: 49523.9 bps
2025-10-06 15:52:52,313 - INFO - TRADE EXECUTED: SELL 7 IVV @ $672.42, Spread: 49523.9 bps
2025-10-06 15:52:59,835 - INFO - TRADE EXECUTED: SELL 7 IVV @ $672.42, Spread: 49523.9 bps
2025-10-06 15:53:06,492 - INFO - TRADE EXECUTED: SELL 7 IVV @ $672.42, Spread: 49523.9 bps
2025-10-06 15:53:13,813 - INFO - TRADE EXECUTED: SELL 7 IVV @ $672.42, Spread: 49523.9 bps
2025-10-06 15:53:20,472 - INFO - TRADE EXECUTED: SELL 7 IVV @ $672.42, Spread: 49523.9 bps
2025-10-06 15:53:28,542 - INFO - TRADE EXECUTED: SELL 7 IVV @ $672.42, Spread: 49523.9 bps
2025-10-06 15:53:35,506 - INFO - TRADE EXECUTED: SELL 7 IVV @ $672.42, Spread: 49523.9 bps
2025-10-06 15:53:42,515 - INFO - TRADE EXECUTED: SELL 7 IVV @ $672.42, Spread: 49523.9 bps
2025-10-06 15:53:49,139 - INFO - TRADE EXECUTED: SELL 7 IVV @ $672.42, Spread: 49523.9 bps
2025-10-06 15:53:56,299 - INFO - TRADE EXECUTED: SELL 7 IVV @ $672.42, Spread: 49523.9 bps
2025-10-06 15:54:03,029 - INFO - TRADE EXECUTED: SELL 7 IVV @ $672.42, Spread: 49523.9 bps
2025-10-06 15:54:10,720 - INFO - TRADE EXECUTED: SELL 7 IVV @ $672.42, Spread: 49523.9 bps
2025-10-06 15:54:17,427 - INFO - TRADE EXECUTED: SELL 7 IVV @ $672.42, Spread: 49523.9 bps
2025-10-06 15:54:24,589 - INFO - TRADE EXECUTED: SELL 7 IVV @ $672.42, Spread: 49523.9 bps
2025-10-06 15:54:31,179 - INFO - TRADE EXECUTED: SELL 7 IVV @ $672.42, Spread: 49523.9 bps
2025-10-06 15:54:38,279 - INFO - TRADE EXECUTED: SELL 7 IVV @ $672.42, Spread: 49523.9 bps
2025-10-06 15:54:45,014 - INFO - TRADE EXECUTED: SELL 7 IVV @ $672.42, Spread: 49523.9 bps
2025-10-06 15:54:52,869 - INFO - TRADE EXECUTED: SELL 7 IVV @ $672.42, Spread: 49523.9 bps
2025-10-06 15:54:59,504 - INFO - TRADE EXECUTED: SELL 7 IVV @ $672.42, Spread: 49523.9 bps
2025-10-06 15:55:06,697 - INFO - TRADE EXECUTED: SELL 7 IVV @ $672.42, Spread: 49523.9 bps
2025-10-06 15:55:13,366 - INFO - TRADE EXECUTED: SELL 7 IVV @ $672.42, Spread: 49523.9 bps
2025-10-06 15:55:20,635 - INFO - TRADE EXECUTED: SELL 7 IVV @ $672.42, Spread: 49523.9 bps
2025-10-06 15:55:27,363 - INFO - TRADE EXECUTED: SELL 7 IVV @ $672.42, Spread: 49523.9 bps
2025-10-06 15:55:34,432 - INFO - TRADE EXECUTED: SELL 7 IVV @ $672.42, Spread: 49523.9 bps
2025-10-06 15:55:41,101 - INFO - TRADE EXECUTED: SELL 7 IVV @ $672.42, Spread: 49523.9 bps
2025-10-06 15:55:48,230 - INFO - TRADE EXECUTED: SELL 7 IVV @ $672.42, Spread: 49523.9 bps
2025-10-06 15:55:55,507 - INFO - TRADE EXECUTED: SELL 7 IVV @ $672.42, Spread: 49523.9 bps
2025-10-06 15:56:02,752 - INFO - TRADE EXECUTED: SELL 7 IVV @ $672.42, Spread: 49523.9 bps
2025-10-06 15:56:09,440 - INFO - TRADE EXECUTED: SELL 7 IVV @ $672.42, Spread: 49523.9 bps
2025-10-06 15:56:16,618 - INFO - TRADE EXECUTED: SELL 7 IVV @ $672.42, Spread: 49523.9 bps
2025-10-06 15:56:23,178 - INFO - TRADE EXECUTED: SELL 7 IVV @ $672.42, Spread: 49523.9 bps
2025-10-06 15:56:30,422 - INFO - TRADE EXECUTED: SELL 7 IVV @ $672.42, Spread: 49523.9 bps
2025-10-06 15:56:37,119 - INFO - TRADE EXECUTED: SELL 7 IVV @ $672.42, Spread: 49523.9 bps
2025-10-06 15:56:45,364 - INFO - TRADE EXECUTED: SELL 7 IVV @ $672.42, Spread: 49523.9 bps
2025-10-06 15:56:51,965 - INFO - TRADE EXECUTED: SELL 7 IVV @ $672.42, Spread: 49523.9 bps
2025-10-06 15:57:00,482 - INFO - TRADE EXECUTED: SELL 7 IVV @ $672.42, Spread: 49523.9 bps
2025-10-06 15:57:07,122 - INFO - TRADE EXECUTED: SELL 7 IVV @ $672.42, Spread: 49523.9 bps
2025-10-06 15:57:14,181 - INFO - TRADE EXECUTED: SELL 7 IVV @ $672.42, Spread: 49523.9 bps
2025-10-06 15:57:20,934 - INFO - TRADE EXECUTED: SELL 7 IVV @ $672.42, Spread: 49523.9 bps
2025-10-06 15:57:28,130 - INFO - TRADE EXECUTED: SELL 7 IVV @ $672.42, Spread: 49523.9 bps
2025-10-06 15:57:34,859 - INFO - TRADE EXECUTED: SELL 7 IVV @ $672.42, Spread: 49523.9 bps
2025-10-06 15:57:42,332 - INFO - TRADE EXECUTED: SELL 7 IVV @ $672.42, Spread: 49523.9 bps
2025-10-06 15:57:49,031 - INFO - TRADE EXECUTED: SELL 7 IVV @ $672.42, Spread: 49523.9 bps
2025-10-06 15:57:56,730 - INFO - TRADE EXECUTED: SELL 7 IVV @ $672.42, Spread: 49523.9 bps
2025-10-06 15:58:03,330 - INFO - TRADE EXECUTED: SELL 7 IVV @ $672.42, Spread: 49523.9 bps
2025-10-06 15:58:10,580 - INFO - TRADE EXECUTED: SELL 7 IVV @ $672.42, Spread: 49523.9 bps
2025-10-06 15:58:17,234 - INFO - TRADE EXECUTED: SELL 7 IVV @ $672.42, Spread: 49523.9 bps
2025-10-06 15:58:24,536 - INFO - TRADE EXECUTED: SELL 7 IVV @ $672.42, Spread: 49523.9 bps
2025-10-06 15:58:32,128 - INFO - TRADE EXECUTED: SELL 7 IVV @ $672.42, Spread: 49523.9 bps
2025-10-06 15:58:39,544 - INFO - TRADE EXECUTED: SELL 7 IVV @ $672.42, Spread: 49523.9 bps
2025-10-06 15:58:46,195 - INFO - TRADE EXECUTED: SELL 7 IVV @ $672.42, Spread: 49523.9 bps
2025-10-06 15:58:53,467 - INFO - TRADE EXECUTED: SELL 7 IVV @ $672.42, Spread: 49523.9 bps
2025-10-06 15:59:00,127 - INFO - TRADE EXECUTED: SELL 7 IVV @ $672.42, Spread: 49523.9 bps
2025-10-06 15:59:07,429 - INFO - TRADE EXECUTED: SELL 7 IVV @ $672.42, Spread: 49523.9 bps
2025-10-06 15:59:14,046 - INFO - TRADE EXECUTED: SELL 7 IVV @ $672.42, Spread: 49523.9 bps
2025-10-06 15:59:21,292 - INFO - TRADE EXECUTED: SELL 7 IVV @ $672.42, Spread: 49523.9 bps
2025-10-06 15:59:27,984 - INFO - TRADE EXECUTED: SELL 7 IVV @ $672.42, Spread: 49523.9 bps
2025-10-06 15:59:35,963 - INFO - TRADE EXECUTED: SELL 7 IVV @ $672.42, Spread: 49523.9 bps
2025-10-06 15:59:42,683 - INFO - TRADE EXECUTED: SELL 7 IVV @ $672.42, Spread: 49523.9 bps
2025-10-06 15:59:49,949 - INFO - TRADE EXECUTED: SELL 7 IVV @ $672.42, Spread: 49523.9 bps
2025-10-06 15:59:56,554 - INFO - TRADE EXECUTED: SELL 7 IVV @ $672.42, Spread: 49523.9 bps
2025-10-06 16:00:03,866 - INFO - TRADE EXECUTED: SELL 7 IVV @ $672.42, Spread: 49523.9 bps
2025-10-06 16:00:10,521 - INFO - TRADE EXECUTED: SELL 7 IVV @ $672.42, Spread: 49523.9 bps
2025-10-06 16:00:17,805 - INFO - TRADE EXECUTED: SELL 7 IVV @ $672.42, Spread: 49523.9 bps
2025-10-06 16:00:24,439 - INFO - TRADE EXECUTED: SELL 7 IVV @ $672.42, Spread: 49523.9 bps
2025-10-06 16:00:31,762 - INFO - TRADE EXECUTED: SELL 7 IVV @ $672.42, Spread: 49523.9 bps
2025-10-06 16:00:38,359 - INFO - TRADE EXECUTED: SELL 7 IVV @ $672.42, Spread: 49523.9 bps
2025-10-06 16:00:45,718 - INFO - TRADE EXECUTED: SELL 7 IVV @ $672.42, Spread: 49523.9 bps
2025-10-06 16:00:52,435 - INFO - TRADE EXECUTED: SELL 7 IVV @ $672.42, Spread: 49523.9 bps
2025-10-06 16:00:59,530 - INFO - TRADE EXECUTED: SELL 7 IVV @ $672.42, Spread: 49523.9 bps
2025-10-06 16:01:06,195 - INFO - TRADE EXECUTED: SELL 7 IVV @ $672.42, Spread: 49523.9 bps
2025-10-06 16:01:13,451 - INFO - TRADE EXECUTED: SELL 7 IVV @ $672.42, Spread: 49523.9 bps
2025-10-06 16:01:20,116 - INFO - TRADE EXECUTED: SELL 7 IVV @ $672.42, Spread: 49523.9 bps
2025-10-06 16:01:27,640 - INFO - TRADE EXECUTED: SELL 7 IVV @ $672.42, Spread: 49523.9 bps
2025-10-06 16:01:34,515 - INFO - TRADE EXECUTED: SELL 7 IVV @ $672.42, Spread: 49523.9 bps
2025-10-06 16:01:42,341 - INFO - TRADE EXECUTED: SELL 7 IVV @ $672.42, Spread: 49523.9 bps
2025-10-06 16:01:49,050 - INFO - POSITION CLOSED: IVV_1, P&L: $0.00, Reason: TIME_LIMIT
2025-10-06 16:01:49,051 - INFO - TRADE EXECUTED: SELL 7 IVV @ $672.42, Spread: 49523.9 bps
2025-10-06 16:01:56,114 - INFO - TRADE EXECUTED: SELL 7 IVV @ $672.42, Spread: 49523.9 bps
2025-10-06 16:02:02,832 - INFO - TRADE EXECUTED: SELL 7 IVV @ $672.42, Spread: 49523.9 bps
2025-10-06 16:02:09,942 - INFO - TRADE EXECUTED: SELL 7 IVV @ $672.42, Spread: 49523.9 bps
2025-10-06 16:02:16,592 - INFO - TRADE EXECUTED: SELL 7 IVV @ $672.42, Spread: 49523.9 bps
2025-10-06 16:02:23,678 - INFO - TRADE EXECUTED: SELL 7 IVV @ $672.42, Spread: 49523.9 bps
2025-10-06 16:02:30,496 - INFO - TRADE EXECUTED: SELL 7 IVV @ $672.42, Spread: 49523.9 bps
2025-10-06 16:02:37,944 - INFO - TRADE EXECUTED: SELL 7 IVV @ $672.42, Spread: 49523.9 bps
2025-10-06 16:02:45,346 - INFO - TRADE EXECUTED: SELL 7 IVV @ $672.42, Spread: 49523.9 bps
2025-10-06 16:02:52,645 - INFO - TRADE EXECUTED: SELL 7 IVV @ $672.42, Spread: 49523.9 bps
2025-10-06 16:02:59,473 - INFO - TRADE EXECUTED: SELL 7 IVV @ $672.42, Spread: 49523.9 bps
2025-10-06 16:03:06,441 - INFO - TRADE EXECUTED: SELL 7 IVV @ $672.42, Spread: 49523.9 bps
2025-10-06 16:03:13,217 - INFO - TRADE EXECUTED: SELL 7 IVV @ $672.42, Spread: 49523.9 bps
2025-10-06 16:03:20,271 - INFO - TRADE EXECUTED: SELL 7 IVV @ $672.42, Spread: 49523.9 bps
2025-10-06 16:03:26,767 - INFO - TRADE EXECUTED: SELL 7 IVV @ $672.42, Spread: 49523.9 bps
2025-10-06 16:03:33,903 - INFO - TRADE EXECUTED: SELL 7 IVV @ $672.42, Spread: 49523.9 bps
2025-10-06 16:03:40,698 - INFO - TRADE EXECUTED: SELL 7 IVV @ $672.42, Spread: 49523.9 bps
2025-10-06 16:03:48,918 - INFO - TRADE EXECUTED: SELL 7 IVV @ $672.42, Spread: 49523.9 bps
2025-10-06 16:03:55,592 - INFO - TRADE EXECUTED: SELL 7 IVV @ $672.42, Spread: 49523.9 bps
2025-10-06 16:04:02,860 - INFO - TRADE EXECUTED: SELL 7 IVV @ $672.42, Spread: 49523.9 bps
2025-10-06 16:04:09,527 - INFO - TRADE EXECUTED: SELL 7 IVV @ $672.42, Spread: 49523.9 bps
2025-10-06 16:04:16,667 - INFO - TRADE EXECUTED: SELL 7 IVV @ $672.42, Spread: 49523.9 bps
