***************************************************************
Number of open positions: 4
*******************************************
Function started at 21.09.2025 21:10:01
Scanning 500 symbols for trading signals...
Current open positions: 4
Maximum positions allowed: 5
*******************************************
***************************************************************
Number of open positions: 4
*******************************************
Function started at 21.09.2025 21:11:06
Scanning 500 symbols for trading signals...
Current open positions: 4
Maximum positions allowed: 5
*******************************************
***************************************************************
Number of open positions: 4
*******************************************
Function started at 21.09.2025 21:11:24
Scanning 500 symbols for trading signals...
Current open positions: 4
Maximum positions allowed: 5
*******************************************
***************************************************************
Number of open positions: 4
*******************************************
Function started at 21.09.2025 21:13:07
Scanning 500 symbols for trading signals...
Current open positions: 4
Maximum positions allowed: 5
*******************************************
[ERROR] Error checking signal for LINEAUSDT: '>' not supported between instances of 'float' and 'NoneType'
[SIGNAL] SIGNAL DETECTED for WLFIUSDT!
   Signal Type: LONG
   Signal Value: 2
3
Last close price for WLFIUSDT: 0.2416
Order Quantity before adjustment: 82781.46 and signal = 2
Opening Buy for  WLFIUSDT
TP: 0.258512
SL: 0.231936
TS: 0.009664
Order Quantity: 82781.46
Adjusted qty: 82781.0
Final Adjusted qty: 82781.0
80000.0
Position already open.
0
   Trade Result: 0
[FAILED] Trade failed for WLFIUSDT
***************************************************************
Number of open positions: 4
*******************************************
Function started at 21.09.2025 21:15:27
Scanning 500 symbols for trading signals...
Current open positions: 4
Maximum positions allowed: 5
*******************************************
[ERROR] Error checking signal for LINEAUSDT: '>' not supported between instances of 'float' and 'NoneType'
[SIGNAL] SIGNAL DETECTED for WLFIUSDT!
   Signal Type: LONG
   Signal Value: 2
3
Last close price for WLFIUSDT: 0.2417
Order Quantity before adjustment: 82747.21 and signal = 2
Opening Buy for  WLFIUSDT
TP: 0.258619
SL: 0.232032
TS: 0.009668
Order Quantity: 82747.21
Adjusted qty: 82747.0
Final Adjusted qty: 82747.0
80000.0
Position already open.
0
   Trade Result: 0
[FAILED] Trade failed for WLFIUSDT
