2025-08-24 08:35:09,888 - DEBUG - Initializing HTTP session.
2025-08-24 08:35:09,911 - DEBUG - Starting new HTTPS connection (1): api-demo.bybit.com:443
2025-08-24 08:35:10,690 - DEBUG - https://api-demo.bybit.com:443 "GET /v5/position/list?category=linear&symbol=ETHUSDT HTTP/1.1" 200 837
2025-08-24 08:35:11,036 - DEBUG - https://api-demo.bybit.com:443 "GET /v5/account/wallet-balance?accountType=UNIFIED&coin=USDT HTTP/1.1" 200 932
2025-08-24 08:35:11,431 - DEBUG - https://api-demo.bybit.com:443 "GET /v5/market/kline?interval=240&limit=400&symbol=ETHUSDT HTTP/1.1" 200 None
2025-08-24 08:35:11,816 - DEBUG - https://api-demo.bybit.com:443 "GET /v5/position/list?category=linear&symbol=ETHUSDT HTTP/1.1" 200 837
2025-08-24 12:58:20,132 - DEBUG - Initializing HTTP session.
2025-08-24 12:58:20,137 - DEBUG - Starting new HTTPS connection (1): api-demo.bybit.com:443
2025-08-24 12:58:20,722 - DEBUG - https://api-demo.bybit.com:443 "GET /v5/position/list?category=linear&symbol=ETHUSDT HTTP/1.1" 200 934
2025-08-24 12:58:21,063 - DEBUG - https://api-demo.bybit.com:443 "GET /v5/account/wallet-balance?accountType=UNIFIED&coin=USDT HTTP/1.1" 200 None
2025-08-24 12:58:21,383 - DEBUG - https://api-demo.bybit.com:443 "GET /v5/market/kline?interval=240&limit=400&symbol=ETHUSDT HTTP/1.1" 200 None
2025-08-24 12:58:21,833 - DEBUG - https://api-demo.bybit.com:443 "GET /v5/position/list?category=linear&symbol=ETHUSDT HTTP/1.1" 200 934
2025-08-24 13:01:15,109 - DEBUG - Initializing HTTP session.
2025-08-24 13:01:15,114 - DEBUG - Starting new HTTPS connection (1): api-demo.bybit.com:443
2025-08-24 13:01:15,756 - DEBUG - https://api-demo.bybit.com:443 "GET /v5/position/list?category=linear&symbol=ETHUSDT HTTP/1.1" 200 934
2025-08-24 13:01:16,118 - DEBUG - https://api-demo.bybit.com:443 "GET /v5/account/wallet-balance?accountType=UNIFIED&coin=USDT HTTP/1.1" 200 None
2025-08-24 13:01:16,552 - DEBUG - https://api-demo.bybit.com:443 "GET /v5/market/kline?interval=240&limit=400&symbol=ETHUSDT HTTP/1.1" 200 None
2025-08-24 13:01:16,928 - DEBUG - https://api-demo.bybit.com:443 "GET /v5/position/list?category=linear&symbol=ETHUSDT HTTP/1.1" 200 934
2025-08-24 13:01:41,411 - DEBUG - Initializing HTTP session.
2025-08-24 13:01:41,413 - DEBUG - Starting new HTTPS connection (1): api-demo.bybit.com:443
2025-08-24 13:01:41,982 - DEBUG - https://api-demo.bybit.com:443 "GET /v5/position/list?category=linear&symbol=ETHUSDT HTTP/1.1" 200 934
2025-08-24 13:01:42,292 - DEBUG - https://api-demo.bybit.com:443 "GET /v5/account/wallet-balance?accountType=UNIFIED&coin=USDT HTTP/1.1" 200 None
2025-08-24 13:01:42,618 - DEBUG - https://api-demo.bybit.com:443 "GET /v5/market/kline?interval=240&limit=400&symbol=ETHUSDT HTTP/1.1" 200 None
2025-08-24 13:01:43,145 - DEBUG - https://api-demo.bybit.com:443 "GET /v5/position/list?category=linear&symbol=ETHUSDT HTTP/1.1" 200 934
