***************************************************************
Function started at 27.08.2025 22:37:33
Leverage :  1 	Wallet Balance: 6344.48872972 	Available Balance: 105464.72392171 	Unrealised PnL: 1139.2234
Latest Close: 4611.29 	RSI(14): 53.40 	SMA(10) of RSI: 50.47
Condition to Close
***************************************************************
Function started at 27.08.2025 22:40:03
Leverage :  1 	Wallet Balance: 6391.49436699 	Available Balance: 105461.29027436 	Unrealised PnL: 1184.5022
Latest Close: 4615.34 	RSI(14): 53.75 	SMA(10) of RSI: 50.50
Condition to Open
TP: 5076.874000000001
SL: 4523.0332
TS: 92.30680000000001
Order Quantity: 2.17
Position already open.
PNL inserted with datetime conversion.
Function finished at 27.08.2025 22:40:06
***************************************************************
Function started at 27.08.2025 22:45:40
Leverage :  1 	Wallet Balance: 108419.36467454 	Available Balance: 108419.36467454 	Unrealised PnL: 0
Latest Close: 4614.19 	RSI(14): 53.65 	SMA(10) of RSI: 50.49
Condition to Open
TP: 5075.609
SL: 4521.906199999999
TS: 92.28379999999999
Order Quantity: 2.17
{'retCode': 0, 'retMsg': 'OK', 'result': {'orderId': 'bdd3a8c7-7e1d-411c-819d-22a3716add5a', 'orderLinkId': ''}, 'retExtInfo': {}, 'time': 1756320345501}
bdd3a8c7-7e1d-411c-819d-22a3716add5a
fetching trade data for :  bdd3a8c7-7e1d-411c-819d-22a3716add5a
[{'symbol': 'ETHUSDT', 'orderType': 'Market', 'underlyingPrice': '', 'orderLinkId': '', 'orderId': 'bdd3a8c7-7e1d-411c-819d-22a3716add5a', 'stopOrderType': 'UNKNOWN', 'execTime': '1756320345501', 'feeCurrency': '', 'createType': 'CreateByUser', 'execFeeV2': '', 'feeRate': '0.00055', 'tradeIv': '', 'blockTradeId': '', 'markPrice': '4614.59', 'execPrice': '4614.6', 'markIv': '', 'orderQty': '2.17', 'orderPrice': '4706.88', 'execValue': '10013.682', 'closedSize': '0', 'execType': 'Trade', 'seq': 140697164004600, 'side': 'Buy', 'indexPrice': '', 'leavesQty': '0', 'isMaker': False, 'execFee': '5.5075251', 'execId': '4276690d-d0ba-4885-83d9-4e6d987793c8', 'marketUnit': '', 'execQty': '2.17', 'extraFees': ''}]
Trades inserted successfully.
None
PNL inserted with datetime conversion.
Function finished at 27.08.2025 22:45:55
***************************************************************
Function started at 27.08.2025 22:50:07
Leverage :  1 	Wallet Balance: 98391.78435045 	Available Balance: 108407.460913 	Unrealised PnL: -0.5425
Latest Close: 4614.36 	RSI(14): 53.66 	SMA(10) of RSI: 50.50
Condition to Open
TP: 5075.796
SL: 4522.0728
TS: 92.2872
Order Quantity: 2.17
Position already open.
PNL inserted with datetime conversion.
Function finished at 27.08.2025 22:50:11
