***************************************************************
Function started at 24.08.2025 08:35:09
Leverage :  1
{'retCode': 0, 'retMsg': 'OK', 'result': {'list': [{'accountIMRate': '0', 'totalMaintenanceMarginByMp': '0', 'totalInitialMargin': '0', 'accountType': 'UNIFIED', 'accountMMRate': '0', 'accountMMRateByMp': '0', 'accountIMRateByMp': '0', 'totalInitialMarginByMp': '0', 'totalMaintenanceMargin': '0', 'totalEquity': '107458.22478135', 'totalMarginBalance': '107458.18173107', 'totalAvailableBalance': '107458.18173107', 'totalPerpUPL': '0', 'totalWalletBalance': '107458.18173107', 'accountLTV': '0', 'coin': [{'availableToBorrow': '', 'bonus': '0', 'accruedInterest': '0', 'availableToWithdraw': '', 'totalOrderIM': '0', 'equity': '107493.6546371', 'totalPositionMM': '0', 'usdValue': '107458.18173107', 'unrealisedPnl': '0', 'collateralSwitch': True, 'spotHedgingQty': '0', 'borrowAmount': '0.000000000000000000', 'totalPositionIM': '0', 'walletBalance': '107493.6546371', 'cumRealisedPnl': '2984.1382823', 'locked': '0', 'marginCollateral': True, 'coin': 'USDT'}]}]}, 'retExtInfo': {}, 'time': 1756010111315}
Wallet Balance: 107458.18173107
Available Balance: 107458.18173107
Unrealised PnL: 0
Latest Close: 4783.59
RSI(2): 73.72
SMA(2) of RSI: 82.77
Condition to Close
No open positions to close.
Function finished at 24.08.2025 08:35:11
***************************************************************
Function started at 24.08.2025 12:58:20
Leverage :  1
{'retCode': 0, 'retMsg': 'OK', 'result': {'list': [{'accountIMRate': '0.9472', 'totalMaintenanceMarginByMp': '510.47015338', 'totalInitialMargin': '101744.007684', 'accountType': 'UNIFIED', 'accountMMRate': '0.0047', 'accountMMRateByMp': '0.0047', 'accountIMRateByMp': '0.9505', 'totalInitialMarginByMp': '102094.03067613', 'totalMaintenanceMargin': '508.72003842', 'totalEquity': '107408.42076642', 'totalMarginBalance': '107408.37775674', 'totalAvailableBalance': '5664.37007274', 'totalPerpUPL': '350.02299213', 'totalWalletBalance': '107058.3547646', 'accountLTV': '0', 'coin': [{'availableToBorrow': '', 'bonus': '0', 'accruedInterest': '0', 'availableToWithdraw': '', 'totalOrderIM': '0', 'equity': '107448.67100837', 'totalPositionMM': '508.91088', 'usdValue': '107408.37775674', 'unrealisedPnl': '350.1543', 'collateralSwitch': True, 'spotHedgingQty': '0', 'borrowAmount': '0.000000000000000000', 'totalPositionIM': '101782.176', 'walletBalance': '107098.51670837', 'cumRealisedPnl': '2589.00035357', 'locked': '0', 'marginCollateral': True, 'coin': 'USDT'}]}]}, 'retExtInfo': {}, 'time': 1756025900982}
Wallet Balance: 5664.37007274
Available Balance: 107058.3547646
Unrealised PnL: 350.1543
Latest Close: 4773.73
RSI(2): 60.34
SMA(2) of RSI: 46.53
Condition to Open
TP: 5251.103
SL: 4678.255399999999
TS: 95.4746
Order Quantity: 21.31
Position already open.
Function finished at 24.08.2025 12:58:21
***************************************************************
Function started at 24.08.2025 13:01:15
Leverage :  1
{'retCode': 0, 'retMsg': 'OK', 'result': {'list': [{'accountIMRate': '0.9473', 'totalMaintenanceMarginByMp': '510.4509737', 'totalInitialMargin': '101748.28253539', 'accountType': 'UNIFIED', 'accountMMRate': '0.0047', 'accountMMRateByMp': '0.0047', 'accountIMRateByMp': '0.9505', 'totalInitialMarginByMp': '102090.1947407', 'totalMaintenanceMargin': '508.74141267', 'totalEquity': '107404.80812289', 'totalMarginBalance': '107404.76510762', 'totalAvailableBalance': '5656.48257222', 'totalPerpUPL': '341.9122053', 'totalWalletBalance': '107062.85290231', 'accountLTV': '0', 'coin': [{'availableToBorrow': '', 'bonus': '0', 'accruedInterest': '0', 'availableToWithdraw': '', 'totalOrderIM': '0', 'equity': '107440.54280837', 'totalPositionMM': '508.91088', 'usdValue': '107404.76510762', 'unrealisedPnl': '342.0261', 'collateralSwitch': True, 'spotHedgingQty': '0', 'borrowAmount': '0.000000000000000000', 'totalPositionIM': '101782.176', 'walletBalance': '107098.51670837', 'cumRealisedPnl': '2589.00035357', 'locked': '0', 'marginCollateral': True, 'coin': 'USDT'}]}]}, 'retExtInfo': {}, 'time': 1756026076026}
Wallet Balance: 5656.48257222
Available Balance: 107062.85290231
Unrealised PnL: 342.0261
Latest Close: 4774.41
RSI(2): 61.00
SMA(2) of RSI: 46.86
Condition to Open
TP: 5251.851000000001
SL: 4678.9218
TS: 95.48819999999999
Order Quantity: 21.3
Position already open.
Function finished at 24.08.2025 13:01:16
***************************************************************
Function started at 24.08.2025 13:01:41
Leverage :  1
{'retCode': 0, 'retMsg': 'OK', 'result': {'list': [{'accountIMRate': '0.9473', 'totalMaintenanceMarginByMp': '510.45138851', 'totalInitialMargin': '101748.79144627', 'accountType': 'UNIFIED', 'accountMMRate': '0.0047', 'accountMMRateByMp': '0.0047', 'accountIMRateByMp': '0.9505', 'totalInitialMarginByMp': '102090.27770202', 'totalMaintenanceMargin': '508.74395723', 'totalEquity': '107404.91766488', 'totalMarginBalance': '107404.87465065', 'totalAvailableBalance': '5656.08320438', 'totalPerpUPL': '341.48625575', 'totalWalletBalance': '107063.38839489', 'accountLTV': '0', 'coin': [{'availableToBorrow': '', 'bonus': '0', 'accruedInterest': '0', 'availableToWithdraw': '', 'totalOrderIM': '0', 'equity': '107440.11500837', 'totalPositionMM': '508.91088', 'usdValue': '107404.87465065', 'unrealisedPnl': '341.5983', 'collateralSwitch': True, 'spotHedgingQty': '0', 'borrowAmount': '0.000000000000000000', 'totalPositionIM': '101782.176', 'walletBalance': '107098.51670837', 'cumRealisedPnl': '2589.00035357', 'locked': '0', 'marginCollateral': True, 'coin': 'USDT'}]}]}, 'retExtInfo': {}, 'time': 1756026102246}
Wallet Balance: 5656.08320438
Available Balance: 107063.38839489
Unrealised PnL: 341.5983
Latest Close: 4775.75
RSI(2): 62.24
SMA(2) of RSI: 47.48
Condition to Open
TP: 5253.325000000001
SL: 4680.235
TS: 95.515
Order Quantity: 21.3
Position already open.
Function finished at 24.08.2025 13:01:43
