***************************************************************
Number of open positions: 3
Function started at 04.09.2025 00:21:14

SYMBOL     |   ΔRSI |    STC
----------------------------
Function finished at 04.09.2025 00:21:48
***************************************************************
Number of open positions: 2
Function started at 04.09.2025 12:55:39

SYMBOL     |   ΔRSI |    STC
----------------------------
Function finished at 04.09.2025 12:56:32
***************************************************************
Number of open positions: 2
Function started at 04.09.2025 13:00:29

SYMBOL     |   ΔRSI |    STC
----------------------------
Function finished at 04.09.2025 13:01:21
***************************************************************
Number of open positions: 2
Function started at 04.09.2025 13:05:31

SYMBOL     |   ΔRSI |    STC
----------------------------
Function finished at 04.09.2025 13:06:08
***************************************************************
Number of open positions: 2
Function started at 04.09.2025 13:10:28

SYMBOL     |   ΔRSI |    STC
----------------------------
Function finished at 04.09.2025 13:11:19
***************************************************************
Number of open positions: 2
Function started at 04.09.2025 13:15:39

SYMBOL     |   ΔRSI |    STC
----------------------------
Function finished at 04.09.2025 13:16:32
***************************************************************
Number of open positions: 2
Function started at 04.09.2025 13:20:38

SYMBOL     |   ΔRSI |    STC
----------------------------
Function finished at 04.09.2025 13:21:14
***************************************************************
Number of open positions: 2
Function started at 04.09.2025 13:25:47

SYMBOL     |   ΔRSI |    STC
----------------------------
Function finished at 04.09.2025 13:26:42
***************************************************************
Number of open positions: 2
Function started at 04.09.2025 13:30:27

SYMBOL     |   ΔRSI |    STC
----------------------------
Function finished at 04.09.2025 13:31:21
***************************************************************
Number of open positions: 2
Function started at 04.09.2025 13:35:37

SYMBOL     |   ΔRSI |    STC
----------------------------
Function finished at 04.09.2025 13:36:30
