***************************************************************
Number of open positions: 0
Function started at 04.09.2025 22:46:05
B

SYMBOL     |   ΔRSI |    STC
----------------------------
Function finished at 04.09.2025 22:46:35
***************************************************************
Number of open positions: 0
Function started at 04.09.2025 22:51:04
B

SYMBOL     |   ΔRSI |    STC
----------------------------
Function finished at 04.09.2025 22:51:24
***************************************************************
Number of open positions: 0
Function started at 04.09.2025 22:55:41
B
B

SYMBOL     |   ΔRSI |    STC
----------------------------
Function finished at 04.09.2025 22:56:00
***************************************************************
Number of open positions: 0
Function started at 04.09.2025 23:00:45
B

SYMBOL     |   ΔRSI |    STC
----------------------------
Function finished at 04.09.2025 23:01:14
***************************************************************
Number of open positions: 0
Function started at 04.09.2025 23:01:57
	(USDEUSDT) 	Signal: (B)

SYMBOL     |   ΔRSI |    STC
----------------------------
Function finished at 04.09.2025 23:02:30
***************************************************************
Number of open positions: 0
Function started at 04.09.2025 23:05:46

SYMBOL     |   ΔRSI |    STC
----------------------------
Function finished at 04.09.2025 23:06:16
***************************************************************
Number of open positions: 0
Function started at 04.09.2025 23:10:47

SYMBOL     |   ΔRSI |    STC
----------------------------
Function finished at 04.09.2025 23:11:17
***************************************************************
Number of open positions: 0
Function started at 04.09.2025 23:15:46
	TONUSDT 	Signal: B

SYMBOL     |   ΔRSI |    STC
----------------------------
Function finished at 04.09.2025 23:16:15
***************************************************************
Number of open positions: 0
Function started at 04.09.2025 23:31:04
⚠️ POLUSDT attempt 1/3 failed: SSLError
⚠️ AVAXUSDT attempt 1/3 failed: ReadTimeout

SYMBOL     |   ΔRSI |    STC
----------------------------
Function finished at 04.09.2025 23:31:19
***************************************************************
Number of open positions: 0
Function started at 04.09.2025 23:32:25

SYMBOL     |   ΔRSI |    STC
----------------------------
Function finished at 04.09.2025 23:32:46
***************************************************************
Number of open positions: 0
Function started at 04.09.2025 23:32:58

SYMBOL     |   ΔRSI |    STC
----------------------------
Function finished at 04.09.2025 23:33:17
***************************************************************
Number of open positions: 0
Function started at 04.09.2025 23:36:04

SYMBOL     |   ΔRSI |    STC
----------------------------
Function finished at 04.09.2025 23:36:34
***************************************************************
Number of open positions: 0
Function started at 04.09.2025 23:40:46

SYMBOL     |   ΔRSI |    STC
----------------------------
Function finished at 04.09.2025 23:41:17
***************************************************************
Number of open positions: 0
Function started at 04.09.2025 23:46:02

SYMBOL     |   ΔRSI |    STC
----------------------------
Function finished at 04.09.2025 23:46:32
***************************************************************
Number of open positions: 0
Function started at 04.09.2025 23:51:04

SYMBOL     |   ΔRSI |    STC
----------------------------
Function finished at 04.09.2025 23:51:24
***************************************************************
Number of open positions: 0
Function started at 04.09.2025 23:56:05

SYMBOL     |   ΔRSI |    STC
----------------------------
Function finished at 04.09.2025 23:56:26
***************************************************************
Number of open positions: 0
Function started at 05.09.2025 00:01:34
	BTCUSDT 	Signal: B
	CROUSDT 	Signal: B

SYMBOL     |   ΔRSI |    STC
----------------------------
BTCUSDT    | B |  48.27
***************************************************************
Number of open positions: 0
Function started at 05.09.2025 00:06:11
	BTCUSDT 	Signal: B
	CROUSDT 	Signal: B

SYMBOL     |   ΔRSI |    STC
----------------------------
BTCUSDT    | B |  48.27
***************************************************************
Number of open positions: 0
Function started at 05.09.2025 00:10:45
	BTCUSDT 	Signal: B
	CROUSDT 	Signal: B
	WLDUSDT 	Signal: B

SYMBOL     |   ΔRSI |    STC
----------------------------
BTCUSDT    | B |  48.27
***************************************************************
Number of open positions: 0
Function started at 05.09.2025 00:15:45
	ADAUSDT 	Signal: B
	LTCUSDT 	Signal: B
	DOTUSDT 	Signal: B
	APTUSDT 	Signal: B
	TRUMPUSDT 	Signal: B
	FILUSDT 	Signal: B
	XDCUSDT 	Signal: B

SYMBOL     |   ΔRSI |    STC
----------------------------
DOTUSDT    | B |  47.52
***************************************************************
Number of open positions: 0
Function started at 05.09.2025 00:21:05
	ADAUSDT 	Signal: B
	LTCUSDT 	Signal: B
	DOTUSDT 	Signal: B
	APTUSDT 	Signal: B
	TRUMPUSDT 	Signal: B
	FILUSDT 	Signal: B
	XDCUSDT 	Signal: B

SYMBOL     |   ΔRSI |    STC
----------------------------
DOTUSDT    | B |  47.52
***************************************************************
Number of open positions: 0
Function started at 05.09.2025 00:26:05
	ADAUSDT 	Signal: B
	LTCUSDT 	Signal: B
	DOTUSDT 	Signal: B
	APTUSDT 	Signal: B
	TRUMPUSDT 	Signal: B
	FILUSDT 	Signal: B
	XDCUSDT 	Signal: B

SYMBOL     |   ΔRSI |    STC
----------------------------
DOTUSDT    | B |  47.52
***************************************************************
Number of open positions: 0
Function started at 05.09.2025 00:31:00
	USD1USDT 	Signal: S
	PENGUUSDT 	Signal: B
	RENDERUSDT 	Signal: B

SYMBOL     |   ΔRSI |    STC
----------------------------
RENDERUSDT | B |  41.14
***************************************************************
Number of open positions: 0
Function started at 05.09.2025 00:35:44
	USD1USDT 	Signal: S
	PENGUUSDT 	Signal: B
	RENDERUSDT 	Signal: B

SYMBOL     |   ΔRSI |    STC
----------------------------
RENDERUSDT | B |  41.14
***************************************************************
Number of open positions: 0
Function started at 05.09.2025 00:40:58
	USD1USDT 	Signal: S
	PENGUUSDT 	Signal: B
	RENDERUSDT 	Signal: B

SYMBOL     |   ΔRSI |    STC
----------------------------
RENDERUSDT | B |  41.14
***************************************************************
Number of open positions: 0
Function started at 05.09.2025 00:46:05
	BCHUSDT 	Signal: B
	SUIUSDT 	Signal: B
	UNIUSDT 	Signal: B
	ETCUSDT 	Signal: B
	ONDOUSDT 	Signal: B
	KASUSDT 	Signal: B
	VETUSDT 	Signal: B
	ALGOUSDT 	Signal: B

SYMBOL     |   ΔRSI |    STC
----------------------------
ALGOUSDT   | B |  48.15
***************************************************************
Number of open positions: 0
Function started at 05.09.2025 00:51:02
	BCHUSDT 	Signal: B
	SUIUSDT 	Signal: B
	UNIUSDT 	Signal: B
	ETCUSDT 	Signal: B
	ONDOUSDT 	Signal: B
	KASUSDT 	Signal: B
	VETUSDT 	Signal: B
	ALGOUSDT 	Signal: B

SYMBOL     |   ΔRSI |    STC
----------------------------
ALGOUSDT   | B |  48.15
***************************************************************
Number of open positions: 0
Function started at 05.09.2025 00:56:20
	BCHUSDT 	Signal: B
	SUIUSDT 	Signal: B
	UNIUSDT 	Signal: B
	ETCUSDT 	Signal: B
	ONDOUSDT 	Signal: B
	KASUSDT 	Signal: B
	VETUSDT 	Signal: B
	ALGOUSDT 	Signal: B

SYMBOL     |   ΔRSI |    STC
----------------------------
ALGOUSDT   | B |  48.15
***************************************************************
Number of open positions: 0
Function started at 05.09.2025 01:00:47
	BNBUSDT 	Signal: B
	TAOUSDT 	Signal: B
	NEARUSDT 	Signal: B
	ATOMUSDT 	Signal: B

SYMBOL     |   ΔRSI |    STC
----------------------------
TAOUSDT    | B |  47.49
***************************************************************
Number of open positions: 0
Function started at 05.09.2025 01:06:04
	BNBUSDT 	Signal: B
	TAOUSDT 	Signal: B
	NEARUSDT 	Signal: B
	ATOMUSDT 	Signal: B

SYMBOL     |   ΔRSI |    STC
----------------------------
TAOUSDT    | B |  47.49
***************************************************************
Number of open positions: 0
Function started at 05.09.2025 01:11:01
	BNBUSDT 	Signal: B
	TAOUSDT 	Signal: B
	NEARUSDT 	Signal: B

SYMBOL     |   ΔRSI |    STC
----------------------------
TAOUSDT    | B |  47.49
***************************************************************
Number of open positions: 0
Function started at 05.09.2025 01:16:05
	ARBUSDT 	Signal: B

SYMBOL     |   ΔRSI |    STC
----------------------------
ARBUSDT    | B |  41.35
***************************************************************
Number of open positions: 0
Function started at 05.09.2025 01:21:05
	ARBUSDT 	Signal: B

SYMBOL     |   ΔRSI |    STC
----------------------------
ARBUSDT    | B |  41.35
***************************************************************
Number of open positions: 0
Function started at 05.09.2025 01:25:48
	ARBUSDT 	Signal: B

SYMBOL     |   ΔRSI |    STC
----------------------------
ARBUSDT    | B |  41.35
***************************************************************
Number of open positions: 0
Function started at 05.09.2025 01:31:04
	ETHUSDT 	Signal: B
	DOGEUSDT 	Signal: B
	LINKUSDT 	Signal: B
	USDEUSDT 	Signal: S
	SEIUSDT 	Signal: B
	JUPUSDT 	Signal: B

SYMBOL     |   ΔRSI |    STC
----------------------------
SEIUSDT    | B |  44.36
***************************************************************
Number of open positions: 0
Function started at 05.09.2025 01:36:06
	ETHUSDT 	Signal: B
	DOGEUSDT 	Signal: B
	LINKUSDT 	Signal: B
	USDEUSDT 	Signal: S
	SEIUSDT 	Signal: B
	JUPUSDT 	Signal: B

SYMBOL     |   ΔRSI |    STC
----------------------------
SEIUSDT    | B |  44.36
***************************************************************
Number of open positions: 0
Function started at 05.09.2025 01:41:07
	ETHUSDT 	Signal: B
	DOGEUSDT 	Signal: B
	LINKUSDT 	Signal: B
	USDEUSDT 	Signal: S
	SEIUSDT 	Signal: B
	JUPUSDT 	Signal: B

SYMBOL     |   ΔRSI |    STC
----------------------------
SEIUSDT    | B |  44.36
***************************************************************
Number of open positions: 0
Function started at 05.09.2025 01:46:04
	AAVEUSDT 	Signal: B
	ENAUSDT 	Signal: B
	ICPUSDT 	Signal: B

SYMBOL     |   ΔRSI |    STC
----------------------------
ENAUSDT    | B |  41.70
***************************************************************
Number of open positions: 0
Function started at 05.09.2025 01:50:45
	AAVEUSDT 	Signal: B
	ENAUSDT 	Signal: B
	ICPUSDT 	Signal: B

SYMBOL     |   ΔRSI |    STC
----------------------------
ENAUSDT    | B |  41.70
***************************************************************
Number of open positions: 0
Function started at 05.09.2025 01:55:48
	AAVEUSDT 	Signal: B
	ENAUSDT 	Signal: B
	ICPUSDT 	Signal: B

SYMBOL     |   ΔRSI |    STC
----------------------------
ENAUSDT    | B |  41.70
***************************************************************
Number of open positions: 0
Function started at 05.09.2025 02:01:06
	TRXUSDT 	Signal: B

SYMBOL     |   ΔRSI |    STC
----------------------------
TRXUSDT    | B |  37.65
***************************************************************
Number of open positions: 0
Function started at 05.09.2025 02:06:18
	TRXUSDT 	Signal: B

SYMBOL     |   ΔRSI |    STC
----------------------------
TRXUSDT    | B |  37.65
***************************************************************
Number of open positions: 0
Function started at 05.09.2025 02:11:03
	TRXUSDT 	Signal: B

SYMBOL     |   ΔRSI |    STC
----------------------------
TRXUSDT    | B |  37.65
***************************************************************
Number of open positions: 0
Function started at 05.09.2025 02:15:47
	SOLUSDT 	Signal: B
	HYPEUSDT 	Signal: B
	XLMUSDT 	Signal: B
	SKYUSDT 	Signal: B
	FLRUSDT 	Signal: B

SYMBOL     |   ΔRSI |    STC
----------------------------
SKYUSDT    | B |  46.30
***************************************************************
Number of open positions: 0
Function started at 05.09.2025 02:21:04
	HYPEUSDT 	Signal: B
	XLMUSDT 	Signal: B
	SKYUSDT 	Signal: B
	FLRUSDT 	Signal: B

SYMBOL     |   ΔRSI |    STC
----------------------------
SKYUSDT    | B |  46.30
***************************************************************
Number of open positions: 0
Function started at 05.09.2025 02:25:46
	SOLUSDT 	Signal: B
	HYPEUSDT 	Signal: B
	XLMUSDT 	Signal: B
	SKYUSDT 	Signal: B
	FLRUSDT 	Signal: B

SYMBOL     |   ΔRSI |    STC
----------------------------
SKYUSDT    | B |  46.30
***************************************************************
Number of open positions: 0
Function started at 05.09.2025 02:30:48
	XRPUSDT 	Signal: B
	USDCUSDT 	Signal: S

SYMBOL     |   ΔRSI |    STC
----------------------------
XRPUSDT    | B |  45.91
***************************************************************
Number of open positions: 0
Function started at 05.09.2025 02:36:00
	XRPUSDT 	Signal: B
	USDCUSDT 	Signal: S

SYMBOL     |   ΔRSI |    STC
----------------------------
XRPUSDT    | B |  45.91
***************************************************************
Number of open positions: 0
Function started at 05.09.2025 02:41:03
	XRPUSDT 	Signal: B
	USDCUSDT 	Signal: S

SYMBOL     |   ΔRSI |    STC
----------------------------
XRPUSDT    | B |  45.91
***************************************************************
Number of open positions: 0
Function started at 05.09.2025 02:45:46
	POLUSDT 	Signal: B

SYMBOL     |   ΔRSI |    STC
----------------------------
POLUSDT    | B |  29.41
***************************************************************
Number of open positions: 0
Function started at 05.09.2025 02:50:47
	POLUSDT 	Signal: B

SYMBOL     |   ΔRSI |    STC
----------------------------
POLUSDT    | B |  29.18
***************************************************************
Number of open positions: 0
Function started at 05.09.2025 02:56:04
	POLUSDT 	Signal: B

SYMBOL     |   ΔRSI |    STC
----------------------------
POLUSDT    | B |  29.88
***************************************************************
Number of open positions: 0
Function started at 05.09.2025 03:01:18
	AVAXUSDT 	Signal: B
	XMRUSDT 	Signal: B

SYMBOL     |   ΔRSI |    STC
----------------------------
AVAXUSDT   | B |  41.57
***************************************************************
Number of open positions: 0
Function started at 05.09.2025 03:06:07
	AVAXUSDT 	Signal: B
	XMRUSDT 	Signal: B
	FORMUSDT 	Signal: B

SYMBOL     |   ΔRSI |    STC
----------------------------
AVAXUSDT   | B |  41.57
***************************************************************
Number of open positions: 0
Function started at 05.09.2025 03:11:22
	AVAXUSDT 	Signal: B
	XMRUSDT 	Signal: B
	FORMUSDT 	Signal: B

SYMBOL     |   ΔRSI |    STC
----------------------------
AVAXUSDT   | B |  41.57
***************************************************************
Number of open positions: 0
Function started at 05.09.2025 03:15:49
	FORMUSDT 	Signal: B

SYMBOL     |   ΔRSI |    STC
----------------------------
FORMUSDT   | B |  40.68
***************************************************************
Number of open positions: 0
Function started at 05.09.2025 03:20:48
	FORMUSDT 	Signal: B

SYMBOL     |   ΔRSI |    STC
----------------------------
FORMUSDT   | B |  40.68
***************************************************************
Number of open positions: 0
Function started at 05.09.2025 03:26:06
	FORMUSDT 	Signal: B

SYMBOL     |   ΔRSI |    STC
----------------------------
FORMUSDT   | B |  40.68
***************************************************************
Number of open positions: 0
Function started at 05.09.2025 03:31:12
	XDCUSDT 	Signal: S

SYMBOL     |   ΔRSI |    STC
----------------------------
XDCUSDT    | S |  94.01
***************************************************************
Number of open positions: 0
Function started at 05.09.2025 03:35:48
	XDCUSDT 	Signal: S

SYMBOL     |   ΔRSI |    STC
----------------------------
XDCUSDT    | S |  93.27
***************************************************************
Number of open positions: 0
Function started at 05.09.2025 03:41:08
	XDCUSDT 	Signal: S

SYMBOL     |   ΔRSI |    STC
----------------------------
XDCUSDT    | S |  93.69
***************************************************************
Number of open positions: 0
Function started at 05.09.2025 03:46:05

SYMBOL     |   ΔRSI |    STC
----------------------------
Function finished at 05.09.2025 03:46:35
***************************************************************
Number of open positions: 0
Function started at 05.09.2025 03:51:04

SYMBOL     |   ΔRSI |    STC
----------------------------
Function finished at 05.09.2025 03:51:24
***************************************************************
Number of open positions: 0
Function started at 05.09.2025 03:56:06

SYMBOL     |   ΔRSI |    STC
----------------------------
Function finished at 05.09.2025 03:56:37
***************************************************************
Number of open positions: 0
Function started at 05.09.2025 04:00:48
	USDEUSDT 	Signal: B

SYMBOL     |   ΔRSI |    STC
----------------------------
Function finished at 05.09.2025 04:01:10
***************************************************************
Number of open positions: 0
Function started at 05.09.2025 04:06:05

SYMBOL     |   ΔRSI |    STC
----------------------------
Function finished at 05.09.2025 04:06:36
***************************************************************
Number of open positions: 0
Function started at 05.09.2025 04:11:06

SYMBOL     |   ΔRSI |    STC
----------------------------
Function finished at 05.09.2025 04:11:37
***************************************************************
Number of open positions: 0
Function started at 05.09.2025 04:16:04

SYMBOL     |   ΔRSI |    STC
----------------------------
Function finished at 05.09.2025 04:16:35
***************************************************************
Number of open positions: 0
Function started at 05.09.2025 04:21:02

SYMBOL     |   ΔRSI |    STC
----------------------------
Function finished at 05.09.2025 04:21:20
***************************************************************
Number of open positions: 0
Function started at 05.09.2025 04:25:49

SYMBOL     |   ΔRSI |    STC
----------------------------
Function finished at 05.09.2025 04:26:20
***************************************************************
Number of open positions: 0
Function started at 05.09.2025 04:30:46

SYMBOL     |   ΔRSI |    STC
----------------------------
Function finished at 05.09.2025 04:31:17
***************************************************************
Number of open positions: 0
Function started at 05.09.2025 04:36:08

SYMBOL     |   ΔRSI |    STC
----------------------------
Function finished at 05.09.2025 04:36:39
***************************************************************
Number of open positions: 0
Function started at 05.09.2025 04:41:06

SYMBOL     |   ΔRSI |    STC
----------------------------
Function finished at 05.09.2025 04:41:26
***************************************************************
Number of open positions: 0
Function started at 05.09.2025 04:46:08

SYMBOL     |   ΔRSI |    STC
----------------------------
Function finished at 05.09.2025 04:46:29
***************************************************************
Number of open positions: 0
Function started at 05.09.2025 04:50:48

SYMBOL     |   ΔRSI |    STC
----------------------------
Function finished at 05.09.2025 04:51:08
***************************************************************
Number of open positions: 0
Function started at 05.09.2025 04:55:47

SYMBOL     |   ΔRSI |    STC
----------------------------
Function finished at 05.09.2025 04:56:17
***************************************************************
Number of open positions: 0
Function started at 05.09.2025 05:01:20

SYMBOL     |   ΔRSI |    STC
----------------------------
Function finished at 05.09.2025 05:01:52
***************************************************************
Number of open positions: 0
Function started at 05.09.2025 05:05:50

SYMBOL     |   ΔRSI |    STC
----------------------------
Function finished at 05.09.2025 05:06:21
***************************************************************
Number of open positions: 0
Function started at 05.09.2025 05:10:49

SYMBOL     |   ΔRSI |    STC
----------------------------
Function finished at 05.09.2025 05:11:20
***************************************************************
Number of open positions: 0
Function started at 05.09.2025 05:16:17
	BCHUSDT 	Signal: S
	XAUTUSDT 	Signal: B

SYMBOL     |   ΔRSI |    STC
----------------------------
BCHUSDT    | S |  94.67
***************************************************************
Number of open positions: 0
Function started at 05.09.2025 05:21:06
	BCHUSDT 	Signal: S
	XAUTUSDT 	Signal: B

SYMBOL     |   ΔRSI |    STC
----------------------------
BCHUSDT    | S |  95.33
***************************************************************
Number of open positions: 0
Function started at 05.09.2025 05:25:51
	BCHUSDT 	Signal: S
	XAUTUSDT 	Signal: B

SYMBOL     |   ΔRSI |    STC
----------------------------
BCHUSDT    | S |  95.33
***************************************************************
Number of open positions: 0
Function started at 05.09.2025 05:31:00
	AVAXUSDT 	Signal: S

SYMBOL     |   ΔRSI |    STC
----------------------------
AVAXUSDT   | S |  91.96
***************************************************************
Number of open positions: 0
Function started at 05.09.2025 05:35:50
	AVAXUSDT 	Signal: S

SYMBOL     |   ΔRSI |    STC
----------------------------
AVAXUSDT   | S |  92.02
***************************************************************
Number of open positions: 0
Function started at 05.09.2025 05:40:50
	AVAXUSDT 	Signal: S

SYMBOL     |   ΔRSI |    STC
----------------------------
AVAXUSDT   | S |  92.07
***************************************************************
Number of open positions: 0
Function started at 05.09.2025 05:46:03

SYMBOL     |   ΔRSI |    STC
----------------------------
Function finished at 05.09.2025 05:46:23
***************************************************************
Number of open positions: 0
Function started at 05.09.2025 05:50:48

SYMBOL     |   ΔRSI |    STC
----------------------------
Function finished at 05.09.2025 05:51:17
***************************************************************
Number of open positions: 0
Function started at 05.09.2025 05:55:47

SYMBOL     |   ΔRSI |    STC
----------------------------
Function finished at 05.09.2025 05:56:17
***************************************************************
Number of open positions: 0
Function started at 05.09.2025 06:00:47
	USDCUSDT 	Signal: B

SYMBOL     |   ΔRSI |    STC
----------------------------
Function finished at 05.09.2025 06:01:17
***************************************************************
Number of open positions: 0
Function started at 05.09.2025 06:05:49

SYMBOL     |   ΔRSI |    STC
----------------------------
Function finished at 05.09.2025 06:06:19
***************************************************************
Number of open positions: 0
Function started at 05.09.2025 06:11:00
	USDCUSDT 	Signal: B
	MNTUSDT 	Signal: B

SYMBOL     |   ΔRSI |    STC
----------------------------
MNTUSDT    | B |  33.33
***************************************************************
Number of open positions: 0
Function started at 05.09.2025 06:15:59
	WLFIUSDT 	Signal: S

SYMBOL     |   ΔRSI |    STC
----------------------------
WLFIUSDT   | S |  66.67
***************************************************************
Number of open positions: 0
Function started at 05.09.2025 06:21:20
	WLFIUSDT 	Signal: S

SYMBOL     |   ΔRSI |    STC
----------------------------
WLFIUSDT   | S |  66.67
***************************************************************
Number of open positions: 0
Function started at 05.09.2025 06:26:22
	WLFIUSDT 	Signal: S

SYMBOL     |   ΔRSI |    STC
----------------------------
WLFIUSDT   | S |  66.67
{'retCode': 0, 'retMsg': 'OK', 'result': {}, 'retExtInfo': {}, 'time': 1757039204928}
Last close price for WLFIUSDT: 0.1802
Opening Sell for  WLFIUSDT
TP: 0.178398
SL: 0.183804
TS: 0.001802
Order Quantity: 55493.9
Adjusted qty: 55494.0
Final Adjusted qty: 55493.0
80000.0
{'retCode': 0, 'retMsg': 'OK', 'result': {'orderId': '25637007-403a-4854-8e4f-c6774e0b9f1d', 'orderLinkId': ''}, 'retExtInfo': {}, 'time': 1757039206152}
25637007-403a-4854-8e4f-c6774e0b9f1d
fetching trade data for :  25637007-403a-4854-8e4f-c6774e0b9f1d
[{'symbol': 'WLFIUSDT', 'orderType': 'Market', 'underlyingPrice': '', 'orderLinkId': '', 'orderId': '25637007-403a-4854-8e4f-c6774e0b9f1d', 'stopOrderType': 'UNKNOWN', 'execTime': '1757039206152', 'feeCurrency': '', 'createType': 'CreateByUser', 'execFeeV2': '', 'feeRate': '0.00055', 'tradeIv': '', 'blockTradeId': '', 'markPrice': '0.1802', 'execPrice': '0.1803', 'markIv': '', 'orderQty': '55493', 'orderPrice': '0.1532', 'execValue': '10005.3879', 'closedSize': '0', 'execType': 'Trade', 'seq': 140612496575509, 'side': 'Sell', 'indexPrice': '', 'leavesQty': '0', 'isMaker': False, 'execFee': '5.50296335', 'execId': 'ad5d5636-ddd2-43d8-8932-64e4d2b54536', 'marketUnit': '', 'execQty': '55493', 'extraFees': ''}]
Trades inserted successfully.
None
1
resultOK: 1 <class 'int'>
Function finished at 05.09.2025 06:26:55
***************************************************************
Number of open positions: 1
Function started at 05.09.2025 06:30:45

SYMBOL     |   ΔRSI |    STC
----------------------------
Function finished at 05.09.2025 06:31:14
***************************************************************
Number of open positions: 0
Function started at 05.09.2025 06:36:04

SYMBOL     |   ΔRSI |    STC
----------------------------
Function finished at 05.09.2025 06:36:23
***************************************************************
Number of open positions: 0
Function started at 05.09.2025 06:41:02

SYMBOL     |   ΔRSI |    STC
----------------------------
Function finished at 05.09.2025 06:41:22
***************************************************************
Number of open positions: 0
Function started at 05.09.2025 06:46:10
	USDEUSDT 	Signal: S

SYMBOL     |   ΔRSI |    STC
----------------------------
Function finished at 05.09.2025 06:46:40
***************************************************************
Number of open positions: 0
Function started at 05.09.2025 06:51:10
	USDEUSDT 	Signal: S

SYMBOL     |   ΔRSI |    STC
----------------------------
Function finished at 05.09.2025 06:51:29
***************************************************************
Number of open positions: 0
Function started at 05.09.2025 06:53:27
	USDEUSDT 	Signal: S
USDEUSDT 	Latest Close: (1.0) 	SMA(14) : 1.00 	Delta :  	Previous STC : 96.92 	STC : 91.21

SYMBOL     |   ΔRSI |    STC
----------------------------
Function finished at 05.09.2025 06:53:48
***************************************************************
Number of open positions: 0
Function started at 05.09.2025 06:55:47
	USDEUSDT 	Signal: S
USDEUSDT 	Latest Close: (1.0) 	SMA(14) : 1.00 	Delta :  	Previous STC : 96.92 	STC : 91.21

SYMBOL     |   ΔRSI |    STC
----------------------------
Function finished at 05.09.2025 06:56:08
***************************************************************
Number of open positions: 0
Function started at 05.09.2025 07:00:46
	USD1USDT 	Signal: S
USD1USDT 	Latest Close: (0.9979) 	SMA(14) : 1.00 	Delta :  	Previous STC : 97.08 	STC : 90.74

SYMBOL     |   ΔRSI |    STC
----------------------------
Function finished at 05.09.2025 07:01:16
***************************************************************
Number of open positions: 0
Function started at 05.09.2025 07:05:46
	USD1USDT 	Signal: S
USD1USDT 	Latest Close: (0.9976) 	SMA(14) : 1.00 	Delta :  	Previous STC : 97.08 	STC : 90.32

SYMBOL     |   ΔRSI |    STC
----------------------------
Function finished at 05.09.2025 07:06:14
***************************************************************
Number of open positions: 0
Function started at 05.09.2025 07:10:57
	CROUSDT 	Signal: S
CROUSDT 	Latest Close: (0.26476) 	SMA(14) : 0.27 	Delta :  	Previous STC : 100.00 	STC : 95.92
	USD1USDT 	Signal: S
USD1USDT 	Latest Close: (0.9977) 	SMA(14) : 1.00 	Delta :  	Previous STC : 97.08 	STC : 90.46

SYMBOL     |   ΔRSI |    STC
----------------------------
CROUSDT    | S |  95.92
{'retCode': 0, 'retMsg': 'OK', 'result': {}, 'retExtInfo': {}, 'time': 1757041879818}
Last close price for CROUSDT: 0.26467
Opening Sell for  CROUSDT
TP: 0.2620233
SL: 0.2699634
TS: 0.0026467
Order Quantity: 75565.8
Adjusted qty: 75566.0
Final Adjusted qty: 75565.0
79800.0
{'retCode': 0, 'retMsg': 'OK', 'result': {'orderId': '26918ac8-f328-4c14-abf2-edf5ecd92b38', 'orderLinkId': ''}, 'retExtInfo': {}, 'time': 1757041880992}
26918ac8-f328-4c14-abf2-edf5ecd92b38
fetching trade data for :  26918ac8-f328-4c14-abf2-edf5ecd92b38
[{'symbol': 'CROUSDT', 'orderType': 'Market', 'underlyingPrice': '', 'orderLinkId': '', 'orderId': '26918ac8-f328-4c14-abf2-edf5ecd92b38', 'stopOrderType': 'UNKNOWN', 'execTime': '1757041880992', 'feeCurrency': '', 'createType': 'CreateByUser', 'execFeeV2': '', 'feeRate': '0.00055', 'tradeIv': '', 'blockTradeId': '', 'markPrice': '0.26474', 'execPrice': '0.26467', 'markIv': '', 'orderQty': '75565', 'orderPrice': '0.23827', 'execValue': '19999.78855', 'closedSize': '0', 'execType': 'Trade', 'seq': 140612496659471, 'side': 'Sell', 'indexPrice': '', 'leavesQty': '0', 'isMaker': False, 'execFee': '10.99988371', 'execId': '016fad4b-4385-45a9-9d2b-2f0e8168c242', 'marketUnit': '', 'execQty': '75565', 'extraFees': ''}]
Trades inserted successfully.
None
1
resultOK: 1 <class 'int'>
Function finished at 05.09.2025 07:11:30
***************************************************************
Number of open positions: 1
Function started at 05.09.2025 07:16:17
	CROUSDT 	Signal: S
CROUSDT 	Latest Close: (0.26457) 	SMA(14) : 0.27 	Delta :  	Previous STC : 96.10 	STC : 72.78
	XDCUSDT 	Signal: B
XDCUSDT 	Latest Close: (0.07745) 	SMA(14) : 0.08 	Delta :  	Previous STC : 7.61 	STC : 27.82

SYMBOL     |   ΔRSI |    STC
----------------------------
CROUSDT    | S |  72.78
***************************************************************
Number of open positions: 1
Function started at 05.09.2025 07:17:46
	CROUSDT 	Signal: S
CROUSDT 	Latest Close: (0.26421) 	SMA(14) : 0.27 	Delta :  	Previous STC : 96.10 	STC : 71.68
	XDCUSDT 	Signal: B
XDCUSDT 	Latest Close: (0.07745) 	SMA(14) : 0.08 	Delta :  	Previous STC : 7.61 	STC : 27.82

SYMBOL     |   ΔRSI |    STC
----------------------------
CROUSDT    | S |  71.68
***************************************************************
Number of open positions: 2
Function started at 05.09.2025 07:40:47

SYMBOL     |   ΔRSI |    STC
----------------------------
Function finished at 05.09.2025 07:41:18
***************************************************************
Number of open positions: 2
Function started at 05.09.2025 07:46:06

SYMBOL     |   ΔRSI |    STC
----------------------------
Function finished at 05.09.2025 07:46:36
***************************************************************
Number of open positions: 2
Function started at 05.09.2025 07:50:45

SYMBOL     |   ΔRSI |    STC
----------------------------
Function finished at 05.09.2025 07:51:15
