2025-10-09 18:19:14 | INFO | TRIANGLE OPTIMIZER STARTED
2025-10-09 18:19:14 | INFO | API connection established
2025-10-09 18:19:14 | INFO | PARAMETER OPTIMIZATION STARTED
2025-10-09 18:19:24 | ERROR | Error getting data for MATICUSDT: 'timestamp'
2025-10-09 18:19:25 | ERROR | Error getting data for MATICUSDT: 'timestamp'
2025-10-09 18:19:25 | ERROR | Error getting data for MATICUSDT: 'timestamp'
2025-10-09 18:19:25 | ERROR | Error getting data for MATICUSDT: 'timestamp'
2025-10-09 18:19:25 | ERROR | Error getting data for MATICUSDT: 'timestamp'
2025-10-09 18:19:25 | ERROR | Error getting data for MATICUSDT: 'timestamp'
2025-10-09 18:19:25 | ERROR | Error getting data for MATICUSDT: 'timestamp'
2025-10-09 18:19:25 | ERROR | Error getting data for MATICUSDT: 'timestamp'
2025-10-09 18:19:26 | ERROR | Error getting data for MATICUSDT: 'timestamp'
2025-10-09 18:19:26 | ERROR | Error getting data for MATICUSDT: 'timestamp'
2025-10-09 18:19:29 | ERROR | Error getting data for FTMUSDT: 'timestamp'
2025-10-09 18:19:30 | ERROR | Error getting data for FTMUSDT: 'timestamp'
2025-10-09 18:19:30 | ERROR | Error getting data for FTMUSDT: 'timestamp'
2025-10-09 18:19:30 | ERROR | Error getting data for FTMUSDT: 'timestamp'
2025-10-09 18:19:30 | ERROR | Error getting data for FTMUSDT: 'timestamp'
2025-10-09 18:19:30 | ERROR | Error getting data for FTMUSDT: 'timestamp'
2025-10-09 18:19:30 | ERROR | Error getting data for FTMUSDT: 'timestamp'
2025-10-09 18:19:30 | ERROR | Error getting data for FTMUSDT: 'timestamp'
2025-10-09 18:19:30 | ERROR | Error getting data for FTMUSDT: 'timestamp'
2025-10-09 18:19:31 | ERROR | Error getting data for FTMUSDT: 'timestamp'
2025-10-09 18:19:45 | ERROR | Error getting data for MATICUSDT: 'timestamp'
2025-10-09 18:19:46 | ERROR | Error getting data for MATICUSDT: 'timestamp'
2025-10-09 18:19:46 | ERROR | Error getting data for MATICUSDT: 'timestamp'
2025-10-09 18:19:46 | ERROR | Error getting data for MATICUSDT: 'timestamp'
2025-10-09 18:19:47 | ERROR | Error getting data for MATICUSDT: 'timestamp'
2025-10-09 18:19:47 | ERROR | Error getting data for MATICUSDT: 'timestamp'
2025-10-09 18:19:47 | ERROR | Error getting data for MATICUSDT: 'timestamp'
2025-10-09 18:19:48 | ERROR | Error getting data for MATICUSDT: 'timestamp'
2025-10-09 18:19:48 | ERROR | Error getting data for MATICUSDT: 'timestamp'
2025-10-09 18:19:49 | ERROR | Error getting data for MATICUSDT: 'timestamp'
2025-10-09 18:19:50 | ERROR | Error getting data for FTMUSDT: 'timestamp'
2025-10-09 18:19:50 | ERROR | Error getting data for FTMUSDT: 'timestamp'
2025-10-09 18:19:51 | ERROR | Error getting data for FTMUSDT: 'timestamp'
2025-10-09 18:19:51 | ERROR | Error getting data for FTMUSDT: 'timestamp'
2025-10-09 18:19:51 | ERROR | Error getting data for FTMUSDT: 'timestamp'
2025-10-09 18:19:52 | ERROR | Error getting data for FTMUSDT: 'timestamp'
2025-10-09 18:19:53 | ERROR | Error getting data for FTMUSDT: 'timestamp'
2025-10-09 18:19:53 | ERROR | Error getting data for FTMUSDT: 'timestamp'
2025-10-09 18:19:53 | ERROR | Error getting data for FTMUSDT: 'timestamp'
2025-10-09 18:19:54 | ERROR | Error getting data for FTMUSDT: 'timestamp'
2025-10-09 18:20:06 | ERROR | Error getting data for MATICUSDT: 'timestamp'
2025-10-09 18:20:06 | ERROR | Error getting data for MATICUSDT: 'timestamp'
2025-10-09 18:20:06 | ERROR | Error getting data for MATICUSDT: 'timestamp'
2025-10-09 18:20:08 | ERROR | Error getting data for MATICUSDT: 'timestamp'
2025-10-09 18:20:08 | ERROR | Error getting data for MATICUSDT: 'timestamp'
2025-10-09 18:20:09 | ERROR | Error getting data for MATICUSDT: 'timestamp'
2025-10-09 18:20:09 | ERROR | Error getting data for MATICUSDT: 'timestamp'
2025-10-09 18:20:09 | ERROR | Error getting data for MATICUSDT: 'timestamp'
2025-10-09 18:20:10 | ERROR | Error getting data for MATICUSDT: 'timestamp'
2025-10-09 18:20:10 | ERROR | Error getting data for FTMUSDT: 'timestamp'
2025-10-09 18:20:11 | ERROR | Error getting data for MATICUSDT: 'timestamp'
2025-10-09 18:20:12 | ERROR | Error getting data for FTMUSDT: 'timestamp'
2025-10-09 18:20:12 | ERROR | Error getting data for FTMUSDT: 'timestamp'
2025-10-09 18:20:13 | ERROR | Error getting data for FTMUSDT: 'timestamp'
2025-10-09 18:20:13 | ERROR | Error getting data for FTMUSDT: 'timestamp'
2025-10-09 18:20:14 | ERROR | Error getting data for FTMUSDT: 'timestamp'
2025-10-09 18:20:14 | ERROR | Error getting data for FTMUSDT: 'timestamp'
2025-10-09 18:20:15 | ERROR | Error getting data for FTMUSDT: 'timestamp'
2025-10-09 18:20:15 | ERROR | Error getting data for FTMUSDT: 'timestamp'
2025-10-09 18:20:15 | ERROR | Error getting data for FTMUSDT: 'timestamp'
2025-10-09 18:20:26 | ERROR | Error getting data for MATICUSDT: 'timestamp'
2025-10-09 18:20:28 | ERROR | Error getting data for MATICUSDT: 'timestamp'
2025-10-09 18:20:28 | ERROR | Error getting data for MATICUSDT: 'timestamp'
2025-10-09 18:20:30 | ERROR | Error getting data for MATICUSDT: 'timestamp'
2025-10-09 18:20:30 | ERROR | Error getting data for MATICUSDT: 'timestamp'
2025-10-09 18:20:31 | ERROR | Error getting data for FTMUSDT: 'timestamp'
2025-10-09 18:20:31 | ERROR | Error getting data for MATICUSDT: 'timestamp'
2025-10-09 18:20:31 | ERROR | Error getting data for MATICUSDT: 'timestamp'
2025-10-09 18:20:31 | ERROR | Error getting data for MATICUSDT: 'timestamp'
2025-10-09 18:20:32 | ERROR | Error getting data for MATICUSDT: 'timestamp'
2025-10-09 18:20:32 | ERROR | Error getting data for MATICUSDT: 'timestamp'
2025-10-09 18:20:34 | ERROR | Error getting data for FTMUSDT: 'timestamp'
2025-10-09 18:20:34 | ERROR | Error getting data for FTMUSDT: 'timestamp'
2025-10-09 18:20:34 | ERROR | Error getting data for FTMUSDT: 'timestamp'
2025-10-09 18:20:36 | ERROR | Error getting data for FTMUSDT: 'timestamp'
2025-10-09 18:20:36 | ERROR | Error getting data for FTMUSDT: 'timestamp'
2025-10-09 18:20:36 | ERROR | Error getting data for FTMUSDT: 'timestamp'
2025-10-09 18:20:36 | ERROR | Error getting data for FTMUSDT: 'timestamp'
2025-10-09 18:20:36 | ERROR | Error getting data for FTMUSDT: 'timestamp'
2025-10-09 18:20:37 | ERROR | Error getting data for FTMUSDT: 'timestamp'
2025-10-09 18:20:46 | ERROR | Error getting data for MATICUSDT: 'timestamp'
2025-10-09 18:20:50 | ERROR | Error getting data for MATICUSDT: 'timestamp'
2025-10-09 18:20:50 | ERROR | Error getting data for MATICUSDT: 'timestamp'
2025-10-09 18:20:51 | ERROR | Error getting data for MATICUSDT: 'timestamp'
2025-10-09 18:20:52 | ERROR | Error getting data for FTMUSDT: 'timestamp'
2025-10-09 18:20:52 | ERROR | Error getting data for MATICUSDT: 'timestamp'
2025-10-09 18:20:53 | ERROR | Error getting data for MATICUSDT: 'timestamp'
2025-10-09 18:20:53 | ERROR | Error getting data for MATICUSDT: 'timestamp'
2025-10-09 18:20:53 | ERROR | Error getting data for MATICUSDT: 'timestamp'
2025-10-09 18:20:53 | ERROR | Error getting data for MATICUSDT: 'timestamp'
2025-10-09 18:20:54 | ERROR | Error getting data for MATICUSDT: 'timestamp'
2025-10-09 18:20:55 | ERROR | Error getting data for FTMUSDT: 'timestamp'
2025-10-09 18:20:55 | ERROR | Error getting data for FTMUSDT: 'timestamp'
2025-10-09 18:20:56 | ERROR | Error getting data for FTMUSDT: 'timestamp'
2025-10-09 18:20:57 | ERROR | Error getting data for FTMUSDT: 'timestamp'
2025-10-09 18:20:57 | ERROR | Error getting data for FTMUSDT: 'timestamp'
2025-10-09 18:20:58 | ERROR | Error getting data for FTMUSDT: 'timestamp'
2025-10-09 18:20:58 | ERROR | Error getting data for FTMUSDT: 'timestamp'
2025-10-09 18:20:58 | ERROR | Error getting data for FTMUSDT: 'timestamp'
2025-10-09 18:21:00 | ERROR | Error getting data for FTMUSDT: 'timestamp'
2025-10-09 18:21:07 | ERROR | Error getting data for MATICUSDT: 'timestamp'
2025-10-09 18:21:11 | ERROR | Error getting data for MATICUSDT: 'timestamp'
2025-10-09 18:21:11 | ERROR | Error getting data for MATICUSDT: 'timestamp'
2025-10-09 18:21:12 | ERROR | Error getting data for FTMUSDT: 'timestamp'
2025-10-09 18:21:12 | ERROR | Error getting data for MATICUSDT: 'timestamp'
2025-10-09 18:21:14 | ERROR | Error getting data for MATICUSDT: 'timestamp'
2025-10-09 18:21:14 | ERROR | Error getting data for MATICUSDT: 'timestamp'
2025-10-09 18:21:14 | ERROR | Error getting data for MATICUSDT: 'timestamp'
2025-10-09 18:21:15 | ERROR | Error getting data for FTMUSDT: 'timestamp'
2025-10-09 18:21:15 | ERROR | Error getting data for MATICUSDT: 'timestamp'
2025-10-09 18:21:16 | ERROR | Error getting data for MATICUSDT: 'timestamp'
2025-10-09 18:21:16 | ERROR | Error getting data for MATICUSDT: 'timestamp'
2025-10-09 18:21:17 | ERROR | Error getting data for FTMUSDT: 'timestamp'
2025-10-09 18:21:17 | ERROR | Error getting data for FTMUSDT: 'timestamp'
2025-10-09 18:21:19 | ERROR | Error getting data for FTMUSDT: 'timestamp'
2025-10-09 18:21:20 | ERROR | Error getting data for FTMUSDT: 'timestamp'
2025-10-09 18:21:20 | ERROR | Error getting data for FTMUSDT: 'timestamp'
2025-10-09 18:21:20 | ERROR | Error getting data for FTMUSDT: 'timestamp'
2025-10-09 18:21:21 | ERROR | Error getting data for FTMUSDT: 'timestamp'
2025-10-09 18:21:22 | ERROR | Error getting data for FTMUSDT: 'timestamp'
2025-10-09 18:21:27 | ERROR | Error getting data for MATICUSDT: 'timestamp'
2025-10-09 18:21:30 | ERROR | Error getting data for MATICUSDT: 'timestamp'
2025-10-09 18:21:33 | ERROR | Error getting data for FTMUSDT: 'timestamp'
2025-10-09 18:21:33 | ERROR | Error getting data for MATICUSDT: 'timestamp'
2025-10-09 18:21:34 | ERROR | Error getting data for MATICUSDT: 'timestamp'
2025-10-09 18:21:35 | ERROR | Error getting data for FTMUSDT: 'timestamp'
2025-10-09 18:21:35 | ERROR | Error getting data for MATICUSDT: 'timestamp'
2025-10-09 18:21:36 | ERROR | Error getting data for MATICUSDT: 'timestamp'
2025-10-09 18:21:36 | ERROR | Error getting data for MATICUSDT: 'timestamp'
2025-10-09 18:21:37 | ERROR | Error getting data for MATICUSDT: 'timestamp'
2025-10-09 18:21:37 | ERROR | Error getting data for MATICUSDT: 'timestamp'
2025-10-09 18:21:38 | ERROR | Error getting data for FTMUSDT: 'timestamp'
2025-10-09 18:21:39 | ERROR | Error getting data for FTMUSDT: 'timestamp'
2025-10-09 18:21:39 | ERROR | Error getting data for MATICUSDT: 'timestamp'
2025-10-09 18:21:41 | ERROR | Error getting data for FTMUSDT: 'timestamp'
2025-10-09 18:21:41 | ERROR | Error getting data for FTMUSDT: 'timestamp'
2025-10-09 18:21:41 | ERROR | Error getting data for FTMUSDT: 'timestamp'
2025-10-09 18:21:42 | ERROR | Error getting data for FTMUSDT: 'timestamp'
2025-10-09 18:21:42 | ERROR | Error getting data for FTMUSDT: 'timestamp'
2025-10-09 18:21:45 | ERROR | Error getting data for FTMUSDT: 'timestamp'
2025-10-09 18:21:48 | ERROR | Error getting data for MATICUSDT: 'timestamp'
