2025-08-29 17:42:09,274 - DEBUG - Initializing HTTP session.
2025-08-29 17:42:09,276 - DEBUG - Starting new HTTPS connection (1): api-demo.bybit.com:443
2025-08-29 17:42:11,676 - DEBUG - https://api-demo.bybit.com:443 "GET /v5/position/list?category=linear&settleCoin=USDT HTTP/1.1" 200 None
2025-08-29 17:42:12,306 - DEBUG - https://api-demo.bybit.com:443 "GET /v5/market/tickers?category=linear HTTP/1.1" 200 None
2025-08-29 17:42:13,009 - DEBUG - Starting new HTTPS connection (1): api.coingecko.com:443
2025-08-29 17:42:14,547 - DEBUG - https://api.coingecko.com:443 "GET /api/v3/coins/markets?order=market_cap_desc&per_page=100&page=1&vs_currency=usd HTTP/1.1" 200 None
2025-08-29 17:42:15,044 - DEBUG - https://api-demo.bybit.com:443 "GET /v5/market/kline?interval=240&limit=400&symbol=PYTHUSDT HTTP/1.1" 200 None
2025-08-29 17:42:15,627 - DEBUG - https://api-demo.bybit.com:443 "GET /v5/market/kline?interval=240&limit=400&symbol=DOGEUSDT HTTP/1.1" 200 None
2025-08-29 17:42:16,165 - DEBUG - https://api-demo.bybit.com:443 "GET /v5/market/kline?interval=240&limit=400&symbol=PENGUUSDT HTTP/1.1" 200 None
2025-08-29 17:42:16,815 - DEBUG - https://api-demo.bybit.com:443 "GET /v5/market/kline?interval=240&limit=400&symbol=CROUSDT HTTP/1.1" 200 None
2025-08-29 17:42:17,615 - DEBUG - https://api-demo.bybit.com:443 "GET /v5/market/kline?interval=240&limit=400&symbol=ENAUSDT HTTP/1.1" 200 None
2025-08-29 17:42:18,149 - DEBUG - https://api-demo.bybit.com:443 "GET /v5/market/kline?interval=240&limit=400&symbol=ADAUSDT HTTP/1.1" 200 None
2025-08-29 17:42:18,687 - DEBUG - https://api-demo.bybit.com:443 "GET /v5/market/kline?interval=240&limit=400&symbol=HBARUSDT HTTP/1.1" 200 None
2025-08-29 17:42:19,215 - DEBUG - https://api-demo.bybit.com:443 "GET /v5/market/kline?interval=240&limit=400&symbol=VETUSDT HTTP/1.1" 200 None
2025-08-29 17:42:19,735 - DEBUG - https://api-demo.bybit.com:443 "GET /v5/market/kline?interval=240&limit=400&symbol=XRPUSDT HTTP/1.1" 200 None
2025-08-29 17:42:20,271 - DEBUG - https://api-demo.bybit.com:443 "GET /v5/market/kline?interval=240&limit=400&symbol=ARBUSDT HTTP/1.1" 200 None
2025-08-29 17:42:21,030 - DEBUG - https://api-demo.bybit.com:443 "GET /v5/market/kline?interval=240&limit=400&symbol=SEIUSDT HTTP/1.1" 200 None
2025-08-29 17:42:21,626 - DEBUG - https://api-demo.bybit.com:443 "GET /v5/market/kline?interval=240&limit=400&symbol=KASUSDT HTTP/1.1" 200 None
2025-08-29 17:42:22,214 - DEBUG - https://api-demo.bybit.com:443 "GET /v5/market/kline?interval=240&limit=400&symbol=XLMUSDT HTTP/1.1" 200 None
2025-08-29 17:42:22,750 - DEBUG - https://api-demo.bybit.com:443 "GET /v5/market/kline?interval=240&limit=400&symbol=MNTUSDT HTTP/1.1" 200 None
2025-08-29 17:42:23,454 - DEBUG - https://api-demo.bybit.com:443 "GET /v5/market/kline?interval=240&limit=400&symbol=POLUSDT HTTP/1.1" 200 None
2025-08-29 17:42:24,044 - DEBUG - https://api-demo.bybit.com:443 "GET /v5/market/kline?interval=240&limit=400&symbol=JUPUSDT HTTP/1.1" 200 None
2025-08-29 17:42:24,629 - DEBUG - https://api-demo.bybit.com:443 "GET /v5/market/kline?interval=240&limit=400&symbol=TRXUSDT HTTP/1.1" 200 None
2025-08-29 17:42:25,349 - DEBUG - https://api-demo.bybit.com:443 "GET /v5/market/kline?interval=240&limit=400&symbol=ONDOUSDT HTTP/1.1" 200 None
2025-08-29 17:42:26,066 - DEBUG - https://api-demo.bybit.com:443 "GET /v5/market/kline?interval=240&limit=400&symbol=SUIUSDT HTTP/1.1" 200 None
2025-08-29 17:42:26,666 - DEBUG - https://api-demo.bybit.com:443 "GET /v5/market/kline?interval=240&limit=400&symbol=ALGOUSDT HTTP/1.1" 200 None
2025-08-29 17:42:27,193 - DEBUG - https://api-demo.bybit.com:443 "GET /v5/market/kline?interval=240&limit=400&symbol=WLDUSDT HTTP/1.1" 200 None
2025-08-29 17:42:27,848 - DEBUG - https://api-demo.bybit.com:443 "GET /v5/market/kline?interval=240&limit=400&symbol=FLRUSDT HTTP/1.1" 200 None
2025-08-29 17:42:28,424 - DEBUG - https://api-demo.bybit.com:443 "GET /v5/market/kline?interval=240&limit=400&symbol=NEARUSDT HTTP/1.1" 200 None
2025-08-29 17:42:28,954 - DEBUG - https://api-demo.bybit.com:443 "GET /v5/market/kline?interval=240&limit=400&symbol=LINKUSDT HTTP/1.1" 200 None
2025-08-29 17:42:29,599 - DEBUG - https://api-demo.bybit.com:443 "GET /v5/market/kline?interval=240&limit=400&symbol=SOLUSDT HTTP/1.1" 200 None
2025-08-29 17:42:30,310 - DEBUG - https://api-demo.bybit.com:443 "GET /v5/market/kline?interval=240&limit=400&symbol=XDCUSDT HTTP/1.1" 200 None
2025-08-29 17:42:30,911 - DEBUG - https://api-demo.bybit.com:443 "GET /v5/market/kline?interval=240&limit=400&symbol=DOTUSDT HTTP/1.1" 200 None
2025-08-29 17:42:31,630 - DEBUG - https://api-demo.bybit.com:443 "GET /v5/market/kline?interval=240&limit=400&symbol=TONUSDT HTTP/1.1" 200 None
2025-08-29 17:42:32,167 - DEBUG - https://api-demo.bybit.com:443 "GET /v5/market/kline?interval=240&limit=400&symbol=TIAUSDT HTTP/1.1" 200 None
2025-08-29 17:42:32,183 - DEBUG - Initializing HTTP session.
2025-08-29 17:42:32,185 - DEBUG - Starting new HTTPS connection (1): api-demo.bybit.com:443
2025-08-29 17:42:32,806 - DEBUG - https://api-demo.bybit.com:443 "GET /v5/market/kline?interval=240&limit=400&symbol=FILUSDT HTTP/1.1" 200 None
2025-08-29 17:42:33,506 - DEBUG - https://api-demo.bybit.com:443 "GET /v5/market/kline?interval=240&limit=400&symbol=SKYUSDT HTTP/1.1" 200 None
2025-08-29 17:42:33,847 - DEBUG - https://api-demo.bybit.com:443 "GET /v5/position/list?category=linear&settleCoin=USDT HTTP/1.1" 200 None
2025-08-29 17:42:34,174 - DEBUG - https://api-demo.bybit.com:443 "GET /v5/market/kline?interval=240&limit=400&symbol=TRUMPUSDT HTTP/1.1" 200 None
2025-08-29 17:42:34,396 - DEBUG - https://api-demo.bybit.com:443 "GET /v5/market/tickers?category=linear HTTP/1.1" 200 None
2025-08-29 17:42:34,704 - DEBUG - https://api-demo.bybit.com:443 "GET /v5/market/kline?interval=240&limit=400&symbol=APTUSDT HTTP/1.1" 200 None
2025-08-29 17:42:34,991 - DEBUG - Starting new HTTPS connection (1): api.coingecko.com:443
2025-08-29 17:42:35,409 - DEBUG - https://api-demo.bybit.com:443 "GET /v5/market/kline?interval=240&limit=400&symbol=AVAXUSDT HTTP/1.1" 200 None
2025-08-29 17:42:36,083 - DEBUG - https://api-demo.bybit.com:443 "GET /v5/market/kline?interval=240&limit=400&symbol=HYPEUSDT HTTP/1.1" 200 None
2025-08-29 17:42:36,823 - DEBUG - https://api-demo.bybit.com:443 "GET /v5/market/kline?interval=240&limit=400&symbol=ATOMUSDT HTTP/1.1" 200 None
2025-08-29 17:42:37,592 - DEBUG - https://api-demo.bybit.com:443 "GET /v5/market/kline?interval=240&limit=400&symbol=UNIUSDT HTTP/1.1" 200 None
2025-08-29 17:42:38,225 - DEBUG - https://api.coingecko.com:443 "GET /api/v3/coins/markets?order=market_cap_desc&per_page=100&page=1&vs_currency=usd HTTP/1.1" 200 None
2025-08-29 17:42:38,278 - DEBUG - https://api-demo.bybit.com:443 "GET /v5/market/kline?interval=240&limit=400&symbol=RENDERUSDT HTTP/1.1" 200 None
2025-08-29 17:42:39,006 - DEBUG - https://api-demo.bybit.com:443 "GET /v5/market/kline?interval=240&limit=400&symbol=USDCUSDT HTTP/1.1" 200 None
2025-08-29 17:42:39,359 - DEBUG - https://api-demo.bybit.com:443 "GET /v5/market/kline?interval=240&limit=400&symbol=PYTHUSDT HTTP/1.1" 200 None
2025-08-29 17:42:39,858 - DEBUG - https://api-demo.bybit.com:443 "GET /v5/market/kline?interval=240&limit=400&symbol=INJUSDT HTTP/1.1" 200 None
2025-08-29 17:42:40,213 - DEBUG - https://api-demo.bybit.com:443 "GET /v5/market/kline?interval=240&limit=400&symbol=DOGEUSDT HTTP/1.1" 200 None
2025-08-29 17:42:40,640 - DEBUG - https://api-demo.bybit.com:443 "GET /v5/market/kline?interval=240&limit=400&symbol=ICPUSDT HTTP/1.1" 200 None
2025-08-29 17:42:40,825 - DEBUG - https://api-demo.bybit.com:443 "GET /v5/market/kline?interval=240&limit=400&symbol=PENGUUSDT HTTP/1.1" 200 None
2025-08-29 17:42:41,287 - DEBUG - https://api-demo.bybit.com:443 "GET /v5/market/kline?interval=240&limit=400&symbol=ETHUSDT HTTP/1.1" 200 None
2025-08-29 17:42:41,472 - DEBUG - https://api-demo.bybit.com:443 "GET /v5/market/kline?interval=240&limit=400&symbol=CROUSDT HTTP/1.1" 200 None
2025-08-29 17:42:42,158 - DEBUG - https://api-demo.bybit.com:443 "GET /v5/market/kline?interval=240&limit=400&symbol=ENAUSDT HTTP/1.1" 200 None
2025-08-29 17:42:42,177 - DEBUG - https://api-demo.bybit.com:443 "GET /v5/market/kline?interval=240&limit=400&symbol=IPUSDT HTTP/1.1" 200 None
2025-08-29 17:42:42,808 - DEBUG - https://api-demo.bybit.com:443 "GET /v5/market/kline?interval=240&limit=400&symbol=ADAUSDT HTTP/1.1" 200 None
2025-08-29 17:42:42,900 - DEBUG - https://api-demo.bybit.com:443 "GET /v5/market/kline?interval=240&limit=400&symbol=ETCUSDT HTTP/1.1" 200 None
2025-08-29 17:42:43,437 - DEBUG - https://api-demo.bybit.com:443 "GET /v5/market/kline?interval=240&limit=400&symbol=HBARUSDT HTTP/1.1" 200 None
2025-08-29 17:42:43,673 - DEBUG - https://api-demo.bybit.com:443 "GET /v5/market/kline?interval=240&limit=400&symbol=FORMUSDT HTTP/1.1" 200 None
2025-08-29 17:42:43,976 - DEBUG - https://api-demo.bybit.com:443 "GET /v5/market/kline?interval=240&limit=400&symbol=VETUSDT HTTP/1.1" 200 None
2025-08-29 17:42:44,217 - DEBUG - https://api-demo.bybit.com:443 "GET /v5/market/kline?interval=240&limit=400&symbol=LTCUSDT HTTP/1.1" 200 None
2025-08-29 17:42:44,582 - DEBUG - https://api-demo.bybit.com:443 "GET /v5/market/kline?interval=240&limit=400&symbol=XRPUSDT HTTP/1.1" 200 None
2025-08-29 17:42:44,861 - DEBUG - https://api-demo.bybit.com:443 "GET /v5/market/kline?interval=240&limit=400&symbol=AAVEUSDT HTTP/1.1" 200 None
2025-08-29 17:42:45,289 - DEBUG - https://api-demo.bybit.com:443 "GET /v5/market/kline?interval=240&limit=400&symbol=ARBUSDT HTTP/1.1" 200 None
2025-08-29 17:42:45,620 - DEBUG - https://api-demo.bybit.com:443 "GET /v5/market/kline?interval=240&limit=400&symbol=BNBUSDT HTTP/1.1" 200 None
2025-08-29 17:42:45,860 - DEBUG - https://api-demo.bybit.com:443 "GET /v5/market/kline?interval=240&limit=400&symbol=SEIUSDT HTTP/1.1" 200 None
2025-08-29 17:42:46,225 - DEBUG - https://api-demo.bybit.com:443 "GET /v5/market/kline?interval=240&limit=400&symbol=USD1USDT HTTP/1.1" 200 None
2025-08-29 17:42:46,375 - DEBUG - https://api-demo.bybit.com:443 "GET /v5/market/kline?interval=240&limit=400&symbol=KASUSDT HTTP/1.1" 200 None
2025-08-29 17:42:46,736 - DEBUG - https://api-demo.bybit.com:443 "GET /v5/market/kline?interval=240&limit=400&symbol=BCHUSDT HTTP/1.1" 200 None
2025-08-29 17:42:46,897 - DEBUG - https://api-demo.bybit.com:443 "GET /v5/market/kline?interval=240&limit=400&symbol=XLMUSDT HTTP/1.1" 200 None
2025-08-29 17:42:47,417 - DEBUG - https://api-demo.bybit.com:443 "GET /v5/market/kline?interval=240&limit=400&symbol=MNTUSDT HTTP/1.1" 200 None
2025-08-29 17:42:47,928 - DEBUG - https://api-demo.bybit.com:443 "GET /v5/market/kline?interval=240&limit=400&symbol=POLUSDT HTTP/1.1" 200 None
2025-08-29 17:42:48,534 - DEBUG - https://api-demo.bybit.com:443 "GET /v5/market/kline?interval=240&limit=400&symbol=JUPUSDT HTTP/1.1" 200 None
2025-08-29 17:42:49,217 - DEBUG - https://api-demo.bybit.com:443 "GET /v5/market/kline?interval=240&limit=400&symbol=TRXUSDT HTTP/1.1" 200 None
2025-08-29 17:42:49,797 - DEBUG - https://api-demo.bybit.com:443 "GET /v5/market/kline?interval=240&limit=400&symbol=ONDOUSDT HTTP/1.1" 200 None
2025-08-29 17:42:50,372 - DEBUG - https://api-demo.bybit.com:443 "GET /v5/market/kline?interval=240&limit=400&symbol=SUIUSDT HTTP/1.1" 200 None
2025-08-29 17:42:50,893 - DEBUG - https://api-demo.bybit.com:443 "GET /v5/market/kline?interval=240&limit=400&symbol=ALGOUSDT HTTP/1.1" 200 None
2025-08-29 17:42:51,409 - DEBUG - https://api-demo.bybit.com:443 "GET /v5/market/kline?interval=240&limit=400&symbol=WLDUSDT HTTP/1.1" 200 None
2025-08-29 17:42:51,940 - DEBUG - https://api-demo.bybit.com:443 "GET /v5/market/kline?interval=240&limit=400&symbol=FLRUSDT HTTP/1.1" 200 None
2025-08-29 17:42:52,470 - DEBUG - https://api-demo.bybit.com:443 "GET /v5/market/kline?interval=240&limit=400&symbol=NEARUSDT HTTP/1.1" 200 None
2025-08-29 17:42:53,061 - DEBUG - https://api-demo.bybit.com:443 "GET /v5/market/kline?interval=240&limit=400&symbol=LINKUSDT HTTP/1.1" 200 None
2025-08-29 17:42:53,596 - DEBUG - https://api-demo.bybit.com:443 "GET /v5/market/kline?interval=240&limit=400&symbol=SOLUSDT HTTP/1.1" 200 None
2025-08-29 17:42:54,293 - DEBUG - https://api-demo.bybit.com:443 "GET /v5/market/kline?interval=240&limit=400&symbol=XDCUSDT HTTP/1.1" 200 None
2025-08-29 17:42:54,904 - DEBUG - https://api-demo.bybit.com:443 "GET /v5/market/kline?interval=240&limit=400&symbol=DOTUSDT HTTP/1.1" 200 None
2025-08-29 17:42:55,711 - DEBUG - https://api-demo.bybit.com:443 "GET /v5/market/kline?interval=240&limit=400&symbol=TONUSDT HTTP/1.1" 200 None
2025-08-29 17:42:56,276 - DEBUG - https://api-demo.bybit.com:443 "GET /v5/market/kline?interval=240&limit=400&symbol=TIAUSDT HTTP/1.1" 200 None
2025-08-29 17:42:56,936 - DEBUG - https://api-demo.bybit.com:443 "GET /v5/market/kline?interval=240&limit=400&symbol=FILUSDT HTTP/1.1" 200 None
2025-08-29 17:42:57,589 - DEBUG - https://api-demo.bybit.com:443 "GET /v5/market/kline?interval=240&limit=400&symbol=SKYUSDT HTTP/1.1" 200 None
2025-08-29 17:42:58,095 - DEBUG - https://api-demo.bybit.com:443 "GET /v5/market/kline?interval=240&limit=400&symbol=TRUMPUSDT HTTP/1.1" 200 None
2025-08-29 17:42:58,702 - DEBUG - https://api-demo.bybit.com:443 "GET /v5/market/kline?interval=240&limit=400&symbol=APTUSDT HTTP/1.1" 200 None
2025-08-29 17:42:59,285 - DEBUG - https://api-demo.bybit.com:443 "GET /v5/market/kline?interval=240&limit=400&symbol=AVAXUSDT HTTP/1.1" 200 None
2025-08-29 17:42:59,796 - DEBUG - https://api-demo.bybit.com:443 "GET /v5/market/kline?interval=240&limit=400&symbol=HYPEUSDT HTTP/1.1" 200 None
2025-08-29 17:43:00,317 - DEBUG - https://api-demo.bybit.com:443 "GET /v5/market/kline?interval=240&limit=400&symbol=ATOMUSDT HTTP/1.1" 200 None
2025-08-29 17:43:00,836 - DEBUG - https://api-demo.bybit.com:443 "GET /v5/market/kline?interval=240&limit=400&symbol=UNIUSDT HTTP/1.1" 200 None
2025-08-29 17:43:01,344 - DEBUG - https://api-demo.bybit.com:443 "GET /v5/market/kline?interval=240&limit=400&symbol=RENDERUSDT HTTP/1.1" 200 None
2025-08-29 17:43:01,871 - DEBUG - https://api-demo.bybit.com:443 "GET /v5/market/kline?interval=240&limit=400&symbol=USDCUSDT HTTP/1.1" 200 None
2025-08-29 17:43:02,376 - DEBUG - https://api-demo.bybit.com:443 "GET /v5/market/kline?interval=240&limit=400&symbol=INJUSDT HTTP/1.1" 200 None
2025-08-29 17:43:02,895 - DEBUG - https://api-demo.bybit.com:443 "GET /v5/market/kline?interval=240&limit=400&symbol=ICPUSDT HTTP/1.1" 200 None
2025-08-29 17:43:03,581 - DEBUG - https://api-demo.bybit.com:443 "GET /v5/market/kline?interval=240&limit=400&symbol=ETHUSDT HTTP/1.1" 200 None
2025-08-29 17:43:04,156 - DEBUG - https://api-demo.bybit.com:443 "GET /v5/market/kline?interval=240&limit=400&symbol=IPUSDT HTTP/1.1" 200 None
2025-08-29 17:43:04,795 - DEBUG - https://api-demo.bybit.com:443 "GET /v5/market/kline?interval=240&limit=400&symbol=ETCUSDT HTTP/1.1" 200 None
2025-08-29 17:43:05,366 - DEBUG - https://api-demo.bybit.com:443 "GET /v5/market/kline?interval=240&limit=400&symbol=FORMUSDT HTTP/1.1" 200 None
2025-08-29 17:43:05,902 - DEBUG - https://api-demo.bybit.com:443 "GET /v5/market/kline?interval=240&limit=400&symbol=LTCUSDT HTTP/1.1" 200 None
2025-08-29 17:43:06,415 - DEBUG - https://api-demo.bybit.com:443 "GET /v5/market/kline?interval=240&limit=400&symbol=AAVEUSDT HTTP/1.1" 200 None
2025-08-29 17:43:06,986 - DEBUG - https://api-demo.bybit.com:443 "GET /v5/market/kline?interval=240&limit=400&symbol=BNBUSDT HTTP/1.1" 200 None
2025-08-29 17:43:07,509 - DEBUG - https://api-demo.bybit.com:443 "GET /v5/market/kline?interval=240&limit=400&symbol=USD1USDT HTTP/1.1" 200 None
2025-08-29 17:43:08,008 - DEBUG - https://api-demo.bybit.com:443 "GET /v5/market/kline?interval=240&limit=400&symbol=BCHUSDT HTTP/1.1" 200 None
2025-08-29 17:46:41,428 - DEBUG - Initializing HTTP session.
2025-08-29 17:46:41,430 - DEBUG - Starting new HTTPS connection (1): api-demo.bybit.com:443
2025-08-29 17:46:43,309 - DEBUG - https://api-demo.bybit.com:443 "GET /v5/position/list?category=linear&settleCoin=USDT HTTP/1.1" 200 None
2025-08-29 17:46:43,830 - DEBUG - https://api-demo.bybit.com:443 "GET /v5/market/tickers?category=linear HTTP/1.1" 200 None
2025-08-29 17:46:44,615 - DEBUG - Starting new HTTPS connection (1): api.coingecko.com:443
2025-08-29 17:46:45,986 - DEBUG - https://api.coingecko.com:443 "GET /api/v3/coins/markets?order=market_cap_desc&per_page=100&page=1&vs_currency=usd HTTP/1.1" 200 None
2025-08-29 17:46:46,486 - DEBUG - https://api-demo.bybit.com:443 "GET /v5/market/kline?interval=240&limit=400&symbol=PYTHUSDT HTTP/1.1" 200 None
2025-08-29 17:46:47,163 - DEBUG - https://api-demo.bybit.com:443 "GET /v5/market/kline?interval=240&limit=400&symbol=DOGEUSDT HTTP/1.1" 200 None
2025-08-29 17:46:47,809 - DEBUG - https://api-demo.bybit.com:443 "GET /v5/market/kline?interval=240&limit=400&symbol=PENGUUSDT HTTP/1.1" 200 None
2025-08-29 17:46:48,351 - DEBUG - https://api-demo.bybit.com:443 "GET /v5/market/kline?interval=240&limit=400&symbol=CROUSDT HTTP/1.1" 200 None
2025-08-29 17:46:48,954 - DEBUG - https://api-demo.bybit.com:443 "GET /v5/market/kline?interval=240&limit=400&symbol=ENAUSDT HTTP/1.1" 200 None
2025-08-29 17:46:49,504 - DEBUG - https://api-demo.bybit.com:443 "GET /v5/market/kline?interval=240&limit=400&symbol=ADAUSDT HTTP/1.1" 200 None
2025-08-29 17:46:50,059 - DEBUG - https://api-demo.bybit.com:443 "GET /v5/market/kline?interval=240&limit=400&symbol=HBARUSDT HTTP/1.1" 200 None
2025-08-29 17:46:50,599 - DEBUG - https://api-demo.bybit.com:443 "GET /v5/market/kline?interval=240&limit=400&symbol=VETUSDT HTTP/1.1" 200 None
2025-08-29 17:46:51,145 - DEBUG - https://api-demo.bybit.com:443 "GET /v5/market/kline?interval=240&limit=400&symbol=XRPUSDT HTTP/1.1" 200 None
2025-08-29 17:46:51,750 - DEBUG - https://api-demo.bybit.com:443 "GET /v5/market/kline?interval=240&limit=400&symbol=ARBUSDT HTTP/1.1" 200 None
2025-08-29 17:46:52,292 - DEBUG - https://api-demo.bybit.com:443 "GET /v5/market/kline?interval=240&limit=400&symbol=SEIUSDT HTTP/1.1" 200 None
2025-08-29 17:46:52,865 - DEBUG - https://api-demo.bybit.com:443 "GET /v5/market/kline?interval=240&limit=400&symbol=KASUSDT HTTP/1.1" 200 None
2025-08-29 17:46:53,529 - DEBUG - https://api-demo.bybit.com:443 "GET /v5/market/kline?interval=240&limit=400&symbol=XLMUSDT HTTP/1.1" 200 None
2025-08-29 17:46:54,166 - DEBUG - https://api-demo.bybit.com:443 "GET /v5/market/kline?interval=240&limit=400&symbol=MNTUSDT HTTP/1.1" 200 None
2025-08-29 17:46:54,805 - DEBUG - https://api-demo.bybit.com:443 "GET /v5/market/kline?interval=240&limit=400&symbol=POLUSDT HTTP/1.1" 200 None
2025-08-29 17:46:55,408 - DEBUG - https://api-demo.bybit.com:443 "GET /v5/market/kline?interval=240&limit=400&symbol=JUPUSDT HTTP/1.1" 200 None
2025-08-29 17:46:56,130 - DEBUG - https://api-demo.bybit.com:443 "GET /v5/market/kline?interval=240&limit=400&symbol=TRXUSDT HTTP/1.1" 200 None
2025-08-29 17:46:56,665 - DEBUG - https://api-demo.bybit.com:443 "GET /v5/market/kline?interval=240&limit=400&symbol=ONDOUSDT HTTP/1.1" 200 None
2025-08-29 17:46:57,215 - DEBUG - https://api-demo.bybit.com:443 "GET /v5/market/kline?interval=240&limit=400&symbol=ALGOUSDT HTTP/1.1" 200 None
2025-08-29 17:46:58,037 - DEBUG - https://api-demo.bybit.com:443 "GET /v5/market/kline?interval=240&limit=400&symbol=SUIUSDT HTTP/1.1" 200 None
2025-08-29 17:46:58,682 - DEBUG - https://api-demo.bybit.com:443 "GET /v5/market/kline?interval=240&limit=400&symbol=WLDUSDT HTTP/1.1" 200 None
2025-08-29 17:46:59,186 - DEBUG - https://api-demo.bybit.com:443 "GET /v5/market/kline?interval=240&limit=400&symbol=FLRUSDT HTTP/1.1" 200 None
2025-08-29 17:46:59,731 - DEBUG - https://api-demo.bybit.com:443 "GET /v5/market/kline?interval=240&limit=400&symbol=NEARUSDT HTTP/1.1" 200 None
2025-08-29 17:47:00,272 - DEBUG - https://api-demo.bybit.com:443 "GET /v5/market/kline?interval=240&limit=400&symbol=LINKUSDT HTTP/1.1" 200 None
2025-08-29 17:47:00,801 - DEBUG - https://api-demo.bybit.com:443 "GET /v5/market/kline?interval=240&limit=400&symbol=SOLUSDT HTTP/1.1" 200 None
2025-08-29 17:47:01,333 - DEBUG - https://api-demo.bybit.com:443 "GET /v5/market/kline?interval=240&limit=400&symbol=XDCUSDT HTTP/1.1" 200 None
2025-08-29 17:47:01,931 - DEBUG - https://api-demo.bybit.com:443 "GET /v5/market/kline?interval=240&limit=400&symbol=DOTUSDT HTTP/1.1" 200 None
2025-08-29 17:47:02,473 - DEBUG - https://api-demo.bybit.com:443 "GET /v5/market/kline?interval=240&limit=400&symbol=TONUSDT HTTP/1.1" 200 None
2025-08-29 17:47:03,114 - DEBUG - https://api-demo.bybit.com:443 "GET /v5/market/kline?interval=240&limit=400&symbol=TIAUSDT HTTP/1.1" 200 None
2025-08-29 17:47:03,703 - DEBUG - https://api-demo.bybit.com:443 "GET /v5/market/kline?interval=240&limit=400&symbol=FILUSDT HTTP/1.1" 200 None
2025-08-29 17:47:04,241 - DEBUG - https://api-demo.bybit.com:443 "GET /v5/market/kline?interval=240&limit=400&symbol=SKYUSDT HTTP/1.1" 200 None
2025-08-29 17:47:04,753 - DEBUG - https://api-demo.bybit.com:443 "GET /v5/market/kline?interval=240&limit=400&symbol=TRUMPUSDT HTTP/1.1" 200 None
2025-08-29 17:47:05,408 - DEBUG - https://api-demo.bybit.com:443 "GET /v5/market/kline?interval=240&limit=400&symbol=APTUSDT HTTP/1.1" 200 None
2025-08-29 17:47:06,009 - DEBUG - https://api-demo.bybit.com:443 "GET /v5/market/kline?interval=240&limit=400&symbol=AVAXUSDT HTTP/1.1" 200 None
2025-08-29 17:47:06,553 - DEBUG - https://api-demo.bybit.com:443 "GET /v5/market/kline?interval=240&limit=400&symbol=HYPEUSDT HTTP/1.1" 200 None
2025-08-29 17:47:07,151 - DEBUG - https://api-demo.bybit.com:443 "GET /v5/market/kline?interval=240&limit=400&symbol=ATOMUSDT HTTP/1.1" 200 None
2025-08-29 17:47:07,690 - DEBUG - https://api-demo.bybit.com:443 "GET /v5/market/kline?interval=240&limit=400&symbol=UNIUSDT HTTP/1.1" 200 None
2025-08-29 17:47:08,235 - DEBUG - https://api-demo.bybit.com:443 "GET /v5/market/kline?interval=240&limit=400&symbol=RENDERUSDT HTTP/1.1" 200 None
2025-08-29 17:47:08,803 - DEBUG - https://api-demo.bybit.com:443 "GET /v5/market/kline?interval=240&limit=400&symbol=USDCUSDT HTTP/1.1" 200 None
2025-08-29 17:47:09,305 - DEBUG - https://api-demo.bybit.com:443 "GET /v5/market/kline?interval=240&limit=400&symbol=INJUSDT HTTP/1.1" 200 None
2025-08-29 17:47:09,835 - DEBUG - https://api-demo.bybit.com:443 "GET /v5/market/kline?interval=240&limit=400&symbol=ICPUSDT HTTP/1.1" 200 None
2025-08-29 17:47:10,408 - DEBUG - https://api-demo.bybit.com:443 "GET /v5/market/kline?interval=240&limit=400&symbol=ETHUSDT HTTP/1.1" 200 None
2025-08-29 17:47:11,199 - DEBUG - https://api-demo.bybit.com:443 "GET /v5/market/kline?interval=240&limit=400&symbol=IPUSDT HTTP/1.1" 200 None
2025-08-29 17:47:11,747 - DEBUG - https://api-demo.bybit.com:443 "GET /v5/market/kline?interval=240&limit=400&symbol=ETCUSDT HTTP/1.1" 200 None
2025-08-29 17:47:12,357 - DEBUG - https://api-demo.bybit.com:443 "GET /v5/market/kline?interval=240&limit=400&symbol=FORMUSDT HTTP/1.1" 200 None
2025-08-29 17:47:12,899 - DEBUG - https://api-demo.bybit.com:443 "GET /v5/market/kline?interval=240&limit=400&symbol=LTCUSDT HTTP/1.1" 200 None
2025-08-29 17:47:13,602 - DEBUG - https://api-demo.bybit.com:443 "GET /v5/market/kline?interval=240&limit=400&symbol=AAVEUSDT HTTP/1.1" 200 None
2025-08-29 17:47:14,279 - DEBUG - https://api-demo.bybit.com:443 "GET /v5/market/kline?interval=240&limit=400&symbol=BNBUSDT HTTP/1.1" 200 None
2025-08-29 17:47:14,932 - DEBUG - https://api-demo.bybit.com:443 "GET /v5/market/kline?interval=240&limit=400&symbol=USD1USDT HTTP/1.1" 200 None
2025-08-29 17:47:15,447 - DEBUG - https://api-demo.bybit.com:443 "GET /v5/market/kline?interval=240&limit=400&symbol=BCHUSDT HTTP/1.1" 200 None
2025-08-29 17:50:51,262 - DEBUG - Initializing HTTP session.
2025-08-29 17:50:51,264 - DEBUG - Starting new HTTPS connection (1): api-demo.bybit.com:443
2025-08-29 17:50:52,431 - DEBUG - https://api-demo.bybit.com:443 "GET /v5/position/list?category=linear&settleCoin=USDT HTTP/1.1" 200 None
2025-08-29 17:50:52,752 - DEBUG - https://api-demo.bybit.com:443 "GET /v5/market/tickers?category=linear HTTP/1.1" 200 None
2025-08-29 17:50:53,141 - DEBUG - Starting new HTTPS connection (1): api.coingecko.com:443
2025-08-29 17:50:54,496 - DEBUG - https://api.coingecko.com:443 "GET /api/v3/coins/markets?order=market_cap_desc&per_page=100&page=1&vs_currency=usd HTTP/1.1" 200 None
2025-08-29 17:50:54,811 - DEBUG - https://api-demo.bybit.com:443 "GET /v5/market/kline?interval=240&limit=400&symbol=PYTHUSDT HTTP/1.1" 200 None
2025-08-29 17:50:55,148 - DEBUG - https://api-demo.bybit.com:443 "GET /v5/market/kline?interval=240&limit=400&symbol=DOGEUSDT HTTP/1.1" 200 None
2025-08-29 17:50:55,655 - DEBUG - https://api-demo.bybit.com:443 "GET /v5/market/kline?interval=240&limit=400&symbol=PENGUUSDT HTTP/1.1" 200 None
2025-08-29 17:50:55,975 - DEBUG - https://api-demo.bybit.com:443 "GET /v5/market/kline?interval=240&limit=400&symbol=CROUSDT HTTP/1.1" 200 None
2025-08-29 17:50:56,309 - DEBUG - https://api-demo.bybit.com:443 "GET /v5/market/kline?interval=240&limit=400&symbol=ENAUSDT HTTP/1.1" 200 None
2025-08-29 17:50:56,700 - DEBUG - https://api-demo.bybit.com:443 "GET /v5/market/kline?interval=240&limit=400&symbol=ADAUSDT HTTP/1.1" 200 None
2025-08-29 17:50:57,096 - DEBUG - https://api-demo.bybit.com:443 "GET /v5/market/kline?interval=240&limit=400&symbol=HBARUSDT HTTP/1.1" 200 None
2025-08-29 17:50:57,398 - DEBUG - https://api-demo.bybit.com:443 "GET /v5/market/kline?interval=240&limit=400&symbol=VETUSDT HTTP/1.1" 200 None
2025-08-29 17:50:57,798 - DEBUG - https://api-demo.bybit.com:443 "GET /v5/market/kline?interval=240&limit=400&symbol=XRPUSDT HTTP/1.1" 200 None
2025-08-29 17:50:58,216 - DEBUG - https://api-demo.bybit.com:443 "GET /v5/market/kline?interval=240&limit=400&symbol=ARBUSDT HTTP/1.1" 200 None
2025-08-29 17:50:58,525 - DEBUG - https://api-demo.bybit.com:443 "GET /v5/market/kline?interval=240&limit=400&symbol=SEIUSDT HTTP/1.1" 200 None
2025-08-29 17:50:58,905 - DEBUG - https://api-demo.bybit.com:443 "GET /v5/market/kline?interval=240&limit=400&symbol=KASUSDT HTTP/1.1" 200 None
2025-08-29 17:50:59,258 - DEBUG - https://api-demo.bybit.com:443 "GET /v5/market/kline?interval=240&limit=400&symbol=XLMUSDT HTTP/1.1" 200 None
2025-08-29 17:50:59,575 - DEBUG - https://api-demo.bybit.com:443 "GET /v5/market/kline?interval=240&limit=400&symbol=MNTUSDT HTTP/1.1" 200 None
2025-08-29 17:50:59,906 - DEBUG - https://api-demo.bybit.com:443 "GET /v5/market/kline?interval=240&limit=400&symbol=POLUSDT HTTP/1.1" 200 None
2025-08-29 17:51:00,226 - DEBUG - https://api-demo.bybit.com:443 "GET /v5/market/kline?interval=240&limit=400&symbol=TRXUSDT HTTP/1.1" 200 None
2025-08-29 17:51:00,610 - DEBUG - https://api-demo.bybit.com:443 "GET /v5/market/kline?interval=240&limit=400&symbol=JUPUSDT HTTP/1.1" 200 None
2025-08-29 17:51:00,936 - DEBUG - https://api-demo.bybit.com:443 "GET /v5/market/kline?interval=240&limit=400&symbol=ONDOUSDT HTTP/1.1" 200 None
2025-08-29 17:51:01,338 - DEBUG - https://api-demo.bybit.com:443 "GET /v5/market/kline?interval=240&limit=400&symbol=ALGOUSDT HTTP/1.1" 200 None
2025-08-29 17:51:01,895 - DEBUG - https://api-demo.bybit.com:443 "GET /v5/market/kline?interval=240&limit=400&symbol=SUIUSDT HTTP/1.1" 200 None
2025-08-29 17:51:02,310 - DEBUG - https://api-demo.bybit.com:443 "GET /v5/market/kline?interval=240&limit=400&symbol=WLDUSDT HTTP/1.1" 200 None
2025-08-29 17:51:02,707 - DEBUG - https://api-demo.bybit.com:443 "GET /v5/market/kline?interval=240&limit=400&symbol=FLRUSDT HTTP/1.1" 200 None
2025-08-29 17:51:03,035 - DEBUG - https://api-demo.bybit.com:443 "GET /v5/market/kline?interval=240&limit=400&symbol=NEARUSDT HTTP/1.1" 200 None
2025-08-29 17:51:03,440 - DEBUG - https://api-demo.bybit.com:443 "GET /v5/market/kline?interval=240&limit=400&symbol=SOLUSDT HTTP/1.1" 200 None
2025-08-29 17:51:03,767 - DEBUG - https://api-demo.bybit.com:443 "GET /v5/market/kline?interval=240&limit=400&symbol=LINKUSDT HTTP/1.1" 200 None
2025-08-29 17:51:04,111 - DEBUG - https://api-demo.bybit.com:443 "GET /v5/market/kline?interval=240&limit=400&symbol=XDCUSDT HTTP/1.1" 200 None
2025-08-29 17:51:04,443 - DEBUG - https://api-demo.bybit.com:443 "GET /v5/market/kline?interval=240&limit=400&symbol=DOTUSDT HTTP/1.1" 200 None
2025-08-29 17:51:04,841 - DEBUG - https://api-demo.bybit.com:443 "GET /v5/market/kline?interval=240&limit=400&symbol=TIAUSDT HTTP/1.1" 200 None
2025-08-29 17:51:05,417 - DEBUG - https://api-demo.bybit.com:443 "GET /v5/market/kline?interval=240&limit=400&symbol=TONUSDT HTTP/1.1" 200 None
2025-08-29 17:51:05,745 - DEBUG - https://api-demo.bybit.com:443 "GET /v5/market/kline?interval=240&limit=400&symbol=FILUSDT HTTP/1.1" 200 None
2025-08-29 17:51:06,098 - DEBUG - https://api-demo.bybit.com:443 "GET /v5/market/kline?interval=240&limit=400&symbol=SKYUSDT HTTP/1.1" 200 None
2025-08-29 17:51:06,417 - DEBUG - https://api-demo.bybit.com:443 "GET /v5/market/kline?interval=240&limit=400&symbol=TRUMPUSDT HTTP/1.1" 200 None
2025-08-29 17:51:06,745 - DEBUG - https://api-demo.bybit.com:443 "GET /v5/market/kline?interval=240&limit=400&symbol=APTUSDT HTTP/1.1" 200 None
2025-08-29 17:51:07,096 - DEBUG - https://api-demo.bybit.com:443 "GET /v5/market/kline?interval=240&limit=400&symbol=AVAXUSDT HTTP/1.1" 200 None
2025-08-29 17:51:07,401 - DEBUG - https://api-demo.bybit.com:443 "GET /v5/market/kline?interval=240&limit=400&symbol=HYPEUSDT HTTP/1.1" 200 None
2025-08-29 17:51:07,975 - DEBUG - https://api-demo.bybit.com:443 "GET /v5/market/kline?interval=240&limit=400&symbol=ATOMUSDT HTTP/1.1" 200 None
2025-08-29 17:51:08,471 - DEBUG - https://api-demo.bybit.com:443 "GET /v5/market/kline?interval=240&limit=400&symbol=UNIUSDT HTTP/1.1" 200 None
2025-08-29 17:51:08,986 - DEBUG - https://api-demo.bybit.com:443 "GET /v5/market/kline?interval=240&limit=400&symbol=RENDERUSDT HTTP/1.1" 200 None
2025-08-29 17:51:09,377 - DEBUG - https://api-demo.bybit.com:443 "GET /v5/market/kline?interval=240&limit=400&symbol=USDCUSDT HTTP/1.1" 200 None
2025-08-29 17:51:09,895 - DEBUG - https://api-demo.bybit.com:443 "GET /v5/market/kline?interval=240&limit=400&symbol=INJUSDT HTTP/1.1" 200 None
2025-08-29 17:51:10,225 - DEBUG - https://api-demo.bybit.com:443 "GET /v5/market/kline?interval=240&limit=400&symbol=ICPUSDT HTTP/1.1" 200 None
2025-08-29 17:51:10,554 - DEBUG - https://api-demo.bybit.com:443 "GET /v5/market/kline?interval=240&limit=400&symbol=ETHUSDT HTTP/1.1" 200 None
2025-08-29 17:51:11,019 - DEBUG - https://api-demo.bybit.com:443 "GET /v5/market/kline?interval=240&limit=400&symbol=IPUSDT HTTP/1.1" 200 None
2025-08-29 17:51:11,511 - DEBUG - https://api-demo.bybit.com:443 "GET /v5/market/kline?interval=240&limit=400&symbol=ETCUSDT HTTP/1.1" 200 None
2025-08-29 17:51:11,856 - DEBUG - https://api-demo.bybit.com:443 "GET /v5/market/kline?interval=240&limit=400&symbol=FORMUSDT HTTP/1.1" 200 None
2025-08-29 17:51:12,180 - DEBUG - https://api-demo.bybit.com:443 "GET /v5/market/kline?interval=240&limit=400&symbol=LTCUSDT HTTP/1.1" 200 None
2025-08-29 17:51:12,545 - DEBUG - https://api-demo.bybit.com:443 "GET /v5/market/kline?interval=240&limit=400&symbol=AAVEUSDT HTTP/1.1" 200 None
2025-08-29 17:51:12,875 - DEBUG - https://api-demo.bybit.com:443 "GET /v5/market/kline?interval=240&limit=400&symbol=BNBUSDT HTTP/1.1" 200 None
2025-08-29 17:51:13,195 - DEBUG - https://api-demo.bybit.com:443 "GET /v5/market/kline?interval=240&limit=400&symbol=USD1USDT HTTP/1.1" 200 None
2025-08-29 17:51:13,516 - DEBUG - https://api-demo.bybit.com:443 "GET /v5/market/kline?interval=240&limit=400&symbol=BCHUSDT HTTP/1.1" 200 None
2025-08-29 17:54:34,330 - DEBUG - Initializing HTTP session.
2025-08-29 17:54:34,332 - DEBUG - Starting new HTTPS connection (1): api-demo.bybit.com:443
2025-08-29 17:54:36,036 - DEBUG - https://api-demo.bybit.com:443 "GET /v5/position/list?category=linear&settleCoin=USDT HTTP/1.1" 200 None
2025-08-29 17:54:36,527 - DEBUG - https://api-demo.bybit.com:443 "GET /v5/market/tickers?category=linear HTTP/1.1" 200 None
2025-08-29 17:54:37,116 - DEBUG - Starting new HTTPS connection (1): api.coingecko.com:443
2025-08-29 17:54:38,472 - DEBUG - https://api.coingecko.com:443 "GET /api/v3/coins/markets?order=market_cap_desc&per_page=100&page=1&vs_currency=usd HTTP/1.1" 200 None
2025-08-29 17:54:39,159 - DEBUG - https://api-demo.bybit.com:443 "GET /v5/market/kline?interval=240&limit=400&symbol=PYTHUSDT HTTP/1.1" 200 None
2025-08-29 17:54:39,721 - DEBUG - https://api-demo.bybit.com:443 "GET /v5/market/kline?interval=240&limit=400&symbol=DOGEUSDT HTTP/1.1" 200 None
2025-08-29 17:54:40,240 - DEBUG - https://api-demo.bybit.com:443 "GET /v5/market/kline?interval=240&limit=400&symbol=PENGUUSDT HTTP/1.1" 200 None
2025-08-29 17:54:40,767 - DEBUG - https://api-demo.bybit.com:443 "GET /v5/market/kline?interval=240&limit=400&symbol=CROUSDT HTTP/1.1" 200 None
2025-08-29 17:54:41,295 - DEBUG - https://api-demo.bybit.com:443 "GET /v5/market/kline?interval=240&limit=400&symbol=ENAUSDT HTTP/1.1" 200 None
2025-08-29 17:54:41,820 - DEBUG - https://api-demo.bybit.com:443 "GET /v5/market/kline?interval=240&limit=400&symbol=ADAUSDT HTTP/1.1" 200 None
2025-08-29 17:54:42,414 - DEBUG - https://api-demo.bybit.com:443 "GET /v5/market/kline?interval=240&limit=400&symbol=HBARUSDT HTTP/1.1" 200 None
2025-08-29 17:54:43,199 - DEBUG - https://api-demo.bybit.com:443 "GET /v5/market/kline?interval=240&limit=400&symbol=VETUSDT HTTP/1.1" 200 None
2025-08-29 17:54:43,719 - DEBUG - https://api-demo.bybit.com:443 "GET /v5/market/kline?interval=240&limit=400&symbol=XRPUSDT HTTP/1.1" 200 None
2025-08-29 17:54:44,374 - DEBUG - https://api-demo.bybit.com:443 "GET /v5/market/kline?interval=240&limit=400&symbol=ARBUSDT HTTP/1.1" 200 None
2025-08-29 17:54:44,948 - DEBUG - https://api-demo.bybit.com:443 "GET /v5/market/kline?interval=240&limit=400&symbol=SEIUSDT HTTP/1.1" 200 None
2025-08-29 17:54:45,718 - DEBUG - https://api-demo.bybit.com:443 "GET /v5/market/kline?interval=240&limit=400&symbol=KASUSDT HTTP/1.1" 200 None
2025-08-29 17:54:46,198 - DEBUG - https://api-demo.bybit.com:443 "GET /v5/market/kline?interval=240&limit=400&symbol=XLMUSDT HTTP/1.1" 200 None
2025-08-29 17:54:46,850 - DEBUG - https://api-demo.bybit.com:443 "GET /v5/market/kline?interval=240&limit=400&symbol=MNTUSDT HTTP/1.1" 200 None
2025-08-29 17:54:47,434 - DEBUG - https://api-demo.bybit.com:443 "GET /v5/market/kline?interval=240&limit=400&symbol=POLUSDT HTTP/1.1" 200 None
2025-08-29 17:54:47,955 - DEBUG - https://api-demo.bybit.com:443 "GET /v5/market/kline?interval=240&limit=400&symbol=TRXUSDT HTTP/1.1" 200 None
2025-08-29 17:54:48,475 - DEBUG - https://api-demo.bybit.com:443 "GET /v5/market/kline?interval=240&limit=400&symbol=JUPUSDT HTTP/1.1" 200 None
2025-08-29 17:54:48,981 - DEBUG - https://api-demo.bybit.com:443 "GET /v5/market/kline?interval=240&limit=400&symbol=ONDOUSDT HTTP/1.1" 200 None
2025-08-29 17:54:49,651 - DEBUG - https://api-demo.bybit.com:443 "GET /v5/market/kline?interval=240&limit=400&symbol=ALGOUSDT HTTP/1.1" 200 None
2025-08-29 17:54:50,239 - DEBUG - https://api-demo.bybit.com:443 "GET /v5/market/kline?interval=240&limit=400&symbol=SUIUSDT HTTP/1.1" 200 None
2025-08-29 17:54:51,016 - DEBUG - https://api-demo.bybit.com:443 "GET /v5/market/kline?interval=240&limit=400&symbol=WLDUSDT HTTP/1.1" 200 None
2025-08-29 17:54:51,520 - DEBUG - https://api-demo.bybit.com:443 "GET /v5/market/kline?interval=240&limit=400&symbol=FLRUSDT HTTP/1.1" 200 None
2025-08-29 17:54:52,040 - DEBUG - https://api-demo.bybit.com:443 "GET /v5/market/kline?interval=240&limit=400&symbol=NEARUSDT HTTP/1.1" 200 None
2025-08-29 17:54:52,557 - DEBUG - https://api-demo.bybit.com:443 "GET /v5/market/kline?interval=240&limit=400&symbol=SOLUSDT HTTP/1.1" 200 None
2025-08-29 17:54:53,083 - DEBUG - https://api-demo.bybit.com:443 "GET /v5/market/kline?interval=240&limit=400&symbol=LINKUSDT HTTP/1.1" 200 None
2025-08-29 17:54:53,600 - DEBUG - https://api-demo.bybit.com:443 "GET /v5/market/kline?interval=240&limit=400&symbol=XDCUSDT HTTP/1.1" 200 None
2025-08-29 17:54:54,190 - DEBUG - https://api-demo.bybit.com:443 "GET /v5/market/kline?interval=240&limit=400&symbol=DOTUSDT HTTP/1.1" 200 None
2025-08-29 17:54:54,707 - DEBUG - https://api-demo.bybit.com:443 "GET /v5/market/kline?interval=240&limit=400&symbol=TIAUSDT HTTP/1.1" 200 None
2025-08-29 17:54:55,228 - DEBUG - https://api-demo.bybit.com:443 "GET /v5/market/kline?interval=240&limit=400&symbol=TONUSDT HTTP/1.1" 200 None
2025-08-29 17:54:55,756 - DEBUG - https://api-demo.bybit.com:443 "GET /v5/market/kline?interval=240&limit=400&symbol=FILUSDT HTTP/1.1" 200 None
2025-08-29 17:54:56,398 - DEBUG - https://api-demo.bybit.com:443 "GET /v5/market/kline?interval=240&limit=400&symbol=SKYUSDT HTTP/1.1" 200 None
2025-08-29 17:54:56,883 - DEBUG - https://api-demo.bybit.com:443 "GET /v5/market/kline?interval=240&limit=400&symbol=TRUMPUSDT HTTP/1.1" 200 None
2025-08-29 17:54:57,398 - DEBUG - https://api-demo.bybit.com:443 "GET /v5/market/kline?interval=240&limit=400&symbol=APTUSDT HTTP/1.1" 200 None
2025-08-29 17:54:58,198 - DEBUG - https://api-demo.bybit.com:443 "GET /v5/market/kline?interval=240&limit=400&symbol=AVAXUSDT HTTP/1.1" 200 None
2025-08-29 17:54:58,679 - DEBUG - https://api-demo.bybit.com:443 "GET /v5/market/kline?interval=240&limit=400&symbol=HYPEUSDT HTTP/1.1" 200 None
2025-08-29 17:54:59,268 - DEBUG - https://api-demo.bybit.com:443 "GET /v5/market/kline?interval=240&limit=400&symbol=ATOMUSDT HTTP/1.1" 200 None
2025-08-29 17:54:59,850 - DEBUG - https://api-demo.bybit.com:443 "GET /v5/market/kline?interval=240&limit=400&symbol=UNIUSDT HTTP/1.1" 200 None
2025-08-29 17:55:00,598 - DEBUG - https://api-demo.bybit.com:443 "GET /v5/market/kline?interval=240&limit=400&symbol=RENDERUSDT HTTP/1.1" 200 None
2025-08-29 17:55:01,138 - DEBUG - https://api-demo.bybit.com:443 "GET /v5/market/kline?interval=240&limit=400&symbol=USDCUSDT HTTP/1.1" 200 None
2025-08-29 17:55:01,718 - DEBUG - https://api-demo.bybit.com:443 "GET /v5/market/kline?interval=240&limit=400&symbol=INJUSDT HTTP/1.1" 200 None
2025-08-29 17:55:02,210 - DEBUG - https://api-demo.bybit.com:443 "GET /v5/market/kline?interval=240&limit=400&symbol=ICPUSDT HTTP/1.1" 200 None
2025-08-29 17:55:02,720 - DEBUG - https://api-demo.bybit.com:443 "GET /v5/market/kline?interval=240&limit=400&symbol=ETHUSDT HTTP/1.1" 200 None
2025-08-29 17:55:03,249 - DEBUG - https://api-demo.bybit.com:443 "GET /v5/market/kline?interval=240&limit=400&symbol=IPUSDT HTTP/1.1" 200 None
2025-08-29 17:55:03,803 - DEBUG - https://api-demo.bybit.com:443 "GET /v5/market/kline?interval=240&limit=400&symbol=ETCUSDT HTTP/1.1" 200 None
2025-08-29 17:55:04,319 - DEBUG - https://api-demo.bybit.com:443 "GET /v5/market/kline?interval=240&limit=400&symbol=FORMUSDT HTTP/1.1" 200 None
2025-08-29 17:55:04,813 - DEBUG - https://api-demo.bybit.com:443 "GET /v5/market/kline?interval=240&limit=400&symbol=LTCUSDT HTTP/1.1" 200 None
2025-08-29 17:55:05,385 - DEBUG - https://api-demo.bybit.com:443 "GET /v5/market/kline?interval=240&limit=400&symbol=AAVEUSDT HTTP/1.1" 200 None
2025-08-29 17:55:05,916 - DEBUG - https://api-demo.bybit.com:443 "GET /v5/market/kline?interval=240&limit=400&symbol=BNBUSDT HTTP/1.1" 200 None
2025-08-29 17:55:06,439 - DEBUG - https://api-demo.bybit.com:443 "GET /v5/market/kline?interval=240&limit=400&symbol=USD1USDT HTTP/1.1" 200 None
2025-08-29 17:55:07,156 - DEBUG - https://api-demo.bybit.com:443 "GET /v5/market/kline?interval=240&limit=400&symbol=BCHUSDT HTTP/1.1" 200 None
2025-08-29 17:55:07,652 - DEBUG - https://api-demo.bybit.com:443 "GET /v5/position/list?category=linear&symbol=MNTUSDT HTTP/1.1" 200 968
2025-08-29 17:55:08,321 - DEBUG - https://api-demo.bybit.com:443 "GET /v5/market/kline?interval=240&limit=400&symbol=MNTUSDT HTTP/1.1" 200 None
2025-08-29 17:55:08,961 - DEBUG - https://api-demo.bybit.com:443 "GET /v5/position/list?category=linear&symbol=MNTUSDT HTTP/1.1" 200 968
2025-08-29 17:55:09,445 - DEBUG - https://api-demo.bybit.com:443 "GET /v5/market/instruments-info?category=linear&symbol=MNTUSDT HTTP/1.1" 200 905
2025-08-29 17:55:10,042 - DEBUG - https://api-demo.bybit.com:443 "GET /v5/position/list?category=linear&symbol=CROUSDT HTTP/1.1" 200 977
2025-08-29 17:55:10,527 - DEBUG - https://api-demo.bybit.com:443 "GET /v5/market/kline?interval=240&limit=400&symbol=CROUSDT HTTP/1.1" 200 None
2025-08-29 17:55:11,040 - DEBUG - https://api-demo.bybit.com:443 "GET /v5/position/list?category=linear&symbol=CROUSDT HTTP/1.1" 200 977
2025-08-29 17:55:11,645 - DEBUG - https://api-demo.bybit.com:443 "GET /v5/market/instruments-info?category=linear&symbol=CROUSDT HTTP/1.1" 200 904
2025-08-29 17:55:12,245 - DEBUG - https://api-demo.bybit.com:443 "GET /v5/position/list?category=linear&symbol=INJUSDT HTTP/1.1" 200 833
2025-08-29 17:55:12,931 - DEBUG - https://api-demo.bybit.com:443 "GET /v5/market/kline?interval=240&limit=400&symbol=INJUSDT HTTP/1.1" 200 None
2025-08-29 17:55:13,451 - DEBUG - https://api-demo.bybit.com:443 "GET /v5/position/list?category=linear&symbol=INJUSDT HTTP/1.1" 200 833
2025-08-29 17:55:13,927 - DEBUG - https://api-demo.bybit.com:443 "GET /v5/market/instruments-info?category=linear&symbol=INJUSDT HTTP/1.1" 200 911
2025-08-29 17:55:14,411 - DEBUG - https://api-demo.bybit.com:443 "POST /v5/order/create HTTP/1.1" 200 141
2025-08-29 17:55:24,906 - DEBUG - https://api-demo.bybit.com:443 "GET /v5/execution/list?category=linear&orderId=0c172af9-b4aa-44a3-a906-7f9b52c0192c HTTP/1.1" 200 798
2025-08-29 17:55:25,389 - DEBUG - https://api-demo.bybit.com:443 "POST /v5/position/trading-stop HTTP/1.1" 200 76
2025-08-29 17:55:25,881 - DEBUG - https://api-demo.bybit.com:443 "GET /v5/position/closed-pnl?category=linear HTTP/1.1" 200 None
2025-08-29 18:00:11,960 - DEBUG - Initializing HTTP session.
2025-08-29 18:00:11,962 - DEBUG - Starting new HTTPS connection (1): api-demo.bybit.com:443
2025-08-29 18:00:13,711 - DEBUG - https://api-demo.bybit.com:443 "GET /v5/position/list?category=linear&settleCoin=USDT HTTP/1.1" 200 None
2025-08-29 18:00:14,212 - DEBUG - https://api-demo.bybit.com:443 "GET /v5/market/tickers?category=linear HTTP/1.1" 200 None
2025-08-29 18:00:14,965 - DEBUG - Starting new HTTPS connection (1): api.coingecko.com:443
2025-08-29 18:00:16,357 - DEBUG - https://api.coingecko.com:443 "GET /api/v3/coins/markets?order=market_cap_desc&per_page=100&page=1&vs_currency=usd HTTP/1.1" 200 None
2025-08-29 18:00:16,975 - DEBUG - https://api-demo.bybit.com:443 "GET /v5/market/kline?interval=240&limit=400&symbol=PYTHUSDT HTTP/1.1" 200 None
2025-08-29 18:00:17,566 - DEBUG - https://api-demo.bybit.com:443 "GET /v5/market/kline?interval=240&limit=400&symbol=DOGEUSDT HTTP/1.1" 200 None
2025-08-29 18:00:18,099 - DEBUG - https://api-demo.bybit.com:443 "GET /v5/market/kline?interval=240&limit=400&symbol=PENGUUSDT HTTP/1.1" 200 None
2025-08-29 18:00:18,705 - DEBUG - https://api-demo.bybit.com:443 "GET /v5/market/kline?interval=240&limit=400&symbol=CROUSDT HTTP/1.1" 200 None
2025-08-29 18:00:19,454 - DEBUG - https://api-demo.bybit.com:443 "GET /v5/market/kline?interval=240&limit=400&symbol=ENAUSDT HTTP/1.1" 200 None
2025-08-29 18:00:19,957 - DEBUG - https://api-demo.bybit.com:443 "GET /v5/market/kline?interval=240&limit=400&symbol=ADAUSDT HTTP/1.1" 200 None
2025-08-29 18:00:20,545 - DEBUG - https://api-demo.bybit.com:443 "GET /v5/market/kline?interval=240&limit=400&symbol=HBARUSDT HTTP/1.1" 200 None
2025-08-29 18:00:21,095 - DEBUG - https://api-demo.bybit.com:443 "GET /v5/market/kline?interval=240&limit=400&symbol=VETUSDT HTTP/1.1" 200 None
2025-08-29 18:00:21,803 - DEBUG - https://api-demo.bybit.com:443 "GET /v5/market/kline?interval=240&limit=400&symbol=XRPUSDT HTTP/1.1" 200 None
2025-08-29 18:00:22,396 - DEBUG - https://api-demo.bybit.com:443 "GET /v5/market/kline?interval=240&limit=400&symbol=ARBUSDT HTTP/1.1" 200 None
2025-08-29 18:00:22,928 - DEBUG - https://api-demo.bybit.com:443 "GET /v5/market/kline?interval=240&limit=400&symbol=SEIUSDT HTTP/1.1" 200 None
2025-08-29 18:00:23,591 - DEBUG - https://api-demo.bybit.com:443 "GET /v5/market/kline?interval=240&limit=400&symbol=KASUSDT HTTP/1.1" 200 None
2025-08-29 18:00:24,270 - DEBUG - https://api-demo.bybit.com:443 "GET /v5/market/kline?interval=240&limit=400&symbol=XLMUSDT HTTP/1.1" 200 None
2025-08-29 18:00:24,899 - DEBUG - https://api-demo.bybit.com:443 "GET /v5/market/kline?interval=240&limit=400&symbol=MNTUSDT HTTP/1.1" 200 None
2025-08-29 18:00:25,438 - DEBUG - https://api-demo.bybit.com:443 "GET /v5/market/kline?interval=240&limit=400&symbol=POLUSDT HTTP/1.1" 200 None
2025-08-29 18:00:26,004 - DEBUG - https://api-demo.bybit.com:443 "GET /v5/market/kline?interval=240&limit=400&symbol=TRXUSDT HTTP/1.1" 200 None
2025-08-29 18:00:26,498 - DEBUG - https://api-demo.bybit.com:443 "GET /v5/market/kline?interval=240&limit=400&symbol=JUPUSDT HTTP/1.1" 200 None
2025-08-29 18:00:27,146 - DEBUG - https://api-demo.bybit.com:443 "GET /v5/market/kline?interval=240&limit=400&symbol=ONDOUSDT HTTP/1.1" 200 None
2025-08-29 18:00:27,933 - DEBUG - https://api-demo.bybit.com:443 "GET /v5/market/kline?interval=240&limit=400&symbol=ALGOUSDT HTTP/1.1" 200 None
2025-08-29 18:00:28,557 - DEBUG - https://api-demo.bybit.com:443 "GET /v5/market/kline?interval=240&limit=400&symbol=SUIUSDT HTTP/1.1" 200 None
2025-08-29 18:00:29,215 - DEBUG - https://api-demo.bybit.com:443 "GET /v5/market/kline?interval=240&limit=400&symbol=WLDUSDT HTTP/1.1" 200 None
2025-08-29 18:00:30,371 - DEBUG - https://api-demo.bybit.com:443 "GET /v5/market/kline?interval=240&limit=400&symbol=FLRUSDT HTTP/1.1" 200 None
2025-08-29 18:00:30,894 - DEBUG - https://api-demo.bybit.com:443 "GET /v5/market/kline?interval=240&limit=400&symbol=NEARUSDT HTTP/1.1" 200 None
2025-08-29 18:00:31,435 - DEBUG - https://api-demo.bybit.com:443 "GET /v5/market/kline?interval=240&limit=400&symbol=SOLUSDT HTTP/1.1" 200 None
2025-08-29 18:00:31,978 - DEBUG - https://api-demo.bybit.com:443 "GET /v5/market/kline?interval=240&limit=400&symbol=LINKUSDT HTTP/1.1" 200 None
2025-08-29 18:00:32,500 - DEBUG - https://api-demo.bybit.com:443 "GET /v5/market/kline?interval=240&limit=400&symbol=XDCUSDT HTTP/1.1" 200 None
2025-08-29 18:00:33,043 - DEBUG - https://api-demo.bybit.com:443 "GET /v5/market/kline?interval=240&limit=400&symbol=DOTUSDT HTTP/1.1" 200 None
2025-08-29 18:00:33,700 - DEBUG - https://api-demo.bybit.com:443 "GET /v5/market/kline?interval=240&limit=400&symbol=TIAUSDT HTTP/1.1" 200 None
2025-08-29 18:00:34,295 - DEBUG - https://api-demo.bybit.com:443 "GET /v5/market/kline?interval=240&limit=400&symbol=TONUSDT HTTP/1.1" 200 None
2025-08-29 18:00:34,824 - DEBUG - https://api-demo.bybit.com:443 "GET /v5/market/kline?interval=240&limit=400&symbol=FILUSDT HTTP/1.1" 200 None
2025-08-29 18:00:35,345 - DEBUG - https://api-demo.bybit.com:443 "GET /v5/market/kline?interval=240&limit=400&symbol=SKYUSDT HTTP/1.1" 200 None
2025-08-29 18:00:35,846 - DEBUG - https://api-demo.bybit.com:443 "GET /v5/market/kline?interval=240&limit=400&symbol=TRUMPUSDT HTTP/1.1" 200 None
2025-08-29 18:00:36,504 - DEBUG - https://api-demo.bybit.com:443 "GET /v5/market/kline?interval=240&limit=400&symbol=APTUSDT HTTP/1.1" 200 None
2025-08-29 18:00:37,097 - DEBUG - https://api-demo.bybit.com:443 "GET /v5/market/kline?interval=240&limit=400&symbol=AVAXUSDT HTTP/1.1" 200 None
2025-08-29 18:00:37,627 - DEBUG - https://api-demo.bybit.com:443 "GET /v5/market/kline?interval=240&limit=400&symbol=HYPEUSDT HTTP/1.1" 200 None
2025-08-29 18:00:38,172 - DEBUG - https://api-demo.bybit.com:443 "GET /v5/market/kline?interval=240&limit=400&symbol=ATOMUSDT HTTP/1.1" 200 None
2025-08-29 18:00:38,745 - DEBUG - https://api-demo.bybit.com:443 "GET /v5/market/kline?interval=240&limit=400&symbol=UNIUSDT HTTP/1.1" 200 None
2025-08-29 18:00:39,275 - DEBUG - https://api-demo.bybit.com:443 "GET /v5/market/kline?interval=240&limit=400&symbol=RENDERUSDT HTTP/1.1" 200 None
2025-08-29 18:00:39,805 - DEBUG - https://api-demo.bybit.com:443 "GET /v5/market/kline?interval=240&limit=400&symbol=USDCUSDT HTTP/1.1" 200 None
2025-08-29 18:00:40,315 - DEBUG - https://api-demo.bybit.com:443 "GET /v5/market/kline?interval=240&limit=400&symbol=INJUSDT HTTP/1.1" 200 None
2025-08-29 18:00:40,964 - DEBUG - https://api-demo.bybit.com:443 "GET /v5/market/kline?interval=240&limit=400&symbol=ICPUSDT HTTP/1.1" 200 None
2025-08-29 18:00:41,677 - DEBUG - https://api-demo.bybit.com:443 "GET /v5/market/kline?interval=240&limit=400&symbol=ETHUSDT HTTP/1.1" 200 None
2025-08-29 18:00:42,389 - DEBUG - https://api-demo.bybit.com:443 "GET /v5/market/kline?interval=240&limit=400&symbol=IPUSDT HTTP/1.1" 200 None
2025-08-29 18:00:42,972 - DEBUG - https://api-demo.bybit.com:443 "GET /v5/market/kline?interval=240&limit=400&symbol=ETCUSDT HTTP/1.1" 200 None
2025-08-29 18:00:43,505 - DEBUG - https://api-demo.bybit.com:443 "GET /v5/market/kline?interval=240&limit=400&symbol=FORMUSDT HTTP/1.1" 200 None
2025-08-29 18:00:44,067 - DEBUG - https://api-demo.bybit.com:443 "GET /v5/market/kline?interval=240&limit=400&symbol=LTCUSDT HTTP/1.1" 200 None
2025-08-29 18:00:44,559 - DEBUG - https://api-demo.bybit.com:443 "GET /v5/market/kline?interval=240&limit=400&symbol=AAVEUSDT HTTP/1.1" 200 None
2025-08-29 18:00:45,212 - DEBUG - https://api-demo.bybit.com:443 "GET /v5/market/kline?interval=240&limit=400&symbol=BNBUSDT HTTP/1.1" 200 None
2025-08-29 18:00:45,706 - DEBUG - https://api-demo.bybit.com:443 "GET /v5/market/kline?interval=240&limit=400&symbol=USD1USDT HTTP/1.1" 200 None
2025-08-29 18:00:46,209 - DEBUG - https://api-demo.bybit.com:443 "GET /v5/market/kline?interval=240&limit=400&symbol=BCHUSDT HTTP/1.1" 200 None
2025-08-29 18:00:46,745 - DEBUG - https://api-demo.bybit.com:443 "GET /v5/position/list?category=linear&symbol=MNTUSDT HTTP/1.1" 200 967
2025-08-29 18:00:47,224 - DEBUG - https://api-demo.bybit.com:443 "GET /v5/market/kline?interval=240&limit=400&symbol=MNTUSDT HTTP/1.1" 200 None
2025-08-29 18:00:47,869 - DEBUG - https://api-demo.bybit.com:443 "GET /v5/position/list?category=linear&symbol=MNTUSDT HTTP/1.1" 200 969
2025-08-29 18:00:48,353 - DEBUG - https://api-demo.bybit.com:443 "GET /v5/market/instruments-info?category=linear&symbol=MNTUSDT HTTP/1.1" 200 905
2025-08-29 18:00:48,847 - DEBUG - https://api-demo.bybit.com:443 "GET /v5/position/list?category=linear&symbol=CROUSDT HTTP/1.1" 200 837
2025-08-29 18:00:49,334 - DEBUG - https://api-demo.bybit.com:443 "GET /v5/market/kline?interval=240&limit=400&symbol=CROUSDT HTTP/1.1" 200 None
2025-08-29 18:00:49,876 - DEBUG - https://api-demo.bybit.com:443 "GET /v5/position/list?category=linear&symbol=CROUSDT HTTP/1.1" 200 837
2025-08-29 18:00:50,363 - DEBUG - https://api-demo.bybit.com:443 "GET /v5/market/instruments-info?category=linear&symbol=CROUSDT HTTP/1.1" 200 904
2025-08-29 18:00:50,859 - DEBUG - https://api-demo.bybit.com:443 "POST /v5/order/create HTTP/1.1" 200 141
2025-08-29 18:01:01,371 - DEBUG - https://api-demo.bybit.com:443 "GET /v5/execution/list?category=linear&orderId=40b05943-965c-4f44-b5c5-b97abce97305 HTTP/1.1" 200 803
2025-08-29 18:01:01,863 - DEBUG - https://api-demo.bybit.com:443 "POST /v5/position/trading-stop HTTP/1.1" 200 76
2025-08-29 18:01:02,356 - DEBUG - https://api-demo.bybit.com:443 "GET /v5/position/list?category=linear&symbol=INJUSDT HTTP/1.1" 200 961
2025-08-29 18:01:03,131 - DEBUG - https://api-demo.bybit.com:443 "GET /v5/market/kline?interval=240&limit=400&symbol=INJUSDT HTTP/1.1" 200 None
2025-08-29 18:01:03,631 - DEBUG - https://api-demo.bybit.com:443 "GET /v5/position/list?category=linear&symbol=INJUSDT HTTP/1.1" 200 961
2025-08-29 18:01:04,242 - DEBUG - https://api-demo.bybit.com:443 "GET /v5/market/instruments-info?category=linear&symbol=INJUSDT HTTP/1.1" 200 911
2025-08-29 18:01:04,748 - DEBUG - https://api-demo.bybit.com:443 "GET /v5/position/closed-pnl?category=linear HTTP/1.1" 200 None
2025-08-29 18:10:11,476 - DEBUG - Initializing HTTP session.
2025-08-29 18:10:11,478 - DEBUG - Starting new HTTPS connection (1): api-demo.bybit.com:443
2025-08-29 18:10:12,682 - DEBUG - https://api-demo.bybit.com:443 "GET /v5/position/list?category=linear&settleCoin=USDT HTTP/1.1" 200 125
2025-08-29 18:10:13,186 - DEBUG - https://api-demo.bybit.com:443 "GET /v5/market/tickers?category=linear HTTP/1.1" 200 None
2025-08-29 18:10:13,714 - DEBUG - Starting new HTTPS connection (1): api.coingecko.com:443
2025-08-29 18:10:15,210 - DEBUG - https://api.coingecko.com:443 "GET /api/v3/coins/markets?order=market_cap_desc&per_page=100&page=1&vs_currency=usd HTTP/1.1" 200 None
2025-08-29 18:10:15,570 - DEBUG - https://api-demo.bybit.com:443 "GET /v5/market/kline?interval=240&limit=400&symbol=PYTHUSDT HTTP/1.1" 200 None
2025-08-29 18:10:15,907 - DEBUG - https://api-demo.bybit.com:443 "GET /v5/market/kline?interval=240&limit=400&symbol=DOGEUSDT HTTP/1.1" 200 None
2025-08-29 18:10:16,530 - DEBUG - https://api-demo.bybit.com:443 "GET /v5/market/kline?interval=240&limit=400&symbol=PENGUUSDT HTTP/1.1" 200 None
2025-08-29 18:10:16,950 - DEBUG - https://api-demo.bybit.com:443 "GET /v5/market/kline?interval=240&limit=400&symbol=CROUSDT HTTP/1.1" 200 None
2025-08-29 18:10:17,335 - DEBUG - https://api-demo.bybit.com:443 "GET /v5/market/kline?interval=240&limit=400&symbol=ENAUSDT HTTP/1.1" 200 None
2025-08-29 18:10:17,844 - DEBUG - https://api-demo.bybit.com:443 "GET /v5/market/kline?interval=240&limit=400&symbol=ADAUSDT HTTP/1.1" 200 None
2025-08-29 18:10:18,177 - DEBUG - https://api-demo.bybit.com:443 "GET /v5/market/kline?interval=240&limit=400&symbol=HBARUSDT HTTP/1.1" 200 None
2025-08-29 18:10:18,509 - DEBUG - https://api-demo.bybit.com:443 "GET /v5/market/kline?interval=240&limit=400&symbol=VETUSDT HTTP/1.1" 200 None
2025-08-29 18:10:19,024 - DEBUG - https://api-demo.bybit.com:443 "GET /v5/market/kline?interval=240&limit=400&symbol=XRPUSDT HTTP/1.1" 200 None
2025-08-29 18:10:19,469 - DEBUG - https://api-demo.bybit.com:443 "GET /v5/market/kline?interval=240&limit=400&symbol=ARBUSDT HTTP/1.1" 200 None
2025-08-29 18:10:19,889 - DEBUG - https://api-demo.bybit.com:443 "GET /v5/market/kline?interval=240&limit=400&symbol=SEIUSDT HTTP/1.1" 200 None
2025-08-29 18:10:20,249 - DEBUG - https://api-demo.bybit.com:443 "GET /v5/market/kline?interval=240&limit=400&symbol=KASUSDT HTTP/1.1" 200 None
2025-08-29 18:10:20,595 - DEBUG - https://api-demo.bybit.com:443 "GET /v5/market/kline?interval=240&limit=400&symbol=XLMUSDT HTTP/1.1" 200 None
2025-08-29 18:10:20,919 - DEBUG - https://api-demo.bybit.com:443 "GET /v5/market/kline?interval=240&limit=400&symbol=MNTUSDT HTTP/1.1" 200 None
2025-08-29 18:10:21,299 - DEBUG - https://api-demo.bybit.com:443 "GET /v5/market/kline?interval=240&limit=400&symbol=POLUSDT HTTP/1.1" 200 None
2025-08-29 18:10:21,626 - DEBUG - https://api-demo.bybit.com:443 "GET /v5/market/kline?interval=240&limit=400&symbol=TRXUSDT HTTP/1.1" 200 None
2025-08-29 18:10:22,204 - DEBUG - https://api-demo.bybit.com:443 "GET /v5/market/kline?interval=240&limit=400&symbol=JUPUSDT HTTP/1.1" 200 None
2025-08-29 18:10:22,531 - DEBUG - https://api-demo.bybit.com:443 "GET /v5/market/kline?interval=240&limit=400&symbol=ONDOUSDT HTTP/1.1" 200 None
2025-08-29 18:10:22,839 - DEBUG - https://api-demo.bybit.com:443 "GET /v5/market/kline?interval=240&limit=400&symbol=ALGOUSDT HTTP/1.1" 200 None
2025-08-29 18:10:23,289 - DEBUG - https://api-demo.bybit.com:443 "GET /v5/market/kline?interval=240&limit=400&symbol=SUIUSDT HTTP/1.1" 200 None
2025-08-29 18:10:23,804 - DEBUG - https://api-demo.bybit.com:443 "GET /v5/market/kline?interval=240&limit=400&symbol=WLDUSDT HTTP/1.1" 200 None
2025-08-29 18:10:24,186 - DEBUG - https://api-demo.bybit.com:443 "GET /v5/market/kline?interval=240&limit=400&symbol=FLRUSDT HTTP/1.1" 200 None
2025-08-29 18:10:24,529 - DEBUG - https://api-demo.bybit.com:443 "GET /v5/market/kline?interval=240&limit=400&symbol=NEARUSDT HTTP/1.1" 200 None
2025-08-29 18:10:25,022 - DEBUG - https://api-demo.bybit.com:443 "GET /v5/market/kline?interval=240&limit=400&symbol=SOLUSDT HTTP/1.1" 200 None
2025-08-29 18:10:25,530 - DEBUG - https://api-demo.bybit.com:443 "GET /v5/market/kline?interval=240&limit=400&symbol=XDCUSDT HTTP/1.1" 200 None
2025-08-29 18:10:25,969 - DEBUG - https://api-demo.bybit.com:443 "GET /v5/market/kline?interval=240&limit=400&symbol=LINKUSDT HTTP/1.1" 200 None
2025-08-29 18:10:26,276 - DEBUG - https://api-demo.bybit.com:443 "GET /v5/market/kline?interval=240&limit=400&symbol=DOTUSDT HTTP/1.1" 200 None
2025-08-29 18:10:26,615 - DEBUG - https://api-demo.bybit.com:443 "GET /v5/market/kline?interval=240&limit=400&symbol=TIAUSDT HTTP/1.1" 200 None
2025-08-29 18:10:26,945 - DEBUG - https://api-demo.bybit.com:443 "GET /v5/market/kline?interval=240&limit=400&symbol=TONUSDT HTTP/1.1" 200 None
2025-08-29 18:10:27,280 - DEBUG - https://api-demo.bybit.com:443 "GET /v5/market/kline?interval=240&limit=400&symbol=FILUSDT HTTP/1.1" 200 None
2025-08-29 18:10:27,611 - DEBUG - https://api-demo.bybit.com:443 "GET /v5/market/kline?interval=240&limit=400&symbol=SKYUSDT HTTP/1.1" 200 None
2025-08-29 18:10:27,931 - DEBUG - https://api-demo.bybit.com:443 "GET /v5/market/kline?interval=240&limit=400&symbol=TRUMPUSDT HTTP/1.1" 200 None
2025-08-29 18:10:28,446 - DEBUG - https://api-demo.bybit.com:443 "GET /v5/market/kline?interval=240&limit=400&symbol=APTUSDT HTTP/1.1" 200 None
2025-08-29 18:10:28,766 - DEBUG - https://api-demo.bybit.com:443 "GET /v5/market/kline?interval=240&limit=400&symbol=AVAXUSDT HTTP/1.1" 200 None
2025-08-29 18:10:29,099 - DEBUG - https://api-demo.bybit.com:443 "GET /v5/market/kline?interval=240&limit=400&symbol=ATOMUSDT HTTP/1.1" 200 None
2025-08-29 18:10:29,554 - DEBUG - https://api-demo.bybit.com:443 "GET /v5/market/kline?interval=240&limit=400&symbol=HYPEUSDT HTTP/1.1" 200 None
2025-08-29 18:10:30,139 - DEBUG - https://api-demo.bybit.com:443 "GET /v5/market/kline?interval=240&limit=400&symbol=UNIUSDT HTTP/1.1" 200 None
2025-08-29 18:10:30,469 - DEBUG - https://api-demo.bybit.com:443 "GET /v5/market/kline?interval=240&limit=400&symbol=RENDERUSDT HTTP/1.1" 200 None
2025-08-29 18:10:30,920 - DEBUG - https://api-demo.bybit.com:443 "GET /v5/market/kline?interval=240&limit=400&symbol=USDCUSDT HTTP/1.1" 200 None
2025-08-29 18:10:31,491 - DEBUG - https://api-demo.bybit.com:443 "GET /v5/market/kline?interval=240&limit=400&symbol=INJUSDT HTTP/1.1" 200 None
2025-08-29 18:10:31,941 - DEBUG - https://api-demo.bybit.com:443 "GET /v5/market/kline?interval=240&limit=400&symbol=ICPUSDT HTTP/1.1" 200 None
2025-08-29 18:10:32,451 - DEBUG - https://api-demo.bybit.com:443 "GET /v5/market/kline?interval=240&limit=400&symbol=ETHUSDT HTTP/1.1" 200 None
2025-08-29 18:10:33,020 - DEBUG - https://api-demo.bybit.com:443 "GET /v5/market/kline?interval=240&limit=400&symbol=IPUSDT HTTP/1.1" 200 None
2025-08-29 18:10:33,348 - DEBUG - https://api-demo.bybit.com:443 "GET /v5/market/kline?interval=240&limit=400&symbol=ETCUSDT HTTP/1.1" 200 None
2025-08-29 18:10:33,676 - DEBUG - https://api-demo.bybit.com:443 "GET /v5/market/kline?interval=240&limit=400&symbol=FORMUSDT HTTP/1.1" 200 None
2025-08-29 18:10:34,016 - DEBUG - https://api-demo.bybit.com:443 "GET /v5/market/kline?interval=240&limit=400&symbol=LTCUSDT HTTP/1.1" 200 None
2025-08-29 18:10:34,368 - DEBUG - https://api-demo.bybit.com:443 "GET /v5/market/kline?interval=240&limit=400&symbol=AAVEUSDT HTTP/1.1" 200 None
2025-08-29 18:10:34,679 - DEBUG - https://api-demo.bybit.com:443 "GET /v5/market/kline?interval=240&limit=400&symbol=BNBUSDT HTTP/1.1" 200 None
2025-08-29 18:10:35,010 - DEBUG - https://api-demo.bybit.com:443 "GET /v5/market/kline?interval=240&limit=400&symbol=USD1USDT HTTP/1.1" 200 None
2025-08-29 18:10:35,575 - DEBUG - https://api-demo.bybit.com:443 "GET /v5/market/kline?interval=240&limit=400&symbol=BCHUSDT HTTP/1.1" 200 None
2025-08-29 18:10:35,878 - DEBUG - https://api-demo.bybit.com:443 "GET /v5/position/list?category=linear&symbol=MNTUSDT HTTP/1.1" 200 835
2025-08-29 18:10:36,193 - DEBUG - https://api-demo.bybit.com:443 "GET /v5/market/kline?interval=240&limit=400&symbol=MNTUSDT HTTP/1.1" 200 None
2025-08-29 18:10:36,528 - DEBUG - https://api-demo.bybit.com:443 "GET /v5/position/list?category=linear&symbol=MNTUSDT HTTP/1.1" 200 835
2025-08-29 18:10:36,835 - DEBUG - https://api-demo.bybit.com:443 "GET /v5/market/instruments-info?category=linear&symbol=MNTUSDT HTTP/1.1" 200 905
2025-08-29 18:10:37,139 - DEBUG - https://api-demo.bybit.com:443 "POST /v5/order/create HTTP/1.1" 200 141
2025-08-29 18:10:47,467 - DEBUG - https://api-demo.bybit.com:443 "GET /v5/execution/list?category=linear&orderId=7a30ef12-c7cb-4010-b319-22fac42c7a7a HTTP/1.1" 200 798
2025-08-29 18:10:47,780 - DEBUG - https://api-demo.bybit.com:443 "POST /v5/position/trading-stop HTTP/1.1" 200 76
2025-08-29 18:10:48,214 - DEBUG - https://api-demo.bybit.com:443 "GET /v5/position/list?category=linear&symbol=CROUSDT HTTP/1.1" 200 835
2025-08-29 18:10:48,517 - DEBUG - https://api-demo.bybit.com:443 "GET /v5/market/kline?interval=240&limit=400&symbol=CROUSDT HTTP/1.1" 200 None
2025-08-29 18:10:48,913 - DEBUG - https://api-demo.bybit.com:443 "GET /v5/position/list?category=linear&symbol=CROUSDT HTTP/1.1" 200 834
2025-08-29 18:10:49,344 - DEBUG - https://api-demo.bybit.com:443 "GET /v5/market/instruments-info?category=linear&symbol=CROUSDT HTTP/1.1" 200 904
2025-08-29 18:10:49,717 - DEBUG - https://api-demo.bybit.com:443 "POST /v5/order/create HTTP/1.1" 200 141
2025-08-29 18:11:00,034 - DEBUG - https://api-demo.bybit.com:443 "GET /v5/execution/list?category=linear&orderId=d533399c-4c79-4f21-af11-036dafa46c30 HTTP/1.1" 200 799
2025-08-29 18:11:00,481 - DEBUG - https://api-demo.bybit.com:443 "POST /v5/position/trading-stop HTTP/1.1" 200 76
2025-08-29 18:11:00,789 - DEBUG - https://api-demo.bybit.com:443 "GET /v5/position/list?category=linear&symbol=INJUSDT HTTP/1.1" 200 835
2025-08-29 18:11:01,158 - DEBUG - https://api-demo.bybit.com:443 "GET /v5/market/kline?interval=240&limit=400&symbol=INJUSDT HTTP/1.1" 200 None
2025-08-29 18:11:01,476 - DEBUG - https://api-demo.bybit.com:443 "GET /v5/position/list?category=linear&symbol=INJUSDT HTTP/1.1" 200 834
2025-08-29 18:11:01,784 - DEBUG - https://api-demo.bybit.com:443 "GET /v5/market/instruments-info?category=linear&symbol=INJUSDT HTTP/1.1" 200 911
2025-08-29 18:11:02,091 - DEBUG - https://api-demo.bybit.com:443 "POST /v5/order/create HTTP/1.1" 200 141
2025-08-29 18:11:12,410 - DEBUG - https://api-demo.bybit.com:443 "GET /v5/execution/list?category=linear&orderId=cfeeb0f8-9832-41b2-bbd6-5b08be4f64e7 HTTP/1.1" 200 799
2025-08-29 18:11:12,716 - DEBUG - https://api-demo.bybit.com:443 "POST /v5/position/trading-stop HTTP/1.1" 200 76
2025-08-29 18:11:13,017 - DEBUG - https://api-demo.bybit.com:443 "GET /v5/position/list?category=linear&symbol=XRPUSDT HTTP/1.1" 200 835
2025-08-29 18:11:13,324 - DEBUG - https://api-demo.bybit.com:443 "GET /v5/market/kline?interval=240&limit=400&symbol=XRPUSDT HTTP/1.1" 200 None
2025-08-29 18:11:13,706 - DEBUG - https://api-demo.bybit.com:443 "GET /v5/position/list?category=linear&symbol=XRPUSDT HTTP/1.1" 200 835
2025-08-29 18:11:14,130 - DEBUG - https://api-demo.bybit.com:443 "GET /v5/market/instruments-info?category=linear&symbol=XRPUSDT HTTP/1.1" 200 913
2025-08-29 18:11:14,435 - DEBUG - https://api-demo.bybit.com:443 "POST /v5/order/create HTTP/1.1" 200 141
2025-08-29 18:11:24,752 - DEBUG - https://api-demo.bybit.com:443 "GET /v5/execution/list?category=linear&orderId=a7f622ec-4c77-43cc-b999-8394952ce2e7 HTTP/1.1" 200 797
2025-08-29 18:11:25,071 - DEBUG - https://api-demo.bybit.com:443 "POST /v5/position/trading-stop HTTP/1.1" 200 76
2025-08-29 18:11:25,376 - DEBUG - https://api-demo.bybit.com:443 "GET /v5/position/list?category=linear&symbol=HBARUSDT HTTP/1.1" 200 838
2025-08-29 18:11:25,685 - DEBUG - https://api-demo.bybit.com:443 "GET /v5/market/kline?interval=240&limit=400&symbol=HBARUSDT HTTP/1.1" 200 None
2025-08-29 18:11:26,199 - DEBUG - https://api-demo.bybit.com:443 "GET /v5/position/list?category=linear&symbol=HBARUSDT HTTP/1.1" 200 838
2025-08-29 18:11:26,504 - DEBUG - https://api-demo.bybit.com:443 "GET /v5/market/instruments-info?category=linear&symbol=HBARUSDT HTTP/1.1" 200 915
2025-08-29 18:11:26,805 - DEBUG - https://api-demo.bybit.com:443 "POST /v5/order/create HTTP/1.1" 200 141
2025-08-29 18:11:37,263 - DEBUG - https://api-demo.bybit.com:443 "GET /v5/execution/list?category=linear&orderId=49da794f-e0ba-4044-9c15-f8c8072b7f5b HTTP/1.1" 200 804
2025-08-29 18:11:37,572 - DEBUG - https://api-demo.bybit.com:443 "POST /v5/position/trading-stop HTTP/1.1" 200 76
2025-08-29 18:11:37,876 - DEBUG - https://api-demo.bybit.com:443 "GET /v5/position/list?category=linear&symbol=KASUSDT HTTP/1.1" 200 695
2025-08-29 18:11:38,210 - DEBUG - https://api-demo.bybit.com:443 "POST /v5/position/set-leverage HTTP/1.1" 200 76
2025-08-29 18:11:38,603 - DEBUG - https://api-demo.bybit.com:443 "GET /v5/market/kline?interval=240&limit=400&symbol=KASUSDT HTTP/1.1" 200 None
2025-08-29 18:11:38,970 - DEBUG - https://api-demo.bybit.com:443 "GET /v5/position/list?category=linear&symbol=KASUSDT HTTP/1.1" 200 811
2025-08-29 18:11:39,307 - DEBUG - https://api-demo.bybit.com:443 "GET /v5/market/instruments-info?category=linear&symbol=KASUSDT HTTP/1.1" 200 910
2025-08-29 18:11:39,673 - DEBUG - https://api-demo.bybit.com:443 "POST /v5/order/create HTTP/1.1" 200 141
2025-08-29 18:11:50,136 - DEBUG - https://api-demo.bybit.com:443 "GET /v5/execution/list?category=linear&orderId=bfb68f73-631f-4213-855f-5d2c7bf16b4d HTTP/1.1" 200 805
2025-08-29 18:11:50,640 - DEBUG - https://api-demo.bybit.com:443 "POST /v5/position/trading-stop HTTP/1.1" 200 76
2025-08-29 18:11:51,278 - DEBUG - https://api-demo.bybit.com:443 "GET /v5/position/list?category=linear&symbol=BCHUSDT HTTP/1.1" 200 834
2025-08-29 18:11:51,798 - DEBUG - https://api-demo.bybit.com:443 "GET /v5/market/kline?interval=240&limit=400&symbol=BCHUSDT HTTP/1.1" 200 None
2025-08-29 18:11:52,247 - DEBUG - https://api-demo.bybit.com:443 "GET /v5/position/list?category=linear&symbol=BCHUSDT HTTP/1.1" 200 834
2025-08-29 18:11:52,700 - DEBUG - https://api-demo.bybit.com:443 "GET /v5/market/instruments-info?category=linear&symbol=BCHUSDT HTTP/1.1" 200 909
2025-08-29 18:11:53,084 - DEBUG - https://api-demo.bybit.com:443 "POST /v5/order/create HTTP/1.1" 200 141
2025-08-29 18:12:03,640 - DEBUG - https://api-demo.bybit.com:443 "GET /v5/execution/list?category=linear&orderId=d9858546-251e-46e2-a82c-1b51752c8832 HTTP/1.1" 200 795
2025-08-29 18:12:04,122 - DEBUG - https://api-demo.bybit.com:443 "POST /v5/position/trading-stop HTTP/1.1" 200 76
2025-08-29 18:12:04,522 - DEBUG - https://api-demo.bybit.com:443 "GET /v5/position/list?category=linear&symbol=ALGOUSDT HTTP/1.1" 200 698
2025-08-29 18:12:04,842 - DEBUG - https://api-demo.bybit.com:443 "POST /v5/position/set-leverage HTTP/1.1" 200 76
2025-08-29 18:12:05,386 - DEBUG - https://api-demo.bybit.com:443 "GET /v5/market/kline?interval=240&limit=400&symbol=ALGOUSDT HTTP/1.1" 200 None
2025-08-29 18:12:05,736 - DEBUG - https://api-demo.bybit.com:443 "GET /v5/position/list?category=linear&symbol=ALGOUSDT HTTP/1.1" 200 813
2025-08-29 18:12:06,060 - DEBUG - https://api-demo.bybit.com:443 "GET /v5/market/instruments-info?category=linear&symbol=ALGOUSDT HTTP/1.1" 200 916
2025-08-29 18:12:06,467 - DEBUG - https://api-demo.bybit.com:443 "POST /v5/order/create HTTP/1.1" 200 141
2025-08-29 18:12:16,914 - DEBUG - https://api-demo.bybit.com:443 "GET /v5/execution/list?category=linear&orderId=475f0043-3856-4897-89a7-a90cc4c5b082 HTTP/1.1" 200 805
2025-08-29 18:12:17,233 - DEBUG - https://api-demo.bybit.com:443 "POST /v5/position/trading-stop HTTP/1.1" 200 76
2025-08-29 18:12:17,542 - DEBUG - https://api-demo.bybit.com:443 "GET /v5/position/list?category=linear&symbol=ETHUSDT HTTP/1.1" 200 837
2025-08-29 18:12:17,968 - DEBUG - https://api-demo.bybit.com:443 "GET /v5/market/kline?interval=240&limit=400&symbol=ETHUSDT HTTP/1.1" 200 None
2025-08-29 18:12:18,359 - DEBUG - https://api-demo.bybit.com:443 "GET /v5/position/list?category=linear&symbol=ETHUSDT HTTP/1.1" 200 837
2025-08-29 18:12:18,786 - DEBUG - https://api-demo.bybit.com:443 "GET /v5/market/instruments-info?category=linear&symbol=ETHUSDT HTTP/1.1" 200 912
2025-08-29 18:12:19,218 - DEBUG - https://api-demo.bybit.com:443 "POST /v5/order/create HTTP/1.1" 200 141
2025-08-29 18:12:29,537 - DEBUG - https://api-demo.bybit.com:443 "GET /v5/execution/list?category=linear&orderId=48f56885-46d4-4e6d-961b-e4ed2205ffe4 HTTP/1.1" 200 797
2025-08-29 18:12:29,966 - DEBUG - https://api-demo.bybit.com:443 "POST /v5/position/trading-stop HTTP/1.1" 200 76
2025-08-29 18:12:30,277 - DEBUG - https://api-demo.bybit.com:443 "GET /v5/position/list?category=linear&symbol=TRUMPUSDT HTTP/1.1" 200 696
2025-08-29 18:12:30,577 - DEBUG - https://api-demo.bybit.com:443 "POST /v5/position/set-leverage HTTP/1.1" 200 76
2025-08-29 18:12:31,087 - DEBUG - https://api-demo.bybit.com:443 "GET /v5/market/kline?interval=240&limit=400&symbol=TRUMPUSDT HTTP/1.1" 200 None
2025-08-29 18:12:31,392 - DEBUG - https://api-demo.bybit.com:443 "GET /v5/position/list?category=linear&symbol=TRUMPUSDT HTTP/1.1" 200 811
2025-08-29 18:12:31,700 - DEBUG - https://api-demo.bybit.com:443 "GET /v5/market/instruments-info?category=linear&symbol=TRUMPUSDT HTTP/1.1" 200 912
2025-08-29 18:12:32,040 - DEBUG - https://api-demo.bybit.com:443 "POST /v5/order/create HTTP/1.1" 200 141
2025-08-29 18:12:42,355 - DEBUG - https://api-demo.bybit.com:443 "GET /v5/execution/list?category=linear&orderId=9e5104b3-3972-4328-921f-a4dc22b8be77 HTTP/1.1" 200 796
2025-08-29 18:12:42,686 - DEBUG - https://api-demo.bybit.com:443 "POST /v5/position/trading-stop HTTP/1.1" 200 76
2025-08-29 18:12:43,065 - DEBUG - https://api-demo.bybit.com:443 "GET /v5/position/closed-pnl?category=linear HTTP/1.1" 200 None
