2025-09-02 18:40:24,409 - DEBUG - Initializing HTTP session.
2025-09-02 18:40:24,411 - DEBUG - Starting new HTTPS connection (1): api-demo.bybit.com:443
2025-09-02 18:40:25,932 - DEBUG - https://api-demo.bybit.com:443 "GET /v5/position/list?category=linear&settleCoin=USDT HTTP/1.1" 200 125
2025-09-02 18:40:26,554 - DEBUG - https://api-demo.bybit.com:443 "GET /v5/market/tickers?category=linear HTTP/1.1" 200 None
2025-09-02 18:40:27,226 - DEBUG - Starting new HTTPS connection (1): api.coingecko.com:443
2025-09-02 18:40:28,467 - DEBUG - https://api.coingecko.com:443 "GET /api/v3/coins/markets?order=market_cap_desc&per_page=100&page=1&vs_currency=usd HTTP/1.1" 200 None
2025-09-02 18:40:28,887 - DEBUG - https://api-demo.bybit.com:443 "GET /v5/market/kline?interval=5&limit=400&symbol=WLFIUSDT HTTP/1.1" 200 None
2025-09-02 18:40:29,341 - DEBUG - https://api-demo.bybit.com:443 "GET /v5/market/kline?interval=5&limit=400&symbol=DOGEUSDT HTTP/1.1" 200 None
2025-09-02 18:40:29,969 - DEBUG - https://api-demo.bybit.com:443 "GET /v5/market/kline?interval=5&limit=400&symbol=PENGUUSDT HTTP/1.1" 200 None
2025-09-02 18:40:30,533 - DEBUG - https://api-demo.bybit.com:443 "GET /v5/market/kline?interval=5&limit=400&symbol=ENAUSDT HTTP/1.1" 200 None
2025-09-02 18:40:31,040 - DEBUG - https://api-demo.bybit.com:443 "GET /v5/market/kline?interval=5&limit=400&symbol=ADAUSDT HTTP/1.1" 200 None
2025-09-02 18:40:31,529 - DEBUG - https://api-demo.bybit.com:443 "GET /v5/market/kline?interval=5&limit=400&symbol=XRPUSDT HTTP/1.1" 200 None
2025-09-02 18:40:31,991 - DEBUG - https://api-demo.bybit.com:443 "GET /v5/market/kline?interval=5&limit=400&symbol=MUSDT HTTP/1.1" 200 None
2025-09-02 18:40:32,439 - DEBUG - https://api-demo.bybit.com:443 "GET /v5/market/kline?interval=5&limit=400&symbol=HBARUSDT HTTP/1.1" 200 None
2025-09-02 18:40:32,939 - DEBUG - https://api-demo.bybit.com:443 "GET /v5/market/kline?interval=5&limit=400&symbol=POLUSDT HTTP/1.1" 200 None
2025-09-02 18:40:33,369 - DEBUG - https://api-demo.bybit.com:443 "GET /v5/market/kline?interval=5&limit=400&symbol=VETUSDT HTTP/1.1" 200 None
2025-09-02 18:40:33,811 - DEBUG - https://api-demo.bybit.com:443 "GET /v5/market/kline?interval=5&limit=400&symbol=ARBUSDT HTTP/1.1" 200 None
2025-09-02 18:40:34,268 - DEBUG - https://api-demo.bybit.com:443 "GET /v5/market/kline?interval=5&limit=400&symbol=CROUSDT HTTP/1.1" 200 None
2025-09-02 18:40:34,730 - DEBUG - https://api-demo.bybit.com:443 "GET /v5/market/kline?interval=5&limit=400&symbol=KASUSDT HTTP/1.1" 200 None
2025-09-02 18:40:35,290 - DEBUG - https://api-demo.bybit.com:443 "GET /v5/market/kline?interval=5&limit=400&symbol=SEIUSDT HTTP/1.1" 200 None
2025-09-02 18:40:35,711 - DEBUG - https://api-demo.bybit.com:443 "GET /v5/market/kline?interval=5&limit=400&symbol=XLMUSDT HTTP/1.1" 200 None
2025-09-02 18:40:36,157 - DEBUG - https://api-demo.bybit.com:443 "GET /v5/market/kline?interval=5&limit=400&symbol=ONDOUSDT HTTP/1.1" 200 None
2025-09-02 18:40:36,654 - DEBUG - https://api-demo.bybit.com:443 "GET /v5/market/kline?interval=5&limit=400&symbol=SUIUSDT HTTP/1.1" 200 None
2025-09-02 18:40:37,268 - DEBUG - https://api-demo.bybit.com:443 "GET /v5/market/kline?interval=5&limit=400&symbol=SKYUSDT HTTP/1.1" 200 None
2025-09-02 18:40:37,701 - DEBUG - https://api-demo.bybit.com:443 "GET /v5/market/kline?interval=5&limit=400&symbol=TRXUSDT HTTP/1.1" 200 None
2025-09-02 18:40:38,333 - DEBUG - https://api-demo.bybit.com:443 "GET /v5/market/kline?interval=5&limit=400&symbol=WLDUSDT HTTP/1.1" 200 None
2025-09-02 18:40:38,984 - DEBUG - https://api-demo.bybit.com:443 "GET /v5/market/kline?interval=5&limit=400&symbol=ALGOUSDT HTTP/1.1" 200 None
2025-09-02 18:40:39,609 - DEBUG - https://api-demo.bybit.com:443 "GET /v5/market/kline?interval=5&limit=400&symbol=FLRUSDT HTTP/1.1" 200 None
2025-09-02 18:40:40,089 - DEBUG - https://api-demo.bybit.com:443 "GET /v5/market/kline?interval=5&limit=400&symbol=JUPUSDT HTTP/1.1" 200 None
2025-09-02 18:40:40,729 - DEBUG - https://api-demo.bybit.com:443 "GET /v5/market/kline?interval=5&limit=400&symbol=MNTUSDT HTTP/1.1" 200 None
2025-09-02 18:40:41,369 - DEBUG - https://api-demo.bybit.com:443 "GET /v5/market/kline?interval=5&limit=400&symbol=NEARUSDT HTTP/1.1" 200 None
2025-09-02 18:40:41,788 - DEBUG - https://api-demo.bybit.com:443 "GET /v5/market/kline?interval=5&limit=400&symbol=XDCUSDT HTTP/1.1" 200 None
2025-09-02 18:40:42,398 - DEBUG - https://api-demo.bybit.com:443 "GET /v5/market/kline?interval=5&limit=400&symbol=TRUMPUSDT HTTP/1.1" 200 None
2025-09-02 18:40:42,840 - DEBUG - https://api-demo.bybit.com:443 "GET /v5/market/kline?interval=5&limit=400&symbol=DOTUSDT HTTP/1.1" 200 None
2025-09-02 18:40:43,325 - DEBUG - https://api-demo.bybit.com:443 "GET /v5/market/kline?interval=5&limit=400&symbol=SOLUSDT HTTP/1.1" 200 None
2025-09-02 18:40:43,762 - DEBUG - https://api-demo.bybit.com:443 "GET /v5/market/kline?interval=5&limit=400&symbol=FILUSDT HTTP/1.1" 200 None
2025-09-02 18:40:44,206 - DEBUG - https://api-demo.bybit.com:443 "GET /v5/market/kline?interval=5&limit=400&symbol=APTUSDT HTTP/1.1" 200 None
2025-09-02 18:40:44,640 - DEBUG - https://api-demo.bybit.com:443 "GET /v5/market/kline?interval=5&limit=400&symbol=LINKUSDT HTTP/1.1" 200 None
2025-09-02 18:40:45,086 - DEBUG - https://api-demo.bybit.com:443 "GET /v5/market/kline?interval=5&limit=400&symbol=TONUSDT HTTP/1.1" 200 None
2025-09-02 18:40:45,700 - DEBUG - https://api-demo.bybit.com:443 "GET /v5/market/kline?interval=5&limit=400&symbol=AVAXUSDT HTTP/1.1" 200 None
2025-09-02 18:40:46,148 - DEBUG - https://api-demo.bybit.com:443 "GET /v5/market/kline?interval=5&limit=400&symbol=IPUSDT HTTP/1.1" 200 None
2025-09-02 18:40:46,666 - DEBUG - https://api-demo.bybit.com:443 "GET /v5/market/kline?interval=5&limit=400&symbol=UNIUSDT HTTP/1.1" 200 None
2025-09-02 18:40:47,611 - DEBUG - https://api-demo.bybit.com:443 "GET /v5/market/kline?interval=5&limit=400&symbol=ATOMUSDT HTTP/1.1" 200 None
2025-09-02 18:40:48,045 - DEBUG - https://api-demo.bybit.com:443 "GET /v5/market/kline?interval=5&limit=400&symbol=RENDERUSDT HTTP/1.1" 200 None
2025-09-02 18:40:48,569 - DEBUG - https://api-demo.bybit.com:443 "GET /v5/market/kline?interval=5&limit=400&symbol=HYPEUSDT HTTP/1.1" 200 None
2025-09-02 18:40:49,048 - DEBUG - https://api-demo.bybit.com:443 "GET /v5/market/kline?interval=5&limit=400&symbol=ICPUSDT HTTP/1.1" 200 None
2025-09-02 18:40:49,475 - DEBUG - https://api-demo.bybit.com:443 "GET /v5/market/kline?interval=5&limit=400&symbol=USDCUSDT HTTP/1.1" 200 None
2025-09-02 18:40:50,168 - DEBUG - https://api-demo.bybit.com:443 "GET /v5/market/kline?interval=5&limit=400&symbol=INJUSDT HTTP/1.1" 200 None
2025-09-02 18:40:50,578 - DEBUG - https://api-demo.bybit.com:443 "GET /v5/market/kline?interval=5&limit=400&symbol=ETHUSDT HTTP/1.1" 200 None
2025-09-02 18:40:51,028 - DEBUG - https://api-demo.bybit.com:443 "GET /v5/market/kline?interval=5&limit=400&symbol=USD1USDT HTTP/1.1" 200 None
2025-09-02 18:40:51,467 - DEBUG - https://api-demo.bybit.com:443 "GET /v5/market/kline?interval=5&limit=400&symbol=ETCUSDT HTTP/1.1" 200 None
2025-09-02 18:40:51,968 - DEBUG - https://api-demo.bybit.com:443 "GET /v5/market/kline?interval=5&limit=400&symbol=LTCUSDT HTTP/1.1" 200 None
2025-09-02 18:40:52,667 - DEBUG - https://api-demo.bybit.com:443 "GET /v5/market/kline?interval=5&limit=400&symbol=AAVEUSDT HTTP/1.1" 200 None
2025-09-02 18:40:53,109 - DEBUG - https://api-demo.bybit.com:443 "GET /v5/market/kline?interval=5&limit=400&symbol=BCHUSDT HTTP/1.1" 200 None
2025-09-02 18:40:53,688 - DEBUG - https://api-demo.bybit.com:443 "GET /v5/market/kline?interval=5&limit=400&symbol=USDEUSDT HTTP/1.1" 200 None
2025-09-02 18:40:54,128 - DEBUG - https://api-demo.bybit.com:443 "GET /v5/market/kline?interval=5&limit=400&symbol=BNBUSDT HTTP/1.1" 200 None
2025-09-02 18:40:54,808 - DEBUG - https://api-demo.bybit.com:443 "GET /v5/position/list?category=linear&symbol=WLFIUSDT HTTP/1.1" 200 694
2025-09-02 18:40:55,448 - DEBUG - https://api-demo.bybit.com:443 "POST /v5/position/set-leverage HTTP/1.1" 200 135
