2025-09-02 13:55:26,127 - DEBUG - Initializing HTTP session.
2025-09-02 13:55:26,129 - DEBUG - Starting new HTTPS connection (1): api-demo.bybit.com:443
2025-09-02 13:55:27,727 - DEBUG - https://api-demo.bybit.com:443 "GET /v5/position/list?category=linear&settleCoin=USDT HTTP/1.1" 200 125
2025-09-02 13:55:28,247 - DEBUG - https://api-demo.bybit.com:443 "GET /v5/market/tickers?category=linear HTTP/1.1" 200 None
2025-09-02 13:55:28,932 - DEBUG - Starting new HTTPS connection (1): api.coingecko.com:443
2025-09-02 13:55:30,221 - DEBUG - https://api.coingecko.com:443 "GET /api/v3/coins/markets?order=market_cap_desc&per_page=100&page=1&vs_currency=usd HTTP/1.1" 200 None
2025-09-02 13:55:30,766 - DEBUG - https://api-demo.bybit.com:443 "GET /v5/market/kline?interval=5&limit=400&symbol=WLFIUSDT HTTP/1.1" 200 None
2025-09-02 13:55:31,246 - DEBUG - https://api-demo.bybit.com:443 "GET /v5/market/kline?interval=5&limit=400&symbol=DOGEUSDT HTTP/1.1" 200 None
2025-09-02 13:55:31,764 - DEBUG - https://api-demo.bybit.com:443 "GET /v5/market/kline?interval=5&limit=400&symbol=PENGUUSDT HTTP/1.1" 200 None
2025-09-02 13:55:32,300 - DEBUG - https://api-demo.bybit.com:443 "GET /v5/market/kline?interval=5&limit=400&symbol=ENAUSDT HTTP/1.1" 200 None
2025-09-02 13:55:32,846 - DEBUG - https://api-demo.bybit.com:443 "GET /v5/market/kline?interval=5&limit=400&symbol=ADAUSDT HTTP/1.1" 200 None
2025-09-02 13:55:33,326 - DEBUG - https://api-demo.bybit.com:443 "GET /v5/market/kline?interval=5&limit=400&symbol=MUSDT HTTP/1.1" 200 None
2025-09-02 13:55:33,806 - DEBUG - https://api-demo.bybit.com:443 "GET /v5/market/kline?interval=5&limit=400&symbol=XRPUSDT HTTP/1.1" 200 None
2025-09-02 13:55:34,286 - DEBUG - https://api-demo.bybit.com:443 "GET /v5/market/kline?interval=5&limit=400&symbol=HBARUSDT HTTP/1.1" 200 None
2025-09-02 13:55:34,794 - DEBUG - https://api-demo.bybit.com:443 "GET /v5/market/kline?interval=5&limit=400&symbol=VETUSDT HTTP/1.1" 200 None
2025-09-02 13:55:35,406 - DEBUG - https://api-demo.bybit.com:443 "GET /v5/market/kline?interval=5&limit=400&symbol=POLUSDT HTTP/1.1" 200 None
2025-09-02 13:55:35,859 - DEBUG - https://api-demo.bybit.com:443 "GET /v5/market/kline?interval=5&limit=400&symbol=ARBUSDT HTTP/1.1" 200 None
2025-09-02 13:55:36,394 - DEBUG - https://api-demo.bybit.com:443 "GET /v5/market/kline?interval=5&limit=400&symbol=CROUSDT HTTP/1.1" 200 None
2025-09-02 13:55:37,006 - DEBUG - https://api-demo.bybit.com:443 "GET /v5/market/kline?interval=5&limit=400&symbol=KASUSDT HTTP/1.1" 200 None
2025-09-02 13:55:37,472 - DEBUG - https://api-demo.bybit.com:443 "GET /v5/market/kline?interval=5&limit=400&symbol=XLMUSDT HTTP/1.1" 200 None
2025-09-02 13:55:38,007 - DEBUG - https://api-demo.bybit.com:443 "GET /v5/market/kline?interval=5&limit=400&symbol=SEIUSDT HTTP/1.1" 200 None
2025-09-02 13:55:38,582 - DEBUG - https://api-demo.bybit.com:443 "GET /v5/market/kline?interval=5&limit=400&symbol=ONDOUSDT HTTP/1.1" 200 None
2025-09-02 13:55:39,060 - DEBUG - https://api-demo.bybit.com:443 "GET /v5/market/kline?interval=5&limit=400&symbol=SUIUSDT HTTP/1.1" 200 None
2025-09-02 13:55:39,516 - DEBUG - https://api-demo.bybit.com:443 "GET /v5/market/kline?interval=5&limit=400&symbol=TRXUSDT HTTP/1.1" 200 None
2025-09-02 13:55:40,110 - DEBUG - https://api-demo.bybit.com:443 "GET /v5/market/kline?interval=5&limit=400&symbol=ALGOUSDT HTTP/1.1" 200 None
2025-09-02 13:55:40,686 - DEBUG - https://api-demo.bybit.com:443 "GET /v5/market/kline?interval=5&limit=400&symbol=WLDUSDT HTTP/1.1" 200 None
2025-09-02 13:55:41,197 - DEBUG - https://api-demo.bybit.com:443 "GET /v5/market/kline?interval=5&limit=400&symbol=FLRUSDT HTTP/1.1" 200 None
2025-09-02 13:55:41,806 - DEBUG - https://api-demo.bybit.com:443 "GET /v5/market/kline?interval=5&limit=400&symbol=JUPUSDT HTTP/1.1" 200 None
2025-09-02 13:55:42,286 - DEBUG - https://api-demo.bybit.com:443 "GET /v5/market/kline?interval=5&limit=400&symbol=SKYUSDT HTTP/1.1" 200 None
2025-09-02 13:55:42,925 - DEBUG - https://api-demo.bybit.com:443 "GET /v5/market/kline?interval=5&limit=400&symbol=TRUMPUSDT HTTP/1.1" 200 None
2025-09-02 13:55:43,360 - DEBUG - https://api-demo.bybit.com:443 "GET /v5/market/kline?interval=5&limit=400&symbol=MNTUSDT HTTP/1.1" 200 None
2025-09-02 13:55:43,892 - DEBUG - https://api-demo.bybit.com:443 "GET /v5/market/kline?interval=5&limit=400&symbol=NEARUSDT HTTP/1.1" 200 None
2025-09-02 13:55:44,456 - DEBUG - https://api-demo.bybit.com:443 "GET /v5/market/kline?interval=5&limit=400&symbol=FILUSDT HTTP/1.1" 200 None
2025-09-02 13:55:45,017 - DEBUG - https://api-demo.bybit.com:443 "GET /v5/market/kline?interval=5&limit=400&symbol=DOTUSDT HTTP/1.1" 200 None
2025-09-02 13:55:45,512 - DEBUG - https://api-demo.bybit.com:443 "GET /v5/market/kline?interval=5&limit=400&symbol=XDCUSDT HTTP/1.1" 200 None
2025-09-02 13:55:46,125 - DEBUG - https://api-demo.bybit.com:443 "GET /v5/market/kline?interval=5&limit=400&symbol=SOLUSDT HTTP/1.1" 200 None
2025-09-02 13:55:46,569 - DEBUG - https://api-demo.bybit.com:443 "GET /v5/market/kline?interval=5&limit=400&symbol=LINKUSDT HTTP/1.1" 200 None
2025-09-02 13:55:47,141 - DEBUG - https://api-demo.bybit.com:443 "GET /v5/market/kline?interval=5&limit=400&symbol=TONUSDT HTTP/1.1" 200 None
2025-09-02 13:55:47,700 - DEBUG - https://api-demo.bybit.com:443 "GET /v5/market/kline?interval=5&limit=400&symbol=APTUSDT HTTP/1.1" 200 None
2025-09-02 13:55:48,225 - DEBUG - https://api-demo.bybit.com:443 "GET /v5/market/kline?interval=5&limit=400&symbol=IPUSDT HTTP/1.1" 200 None
2025-09-02 13:55:48,845 - DEBUG - https://api-demo.bybit.com:443 "GET /v5/market/kline?interval=5&limit=400&symbol=AVAXUSDT HTTP/1.1" 200 None
2025-09-02 13:55:49,347 - DEBUG - https://api-demo.bybit.com:443 "GET /v5/market/kline?interval=5&limit=400&symbol=UNIUSDT HTTP/1.1" 200 None
2025-09-02 13:55:49,843 - DEBUG - https://api-demo.bybit.com:443 "GET /v5/market/kline?interval=5&limit=400&symbol=ATOMUSDT HTTP/1.1" 200 None
2025-09-02 13:55:50,312 - DEBUG - https://api-demo.bybit.com:443 "GET /v5/market/kline?interval=5&limit=400&symbol=FORMUSDT HTTP/1.1" 200 None
2025-09-02 13:55:50,792 - DEBUG - https://api-demo.bybit.com:443 "GET /v5/market/kline?interval=5&limit=400&symbol=RENDERUSDT HTTP/1.1" 200 None
2025-09-02 13:55:51,294 - DEBUG - https://api-demo.bybit.com:443 "GET /v5/market/kline?interval=5&limit=400&symbol=HYPEUSDT HTTP/1.1" 200 None
2025-09-02 13:55:51,802 - DEBUG - https://api-demo.bybit.com:443 "GET /v5/market/kline?interval=5&limit=400&symbol=ICPUSDT HTTP/1.1" 200 None
2025-09-02 13:55:52,365 - DEBUG - https://api-demo.bybit.com:443 "GET /v5/market/kline?interval=5&limit=400&symbol=USDCUSDT HTTP/1.1" 200 None
2025-09-02 13:55:53,005 - DEBUG - https://api-demo.bybit.com:443 "GET /v5/market/kline?interval=5&limit=400&symbol=USD1USDT HTTP/1.1" 200 None
2025-09-02 13:55:53,438 - DEBUG - https://api-demo.bybit.com:443 "GET /v5/market/kline?interval=5&limit=400&symbol=ETHUSDT HTTP/1.1" 200 None
2025-09-02 13:55:53,966 - DEBUG - https://api-demo.bybit.com:443 "GET /v5/market/kline?interval=5&limit=400&symbol=ETCUSDT HTTP/1.1" 200 None
2025-09-02 13:55:54,458 - DEBUG - https://api-demo.bybit.com:443 "GET /v5/market/kline?interval=5&limit=400&symbol=LTCUSDT HTTP/1.1" 200 None
2025-09-02 13:55:55,024 - DEBUG - https://api-demo.bybit.com:443 "GET /v5/market/kline?interval=5&limit=400&symbol=AAVEUSDT HTTP/1.1" 200 None
2025-09-02 13:55:55,725 - DEBUG - https://api-demo.bybit.com:443 "GET /v5/market/kline?interval=5&limit=400&symbol=USDEUSDT HTTP/1.1" 200 None
2025-09-02 13:55:56,260 - DEBUG - https://api-demo.bybit.com:443 "GET /v5/market/kline?interval=5&limit=400&symbol=BNBUSDT HTTP/1.1" 200 None
2025-09-02 13:55:56,821 - DEBUG - https://api-demo.bybit.com:443 "GET /v5/market/kline?interval=5&limit=400&symbol=BCHUSDT HTTP/1.1" 200 None
2025-09-02 13:55:57,287 - DEBUG - https://api-demo.bybit.com:443 "GET /v5/position/list?category=linear&symbol=BNBUSDT HTTP/1.1" 200 697
2025-09-02 13:55:57,786 - DEBUG - https://api-demo.bybit.com:443 "POST /v5/position/set-leverage HTTP/1.1" 200 135
2025-09-02 14:00:53,154 - DEBUG - Initializing HTTP session.
2025-09-02 14:00:53,156 - DEBUG - Starting new HTTPS connection (1): api-demo.bybit.com:443
2025-09-02 14:00:54,821 - DEBUG - https://api-demo.bybit.com:443 "GET /v5/position/list?category=linear&settleCoin=USDT HTTP/1.1" 200 125
2025-09-02 14:00:55,350 - DEBUG - https://api-demo.bybit.com:443 "GET /v5/market/tickers?category=linear HTTP/1.1" 200 None
2025-09-02 14:00:56,029 - DEBUG - Starting new HTTPS connection (1): api.coingecko.com:443
2025-09-02 14:00:57,348 - DEBUG - https://api.coingecko.com:443 "GET /api/v3/coins/markets?order=market_cap_desc&per_page=100&page=1&vs_currency=usd HTTP/1.1" 200 None
2025-09-02 14:00:57,877 - DEBUG - https://api-demo.bybit.com:443 "GET /v5/market/kline?interval=5&limit=400&symbol=WLFIUSDT HTTP/1.1" 200 None
2025-09-02 14:00:58,582 - DEBUG - https://api-demo.bybit.com:443 "GET /v5/market/kline?interval=5&limit=400&symbol=DOGEUSDT HTTP/1.1" 200 None
2025-09-02 14:00:59,158 - DEBUG - https://api-demo.bybit.com:443 "GET /v5/market/kline?interval=5&limit=400&symbol=PENGUUSDT HTTP/1.1" 200 None
2025-09-02 14:00:59,616 - DEBUG - https://api-demo.bybit.com:443 "GET /v5/market/kline?interval=5&limit=400&symbol=ENAUSDT HTTP/1.1" 200 None
2025-09-02 14:01:00,182 - DEBUG - https://api-demo.bybit.com:443 "GET /v5/market/kline?interval=5&limit=400&symbol=ADAUSDT HTTP/1.1" 200 None
2025-09-02 14:01:00,637 - DEBUG - https://api-demo.bybit.com:443 "GET /v5/market/kline?interval=5&limit=400&symbol=MUSDT HTTP/1.1" 200 None
2025-09-02 14:01:01,184 - DEBUG - https://api-demo.bybit.com:443 "GET /v5/market/kline?interval=5&limit=400&symbol=XRPUSDT HTTP/1.1" 200 None
2025-09-02 14:01:01,750 - DEBUG - https://api-demo.bybit.com:443 "GET /v5/market/kline?interval=5&limit=400&symbol=HBARUSDT HTTP/1.1" 200 None
2025-09-02 14:01:02,353 - DEBUG - https://api-demo.bybit.com:443 "GET /v5/market/kline?interval=5&limit=400&symbol=VETUSDT HTTP/1.1" 200 None
2025-09-02 14:01:02,918 - DEBUG - https://api-demo.bybit.com:443 "GET /v5/market/kline?interval=5&limit=400&symbol=POLUSDT HTTP/1.1" 200 None
2025-09-02 14:01:03,536 - DEBUG - https://api-demo.bybit.com:443 "GET /v5/market/kline?interval=5&limit=400&symbol=ARBUSDT HTTP/1.1" 200 None
2025-09-02 14:01:04,108 - DEBUG - https://api-demo.bybit.com:443 "GET /v5/market/kline?interval=5&limit=400&symbol=CROUSDT HTTP/1.1" 200 None
2025-09-02 14:01:04,624 - DEBUG - https://api-demo.bybit.com:443 "GET /v5/market/kline?interval=5&limit=400&symbol=KASUSDT HTTP/1.1" 200 None
2025-09-02 14:01:05,141 - DEBUG - https://api-demo.bybit.com:443 "GET /v5/market/kline?interval=5&limit=400&symbol=XLMUSDT HTTP/1.1" 200 None
2025-09-02 14:01:05,781 - DEBUG - https://api-demo.bybit.com:443 "GET /v5/market/kline?interval=5&limit=400&symbol=SEIUSDT HTTP/1.1" 200 None
2025-09-02 14:01:06,421 - DEBUG - https://api-demo.bybit.com:443 "GET /v5/market/kline?interval=5&limit=400&symbol=ONDOUSDT HTTP/1.1" 200 None
2025-09-02 14:01:06,930 - DEBUG - https://api-demo.bybit.com:443 "GET /v5/market/kline?interval=5&limit=400&symbol=SUIUSDT HTTP/1.1" 200 None
2025-09-02 14:01:07,541 - DEBUG - https://api-demo.bybit.com:443 "GET /v5/market/kline?interval=5&limit=400&symbol=TRXUSDT HTTP/1.1" 200 None
2025-09-02 14:01:08,005 - DEBUG - https://api-demo.bybit.com:443 "GET /v5/market/kline?interval=5&limit=400&symbol=ALGOUSDT HTTP/1.1" 200 None
2025-09-02 14:01:08,890 - DEBUG - https://api-demo.bybit.com:443 "GET /v5/market/kline?interval=5&limit=400&symbol=WLDUSDT HTTP/1.1" 200 None
2025-09-02 14:01:09,441 - DEBUG - https://api-demo.bybit.com:443 "GET /v5/market/kline?interval=5&limit=400&symbol=FLRUSDT HTTP/1.1" 200 None
2025-09-02 14:01:09,999 - DEBUG - https://api-demo.bybit.com:443 "GET /v5/market/kline?interval=5&limit=400&symbol=JUPUSDT HTTP/1.1" 200 None
2025-09-02 14:01:10,612 - DEBUG - https://api-demo.bybit.com:443 "GET /v5/market/kline?interval=5&limit=400&symbol=SKYUSDT HTTP/1.1" 200 None
2025-09-02 14:01:11,193 - DEBUG - https://api-demo.bybit.com:443 "GET /v5/market/kline?interval=5&limit=400&symbol=TRUMPUSDT HTTP/1.1" 200 None
2025-09-02 14:01:11,860 - DEBUG - https://api-demo.bybit.com:443 "GET /v5/market/kline?interval=5&limit=400&symbol=MNTUSDT HTTP/1.1" 200 None
2025-09-02 14:01:12,439 - DEBUG - Initializing HTTP session.
2025-09-02 14:01:12,441 - DEBUG - Starting new HTTPS connection (1): api-demo.bybit.com:443
2025-09-02 14:01:12,530 - DEBUG - https://api-demo.bybit.com:443 "GET /v5/market/kline?interval=5&limit=400&symbol=NEARUSDT HTTP/1.1" 200 None
2025-09-02 14:01:13,140 - DEBUG - https://api-demo.bybit.com:443 "GET /v5/market/kline?interval=5&limit=400&symbol=FILUSDT HTTP/1.1" 200 None
2025-09-02 14:01:13,621 - DEBUG - https://api-demo.bybit.com:443 "GET /v5/market/kline?interval=5&limit=400&symbol=DOTUSDT HTTP/1.1" 200 None
2025-09-02 14:01:13,621 - DEBUG - https://api-demo.bybit.com:443 "GET /v5/position/list?category=linear&settleCoin=USDT HTTP/1.1" 200 125
2025-09-02 14:01:14,006 - DEBUG - https://api-demo.bybit.com:443 "GET /v5/market/tickers?category=linear HTTP/1.1" 200 None
2025-09-02 14:01:14,132 - DEBUG - https://api-demo.bybit.com:443 "GET /v5/market/kline?interval=5&limit=400&symbol=XDCUSDT HTTP/1.1" 200 None
2025-09-02 14:01:14,423 - DEBUG - Starting new HTTPS connection (1): api.coingecko.com:443
2025-09-02 14:01:14,741 - DEBUG - https://api-demo.bybit.com:443 "GET /v5/market/kline?interval=5&limit=400&symbol=SOLUSDT HTTP/1.1" 200 None
2025-09-02 14:01:15,279 - DEBUG - https://api-demo.bybit.com:443 "GET /v5/market/kline?interval=5&limit=400&symbol=LINKUSDT HTTP/1.1" 200 None
2025-09-02 14:01:15,862 - DEBUG - https://api.coingecko.com:443 "GET /api/v3/coins/markets?order=market_cap_desc&per_page=100&page=1&vs_currency=usd HTTP/1.1" 200 None
2025-09-02 14:01:15,862 - DEBUG - https://api-demo.bybit.com:443 "GET /v5/market/kline?interval=5&limit=400&symbol=TONUSDT HTTP/1.1" 200 None
2025-09-02 14:01:16,340 - DEBUG - https://api-demo.bybit.com:443 "GET /v5/market/kline?interval=5&limit=400&symbol=WLFIUSDT HTTP/1.1" 200 None
2025-09-02 14:01:16,404 - DEBUG - https://api-demo.bybit.com:443 "GET /v5/market/kline?interval=5&limit=400&symbol=APTUSDT HTTP/1.1" 200 None
2025-09-02 14:01:16,661 - DEBUG - https://api-demo.bybit.com:443 "GET /v5/market/kline?interval=5&limit=400&symbol=DOGEUSDT HTTP/1.1" 200 None
2025-09-02 14:01:16,981 - DEBUG - https://api-demo.bybit.com:443 "GET /v5/market/kline?interval=5&limit=400&symbol=IPUSDT HTTP/1.1" 200 None
e
2025-09-02 14:01:17,244 - DEBUG - https://api-demo.bybit.com:443 "GET /v5/market/kline?interval=5&limit=400&symbol=ENAUSDT HTTP/1.1" 200 None
2025-09-02 14:01:17,549 - DEBUG - https://api-demo.bybit.com:443 "GET /v5/market/kline?interval=5&limit=400&symbol=AVAXUSDT HTTP/1.1" 200 None
2025-09-02 14:01:17,640 - DEBUG - https://api-demo.bybit.com:443 "GET /v5/market/kline?interval=5&limit=400&symbol=ADAUSDT HTTP/1.1" 200 None
2025-09-02 14:01:17,940 - DEBUG - https://api-demo.bybit.com:443 "GET /v5/market/kline?interval=5&limit=400&symbol=MUSDT HTTP/1.1" 200 None
2025-09-02 14:01:18,100 - DEBUG - https://api-demo.bybit.com:443 "GET /v5/market/kline?interval=5&limit=400&symbol=UNIUSDT HTTP/1.1" 200 None
2025-09-02 14:01:18,260 - DEBUG - https://api-demo.bybit.com:443 "GET /v5/market/kline?interval=5&limit=400&symbol=XRPUSDT HTTP/1.1" 200 None
2025-09-02 14:01:18,580 - DEBUG - https://api-demo.bybit.com:443 "GET /v5/market/kline?interval=5&limit=400&symbol=HBARUSDT HTTP/1.1" 200 None
2025-09-02 14:01:18,597 - DEBUG - https://api-demo.bybit.com:443 "GET /v5/market/kline?interval=5&limit=400&symbol=ATOMUSDT HTTP/1.1" 200 None
2025-09-02 14:01:18,900 - DEBUG - https://api-demo.bybit.com:443 "GET /v5/market/kline?interval=5&limit=400&symbol=VETUSDT HTTP/1.1" 200 None
2025-09-02 14:01:19,220 - DEBUG - https://api-demo.bybit.com:443 "GET /v5/market/kline?interval=5&limit=400&symbol=FORMUSDT HTTP/1.1" 200 None
2025-09-02 14:01:19,280 - DEBUG - https://api-demo.bybit.com:443 "GET /v5/market/kline?interval=5&limit=400&symbol=POLUSDT HTTP/1.1" 200 None
2025-09-02 14:01:19,709 - DEBUG - https://api-demo.bybit.com:443 "GET /v5/market/kline?interval=5&limit=400&symbol=RENDERUSDT HTTP/1.1" 200 None
2025-09-02 14:01:20,042 - DEBUG - https://api-demo.bybit.com:443 "GET /v5/market/kline?interval=5&limit=400&symbol=CROUSDT HTTP/1.1" 200 None
2025-09-02 14:01:20,250 - DEBUG - https://api-demo.bybit.com:443 "GET /v5/market/kline?interval=5&limit=400&symbol=HYPEUSDT HTTP/1.1" 200 None
2025-09-02 14:01:20,500 - DEBUG - https://api-demo.bybit.com:443 "GET /v5/market/kline?interval=5&limit=400&symbol=KASUSDT HTTP/1.1" 200 None
2025-09-02 14:01:20,820 - DEBUG - https://api-demo.bybit.com:443 "GET /v5/market/kline?interval=5&limit=400&symbol=XLMUSDT HTTP/1.1" 200 None
2025-09-02 14:01:21,140 - DEBUG - https://api-demo.bybit.com:443 "GET /v5/market/kline?interval=5&limit=400&symbol=SEIUSDT HTTP/1.1" 200 None
2025-09-02 14:01:21,338 - DEBUG - https://api-demo.bybit.com:443 "GET /v5/market/kline?interval=5&limit=400&symbol=USDCUSDT HTTP/1.1" 200 None
2025-09-02 14:01:21,479 - DEBUG - https://api-demo.bybit.com:443 "GET /v5/market/kline?interval=5&limit=400&symbol=ONDOUSDT HTTP/1.1" 200 None
2025-09-02 14:01:21,838 - DEBUG - https://api-demo.bybit.com:443 "GET /v5/market/kline?interval=5&limit=400&symbol=USD1USDT HTTP/1.1" 200 None
2025-09-02 14:01:21,892 - DEBUG - https://api-demo.bybit.com:443 "GET /v5/market/kline?interval=5&limit=400&symbol=SUIUSDT HTTP/1.1" 200 None
2025-09-02 14:01:22,284 - DEBUG - https://api-demo.bybit.com:443 "GET /v5/market/kline?interval=5&limit=400&symbol=TRXUSDT HTTP/1.1" 200 None
2025-09-02 14:01:22,304 - DEBUG - https://api-demo.bybit.com:443 "GET /v5/market/kline?interval=5&limit=400&symbol=ETHUSDT HTTP/1.1" 200 None
2025-09-02 14:01:22,632 - DEBUG - https://api-demo.bybit.com:443 "GET /v5/market/kline?interval=5&limit=400&symbol=ALGOUSDT HTTP/1.1" 200 None
2025-09-02 14:01:22,784 - DEBUG - https://api-demo.bybit.com:443 "GET /v5/market/kline?interval=5&limit=400&symbol=ETCUSDT HTTP/1.1" 200 None
2025-09-02 14:01:23,060 - DEBUG - https://api-demo.bybit.com:443 "GET /v5/market/kline?interval=5&limit=400&symbol=WLDUSDT HTTP/1.1" 200 None
2025-09-02 14:01:23,266 - DEBUG - https://api-demo.bybit.com:443 "GET /v5/market/kline?interval=5&limit=400&symbol=LTCUSDT HTTP/1.1" 200 None
2025-09-02 14:01:23,402 - DEBUG - https://api-demo.bybit.com:443 "GET /v5/market/kline?interval=5&limit=400&symbol=FLRUSDT HTTP/1.1" 200 None
2025-09-02 14:01:23,717 - DEBUG - https://api-demo.bybit.com:443 "GET /v5/market/kline?interval=5&limit=400&symbol=JUPUSDT HTTP/1.1" 200 None
2025-09-02 14:01:23,743 - DEBUG - https://api-demo.bybit.com:443 "GET /v5/market/kline?interval=5&limit=400&symbol=AAVEUSDT HTTP/1.1" 200 None
2025-09-02 14:01:24,070 - DEBUG - https://api-demo.bybit.com:443 "GET /v5/market/kline?interval=5&limit=400&symbol=SKYUSDT HTTP/1.1" 200 None
2025-09-02 14:01:24,222 - DEBUG - https://api-demo.bybit.com:443 "GET /v5/market/kline?interval=5&limit=400&symbol=USDEUSDT HTTP/1.1" 200 None
2025-09-02 14:01:24,500 - DEBUG - https://api-demo.bybit.com:443 "GET /v5/market/kline?interval=5&limit=400&symbol=TRUMPUSDT HTTP/1.1" 200 None
2025-09-02 14:01:24,693 - DEBUG - https://api-demo.bybit.com:443 "GET /v5/market/kline?interval=5&limit=400&symbol=BNBUSDT HTTP/1.1" 200 None
2025-09-02 14:01:24,842 - DEBUG - https://api-demo.bybit.com:443 "GET /v5/market/kline?interval=5&limit=400&symbol=MNTUSDT HTTP/1.1" 200 None
2025-09-02 14:01:25,156 - DEBUG - https://api-demo.bybit.com:443 "GET /v5/market/kline?interval=5&limit=400&symbol=NEARUSDT HTTP/1.1" 200 None
2025-09-02 14:01:25,172 - DEBUG - https://api-demo.bybit.com:443 "GET /v5/market/kline?interval=5&limit=400&symbol=BCHUSDT HTTP/1.1" 200 None
2025-09-02 14:01:25,508 - DEBUG - https://api-demo.bybit.com:443 "GET /v5/market/kline?interval=5&limit=400&symbol=FILUSDT HTTP/1.1" 200 None
2025-09-02 14:01:25,678 - DEBUG - https://api-demo.bybit.com:443 "GET /v5/position/list?category=linear&symbol=BNBUSDT HTTP/1.1" 200 697
2025-09-02 14:01:25,827 - DEBUG - https://api-demo.bybit.com:443 "GET /v5/market/kline?interval=5&limit=400&symbol=DOTUSDT HTTP/1.1" 200 None
2025-09-02 14:01:26,117 - DEBUG - https://api-demo.bybit.com:443 "GET /v5/market/kline?interval=5&limit=400&symbol=XDCUSDT HTTP/1.1" 200 None
2025-09-02 14:01:26,131 - DEBUG - https://api-demo.bybit.com:443 "POST /v5/position/set-leverage HTTP/1.1" 200 135
2025-09-02 14:01:26,499 - DEBUG - https://api-demo.bybit.com:443 "GET /v5/market/kline?interval=5&limit=400&symbol=SOLUSDT HTTP/1.1" 200 None
2025-09-02 14:01:26,900 - DEBUG - https://api-demo.bybit.com:443 "GET /v5/market/kline?interval=5&limit=400&symbol=LINKUSDT HTTP/1.1" 200 None
2025-09-02 14:01:27,321 - DEBUG - https://api-demo.bybit.com:443 "GET /v5/market/kline?interval=5&limit=400&symbol=TONUSDT HTTP/1.1" 200 None
2025-09-02 14:01:27,599 - DEBUG - https://api-demo.bybit.com:443 "GET /v5/market/kline?interval=5&limit=400&symbol=APTUSDT HTTP/1.1" 200 None
2025-09-02 14:01:27,996 - DEBUG - https://api-demo.bybit.com:443 "GET /v5/market/kline?interval=5&limit=400&symbol=IPUSDT HTTP/1.1" 200 None
2025-09-02 14:01:28,391 - DEBUG - https://api-demo.bybit.com:443 "GET /v5/market/kline?interval=5&limit=400&symbol=AVAXUSDT HTTP/1.1" 200 None
2025-09-02 14:01:28,883 - DEBUG - https://api-demo.bybit.com:443 "GET /v5/market/kline?interval=5&limit=400&symbol=UNIUSDT HTTP/1.1" 200 None
2025-09-02 14:01:29,373 - DEBUG - https://api-demo.bybit.com:443 "GET /v5/market/kline?interval=5&limit=400&symbol=ATOMUSDT HTTP/1.1" 200 None
2025-09-02 14:01:29,779 - DEBUG - https://api-demo.bybit.com:443 "GET /v5/market/kline?interval=5&limit=400&symbol=FORMUSDT HTTP/1.1" 200 None
2025-09-02 14:01:30,108 - DEBUG - https://api-demo.bybit.com:443 "GET /v5/market/kline?interval=5&limit=400&symbol=RENDERUSDT HTTP/1.1" 200 None
2025-09-02 14:01:30,419 - DEBUG - https://api-demo.bybit.com:443 "GET /v5/market/kline?interval=5&limit=400&symbol=HYPEUSDT HTTP/1.1" 200 None
2025-09-02 14:01:30,802 - DEBUG - https://api-demo.bybit.com:443 "GET /v5/market/kline?interval=5&limit=400&symbol=ICPUSDT HTTP/1.1" 200 None
2025-09-02 14:01:31,096 - DEBUG - https://api-demo.bybit.com:443 "GET /v5/market/kline?interval=5&limit=400&symbol=USDCUSDT HTTP/1.1" 200 None
2025-09-02 14:01:31,386 - DEBUG - https://api-demo.bybit.com:443 "GET /v5/market/kline?interval=5&limit=400&symbol=USD1USDT HTTP/1.1" 200 None
2025-09-02 14:01:31,731 - DEBUG - https://api-demo.bybit.com:443 "GET /v5/market/kline?interval=5&limit=400&symbol=ETHUSDT HTTP/1.1" 200 None
2025-09-02 14:01:32,056 - DEBUG - https://api-demo.bybit.com:443 "GET /v5/market/kline?interval=5&limit=400&symbol=ETCUSDT HTTP/1.1" 200 None
2025-09-02 14:01:32,346 - DEBUG - https://api-demo.bybit.com:443 "GET /v5/market/kline?interval=5&limit=400&symbol=LTCUSDT HTTP/1.1" 200 None
2025-09-02 14:01:32,659 - DEBUG - https://api-demo.bybit.com:443 "GET /v5/market/kline?interval=5&limit=400&symbol=AAVEUSDT HTTP/1.1" 200 None
2025-09-02 14:01:32,928 - DEBUG - https://api-demo.bybit.com:443 "GET /v5/market/kline?interval=5&limit=400&symbol=USDEUSDT HTTP/1.1" 200 None
2025-09-02 14:01:33,301 - DEBUG - https://api-demo.bybit.com:443 "GET /v5/market/kline?interval=5&limit=400&symbol=BNBUSDT HTTP/1.1" 200 None
2025-09-02 14:01:33,581 - DEBUG - https://api-demo.bybit.com:443 "GET /v5/market/kline?interval=5&limit=400&symbol=BCHUSDT HTTP/1.1" 200 None
2025-09-02 14:01:33,939 - DEBUG - https://api-demo.bybit.com:443 "GET /v5/position/list?category=linear&symbol=BNBUSDT HTTP/1.1" 200 697
2025-09-02 14:01:34,679 - DEBUG - https://api-demo.bybit.com:443 "POST /v5/position/set-leverage HTTP/1.1" 200 135
