2025-08-27 22:37:33,412 - DEBUG - Initializing HTTP session.
2025-08-27 22:37:33,414 - DEBUG - Starting new HTTPS connection (1): api-demo.bybit.com:443
2025-08-27 22:37:35,050 - DEBUG - https://api-demo.bybit.com:443 "GET /v5/position/list?category=linear&symbol=ETHUSDT HTTP/1.1" 200 937
2025-08-27 22:37:35,362 - DEBUG - https://api-demo.bybit.com:443 "GET /v5/account/wallet-balance?accountType=UNIFIED&coin=USDT HTTP/1.1" 200 None
2025-08-27 22:37:35,653 - DEBUG - https://api-demo.bybit.com:443 "GET /v5/market/kline?interval=240&limit=400&symbol=ETHUSDT HTTP/1.1" 200 None
2025-08-27 22:37:35,990 - DEBUG - https://api-demo.bybit.com:443 "GET /v5/position/list?category=linear&symbol=ETHUSDT HTTP/1.1" 200 937
2025-08-27 22:37:36,294 - DEBUG - https://api-demo.bybit.com:443 "POST /v5/order/create HTTP/1.1" 200 135
2025-08-27 22:40:03,053 - DEBUG - Initializing HTTP session.
2025-08-27 22:40:03,055 - DEBUG - Starting new HTTPS connection (1): api-demo.bybit.com:443
2025-08-27 22:40:04,828 - DEBUG - https://api-demo.bybit.com:443 "GET /v5/position/list?category=linear&symbol=ETHUSDT HTTP/1.1" 200 937
2025-08-27 22:40:05,322 - DEBUG - https://api-demo.bybit.com:443 "GET /v5/account/wallet-balance?accountType=UNIFIED&coin=USDT HTTP/1.1" 200 None
2025-08-27 22:40:05,798 - DEBUG - https://api-demo.bybit.com:443 "GET /v5/market/kline?interval=240&limit=400&symbol=ETHUSDT HTTP/1.1" 200 None
2025-08-27 22:40:06,335 - DEBUG - https://api-demo.bybit.com:443 "GET /v5/position/list?category=linear&symbol=ETHUSDT HTTP/1.1" 200 937
2025-08-27 22:40:06,826 - DEBUG - https://api-demo.bybit.com:443 "GET /v5/position/closed-pnl?category=linear HTTP/1.1" 200 None
2025-08-27 22:45:40,123 - DEBUG - Initializing HTTP session.
2025-08-27 22:45:40,125 - DEBUG - Starting new HTTPS connection (1): api-demo.bybit.com:443
2025-08-27 22:45:41,944 - DEBUG - https://api-demo.bybit.com:443 "GET /v5/position/list?category=linear&symbol=ETHUSDT HTTP/1.1" 200 836
2025-08-27 22:45:42,419 - DEBUG - https://api-demo.bybit.com:443 "GET /v5/account/wallet-balance?accountType=UNIFIED&coin=USDT HTTP/1.1" 200 935
2025-08-27 22:45:42,897 - DEBUG - https://api-demo.bybit.com:443 "GET /v5/market/kline?interval=240&limit=400&symbol=ETHUSDT HTTP/1.1" 200 None
2025-08-27 22:45:43,415 - DEBUG - https://api-demo.bybit.com:443 "GET /v5/position/list?category=linear&symbol=ETHUSDT HTTP/1.1" 200 837
2025-08-27 22:45:43,897 - DEBUG - https://api-demo.bybit.com:443 "POST /v5/order/create HTTP/1.1" 200 141
2025-08-27 22:45:54,383 - DEBUG - https://api-demo.bybit.com:443 "GET /v5/execution/list?category=linear&orderId=bdd3a8c7-7e1d-411c-819d-22a3716add5a HTTP/1.1" 200 797
2025-08-27 22:45:54,896 - DEBUG - https://api-demo.bybit.com:443 "POST /v5/position/trading-stop HTTP/1.1" 200 76
2025-08-27 22:45:55,377 - DEBUG - https://api-demo.bybit.com:443 "GET /v5/position/closed-pnl?category=linear HTTP/1.1" 200 None
2025-08-27 22:50:07,905 - DEBUG - Initializing HTTP session.
2025-08-27 22:50:07,907 - DEBUG - Starting new HTTPS connection (1): api-demo.bybit.com:443
2025-08-27 22:50:09,584 - DEBUG - https://api-demo.bybit.com:443 "GET /v5/position/list?category=linear&symbol=ETHUSDT HTTP/1.1" 200 924
2025-08-27 22:50:10,076 - DEBUG - https://api-demo.bybit.com:443 "GET /v5/account/wallet-balance?accountType=UNIFIED&coin=USDT HTTP/1.1" 200 None
2025-08-27 22:50:10,563 - DEBUG - https://api-demo.bybit.com:443 "GET /v5/market/kline?interval=240&limit=400&symbol=ETHUSDT HTTP/1.1" 200 None
2025-08-27 22:50:11,104 - DEBUG - https://api-demo.bybit.com:443 "GET /v5/position/list?category=linear&symbol=ETHUSDT HTTP/1.1" 200 924
2025-08-27 22:50:11,604 - DEBUG - https://api-demo.bybit.com:443 "GET /v5/position/closed-pnl?category=linear HTTP/1.1" 200 None
