2025-08-27 22:13:57,863 - DEBUG - Initializing HTTP session.
2025-08-27 22:13:57,865 - DEBUG - Starting new HTTPS connection (1): api-demo.bybit.com:443
2025-08-27 22:13:59,245 - DEBUG - https://api-demo.bybit.com:443 "GET /v5/position/list?category=linear&symbol=ETHUSDT HTTP/1.1" 200 837
2025-08-27 22:13:59,544 - DEBUG - https://api-demo.bybit.com:443 "GET /v5/account/wallet-balance?accountType=UNIFIED&coin=USDT HTTP/1.1" 200 936
2025-08-27 22:13:59,843 - DEBUG - https://api-demo.bybit.com:443 "GET /v5/market/kline?interval=240&limit=400&symbol=ETHUSDT HTTP/1.1" 200 None
2025-08-27 22:14:00,318 - DEBUG - https://api-demo.bybit.com:443 "GET /v5/position/list?category=linear&symbol=ETHUSDT HTTP/1.1" 200 837
2025-08-27 22:14:00,665 - DEBUG - https://api-demo.bybit.com:443 "GET /v5/position/closed-pnl?category=linear HTTP/1.1" 200 None
2025-08-27 22:19:26,103 - DEBUG - Initializing HTTP session.
2025-08-27 22:19:26,105 - DEBUG - Starting new HTTPS connection (1): api-demo.bybit.com:443
2025-08-27 22:19:27,813 - DEBUG - https://api-demo.bybit.com:443 "GET /v5/position/list?category=linear&symbol=ETHUSDT HTTP/1.1" 200 838
2025-08-27 22:19:28,454 - DEBUG - https://api-demo.bybit.com:443 "GET /v5/account/wallet-balance?accountType=UNIFIED&coin=USDT HTTP/1.1" 200 936
2025-08-27 22:19:28,918 - DEBUG - https://api-demo.bybit.com:443 "GET /v5/market/kline?interval=240&limit=400&symbol=ETHUSDT HTTP/1.1" 200 None
2025-08-27 22:19:29,574 - DEBUG - https://api-demo.bybit.com:443 "GET /v5/position/list?category=linear&symbol=ETHUSDT HTTP/1.1" 200 838
2025-08-27 22:19:30,110 - DEBUG - https://api-demo.bybit.com:443 "GET /v5/position/closed-pnl?category=linear HTTP/1.1" 200 None
2025-08-27 22:22:49,861 - DEBUG - Initializing HTTP session.
2025-08-27 22:22:49,863 - DEBUG - Starting new HTTPS connection (1): api-demo.bybit.com:443
2025-08-27 22:22:51,801 - DEBUG - https://api-demo.bybit.com:443 "GET /v5/position/list?category=linear&symbol=ETHUSDT HTTP/1.1" 200 838
2025-08-27 22:22:52,279 - DEBUG - https://api-demo.bybit.com:443 "GET /v5/account/wallet-balance?accountType=UNIFIED&coin=USDT HTTP/1.1" 200 936
2025-08-27 22:22:52,749 - DEBUG - https://api-demo.bybit.com:443 "GET /v5/market/kline?interval=240&limit=400&symbol=ETHUSDT HTTP/1.1" 200 None
2025-08-27 22:22:53,289 - DEBUG - https://api-demo.bybit.com:443 "GET /v5/position/list?category=linear&symbol=ETHUSDT HTTP/1.1" 200 838
2025-08-27 22:22:53,888 - DEBUG - https://api-demo.bybit.com:443 "GET /v5/position/closed-pnl?category=linear HTTP/1.1" 200 None
2025-08-27 22:23:37,996 - DEBUG - Initializing HTTP session.
2025-08-27 22:23:37,998 - DEBUG - Starting new HTTPS connection (1): api-demo.bybit.com:443
2025-08-27 22:23:39,636 - DEBUG - https://api-demo.bybit.com:443 "GET /v5/position/list?category=linear&symbol=ETHUSDT HTTP/1.1" 200 837
2025-08-27 22:23:40,115 - DEBUG - https://api-demo.bybit.com:443 "GET /v5/account/wallet-balance?accountType=UNIFIED&coin=USDT HTTP/1.1" 200 936
2025-08-27 22:23:40,596 - DEBUG - https://api-demo.bybit.com:443 "GET /v5/market/kline?interval=240&limit=400&symbol=ETHUSDT HTTP/1.1" 200 None
2025-08-27 22:23:41,126 - DEBUG - https://api-demo.bybit.com:443 "GET /v5/position/list?category=linear&symbol=ETHUSDT HTTP/1.1" 200 837
2025-08-27 22:23:41,615 - DEBUG - https://api-demo.bybit.com:443 "GET /v5/position/closed-pnl?category=linear HTTP/1.1" 200 None
2025-08-27 22:25:03,749 - DEBUG - Initializing HTTP session.
2025-08-27 22:25:03,751 - DEBUG - Starting new HTTPS connection (1): api-demo.bybit.com:443
2025-08-27 22:25:05,409 - DEBUG - https://api-demo.bybit.com:443 "GET /v5/position/list?category=linear&symbol=ETHUSDT HTTP/1.1" 200 838
2025-08-27 22:25:05,882 - DEBUG - https://api-demo.bybit.com:443 "GET /v5/account/wallet-balance?accountType=UNIFIED&coin=USDT HTTP/1.1" 200 936
2025-08-27 22:25:06,509 - DEBUG - https://api-demo.bybit.com:443 "GET /v5/market/kline?interval=240&limit=400&symbol=ETHUSDT HTTP/1.1" 200 None
2025-08-27 22:25:06,977 - DEBUG - https://api-demo.bybit.com:443 "GET /v5/position/list?category=linear&symbol=ETHUSDT HTTP/1.1" 200 838
2025-08-27 22:25:07,469 - DEBUG - https://api-demo.bybit.com:443 "POST /v5/order/create HTTP/1.1" 200 141
2025-08-27 22:25:17,971 - DEBUG - https://api-demo.bybit.com:443 "GET /v5/execution/list?category=linear&orderId=e7553c30-1023-4275-a6b4-d908ec387870 HTTP/1.1" 200 787
2025-08-27 22:25:18,453 - DEBUG - https://api-demo.bybit.com:443 "POST /v5/position/trading-stop HTTP/1.1" 200 76
2025-08-27 22:25:18,988 - DEBUG - https://api-demo.bybit.com:443 "GET /v5/position/closed-pnl?category=linear HTTP/1.1" 200 None
2025-08-27 22:26:51,817 - DEBUG - Initializing HTTP session.
2025-08-27 22:26:51,819 - DEBUG - Starting new HTTPS connection (1): api-demo.bybit.com:443
2025-08-27 22:26:53,728 - DEBUG - https://api-demo.bybit.com:443 "GET /v5/position/list?category=linear&symbol=ETHUSDT HTTP/1.1" 200 910
2025-08-27 22:26:54,218 - DEBUG - https://api-demo.bybit.com:443 "GET /v5/account/wallet-balance?accountType=UNIFIED&coin=USDT HTTP/1.1" 200 None
2025-08-27 22:26:54,700 - DEBUG - https://api-demo.bybit.com:443 "GET /v5/market/kline?interval=240&limit=400&symbol=ETHUSDT HTTP/1.1" 200 None
2025-08-27 22:26:55,278 - DEBUG - https://api-demo.bybit.com:443 "GET /v5/position/list?category=linear&symbol=ETHUSDT HTTP/1.1" 200 910
2025-08-27 22:26:55,781 - DEBUG - https://api-demo.bybit.com:443 "POST /v5/order/create HTTP/1.1" 200 141
2025-08-27 22:27:06,290 - DEBUG - https://api-demo.bybit.com:443 "GET /v5/execution/list?category=linear&orderId=442d4962-f570-4602-aac0-8ef4c9972543 HTTP/1.1" 200 803
2025-08-27 22:27:06,811 - DEBUG - https://api-demo.bybit.com:443 "GET /v5/position/closed-pnl?category=linear HTTP/1.1" 200 None
2025-08-27 22:50:03,070 - DEBUG - Initializing HTTP session.
2025-08-27 22:50:03,072 - DEBUG - Starting new HTTPS connection (1): api-demo.bybit.com:443
2025-08-27 22:50:04,858 - DEBUG - https://api-demo.bybit.com:443 "GET /v5/position/list?category=linear&symbol=ETHUSDT HTTP/1.1" 200 838
2025-08-27 22:50:05,360 - DEBUG - https://api-demo.bybit.com:443 "GET /v5/account/wallet-balance?accountType=UNIFIED&coin=USDT HTTP/1.1" 200 933
2025-08-27 22:50:05,855 - DEBUG - https://api-demo.bybit.com:443 "GET /v5/market/kline?interval=240&limit=400&symbol=ETHUSDT HTTP/1.1" 200 None
2025-08-27 22:50:06,419 - DEBUG - https://api-demo.bybit.com:443 "GET /v5/position/list?category=linear&symbol=ETHUSDT HTTP/1.1" 200 838
2025-08-27 22:50:06,926 - DEBUG - https://api-demo.bybit.com:443 "GET /v5/position/closed-pnl?category=linear HTTP/1.1" 200 None
2025-08-27 23:00:03,120 - DEBUG - Initializing HTTP session.
2025-08-27 23:00:03,122 - DEBUG - Starting new HTTPS connection (1): api-demo.bybit.com:443
2025-08-27 23:00:04,935 - DEBUG - https://api-demo.bybit.com:443 "GET /v5/position/list?category=linear&symbol=ETHUSDT HTTP/1.1" 200 838
2025-08-27 23:00:05,418 - DEBUG - https://api-demo.bybit.com:443 "GET /v5/account/wallet-balance?accountType=UNIFIED&coin=USDT HTTP/1.1" 200 933
2025-08-27 23:00:06,020 - DEBUG - https://api-demo.bybit.com:443 "GET /v5/market/kline?interval=240&limit=400&symbol=ETHUSDT HTTP/1.1" 200 None
2025-08-27 23:00:06,605 - DEBUG - https://api-demo.bybit.com:443 "GET /v5/position/list?category=linear&symbol=ETHUSDT HTTP/1.1" 200 838
2025-08-27 23:00:07,153 - DEBUG - https://api-demo.bybit.com:443 "GET /v5/position/closed-pnl?category=linear HTTP/1.1" 200 None
2025-08-27 23:10:03,053 - DEBUG - Initializing HTTP session.
2025-08-27 23:10:03,055 - DEBUG - Starting new HTTPS connection (1): api-demo.bybit.com:443
2025-08-27 23:10:05,065 - DEBUG - https://api-demo.bybit.com:443 "GET /v5/position/list?category=linear&symbol=ETHUSDT HTTP/1.1" 200 838
2025-08-27 23:10:05,548 - DEBUG - https://api-demo.bybit.com:443 "GET /v5/account/wallet-balance?accountType=UNIFIED&coin=USDT HTTP/1.1" 200 933
2025-08-27 23:10:06,038 - DEBUG - https://api-demo.bybit.com:443 "GET /v5/market/kline?interval=240&limit=400&symbol=ETHUSDT HTTP/1.1" 200 None
2025-08-27 23:10:06,593 - DEBUG - https://api-demo.bybit.com:443 "GET /v5/position/list?category=linear&symbol=ETHUSDT HTTP/1.1" 200 838
2025-08-27 23:10:07,096 - DEBUG - https://api-demo.bybit.com:443 "GET /v5/position/closed-pnl?category=linear HTTP/1.1" 200 None
2025-08-27 23:20:03,138 - DEBUG - Initializing HTTP session.
2025-08-27 23:20:03,140 - DEBUG - Starting new HTTPS connection (1): api-demo.bybit.com:443
2025-08-27 23:20:04,898 - DEBUG - https://api-demo.bybit.com:443 "GET /v5/position/list?category=linear&symbol=ETHUSDT HTTP/1.1" 200 838
2025-08-27 23:20:05,373 - DEBUG - https://api-demo.bybit.com:443 "GET /v5/account/wallet-balance?accountType=UNIFIED&coin=USDT HTTP/1.1" 200 933
2025-08-27 23:20:06,065 - DEBUG - https://api-demo.bybit.com:443 "GET /v5/market/kline?interval=240&limit=400&symbol=ETHUSDT HTTP/1.1" 200 None
2025-08-27 23:20:06,744 - DEBUG - https://api-demo.bybit.com:443 "GET /v5/position/list?category=linear&symbol=ETHUSDT HTTP/1.1" 200 837
2025-08-27 23:20:07,241 - DEBUG - https://api-demo.bybit.com:443 "GET /v5/position/closed-pnl?category=linear HTTP/1.1" 200 None
2025-08-27 23:30:03,072 - DEBUG - Initializing HTTP session.
2025-08-27 23:30:03,074 - DEBUG - Starting new HTTPS connection (1): api-demo.bybit.com:443
2025-08-27 23:30:04,300 - DEBUG - https://api-demo.bybit.com:443 "GET /v5/position/list?category=linear&symbol=ETHUSDT HTTP/1.1" 200 838
2025-08-27 23:30:04,619 - DEBUG - https://api-demo.bybit.com:443 "GET /v5/account/wallet-balance?accountType=UNIFIED&coin=USDT HTTP/1.1" 200 933
2025-08-27 23:30:04,939 - DEBUG - https://api-demo.bybit.com:443 "GET /v5/market/kline?interval=240&limit=400&symbol=ETHUSDT HTTP/1.1" 200 None
2025-08-27 23:30:05,268 - DEBUG - https://api-demo.bybit.com:443 "GET /v5/position/list?category=linear&symbol=ETHUSDT HTTP/1.1" 200 838
2025-08-27 23:30:05,581 - DEBUG - https://api-demo.bybit.com:443 "GET /v5/position/closed-pnl?category=linear HTTP/1.1" 200 None
2025-08-27 23:40:03,089 - DEBUG - Initializing HTTP session.
2025-08-27 23:40:03,091 - DEBUG - Starting new HTTPS connection (1): api-demo.bybit.com:443
2025-08-27 23:40:04,760 - DEBUG - https://api-demo.bybit.com:443 "GET /v5/position/list?category=linear&symbol=ETHUSDT HTTP/1.1" 200 838
2025-08-27 23:40:05,375 - DEBUG - https://api-demo.bybit.com:443 "GET /v5/account/wallet-balance?accountType=UNIFIED&coin=USDT HTTP/1.1" 200 933
2025-08-27 23:40:05,839 - DEBUG - https://api-demo.bybit.com:443 "GET /v5/market/kline?interval=240&limit=400&symbol=ETHUSDT HTTP/1.1" 200 None
2025-08-27 23:40:06,369 - DEBUG - https://api-demo.bybit.com:443 "GET /v5/position/list?category=linear&symbol=ETHUSDT HTTP/1.1" 200 838
2025-08-27 23:40:07,128 - DEBUG - https://api-demo.bybit.com:443 "GET /v5/position/closed-pnl?category=linear HTTP/1.1" 200 None
2025-08-27 23:50:03,093 - DEBUG - Initializing HTTP session.
2025-08-27 23:50:03,095 - DEBUG - Starting new HTTPS connection (1): api-demo.bybit.com:443
2025-08-27 23:50:04,783 - DEBUG - https://api-demo.bybit.com:443 "GET /v5/position/list?category=linear&symbol=ETHUSDT HTTP/1.1" 200 838
2025-08-27 23:50:05,331 - DEBUG - https://api-demo.bybit.com:443 "GET /v5/account/wallet-balance?accountType=UNIFIED&coin=USDT HTTP/1.1" 200 933
2025-08-27 23:50:05,957 - DEBUG - https://api-demo.bybit.com:443 "GET /v5/market/kline?interval=240&limit=400&symbol=ETHUSDT HTTP/1.1" 200 None
2025-08-27 23:50:06,512 - DEBUG - https://api-demo.bybit.com:443 "GET /v5/position/list?category=linear&symbol=ETHUSDT HTTP/1.1" 200 838
2025-08-27 23:50:06,998 - DEBUG - https://api-demo.bybit.com:443 "GET /v5/position/closed-pnl?category=linear HTTP/1.1" 200 None
2025-08-28 00:00:04,893 - DEBUG - Initializing HTTP session.
2025-08-28 00:00:04,895 - DEBUG - Starting new HTTPS connection (1): api-demo.bybit.com:443
2025-08-28 00:00:06,719 - DEBUG - https://api-demo.bybit.com:443 "GET /v5/position/list?category=linear&symbol=ETHUSDT HTTP/1.1" 200 838
2025-08-28 00:00:07,205 - DEBUG - https://api-demo.bybit.com:443 "GET /v5/account/wallet-balance?accountType=UNIFIED&coin=USDT HTTP/1.1" 200 933
2025-08-28 00:00:07,695 - DEBUG - https://api-demo.bybit.com:443 "GET /v5/market/kline?interval=240&limit=400&symbol=ETHUSDT HTTP/1.1" 200 None
2025-08-28 00:00:08,325 - DEBUG - https://api-demo.bybit.com:443 "GET /v5/position/closed-pnl?category=linear HTTP/1.1" 200 None
2025-08-28 00:10:03,105 - DEBUG - Initializing HTTP session.
2025-08-28 00:10:03,106 - DEBUG - Starting new HTTPS connection (1): api-demo.bybit.com:443
2025-08-28 00:10:04,819 - DEBUG - https://api-demo.bybit.com:443 "GET /v5/position/list?category=linear&symbol=ETHUSDT HTTP/1.1" 200 838
2025-08-28 00:10:05,401 - DEBUG - https://api-demo.bybit.com:443 "GET /v5/account/wallet-balance?accountType=UNIFIED&coin=USDT HTTP/1.1" 200 933
2025-08-28 00:10:05,866 - DEBUG - https://api-demo.bybit.com:443 "GET /v5/market/kline?interval=240&limit=400&symbol=ETHUSDT HTTP/1.1" 200 None
2025-08-28 00:10:06,419 - DEBUG - https://api-demo.bybit.com:443 "GET /v5/position/closed-pnl?category=linear HTTP/1.1" 200 None
2025-08-28 00:20:03,113 - DEBUG - Initializing HTTP session.
2025-08-28 00:20:03,115 - DEBUG - Starting new HTTPS connection (1): api-demo.bybit.com:443
2025-08-28 00:20:04,416 - DEBUG - https://api-demo.bybit.com:443 "GET /v5/position/list?category=linear&symbol=ETHUSDT HTTP/1.1" 200 837
2025-08-28 00:20:04,737 - DEBUG - https://api-demo.bybit.com:443 "GET /v5/account/wallet-balance?accountType=UNIFIED&coin=USDT HTTP/1.1" 200 933
2025-08-28 00:20:05,051 - DEBUG - https://api-demo.bybit.com:443 "GET /v5/market/kline?interval=240&limit=400&symbol=ETHUSDT HTTP/1.1" 200 None
2025-08-28 00:20:05,410 - DEBUG - https://api-demo.bybit.com:443 "GET /v5/position/list?category=linear&symbol=ETHUSDT HTTP/1.1" 200 838
2025-08-28 00:20:05,735 - DEBUG - https://api-demo.bybit.com:443 "POST /v5/order/create HTTP/1.1" 200 141
2025-08-28 00:20:16,077 - DEBUG - https://api-demo.bybit.com:443 "GET /v5/execution/list?category=linear&orderId=eda3ebee-9620-474d-8595-da7ab81326f2 HTTP/1.1" 200 799
2025-08-28 00:20:16,542 - DEBUG - https://api-demo.bybit.com:443 "POST /v5/position/trading-stop HTTP/1.1" 200 76
2025-08-28 00:20:16,870 - DEBUG - https://api-demo.bybit.com:443 "GET /v5/position/closed-pnl?category=linear HTTP/1.1" 200 None
2025-08-28 00:30:03,105 - DEBUG - Initializing HTTP session.
2025-08-28 00:30:03,107 - DEBUG - Starting new HTTPS connection (1): api-demo.bybit.com:443
2025-08-28 00:30:04,330 - DEBUG - https://api-demo.bybit.com:443 "GET /v5/position/list?category=linear&symbol=ETHUSDT HTTP/1.1" 200 838
2025-08-28 00:30:04,667 - DEBUG - https://api-demo.bybit.com:443 "GET /v5/account/wallet-balance?accountType=UNIFIED&coin=USDT HTTP/1.1" 200 936
2025-08-28 00:30:04,958 - DEBUG - https://api-demo.bybit.com:443 "GET /v5/market/kline?interval=240&limit=400&symbol=ETHUSDT HTTP/1.1" 200 None
2025-08-28 00:30:05,306 - DEBUG - https://api-demo.bybit.com:443 "GET /v5/position/list?category=linear&symbol=ETHUSDT HTTP/1.1" 200 838
2025-08-28 00:30:05,619 - DEBUG - https://api-demo.bybit.com:443 "POST /v5/order/create HTTP/1.1" 200 141
2025-08-28 00:30:15,940 - DEBUG - https://api-demo.bybit.com:443 "GET /v5/execution/list?category=linear&orderId=f83ca88a-d8a8-40b9-93c0-c2c4cd173e69 HTTP/1.1" 200 795
2025-08-28 00:30:16,241 - DEBUG - https://api-demo.bybit.com:443 "POST /v5/position/trading-stop HTTP/1.1" 200 76
2025-08-28 00:30:16,556 - DEBUG - https://api-demo.bybit.com:443 "GET /v5/position/closed-pnl?category=linear HTTP/1.1" 200 None
2025-08-28 00:40:03,126 - DEBUG - Initializing HTTP session.
2025-08-28 00:40:03,128 - DEBUG - Starting new HTTPS connection (1): api-demo.bybit.com:443
2025-08-28 00:40:04,865 - DEBUG - https://api-demo.bybit.com:443 "GET /v5/position/list?category=linear&symbol=ETHUSDT HTTP/1.1" 200 918
2025-08-28 00:40:05,344 - DEBUG - https://api-demo.bybit.com:443 "GET /v5/account/wallet-balance?accountType=UNIFIED&coin=USDT HTTP/1.1" 200 None
2025-08-28 00:40:05,831 - DEBUG - https://api-demo.bybit.com:443 "GET /v5/market/kline?interval=240&limit=400&symbol=ETHUSDT HTTP/1.1" 200 None
2025-08-28 00:40:06,387 - DEBUG - https://api-demo.bybit.com:443 "GET /v5/position/list?category=linear&symbol=ETHUSDT HTTP/1.1" 200 918
2025-08-28 00:40:06,887 - DEBUG - https://api-demo.bybit.com:443 "GET /v5/position/closed-pnl?category=linear HTTP/1.1" 200 None
2025-08-28 00:50:03,125 - DEBUG - Initializing HTTP session.
2025-08-28 00:50:03,127 - DEBUG - Starting new HTTPS connection (1): api-demo.bybit.com:443
2025-08-28 00:50:04,381 - DEBUG - https://api-demo.bybit.com:443 "GET /v5/position/list?category=linear&symbol=ETHUSDT HTTP/1.1" 200 923
2025-08-28 00:50:04,711 - DEBUG - https://api-demo.bybit.com:443 "GET /v5/account/wallet-balance?accountType=UNIFIED&coin=USDT HTTP/1.1" 200 None
2025-08-28 00:50:05,037 - DEBUG - https://api-demo.bybit.com:443 "GET /v5/market/kline?interval=240&limit=400&symbol=ETHUSDT HTTP/1.1" 200 None
2025-08-28 00:50:05,412 - DEBUG - https://api-demo.bybit.com:443 "GET /v5/position/list?category=linear&symbol=ETHUSDT HTTP/1.1" 200 919
2025-08-28 00:50:05,757 - DEBUG - https://api-demo.bybit.com:443 "GET /v5/position/closed-pnl?category=linear HTTP/1.1" 200 None
2025-08-28 01:00:03,148 - DEBUG - Initializing HTTP session.
2025-08-28 01:00:03,149 - DEBUG - Starting new HTTPS connection (1): api-demo.bybit.com:443
2025-08-28 01:00:04,423 - DEBUG - https://api-demo.bybit.com:443 "GET /v5/position/list?category=linear&symbol=ETHUSDT HTTP/1.1" 200 919
2025-08-28 01:00:04,743 - DEBUG - https://api-demo.bybit.com:443 "GET /v5/account/wallet-balance?accountType=UNIFIED&coin=USDT HTTP/1.1" 200 None
2025-08-28 01:00:05,063 - DEBUG - https://api-demo.bybit.com:443 "GET /v5/market/kline?interval=240&limit=400&symbol=ETHUSDT HTTP/1.1" 200 None
2025-08-28 01:00:05,383 - DEBUG - https://api-demo.bybit.com:443 "GET /v5/position/list?category=linear&symbol=ETHUSDT HTTP/1.1" 200 919
2025-08-28 01:00:05,690 - DEBUG - https://api-demo.bybit.com:443 "GET /v5/position/closed-pnl?category=linear HTTP/1.1" 200 None
2025-08-28 01:10:03,142 - DEBUG - Initializing HTTP session.
2025-08-28 01:10:03,144 - DEBUG - Starting new HTTPS connection (1): api-demo.bybit.com:443
2025-08-28 01:10:04,873 - DEBUG - https://api-demo.bybit.com:443 "GET /v5/position/list?category=linear&symbol=ETHUSDT HTTP/1.1" 200 923
2025-08-28 01:10:05,338 - DEBUG - https://api-demo.bybit.com:443 "GET /v5/account/wallet-balance?accountType=UNIFIED&coin=USDT HTTP/1.1" 200 None
2025-08-28 01:10:05,808 - DEBUG - https://api-demo.bybit.com:443 "GET /v5/market/kline?interval=240&limit=400&symbol=ETHUSDT HTTP/1.1" 200 None
2025-08-28 01:10:06,458 - DEBUG - https://api-demo.bybit.com:443 "GET /v5/position/list?category=linear&symbol=ETHUSDT HTTP/1.1" 200 923
2025-08-28 01:10:06,970 - DEBUG - https://api-demo.bybit.com:443 "GET /v5/position/closed-pnl?category=linear HTTP/1.1" 200 None
2025-08-28 01:20:03,153 - DEBUG - Initializing HTTP session.
2025-08-28 01:20:03,154 - DEBUG - Starting new HTTPS connection (1): api-demo.bybit.com:443
2025-08-28 01:20:04,871 - DEBUG - https://api-demo.bybit.com:443 "GET /v5/position/list?category=linear&symbol=ETHUSDT HTTP/1.1" 200 918
2025-08-28 01:20:05,375 - DEBUG - https://api-demo.bybit.com:443 "GET /v5/account/wallet-balance?accountType=UNIFIED&coin=USDT HTTP/1.1" 200 None
2025-08-28 01:20:05,802 - DEBUG - https://api-demo.bybit.com:443 "GET /v5/market/kline?interval=240&limit=400&symbol=ETHUSDT HTTP/1.1" 200 None
2025-08-28 01:20:06,573 - DEBUG - https://api-demo.bybit.com:443 "GET /v5/position/closed-pnl?category=linear HTTP/1.1" 200 None
2025-08-28 01:30:03,167 - DEBUG - Initializing HTTP session.
2025-08-28 01:30:03,168 - DEBUG - Starting new HTTPS connection (1): api-demo.bybit.com:443
2025-08-28 01:30:05,049 - DEBUG - https://api-demo.bybit.com:443 "GET /v5/position/list?category=linear&symbol=ETHUSDT HTTP/1.1" 200 919
2025-08-28 01:30:05,569 - DEBUG - https://api-demo.bybit.com:443 "GET /v5/account/wallet-balance?accountType=UNIFIED&coin=USDT HTTP/1.1" 200 None
2025-08-28 01:30:06,055 - DEBUG - https://api-demo.bybit.com:443 "GET /v5/market/kline?interval=240&limit=400&symbol=ETHUSDT HTTP/1.1" 200 None
2025-08-28 01:30:06,613 - DEBUG - https://api-demo.bybit.com:443 "GET /v5/position/closed-pnl?category=linear HTTP/1.1" 200 None
2025-08-28 01:40:03,184 - DEBUG - Initializing HTTP session.
2025-08-28 01:40:03,186 - DEBUG - Starting new HTTPS connection (1): api-demo.bybit.com:443
2025-08-28 01:40:04,957 - DEBUG - https://api-demo.bybit.com:443 "GET /v5/position/list?category=linear&symbol=ETHUSDT HTTP/1.1" 200 924
2025-08-28 01:40:05,524 - DEBUG - https://api-demo.bybit.com:443 "GET /v5/account/wallet-balance?accountType=UNIFIED&coin=USDT HTTP/1.1" 200 None
2025-08-28 01:40:06,027 - DEBUG - https://api-demo.bybit.com:443 "GET /v5/market/kline?interval=240&limit=400&symbol=ETHUSDT HTTP/1.1" 200 None
2025-08-28 01:40:06,644 - DEBUG - https://api-demo.bybit.com:443 "GET /v5/position/list?category=linear&symbol=ETHUSDT HTTP/1.1" 200 923
2025-08-28 01:40:07,321 - DEBUG - https://api-demo.bybit.com:443 "POST /v5/order/create HTTP/1.1" 200 141
2025-08-28 01:40:17,848 - DEBUG - https://api-demo.bybit.com:443 "GET /v5/execution/list?category=linear&orderId=75bee370-9823-4aff-b294-2be91505a6b2 HTTP/1.1" 200 800
2025-08-28 01:40:18,370 - DEBUG - https://api-demo.bybit.com:443 "GET /v5/position/closed-pnl?category=linear HTTP/1.1" 200 None
2025-08-28 01:50:03,188 - DEBUG - Initializing HTTP session.
2025-08-28 01:50:03,190 - DEBUG - Starting new HTTPS connection (1): api-demo.bybit.com:443
2025-08-28 01:50:05,000 - DEBUG - https://api-demo.bybit.com:443 "GET /v5/position/list?category=linear&symbol=ETHUSDT HTTP/1.1" 200 838
2025-08-28 01:50:05,470 - DEBUG - https://api-demo.bybit.com:443 "GET /v5/account/wallet-balance?accountType=UNIFIED&coin=USDT HTTP/1.1" 200 936
2025-08-28 01:50:05,960 - DEBUG - https://api-demo.bybit.com:443 "GET /v5/market/kline?interval=240&limit=400&symbol=ETHUSDT HTTP/1.1" 200 None
2025-08-28 01:50:06,600 - DEBUG - https://api-demo.bybit.com:443 "GET /v5/position/list?category=linear&symbol=ETHUSDT HTTP/1.1" 200 838
2025-08-28 01:50:07,083 - DEBUG - https://api-demo.bybit.com:443 "GET /v5/position/closed-pnl?category=linear HTTP/1.1" 200 None
2025-08-28 02:00:03,205 - DEBUG - Initializing HTTP session.
2025-08-28 02:00:03,207 - DEBUG - Starting new HTTPS connection (1): api-demo.bybit.com:443
2025-08-28 02:00:04,926 - DEBUG - https://api-demo.bybit.com:443 "GET /v5/position/list?category=linear&symbol=ETHUSDT HTTP/1.1" 200 838
2025-08-28 02:00:05,435 - DEBUG - https://api-demo.bybit.com:443 "GET /v5/account/wallet-balance?accountType=UNIFIED&coin=USDT HTTP/1.1" 200 936
2025-08-28 02:00:05,905 - DEBUG - https://api-demo.bybit.com:443 "GET /v5/market/kline?interval=240&limit=400&symbol=ETHUSDT HTTP/1.1" 200 None
2025-08-28 02:00:06,432 - DEBUG - https://api-demo.bybit.com:443 "GET /v5/position/list?category=linear&symbol=ETHUSDT HTTP/1.1" 200 838
2025-08-28 02:00:06,913 - DEBUG - https://api-demo.bybit.com:443 "GET /v5/position/closed-pnl?category=linear HTTP/1.1" 200 None
2025-08-28 02:10:03,189 - DEBUG - Initializing HTTP session.
2025-08-28 02:10:03,191 - DEBUG - Starting new HTTPS connection (1): api-demo.bybit.com:443
2025-08-28 02:10:04,480 - DEBUG - https://api-demo.bybit.com:443 "GET /v5/position/list?category=linear&symbol=ETHUSDT HTTP/1.1" 200 838
2025-08-28 02:10:04,910 - DEBUG - https://api-demo.bybit.com:443 "GET /v5/account/wallet-balance?accountType=UNIFIED&coin=USDT HTTP/1.1" 200 936
2025-08-28 02:10:05,243 - DEBUG - https://api-demo.bybit.com:443 "GET /v5/market/kline?interval=240&limit=400&symbol=ETHUSDT HTTP/1.1" 200 None
2025-08-28 02:10:05,625 - DEBUG - https://api-demo.bybit.com:443 "GET /v5/position/list?category=linear&symbol=ETHUSDT HTTP/1.1" 200 837
2025-08-28 02:10:05,966 - DEBUG - https://api-demo.bybit.com:443 "GET /v5/position/closed-pnl?category=linear HTTP/1.1" 200 None
2025-08-28 02:20:03,205 - DEBUG - Initializing HTTP session.
2025-08-28 02:20:03,207 - DEBUG - Starting new HTTPS connection (1): api-demo.bybit.com:443
2025-08-28 02:20:05,186 - DEBUG - https://api-demo.bybit.com:443 "GET /v5/position/list?category=linear&symbol=ETHUSDT HTTP/1.1" 200 838
2025-08-28 02:20:05,655 - DEBUG - https://api-demo.bybit.com:443 "GET /v5/account/wallet-balance?accountType=UNIFIED&coin=USDT HTTP/1.1" 200 936
2025-08-28 02:20:06,114 - DEBUG - https://api-demo.bybit.com:443 "GET /v5/market/kline?interval=240&limit=400&symbol=ETHUSDT HTTP/1.1" 200 None
2025-08-28 02:20:06,648 - DEBUG - https://api-demo.bybit.com:443 "GET /v5/position/list?category=linear&symbol=ETHUSDT HTTP/1.1" 200 838
2025-08-28 02:20:07,133 - DEBUG - https://api-demo.bybit.com:443 "GET /v5/position/closed-pnl?category=linear HTTP/1.1" 200 None
