2025-09-02 21:51:42,131 - DEBUG - Initializing HTTP session.
2025-09-02 21:51:42,133 - DEBUG - Starting new HTTPS connection (1): api-demo.bybit.com:443
2025-09-02 21:51:43,396 - DEBUG - https://api-demo.bybit.com:443 "GET /v5/position/list?category=linear&settleCoin=USDT HTTP/1.1" 200 None
2025-09-02 21:51:43,717 - DEBUG - https://api-demo.bybit.com:443 "GET /v5/market/tickers?category=linear HTTP/1.1" 200 None
2025-09-02 21:51:44,203 - DEBUG - Starting new HTTPS connection (1): api.coingecko.com:443
2025-09-02 21:51:45,583 - DEBUG - https://api.coingecko.com:443 "GET /api/v3/coins/markets?order=market_cap_desc&per_page=200&page=1&vs_currency=usd HTTP/1.1" 200 None
2025-09-02 21:51:45,973 - DEBUG - https://api-demo.bybit.com:443 "GET /v5/market/kline?interval=240&limit=400&symbol=WLFIUSDT HTTP/1.1" 200 None
2025-09-02 21:51:46,225 - DEBUG - https://api-demo.bybit.com:443 "GET /v5/market/kline?interval=240&limit=400&symbol=DOGEUSDT HTTP/1.1" 200 None
2025-09-02 21:51:46,679 - DEBUG - https://api-demo.bybit.com:443 "GET /v5/market/kline?interval=240&limit=400&symbol=DOGEUSDT HTTP/1.1" 200 None
2025-09-02 21:51:47,092 - DEBUG - https://api-demo.bybit.com:443 "GET /v5/market/kline?interval=240&limit=400&symbol=GALAUSDT HTTP/1.1" 200 None
2025-09-02 21:51:47,369 - DEBUG - https://api-demo.bybit.com:443 "GET /v5/market/kline?interval=240&limit=400&symbol=PENGUUSDT HTTP/1.1" 200 None
2025-09-02 21:51:47,721 - DEBUG - https://api-demo.bybit.com:443 "GET /v5/market/kline?interval=240&limit=400&symbol=ENAUSDT HTTP/1.1" 200 None
2025-09-02 21:51:48,050 - DEBUG - https://api-demo.bybit.com:443 "GET /v5/market/kline?interval=240&limit=400&symbol=FARTCOINUSDT HTTP/1.1" 200 None
2025-09-02 21:51:48,433 - DEBUG - https://api-demo.bybit.com:443 "GET /v5/market/kline?interval=240&limit=400&symbol=JASMYUSDT HTTP/1.1" 200 None
2025-09-02 21:51:48,709 - DEBUG - https://api-demo.bybit.com:443 "GET /v5/market/kline?interval=240&limit=400&symbol=ADAUSDT HTTP/1.1" 200 None
2025-09-02 21:51:49,405 - DEBUG - https://api-demo.bybit.com:443 "GET /v5/market/kline?interval=240&limit=400&symbol=PYTHUSDT HTTP/1.1" 200 None
2025-09-02 21:51:49,956 - DEBUG - https://api-demo.bybit.com:443 "GET /v5/market/kline?interval=240&limit=400&symbol=WIFUSDT HTTP/1.1" 200 None
2025-09-02 21:51:50,275 - DEBUG - https://api-demo.bybit.com:443 "GET /v5/market/kline?interval=240&limit=400&symbol=XRPUSDT HTTP/1.1" 200 None
2025-09-02 21:51:50,755 - DEBUG - https://api-demo.bybit.com:443 "GET /v5/market/kline?interval=240&limit=400&symbol=HBARUSDT HTTP/1.1" 200 None
2025-09-02 21:51:51,075 - DEBUG - https://api-demo.bybit.com:443 "GET /v5/market/kline?interval=240&limit=400&symbol=MUSDT HTTP/1.1" 200 None
2025-09-02 21:51:51,342 - DEBUG - https://api-demo.bybit.com:443 "GET /v5/market/kline?interval=240&limit=400&symbol=BRETTUSDT HTTP/1.1" 200 None
2025-09-02 21:51:51,618 - DEBUG - https://api-demo.bybit.com:443 "GET /v5/market/kline?interval=240&limit=400&symbol=POLUSDT HTTP/1.1" 200 None
2025-09-02 21:51:52,147 - DEBUG - https://api-demo.bybit.com:443 "GET /v5/market/kline?interval=240&limit=400&symbol=ARBUSDT HTTP/1.1" 200 None
2025-09-02 21:51:52,560 - DEBUG - https://api-demo.bybit.com:443 "GET /v5/market/kline?interval=240&limit=400&symbol=RSRUSDT HTTP/1.1" 200 None
2025-09-02 21:51:52,897 - DEBUG - https://api-demo.bybit.com:443 "GET /v5/market/kline?interval=240&limit=400&symbol=VETUSDT HTTP/1.1" 200 None
2025-09-02 21:51:53,358 - DEBUG - https://api-demo.bybit.com:443 "GET /v5/market/kline?interval=240&limit=400&symbol=CROUSDT HTTP/1.1" 200 None
2025-09-02 21:51:53,642 - DEBUG - https://api-demo.bybit.com:443 "GET /v5/market/kline?interval=240&limit=400&symbol=SEIUSDT HTTP/1.1" 200 None
2025-09-02 21:51:54,103 - DEBUG - https://api-demo.bybit.com:443 "GET /v5/market/kline?interval=240&limit=400&symbol=KASUSDT HTTP/1.1" 200 None
2025-09-02 21:51:54,622 - DEBUG - https://api-demo.bybit.com:443 "GET /v5/market/kline?interval=240&limit=400&symbol=XLMUSDT HTTP/1.1" 200 None
2025-09-02 21:51:55,078 - DEBUG - https://api-demo.bybit.com:443 "GET /v5/market/kline?interval=240&limit=400&symbol=ONDOUSDT HTTP/1.1" 200 None
2025-09-02 21:51:55,367 - DEBUG - https://api-demo.bybit.com:443 "GET /v5/market/kline?interval=240&limit=400&symbol=STRKUSDT HTTP/1.1" 200 None
2025-09-02 21:51:55,715 - DEBUG - https://api-demo.bybit.com:443 "GET /v5/market/kline?interval=240&limit=400&symbol=SKYUSDT HTTP/1.1" 200 None
2025-09-02 21:51:56,035 - DEBUG - https://api-demo.bybit.com:443 "GET /v5/market/kline?interval=240&limit=400&symbol=SUIUSDT HTTP/1.1" 200 None
2025-09-02 21:51:56,277 - DEBUG - https://api-demo.bybit.com:443 "GET /v5/market/kline?interval=240&limit=400&symbol=CRVUSDT HTTP/1.1" 200 None
2025-09-02 21:51:56,549 - DEBUG - https://api-demo.bybit.com:443 "GET /v5/market/kline?interval=240&limit=400&symbol=CFXUSDT HTTP/1.1" 200 None
2025-09-02 21:51:56,835 - DEBUG - https://api-demo.bybit.com:443 "GET /v5/market/kline?interval=240&limit=400&symbol=GRTUSDT HTTP/1.1" 200 None
2025-09-02 21:51:57,315 - DEBUG - https://api-demo.bybit.com:443 "GET /v5/market/kline?interval=240&limit=400&symbol=OPUSDT HTTP/1.1" 200 None
2025-09-02 21:51:57,795 - DEBUG - https://api-demo.bybit.com:443 "GET /v5/market/kline?interval=240&limit=400&symbol=ALGOUSDT HTTP/1.1" 200 None
2025-09-02 21:51:58,164 - DEBUG - https://api-demo.bybit.com:443 "GET /v5/market/kline?interval=240&limit=400&symbol=WLDUSDT HTTP/1.1" 200 None
2025-09-02 21:51:58,507 - DEBUG - https://api-demo.bybit.com:443 "GET /v5/market/kline?interval=240&limit=400&symbol=TRXUSDT HTTP/1.1" 200 None
2025-09-02 21:51:58,779 - DEBUG - https://api-demo.bybit.com:443 "GET /v5/market/kline?interval=240&limit=400&symbol=FLRUSDT HTTP/1.1" 200 None
2025-09-02 21:51:59,074 - DEBUG - https://api-demo.bybit.com:443 "GET /v5/market/kline?interval=240&limit=400&symbol=JUPUSDT HTTP/1.1" 200 None
2025-09-02 21:51:59,347 - DEBUG - https://api-demo.bybit.com:443 "GET /v5/market/kline?interval=240&limit=400&symbol=SANDUSDT HTTP/1.1" 200 None
2025-09-02 21:51:59,617 - DEBUG - https://api-demo.bybit.com:443 "GET /v5/market/kline?interval=240&limit=400&symbol=SUSDT HTTP/1.1" 200 None
2025-09-02 21:51:59,881 - DEBUG - https://api-demo.bybit.com:443 "GET /v5/market/kline?interval=240&limit=400&symbol=VIRTUALUSDT HTTP/1.1" 200 None
2025-09-02 21:52:00,515 - DEBUG - https://api-demo.bybit.com:443 "GET /v5/market/kline?interval=240&limit=400&symbol=MANAUSDT HTTP/1.1" 200 None
2025-09-02 21:52:00,884 - DEBUG - https://api-demo.bybit.com:443 "GET /v5/market/kline?interval=240&limit=400&symbol=LDOUSDT HTTP/1.1" 200 None
2025-09-02 21:52:01,353 - DEBUG - https://api-demo.bybit.com:443 "GET /v5/market/kline?interval=240&limit=400&symbol=WALUSDT HTTP/1.1" 200 None
2025-09-02 21:52:01,678 - DEBUG - https://api-demo.bybit.com:443 "GET /v5/market/kline?interval=240&limit=400&symbol=ETHFIUSDT HTTP/1.1" 200 None
2025-09-02 21:52:01,957 - DEBUG - https://api-demo.bybit.com:443 "GET /v5/market/kline?interval=240&limit=400&symbol=MNTUSDT HTTP/1.1" 200 None
2025-09-02 21:52:02,401 - DEBUG - https://api-demo.bybit.com:443 "GET /v5/market/kline?interval=240&limit=400&symbol=SPXUSDT HTTP/1.1" 200 None
2025-09-02 21:52:02,666 - DEBUG - https://api-demo.bybit.com:443 "GET /v5/market/kline?interval=240&limit=400&symbol=KAIAUSDT HTTP/1.1" 200 None
2025-09-02 21:52:03,106 - DEBUG - https://api-demo.bybit.com:443 "GET /v5/market/kline?interval=240&limit=400&symbol=TIAUSDT HTTP/1.1" 200 None
2025-09-02 21:52:03,632 - DEBUG - https://api-demo.bybit.com:443 "GET /v5/market/kline?interval=240&limit=400&symbol=APEUSDT HTTP/1.1" 200 None
2025-09-02 21:52:04,027 - DEBUG - https://api-demo.bybit.com:443 "GET /v5/market/kline?interval=240&limit=400&symbol=DYDXUSDT HTTP/1.1" 200 None
2025-09-02 21:52:04,557 - DEBUG - https://api-demo.bybit.com:443 "GET /v5/market/kline?interval=240&limit=400&symbol=XDCUSDT HTTP/1.1" 200 None
2025-09-02 21:52:04,836 - DEBUG - https://api-demo.bybit.com:443 "GET /v5/position/closed-pnl?category=linear HTTP/1.1" 200 None
