2025-09-04 23:23:48,331 - WARNING - Connection pool is full, discarding connection: api-demo.bybit.com. Connection pool size: 10
2025-09-04 23:23:48,449 - WARNING - Connection pool is full, discarding connection: api-demo.bybit.com. Connection pool size: 10
2025-09-04 23:23:48,456 - WARNING - Connection pool is full, discarding connection: api-demo.bybit.com. Connection pool size: 10
2025-09-04 23:23:48,468 - WARNING - Connection pool is full, discarding connection: api-demo.bybit.com. Connection pool size: 10
2025-09-04 23:23:48,482 - WARNING - Connection pool is full, discarding connection: api-demo.bybit.com. Connection pool size: 10
2025-09-04 23:23:48,492 - WARNING - Connection pool is full, discarding connection: api-demo.bybit.com. Connection pool size: 10
2025-09-04 23:23:48,497 - WARNING - Connection pool is full, discarding connection: api-demo.bybit.com. Connection pool size: 10
2025-09-04 23:23:48,503 - WARNING - Connection pool is full, discarding connection: api-demo.bybit.com. Connection pool size: 10
2025-09-04 23:23:48,511 - WARNING - Connection pool is full, discarding connection: api-demo.bybit.com. Connection pool size: 10
2025-09-04 23:23:48,511 - WARNING - Connection pool is full, discarding connection: api-demo.bybit.com. Connection pool size: 10
2025-09-04 23:23:48,515 - WARNING - Connection pool is full, discarding connection: api-demo.bybit.com. Connection pool size: 10
2025-09-04 23:23:48,532 - WARNING - Connection pool is full, discarding connection: api-demo.bybit.com. Connection pool size: 10
2025-09-04 23:23:48,534 - WARNING - Connection pool is full, discarding connection: api-demo.bybit.com. Connection pool size: 10
2025-09-04 23:23:48,574 - WARNING - Connection pool is full, discarding connection: api-demo.bybit.com. Connection pool size: 10
2025-09-04 23:23:48,593 - WARNING - Connection pool is full, discarding connection: api-demo.bybit.com. Connection pool size: 10
2025-09-04 23:23:48,604 - WARNING - Connection pool is full, discarding connection: api-demo.bybit.com. Connection pool size: 10
2025-09-04 23:23:48,634 - WARNING - Connection pool is full, discarding connection: api-demo.bybit.com. Connection pool size: 10
2025-09-04 23:23:48,675 - WARNING - Connection pool is full, discarding connection: api-demo.bybit.com. Connection pool size: 10
2025-09-04 23:23:48,682 - WARNING - Connection pool is full, discarding connection: api-demo.bybit.com. Connection pool size: 10
2025-09-04 23:23:48,723 - WARNING - Connection pool is full, discarding connection: api-demo.bybit.com. Connection pool size: 10
2025-09-04 23:23:48,763 - WARNING - Connection pool is full, discarding connection: api-demo.bybit.com. Connection pool size: 10
2025-09-04 23:23:48,773 - WARNING - Connection pool is full, discarding connection: api-demo.bybit.com. Connection pool size: 10
2025-09-04 23:23:48,780 - WARNING - Connection pool is full, discarding connection: api-demo.bybit.com. Connection pool size: 10
2025-09-04 23:23:48,803 - WARNING - Connection pool is full, discarding connection: api-demo.bybit.com. Connection pool size: 10
2025-09-04 23:23:48,837 - WARNING - Connection pool is full, discarding connection: api-demo.bybit.com. Connection pool size: 10
2025-09-04 23:23:48,861 - WARNING - Connection pool is full, discarding connection: api-demo.bybit.com. Connection pool size: 10
2025-09-04 23:23:48,861 - WARNING - Connection pool is full, discarding connection: api-demo.bybit.com. Connection pool size: 10
2025-09-04 23:23:48,873 - WARNING - Connection pool is full, discarding connection: api-demo.bybit.com. Connection pool size: 10
2025-09-04 23:23:48,880 - WARNING - Connection pool is full, discarding connection: api-demo.bybit.com. Connection pool size: 10
2025-09-04 23:23:48,884 - WARNING - Connection pool is full, discarding connection: api-demo.bybit.com. Connection pool size: 10
2025-09-04 23:23:48,897 - WARNING - Connection pool is full, discarding connection: api-demo.bybit.com. Connection pool size: 10
2025-09-04 23:23:48,897 - WARNING - Connection pool is full, discarding connection: api-demo.bybit.com. Connection pool size: 10
2025-09-04 23:23:48,897 - WARNING - Connection pool is full, discarding connection: api-demo.bybit.com. Connection pool size: 10
2025-09-04 23:23:48,908 - WARNING - Connection pool is full, discarding connection: api-demo.bybit.com. Connection pool size: 10
2025-09-04 23:23:48,912 - WARNING - Connection pool is full, discarding connection: api-demo.bybit.com. Connection pool size: 10
2025-09-04 23:23:48,920 - WARNING - Connection pool is full, discarding connection: api-demo.bybit.com. Connection pool size: 10
2025-09-04 23:23:48,930 - WARNING - Connection pool is full, discarding connection: api-demo.bybit.com. Connection pool size: 10
2025-09-04 23:23:48,955 - WARNING - Connection pool is full, discarding connection: api-demo.bybit.com. Connection pool size: 10
2025-09-04 23:23:48,973 - WARNING - Connection pool is full, discarding connection: api-demo.bybit.com. Connection pool size: 10
2025-09-04 23:23:49,006 - WARNING - Connection pool is full, discarding connection: api-demo.bybit.com. Connection pool size: 10
2025-09-04 23:23:49,100 - WARNING - Connection pool is full, discarding connection: api-demo.bybit.com. Connection pool size: 10
2025-09-04 23:23:49,111 - WARNING - Connection pool is full, discarding connection: api-demo.bybit.com. Connection pool size: 10
2025-09-04 23:23:52,917 - WARNING - Connection pool is full, discarding connection: api-demo.bybit.com. Connection pool size: 10
2025-09-04 23:23:53,427 - WARNING - Connection pool is full, discarding connection: api-demo.bybit.com. Connection pool size: 10
2025-09-04 23:23:53,469 - WARNING - Connection pool is full, discarding connection: api-demo.bybit.com. Connection pool size: 10
2025-09-04 23:26:27,381 - WARNING - Connection pool is full, discarding connection: api-demo.bybit.com. Connection pool size: 10
2025-09-04 23:26:27,433 - WARNING - Connection pool is full, discarding connection: api-demo.bybit.com. Connection pool size: 10
2025-09-04 23:26:27,462 - WARNING - Connection pool is full, discarding connection: api-demo.bybit.com. Connection pool size: 10
2025-09-04 23:26:27,553 - WARNING - Connection pool is full, discarding connection: api-demo.bybit.com. Connection pool size: 10
2025-09-04 23:26:27,561 - WARNING - Connection pool is full, discarding connection: api-demo.bybit.com. Connection pool size: 10
2025-09-04 23:26:27,616 - WARNING - Connection pool is full, discarding connection: api-demo.bybit.com. Connection pool size: 10
2025-09-04 23:26:27,631 - WARNING - Connection pool is full, discarding connection: api-demo.bybit.com. Connection pool size: 10
2025-09-04 23:26:27,641 - WARNING - Connection pool is full, discarding connection: api-demo.bybit.com. Connection pool size: 10
2025-09-04 23:26:27,664 - WARNING - Connection pool is full, discarding connection: api-demo.bybit.com. Connection pool size: 10
2025-09-04 23:26:27,696 - WARNING - Connection pool is full, discarding connection: api-demo.bybit.com. Connection pool size: 10
2025-09-04 23:26:27,718 - WARNING - Connection pool is full, discarding connection: api-demo.bybit.com. Connection pool size: 10
2025-09-04 23:26:27,740 - WARNING - Connection pool is full, discarding connection: api-demo.bybit.com. Connection pool size: 10
2025-09-04 23:26:27,740 - WARNING - Connection pool is full, discarding connection: api-demo.bybit.com. Connection pool size: 10
2025-09-04 23:26:27,752 - WARNING - Connection pool is full, discarding connection: api-demo.bybit.com. Connection pool size: 10
2025-09-04 23:26:27,773 - WARNING - Connection pool is full, discarding connection: api-demo.bybit.com. Connection pool size: 10
2025-09-04 23:26:27,780 - WARNING - Connection pool is full, discarding connection: api-demo.bybit.com. Connection pool size: 10
2025-09-04 23:26:27,792 - WARNING - Connection pool is full, discarding connection: api-demo.bybit.com. Connection pool size: 10
2025-09-04 23:26:27,803 - WARNING - Connection pool is full, discarding connection: api-demo.bybit.com. Connection pool size: 10
2025-09-04 23:26:27,809 - WARNING - Connection pool is full, discarding connection: api-demo.bybit.com. Connection pool size: 10
2025-09-04 23:26:27,823 - WARNING - Connection pool is full, discarding connection: api-demo.bybit.com. Connection pool size: 10
2025-09-04 23:26:27,826 - WARNING - Connection pool is full, discarding connection: api-demo.bybit.com. Connection pool size: 10
2025-09-04 23:26:27,850 - WARNING - Connection pool is full, discarding connection: api-demo.bybit.com. Connection pool size: 10
2025-09-04 23:26:27,863 - WARNING - Connection pool is full, discarding connection: api-demo.bybit.com. Connection pool size: 10
2025-09-04 23:26:27,870 - WARNING - Connection pool is full, discarding connection: api-demo.bybit.com. Connection pool size: 10
2025-09-04 23:26:27,875 - WARNING - Connection pool is full, discarding connection: api-demo.bybit.com. Connection pool size: 10
2025-09-04 23:26:27,882 - WARNING - Connection pool is full, discarding connection: api-demo.bybit.com. Connection pool size: 10
2025-09-04 23:26:27,909 - WARNING - Connection pool is full, discarding connection: api-demo.bybit.com. Connection pool size: 10
2025-09-04 23:26:27,918 - WARNING - Connection pool is full, discarding connection: api-demo.bybit.com. Connection pool size: 10
2025-09-04 23:26:27,929 - WARNING - Connection pool is full, discarding connection: api-demo.bybit.com. Connection pool size: 10
2025-09-04 23:26:27,931 - WARNING - Connection pool is full, discarding connection: api-demo.bybit.com. Connection pool size: 10
2025-09-04 23:26:27,944 - WARNING - Connection pool is full, discarding connection: api-demo.bybit.com. Connection pool size: 10
2025-09-04 23:26:27,962 - WARNING - Connection pool is full, discarding connection: api-demo.bybit.com. Connection pool size: 10
2025-09-04 23:26:27,973 - WARNING - Connection pool is full, discarding connection: api-demo.bybit.com. Connection pool size: 10
2025-09-04 23:26:27,977 - WARNING - Connection pool is full, discarding connection: api-demo.bybit.com. Connection pool size: 10
2025-09-04 23:26:27,985 - WARNING - Connection pool is full, discarding connection: api-demo.bybit.com. Connection pool size: 10
2025-09-04 23:26:28,004 - WARNING - Connection pool is full, discarding connection: api-demo.bybit.com. Connection pool size: 10
2025-09-04 23:26:28,026 - WARNING - Connection pool is full, discarding connection: api-demo.bybit.com. Connection pool size: 10
2025-09-04 23:26:28,041 - WARNING - Connection pool is full, discarding connection: api-demo.bybit.com. Connection pool size: 10
2025-09-04 23:26:28,061 - WARNING - Connection pool is full, discarding connection: api-demo.bybit.com. Connection pool size: 10
2025-09-04 23:26:28,069 - WARNING - Connection pool is full, discarding connection: api-demo.bybit.com. Connection pool size: 10
2025-09-04 23:26:28,098 - WARNING - Connection pool is full, discarding connection: api-demo.bybit.com. Connection pool size: 10
2025-09-04 23:26:32,726 - WARNING - Connection pool is full, discarding connection: api-demo.bybit.com. Connection pool size: 10
2025-09-04 23:26:32,733 - WARNING - Connection pool is full, discarding connection: api-demo.bybit.com. Connection pool size: 10
2025-09-04 23:26:32,751 - WARNING - Connection pool is full, discarding connection: api-demo.bybit.com. Connection pool size: 10
2025-09-04 23:26:32,773 - WARNING - Connection pool is full, discarding connection: api-demo.bybit.com. Connection pool size: 10
2025-09-04 23:31:07,770 - WARNING - Connection pool is full, discarding connection: api-demo.bybit.com. Connection pool size: 10
2025-09-04 23:31:07,792 - WARNING - Connection pool is full, discarding connection: api-demo.bybit.com. Connection pool size: 10
2025-09-04 23:31:07,812 - WARNING - Connection pool is full, discarding connection: api-demo.bybit.com. Connection pool size: 10
2025-09-04 23:31:07,830 - WARNING - Connection pool is full, discarding connection: api-demo.bybit.com. Connection pool size: 10
2025-09-04 23:31:07,837 - WARNING - Connection pool is full, discarding connection: api-demo.bybit.com. Connection pool size: 10
2025-09-04 23:31:07,885 - WARNING - Connection pool is full, discarding connection: api-demo.bybit.com. Connection pool size: 10
2025-09-04 23:31:07,925 - WARNING - Connection pool is full, discarding connection: api-demo.bybit.com. Connection pool size: 10
2025-09-04 23:31:07,943 - WARNING - Connection pool is full, discarding connection: api-demo.bybit.com. Connection pool size: 10
2025-09-04 23:31:07,954 - WARNING - Connection pool is full, discarding connection: api-demo.bybit.com. Connection pool size: 10
2025-09-04 23:31:07,990 - WARNING - Connection pool is full, discarding connection: api-demo.bybit.com. Connection pool size: 10
2025-09-04 23:31:08,034 - WARNING - Connection pool is full, discarding connection: api-demo.bybit.com. Connection pool size: 10
2025-09-04 23:31:08,046 - WARNING - Connection pool is full, discarding connection: api-demo.bybit.com. Connection pool size: 10
2025-09-04 23:31:08,046 - WARNING - Connection pool is full, discarding connection: api-demo.bybit.com. Connection pool size: 10
2025-09-04 23:31:08,072 - WARNING - Connection pool is full, discarding connection: api-demo.bybit.com. Connection pool size: 10
2025-09-04 23:31:08,082 - WARNING - Connection pool is full, discarding connection: api-demo.bybit.com. Connection pool size: 10
2025-09-04 23:31:08,115 - WARNING - Connection pool is full, discarding connection: api-demo.bybit.com. Connection pool size: 10
2025-09-04 23:31:08,123 - WARNING - Connection pool is full, discarding connection: api-demo.bybit.com. Connection pool size: 10
2025-09-04 23:31:08,124 - WARNING - Connection pool is full, discarding connection: api-demo.bybit.com. Connection pool size: 10
2025-09-04 23:31:08,124 - WARNING - Connection pool is full, discarding connection: api-demo.bybit.com. Connection pool size: 10
2025-09-04 23:31:08,146 - WARNING - Connection pool is full, discarding connection: api-demo.bybit.com. Connection pool size: 10
2025-09-04 23:31:08,188 - WARNING - Connection pool is full, discarding connection: api-demo.bybit.com. Connection pool size: 10
2025-09-04 23:31:08,207 - WARNING - Connection pool is full, discarding connection: api-demo.bybit.com. Connection pool size: 10
2025-09-04 23:31:08,254 - WARNING - Connection pool is full, discarding connection: api-demo.bybit.com. Connection pool size: 10
2025-09-04 23:31:08,262 - WARNING - Connection pool is full, discarding connection: api-demo.bybit.com. Connection pool size: 10
2025-09-04 23:31:08,271 - WARNING - Connection pool is full, discarding connection: api-demo.bybit.com. Connection pool size: 10
2025-09-04 23:31:08,286 - WARNING - Connection pool is full, discarding connection: api-demo.bybit.com. Connection pool size: 10
2025-09-04 23:31:08,294 - WARNING - Connection pool is full, discarding connection: api-demo.bybit.com. Connection pool size: 10
2025-09-04 23:31:08,309 - WARNING - Connection pool is full, discarding connection: api-demo.bybit.com. Connection pool size: 10
2025-09-04 23:31:08,309 - WARNING - Connection pool is full, discarding connection: api-demo.bybit.com. Connection pool size: 10
2025-09-04 23:31:08,315 - WARNING - Connection pool is full, discarding connection: api-demo.bybit.com. Connection pool size: 10
2025-09-04 23:31:08,315 - WARNING - Connection pool is full, discarding connection: api-demo.bybit.com. Connection pool size: 10
2025-09-04 23:31:08,327 - WARNING - Connection pool is full, discarding connection: api-demo.bybit.com. Connection pool size: 10
2025-09-04 23:31:08,334 - WARNING - Connection pool is full, discarding connection: api-demo.bybit.com. Connection pool size: 10
2025-09-04 23:31:08,363 - WARNING - Connection pool is full, discarding connection: api-demo.bybit.com. Connection pool size: 10
2025-09-04 23:31:08,391 - WARNING - Connection pool is full, discarding connection: api-demo.bybit.com. Connection pool size: 10
2025-09-04 23:31:08,396 - WARNING - Connection pool is full, discarding connection: api-demo.bybit.com. Connection pool size: 10
2025-09-04 23:31:08,404 - WARNING - Connection pool is full, discarding connection: api-demo.bybit.com. Connection pool size: 10
2025-09-04 23:31:08,406 - WARNING - Connection pool is full, discarding connection: api-demo.bybit.com. Connection pool size: 10
2025-09-04 23:31:08,444 - WARNING - Connection pool is full, discarding connection: api-demo.bybit.com. Connection pool size: 10
2025-09-04 23:31:08,494 - WARNING - Connection pool is full, discarding connection: api-demo.bybit.com. Connection pool size: 10
2025-09-04 23:31:08,503 - WARNING - Connection pool is full, discarding connection: api-demo.bybit.com. Connection pool size: 10
2025-09-04 23:31:08,514 - WARNING - Connection pool is full, discarding connection: api-demo.bybit.com. Connection pool size: 10
2025-09-04 23:31:08,523 - WARNING - Connection pool is full, discarding connection: api-demo.bybit.com. Connection pool size: 10
2025-09-04 23:31:11,107 - WARNING - Connection pool is full, discarding connection: api-demo.bybit.com. Connection pool size: 10
2025-09-04 23:31:16,876 - WARNING - Connection pool is full, discarding connection: api-demo.bybit.com. Connection pool size: 10
2025-09-07 20:13:05,121 - WARNING - Retrying (Retry(total=4, connect=None, read=None, redirect=None, status=None)) after connection broken by 'ReadTimeoutError("HTTPSConnectionPool(host='api.coingecko.com', port=443): Read timed out. (read timeout=120)")': /api/v3/coins/markets?order=market_cap_desc&per_page=300&page=1&vs_currency=usd
2025-09-07 21:03:18,712 - WARNING - Retrying (Retry(total=4, connect=None, read=None, redirect=None, status=None)) after connection broken by 'ReadTimeoutError("HTTPSConnectionPool(host='api.coingecko.com', port=443): Read timed out. (read timeout=120)")': /api/v3/coins/markets?order=market_cap_desc&per_page=300&page=1&vs_currency=usd
2025-09-07 21:32:56,389 - WARNING - Retrying (Retry(total=4, connect=None, read=None, redirect=None, status=None)) after connection broken by 'ReadTimeoutError("HTTPSConnectionPool(host='api.coingecko.com', port=443): Read timed out. (read timeout=120)")': /api/v3/coins/markets?order=market_cap_desc&per_page=300&page=1&vs_currency=usd
2025-09-10 10:15:58,559 - WARNING - Retrying (Retry(total=4, connect=None, read=None, redirect=None, status=None)) after connection broken by 'SSLError(SSLEOFError(8, '[SSL: UNEXPECTED_EOF_WHILE_READING] EOF occurred in violation of protocol (_ssl.c:1032)'))': /api/v3/coins/markets?order=market_cap_desc&per_page=300&page=1&vs_currency=usd
2025-09-10 19:42:21,797 - WARNING - Retrying (Retry(total=4, connect=None, read=None, redirect=None, status=None)) after connection broken by 'ReadTimeoutError("HTTPSConnectionPool(host='api.coingecko.com', port=443): Read timed out. (read timeout=120)")': /api/v3/coins/markets?order=market_cap_desc&per_page=300&page=1&vs_currency=usd
2025-09-10 19:45:05,620 - WARNING - Retrying (Retry(total=3, connect=None, read=None, redirect=None, status=None)) after connection broken by 'ReadTimeoutError("HTTPSConnectionPool(host='api.coingecko.com', port=443): Read timed out. (read timeout=120)")': /api/v3/coins/markets?order=market_cap_desc&per_page=300&page=1&vs_currency=usd
2025-09-10 19:47:50,169 - WARNING - Retrying (Retry(total=2, connect=None, read=None, redirect=None, status=None)) after connection broken by 'ReadTimeoutError("HTTPSConnectionPool(host='api.coingecko.com', port=443): Read timed out. (read timeout=120)")': /api/v3/coins/markets?order=market_cap_desc&per_page=300&page=1&vs_currency=usd
2025-09-10 19:50:37,906 - WARNING - Retrying (Retry(total=1, connect=None, read=None, redirect=None, status=None)) after connection broken by 'ReadTimeoutError("HTTPSConnectionPool(host='api.coingecko.com', port=443): Read timed out. (read timeout=120)")': /api/v3/coins/markets?order=market_cap_desc&per_page=300&page=1&vs_currency=usd
2025-09-10 19:52:46,345 - WARNING - Retrying (Retry(total=0, connect=None, read=None, redirect=None, status=None)) after connection broken by 'ReadTimeoutError("HTTPSConnectionPool(host='api.coingecko.com', port=443): Read timed out. (read timeout=120)")': /api/v3/coins/markets?order=market_cap_desc&per_page=300&page=1&vs_currency=usd
2025-09-10 20:21:53,378 - WARNING - Retrying (Retry(total=4, connect=None, read=None, redirect=None, status=None)) after connection broken by 'ReadTimeoutError("HTTPSConnectionPool(host='api.coingecko.com', port=443): Read timed out. (read timeout=120)")': /api/v3/coins/markets?order=market_cap_desc&per_page=300&page=1&vs_currency=usd
2025-09-10 20:54:15,472 - WARNING - Retrying (Retry(total=4, connect=None, read=None, redirect=None, status=None)) after connection broken by 'ReadTimeoutError("HTTPSConnectionPool(host='api.coingecko.com', port=443): Read timed out. (read timeout=120)")': /api/v3/coins/markets?order=market_cap_desc&per_page=300&page=1&vs_currency=usd
2025-09-12 23:15:15,973 - ERROR - invalid request, please check your server timestamp or recv_window param. req_timestamp[1757704514855],server_timestamp[1757704512834],recv_window[100000] (ErrCode: 10002). Added 2.5 seconds to recv_window. 2 retries remain.
2025-09-12 23:15:19,356 - ERROR - invalid request, please check your server timestamp or recv_window param. req_timestamp[1757704518974],server_timestamp[1757704516219],recv_window[102500] (ErrCode: 10002). Added 2.5 seconds to recv_window. 1 retries remain.
2025-09-12 23:15:22,723 - ERROR - invalid request, please check your server timestamp or recv_window param. req_timestamp[1757704522357],server_timestamp[1757704519588],recv_window[105000] (ErrCode: 10002). Added 2.5 seconds to recv_window. 0 retries remain.
2025-09-12 23:20:16,404 - ERROR - invalid request, please check your server timestamp or recv_window param. req_timestamp[1757704814600],server_timestamp[1757704813273],recv_window[100000] (ErrCode: 10002). Added 2.5 seconds to recv_window. 2 retries remain.
2025-09-12 23:20:19,773 - ERROR - invalid request, please check your server timestamp or recv_window param. req_timestamp[1757704819404],server_timestamp[1757704816659],recv_window[102500] (ErrCode: 10002). Added 2.5 seconds to recv_window. 1 retries remain.
2025-09-12 23:20:23,164 - ERROR - invalid request, please check your server timestamp or recv_window param. req_timestamp[1757704822774],server_timestamp[1757704820028],recv_window[105000] (ErrCode: 10002). Added 2.5 seconds to recv_window. 0 retries remain.
2025-09-12 23:30:15,771 - ERROR - invalid request, please check your server timestamp or recv_window param. req_timestamp[1757705414683],server_timestamp[1757705412705],recv_window[100000] (ErrCode: 10002). Added 2.5 seconds to recv_window. 2 retries remain.
2025-09-12 23:30:19,034 - ERROR - invalid request, please check your server timestamp or recv_window param. req_timestamp[1757705418772],server_timestamp[1757705415968],recv_window[102500] (ErrCode: 10002). Added 2.5 seconds to recv_window. 1 retries remain.
2025-09-12 23:30:22,414 - ERROR - invalid request, please check your server timestamp or recv_window param. req_timestamp[1757705422035],server_timestamp[1757705419351],recv_window[105000] (ErrCode: 10002). Added 2.5 seconds to recv_window. 0 retries remain.
2025-09-12 23:35:16,183 - ERROR - invalid request, please check your server timestamp or recv_window param. req_timestamp[1757705714936],server_timestamp[1757705713139],recv_window[100000] (ErrCode: 10002). Added 2.5 seconds to recv_window. 2 retries remain.
2025-09-12 23:35:19,467 - ERROR - invalid request, please check your server timestamp or recv_window param. req_timestamp[1757705719184],server_timestamp[1757705716424],recv_window[102500] (ErrCode: 10002). Added 2.5 seconds to recv_window. 1 retries remain.
2025-09-12 23:35:22,808 - ERROR - invalid request, please check your server timestamp or recv_window param. req_timestamp[1757705722468],server_timestamp[1757705719703],recv_window[105000] (ErrCode: 10002). Added 2.5 seconds to recv_window. 0 retries remain.
2025-09-12 23:40:16,170 - ERROR - invalid request, please check your server timestamp or recv_window param. req_timestamp[1757706015035],server_timestamp[1757706013152],recv_window[100000] (ErrCode: 10002). Added 2.5 seconds to recv_window. 2 retries remain.
2025-09-12 23:40:19,421 - ERROR - invalid request, please check your server timestamp or recv_window param. req_timestamp[1757706019171],server_timestamp[1757706016400],recv_window[102500] (ErrCode: 10002). Added 2.5 seconds to recv_window. 1 retries remain.
2025-09-12 23:40:22,697 - ERROR - invalid request, please check your server timestamp or recv_window param. req_timestamp[1757706022422],server_timestamp[1757706019678],recv_window[105000] (ErrCode: 10002). Added 2.5 seconds to recv_window. 0 retries remain.
2025-09-12 23:45:15,861 - ERROR - invalid request, please check your server timestamp or recv_window param. req_timestamp[1757706314529],server_timestamp[1757706312859],recv_window[100000] (ErrCode: 10002). Added 2.5 seconds to recv_window. 2 retries remain.
2025-09-12 23:45:19,128 - ERROR - invalid request, please check your server timestamp or recv_window param. req_timestamp[1757706318862],server_timestamp[1757706316128],recv_window[102500] (ErrCode: 10002). Added 2.5 seconds to recv_window. 1 retries remain.
2025-09-12 23:45:22,532 - ERROR - invalid request, please check your server timestamp or recv_window param. req_timestamp[1757706322129],server_timestamp[1757706319500],recv_window[105000] (ErrCode: 10002). Added 2.5 seconds to recv_window. 0 retries remain.
2025-09-12 23:50:16,523 - ERROR - invalid request, please check your server timestamp or recv_window param. req_timestamp[1757706615301],server_timestamp[1757706613544],recv_window[100000] (ErrCode: 10002). Added 2.5 seconds to recv_window. 2 retries remain.
2025-09-12 23:50:19,817 - ERROR - invalid request, please check your server timestamp or recv_window param. req_timestamp[1757706619524],server_timestamp[1757706616837],recv_window[102500] (ErrCode: 10002). Added 2.5 seconds to recv_window. 1 retries remain.
2025-09-12 23:50:23,228 - ERROR - invalid request, please check your server timestamp or recv_window param. req_timestamp[1757706622819],server_timestamp[1757706620218],recv_window[105000] (ErrCode: 10002). Added 2.5 seconds to recv_window. 0 retries remain.
2025-09-12 23:55:16,164 - ERROR - invalid request, please check your server timestamp or recv_window param. req_timestamp[1757706914957],server_timestamp[1757706913207],recv_window[100000] (ErrCode: 10002). Added 2.5 seconds to recv_window. 2 retries remain.
2025-09-12 23:55:19,463 - ERROR - invalid request, please check your server timestamp or recv_window param. req_timestamp[1757706919165],server_timestamp[1757706916504],recv_window[102500] (ErrCode: 10002). Added 2.5 seconds to recv_window. 1 retries remain.
2025-09-12 23:55:22,748 - ERROR - invalid request, please check your server timestamp or recv_window param. req_timestamp[1757706922463],server_timestamp[1757706919792],recv_window[105000] (ErrCode: 10002). Added 2.5 seconds to recv_window. 0 retries remain.
2025-09-13 00:00:16,014 - ERROR - invalid request, please check your server timestamp or recv_window param. req_timestamp[1757707214909],server_timestamp[1757707213087],recv_window[100000] (ErrCode: 10002). Added 2.5 seconds to recv_window. 2 retries remain.
2025-09-13 00:00:19,256 - ERROR - invalid request, please check your server timestamp or recv_window param. req_timestamp[1757707219015],server_timestamp[1757707216327],recv_window[102500] (ErrCode: 10002). Added 2.5 seconds to recv_window. 1 retries remain.
2025-09-13 00:00:22,497 - ERROR - invalid request, please check your server timestamp or recv_window param. req_timestamp[1757707222257],server_timestamp[1757707219568],recv_window[105000] (ErrCode: 10002). Added 2.5 seconds to recv_window. 0 retries remain.
2025-09-13 00:05:16,178 - ERROR - invalid request, please check your server timestamp or recv_window param. req_timestamp[1757707514828],server_timestamp[1757707513204],recv_window[100000] (ErrCode: 10002). Added 2.5 seconds to recv_window. 2 retries remain.
2025-09-13 00:05:19,486 - ERROR - invalid request, please check your server timestamp or recv_window param. req_timestamp[1757707519179],server_timestamp[1757707516512],recv_window[102500] (ErrCode: 10002). Added 2.5 seconds to recv_window. 1 retries remain.
2025-09-13 00:05:22,803 - ERROR - invalid request, please check your server timestamp or recv_window param. req_timestamp[1757707522487],server_timestamp[1757707519830],recv_window[105000] (ErrCode: 10002). Added 2.5 seconds to recv_window. 0 retries remain.
2025-09-13 00:10:16,058 - ERROR - invalid request, please check your server timestamp or recv_window param. req_timestamp[1757707814596],server_timestamp[1757707813083],recv_window[100000] (ErrCode: 10002). Added 2.5 seconds to recv_window. 2 retries remain.
2025-09-13 00:10:19,411 - ERROR - invalid request, please check your server timestamp or recv_window param. req_timestamp[1757707819058],server_timestamp[1757707816459],recv_window[102500] (ErrCode: 10002). Added 2.5 seconds to recv_window. 1 retries remain.
2025-09-13 00:10:22,734 - ERROR - invalid request, please check your server timestamp or recv_window param. req_timestamp[1757707822412],server_timestamp[1757707819784],recv_window[105000] (ErrCode: 10002). Added 2.5 seconds to recv_window. 0 retries remain.
2025-09-13 00:15:16,192 - ERROR - invalid request, please check your server timestamp or recv_window param. req_timestamp[1757708115057],server_timestamp[1757708113330],recv_window[100000] (ErrCode: 10002). Added 2.5 seconds to recv_window. 2 retries remain.
2025-09-13 00:15:19,472 - ERROR - invalid request, please check your server timestamp or recv_window param. req_timestamp[1757708119193],server_timestamp[1757708116606],recv_window[102500] (ErrCode: 10002). Added 2.5 seconds to recv_window. 1 retries remain.
2025-09-13 00:15:22,748 - ERROR - invalid request, please check your server timestamp or recv_window param. req_timestamp[1757708122473],server_timestamp[1757708119883],recv_window[105000] (ErrCode: 10002). Added 2.5 seconds to recv_window. 0 retries remain.
2025-09-13 00:20:15,660 - ERROR - invalid request, please check your server timestamp or recv_window param. req_timestamp[1757708414541],server_timestamp[1757708412819],recv_window[100000] (ErrCode: 10002). Added 2.5 seconds to recv_window. 2 retries remain.
2025-09-13 00:20:18,913 - ERROR - invalid request, please check your server timestamp or recv_window param. req_timestamp[1757708418661],server_timestamp[1757708416071],recv_window[102500] (ErrCode: 10002). Added 2.5 seconds to recv_window. 1 retries remain.
2025-09-13 00:20:22,188 - ERROR - invalid request, please check your server timestamp or recv_window param. req_timestamp[1757708421914],server_timestamp[1757708419348],recv_window[105000] (ErrCode: 10002). Added 2.5 seconds to recv_window. 0 retries remain.
2025-09-13 00:25:15,691 - ERROR - invalid request, please check your server timestamp or recv_window param. req_timestamp[1757708714553],server_timestamp[1757708712868],recv_window[100000] (ErrCode: 10002). Added 2.5 seconds to recv_window. 2 retries remain.
2025-09-13 00:25:18,931 - ERROR - invalid request, please check your server timestamp or recv_window param. req_timestamp[1757708718692],server_timestamp[1757708716108],recv_window[102500] (ErrCode: 10002). Added 2.5 seconds to recv_window. 1 retries remain.
2025-09-13 00:25:22,190 - ERROR - invalid request, please check your server timestamp or recv_window param. req_timestamp[1757708721931],server_timestamp[1757708719368],recv_window[105000] (ErrCode: 10002). Added 2.5 seconds to recv_window. 0 retries remain.
2025-09-13 00:30:15,783 - ERROR - invalid request, please check your server timestamp or recv_window param. req_timestamp[1757709014628],server_timestamp[1757709012988],recv_window[100000] (ErrCode: 10002). Added 2.5 seconds to recv_window. 2 retries remain.
2025-09-13 00:30:19,228 - ERROR - invalid request, please check your server timestamp or recv_window param. req_timestamp[1757709018784],server_timestamp[1757709016302],recv_window[102500] (ErrCode: 10002). Added 2.5 seconds to recv_window. 1 retries remain.
2025-09-13 00:30:22,482 - ERROR - invalid request, please check your server timestamp or recv_window param. req_timestamp[1757709022228],server_timestamp[1757709019679],recv_window[105000] (ErrCode: 10002). Added 2.5 seconds to recv_window. 0 retries remain.
2025-09-13 00:35:15,785 - ERROR - invalid request, please check your server timestamp or recv_window param. req_timestamp[1757709314692],server_timestamp[1757709313012],recv_window[100000] (ErrCode: 10002). Added 2.5 seconds to recv_window. 2 retries remain.
2025-09-13 00:35:19,032 - ERROR - invalid request, please check your server timestamp or recv_window param. req_timestamp[1757709318785],server_timestamp[1757709316259],recv_window[102500] (ErrCode: 10002). Added 2.5 seconds to recv_window. 1 retries remain.
2025-09-13 00:35:22,284 - ERROR - invalid request, please check your server timestamp or recv_window param. req_timestamp[1757709322033],server_timestamp[1757709319511],recv_window[105000] (ErrCode: 10002). Added 2.5 seconds to recv_window. 0 retries remain.
2025-09-13 00:40:15,559 - ERROR - invalid request, please check your server timestamp or recv_window param. req_timestamp[1757709614487],server_timestamp[1757709612810],recv_window[100000] (ErrCode: 10002). Added 2.5 seconds to recv_window. 2 retries remain.
2025-09-13 00:40:18,878 - ERROR - invalid request, please check your server timestamp or recv_window param. req_timestamp[1757709618560],server_timestamp[1757709616126],recv_window[102500] (ErrCode: 10002). Added 2.5 seconds to recv_window. 1 retries remain.
2025-09-13 00:40:22,127 - ERROR - invalid request, please check your server timestamp or recv_window param. req_timestamp[1757709621879],server_timestamp[1757709619376],recv_window[105000] (ErrCode: 10002). Added 2.5 seconds to recv_window. 0 retries remain.
2025-09-13 00:45:15,660 - ERROR - invalid request, please check your server timestamp or recv_window param. req_timestamp[1757709914535],server_timestamp[1757709912938],recv_window[100000] (ErrCode: 10002). Added 2.5 seconds to recv_window. 2 retries remain.
2025-09-13 00:45:19,000 - ERROR - invalid request, please check your server timestamp or recv_window param. req_timestamp[1757709918661],server_timestamp[1757709916185],recv_window[102500] (ErrCode: 10002). Added 2.5 seconds to recv_window. 1 retries remain.
2025-09-13 00:45:22,389 - ERROR - invalid request, please check your server timestamp or recv_window param. req_timestamp[1757709922001],server_timestamp[1757709919665],recv_window[105000] (ErrCode: 10002). Added 2.5 seconds to recv_window. 0 retries remain.
2025-09-13 00:50:16,130 - ERROR - invalid request, please check your server timestamp or recv_window param. req_timestamp[1757710214990],server_timestamp[1757710213424],recv_window[100000] (ErrCode: 10002). Added 2.5 seconds to recv_window. 2 retries remain.
2025-09-13 00:50:19,516 - ERROR - invalid request, please check your server timestamp or recv_window param. req_timestamp[1757710219131],server_timestamp[1757710216805],recv_window[102500] (ErrCode: 10002). Added 2.5 seconds to recv_window. 1 retries remain.
2025-09-13 00:50:22,760 - ERROR - invalid request, please check your server timestamp or recv_window param. req_timestamp[1757710222517],server_timestamp[1757710220058],recv_window[105000] (ErrCode: 10002). Added 2.5 seconds to recv_window. 0 retries remain.
2025-09-13 00:55:15,595 - ERROR - invalid request, please check your server timestamp or recv_window param. req_timestamp[1757710514416],server_timestamp[1757710512836],recv_window[100000] (ErrCode: 10002). Added 2.5 seconds to recv_window. 2 retries remain.
2025-09-13 00:55:18,853 - ERROR - invalid request, please check your server timestamp or recv_window param. req_timestamp[1757710518596],server_timestamp[1757710516165],recv_window[102500] (ErrCode: 10002). Added 2.5 seconds to recv_window. 1 retries remain.
2025-09-13 00:55:22,101 - ERROR - invalid request, please check your server timestamp or recv_window param. req_timestamp[1757710521854],server_timestamp[1757710519416],recv_window[105000] (ErrCode: 10002). Added 2.5 seconds to recv_window. 0 retries remain.
2025-09-13 01:00:15,795 - ERROR - invalid request, please check your server timestamp or recv_window param. req_timestamp[1757710814483],server_timestamp[1757710813066],recv_window[100000] (ErrCode: 10002). Added 2.5 seconds to recv_window. 2 retries remain.
2025-09-13 01:00:19,123 - ERROR - invalid request, please check your server timestamp or recv_window param. req_timestamp[1757710818795],server_timestamp[1757710816392],recv_window[102500] (ErrCode: 10002). Added 2.5 seconds to recv_window. 1 retries remain.
2025-09-13 01:00:22,452 - ERROR - invalid request, please check your server timestamp or recv_window param. req_timestamp[1757710822124],server_timestamp[1757710819724],recv_window[105000] (ErrCode: 10002). Added 2.5 seconds to recv_window. 0 retries remain.
2025-09-13 01:05:15,814 - ERROR - invalid request, please check your server timestamp or recv_window param. req_timestamp[1757711114770],server_timestamp[1757711113178],recv_window[100000] (ErrCode: 10002). Added 2.5 seconds to recv_window. 2 retries remain.
2025-09-13 01:05:19,057 - ERROR - invalid request, please check your server timestamp or recv_window param. req_timestamp[1757711118815],server_timestamp[1757711116417],recv_window[102500] (ErrCode: 10002). Added 2.5 seconds to recv_window. 1 retries remain.
2025-09-13 01:05:22,314 - ERROR - invalid request, please check your server timestamp or recv_window param. req_timestamp[1757711122058],server_timestamp[1757711119675],recv_window[105000] (ErrCode: 10002). Added 2.5 seconds to recv_window. 0 retries remain.
2025-09-13 01:10:15,687 - ERROR - invalid request, please check your server timestamp or recv_window param. req_timestamp[1757711414604],server_timestamp[1757711413047],recv_window[100000] (ErrCode: 10002). Added 2.5 seconds to recv_window. 2 retries remain.
2025-09-13 01:10:18,947 - ERROR - invalid request, please check your server timestamp or recv_window param. req_timestamp[1757711418687],server_timestamp[1757711416326],recv_window[102500] (ErrCode: 10002). Added 2.5 seconds to recv_window. 1 retries remain.
2025-09-13 01:10:22,204 - ERROR - invalid request, please check your server timestamp or recv_window param. req_timestamp[1757711421948],server_timestamp[1757711419588],recv_window[105000] (ErrCode: 10002). Added 2.5 seconds to recv_window. 0 retries remain.
2025-09-13 01:15:16,144 - ERROR - invalid request, please check your server timestamp or recv_window param. req_timestamp[1757711714820],server_timestamp[1757711713496],recv_window[100000] (ErrCode: 10002). Added 2.5 seconds to recv_window. 2 retries remain.
2025-09-13 01:15:19,418 - ERROR - invalid request, please check your server timestamp or recv_window param. req_timestamp[1757711719146],server_timestamp[1757711716816],recv_window[102500] (ErrCode: 10002). Added 2.5 seconds to recv_window. 1 retries remain.
2025-09-13 01:15:22,676 - ERROR - invalid request, please check your server timestamp or recv_window param. req_timestamp[1757711722419],server_timestamp[1757711720081],recv_window[105000] (ErrCode: 10002). Added 2.5 seconds to recv_window. 0 retries remain.
2025-09-13 01:20:15,962 - ERROR - invalid request, please check your server timestamp or recv_window param. req_timestamp[1757712014590],server_timestamp[1757712013245],recv_window[100000] (ErrCode: 10002). Added 2.5 seconds to recv_window. 2 retries remain.
2025-09-13 01:20:19,202 - ERROR - invalid request, please check your server timestamp or recv_window param. req_timestamp[1757712018963],server_timestamp[1757712016629],recv_window[102500] (ErrCode: 10002). Added 2.5 seconds to recv_window. 1 retries remain.
2025-09-13 01:20:22,459 - ERROR - invalid request, please check your server timestamp or recv_window param. req_timestamp[1757712022203],server_timestamp[1757712019888],recv_window[105000] (ErrCode: 10002). Added 2.5 seconds to recv_window. 0 retries remain.
2025-09-13 01:25:15,946 - ERROR - invalid request, please check your server timestamp or recv_window param. req_timestamp[1757712314885],server_timestamp[1757712313388],recv_window[100000] (ErrCode: 10002). Added 2.5 seconds to recv_window. 2 retries remain.
2025-09-13 01:25:19,225 - ERROR - invalid request, please check your server timestamp or recv_window param. req_timestamp[1757712318947],server_timestamp[1757712316677],recv_window[102500] (ErrCode: 10002). Added 2.5 seconds to recv_window. 1 retries remain.
2025-09-13 01:25:22,484 - ERROR - invalid request, please check your server timestamp or recv_window param. req_timestamp[1757712322225],server_timestamp[1757712319938],recv_window[105000] (ErrCode: 10002). Added 2.5 seconds to recv_window. 0 retries remain.
2025-09-13 01:30:16,064 - ERROR - invalid request, please check your server timestamp or recv_window param. req_timestamp[1757712614677],server_timestamp[1757712613539],recv_window[100000] (ErrCode: 10002). Added 2.5 seconds to recv_window. 2 retries remain.
2025-09-13 01:30:19,456 - ERROR - invalid request, please check your server timestamp or recv_window param. req_timestamp[1757712619065],server_timestamp[1757712616930],recv_window[102500] (ErrCode: 10002). Added 2.5 seconds to recv_window. 1 retries remain.
2025-09-13 01:30:22,711 - ERROR - invalid request, please check your server timestamp or recv_window param. req_timestamp[1757712622457],server_timestamp[1757712620186],recv_window[105000] (ErrCode: 10002). Added 2.5 seconds to recv_window. 0 retries remain.
2025-09-13 01:35:16,198 - ERROR - invalid request, please check your server timestamp or recv_window param. req_timestamp[1757712914894],server_timestamp[1757712913621],recv_window[100000] (ErrCode: 10002). Added 2.5 seconds to recv_window. 2 retries remain.
2025-09-13 01:35:19,528 - ERROR - invalid request, please check your server timestamp or recv_window param. req_timestamp[1757712919199],server_timestamp[1757712916958],recv_window[102500] (ErrCode: 10002). Added 2.5 seconds to recv_window. 1 retries remain.
2025-09-13 01:35:22,877 - ERROR - invalid request, please check your server timestamp or recv_window param. req_timestamp[1757712922529],server_timestamp[1757712920306],recv_window[105000] (ErrCode: 10002). Added 2.5 seconds to recv_window. 0 retries remain.
2025-09-13 01:40:15,587 - ERROR - invalid request, please check your server timestamp or recv_window param. req_timestamp[1757713214503],server_timestamp[1757713213099],recv_window[100000] (ErrCode: 10002). Added 2.5 seconds to recv_window. 2 retries remain.
2025-09-13 01:40:18,845 - ERROR - invalid request, please check your server timestamp or recv_window param. req_timestamp[1757713218588],server_timestamp[1757713216367],recv_window[102500] (ErrCode: 10002). Added 2.5 seconds to recv_window. 1 retries remain.
2025-09-13 01:40:22,106 - ERROR - invalid request, please check your server timestamp or recv_window param. req_timestamp[1757713221846],server_timestamp[1757713219618],recv_window[105000] (ErrCode: 10002). Added 2.5 seconds to recv_window. 0 retries remain.
2025-09-13 01:45:15,885 - ERROR - invalid request, please check your server timestamp or recv_window param. req_timestamp[1757713514586],server_timestamp[1757713513427],recv_window[100000] (ErrCode: 10002). Added 2.5 seconds to recv_window. 2 retries remain.
2025-09-13 01:45:19,587 - ERROR - invalid request, please check your server timestamp or recv_window param. req_timestamp[1757713518887],server_timestamp[1757713517100],recv_window[102500] (ErrCode: 10002). Added 2.5 seconds to recv_window. 1 retries remain.
2025-09-13 01:45:22,852 - ERROR - invalid request, please check your server timestamp or recv_window param. req_timestamp[1757713522588],server_timestamp[1757713520397],recv_window[105000] (ErrCode: 10002). Added 2.5 seconds to recv_window. 0 retries remain.
2025-09-13 01:50:42,223 - ERROR - invalid request, please check your server timestamp or recv_window param. req_timestamp[1757713841833],server_timestamp[1757713839648],recv_window[100000] (ErrCode: 10002). Added 2.5 seconds to recv_window. 2 retries remain.
2025-09-13 01:50:45,675 - ERROR - invalid request, please check your server timestamp or recv_window param. req_timestamp[1757713845224],server_timestamp[1757713843181],recv_window[102500] (ErrCode: 10002). Added 2.5 seconds to recv_window. 1 retries remain.
2025-09-13 01:50:49,107 - ERROR - invalid request, please check your server timestamp or recv_window param. req_timestamp[1757713848677],server_timestamp[1757713846612],recv_window[105000] (ErrCode: 10002). Added 2.5 seconds to recv_window. 0 retries remain.
2025-09-13 01:55:15,813 - ERROR - invalid request, please check your server timestamp or recv_window param. req_timestamp[1757714114558],server_timestamp[1757714113335],recv_window[100000] (ErrCode: 10002). Added 2.5 seconds to recv_window. 2 retries remain.
2025-09-13 01:55:19,139 - ERROR - invalid request, please check your server timestamp or recv_window param. req_timestamp[1757714118814],server_timestamp[1757714116661],recv_window[102500] (ErrCode: 10002). Added 2.5 seconds to recv_window. 1 retries remain.
2025-09-13 01:55:22,460 - ERROR - invalid request, please check your server timestamp or recv_window param. req_timestamp[1757714122140],server_timestamp[1757714119983],recv_window[105000] (ErrCode: 10002). Added 2.5 seconds to recv_window. 0 retries remain.
2025-09-13 02:00:15,951 - ERROR - invalid request, please check your server timestamp or recv_window param. req_timestamp[1757714414728],server_timestamp[1757714413499],recv_window[100000] (ErrCode: 10002). Added 2.5 seconds to recv_window. 2 retries remain.
2025-09-13 02:00:19,275 - ERROR - invalid request, please check your server timestamp or recv_window param. req_timestamp[1757714418952],server_timestamp[1757714416814],recv_window[102500] (ErrCode: 10002). Added 2.5 seconds to recv_window. 1 retries remain.
2025-09-13 02:00:22,660 - ERROR - invalid request, please check your server timestamp or recv_window param. req_timestamp[1757714422276],server_timestamp[1757714420127],recv_window[105000] (ErrCode: 10002). Added 2.5 seconds to recv_window. 0 retries remain.
2025-09-13 02:05:42,615 - ERROR - invalid request, please check your server timestamp or recv_window param. req_timestamp[1757714742200],server_timestamp[1757714740191],recv_window[100000] (ErrCode: 10002). Added 2.5 seconds to recv_window. 2 retries remain.
2025-09-13 02:05:45,919 - ERROR - invalid request, please check your server timestamp or recv_window param. req_timestamp[1757714745615],server_timestamp[1757714743489],recv_window[102500] (ErrCode: 10002). Added 2.5 seconds to recv_window. 1 retries remain.
2025-09-13 02:05:49,235 - ERROR - invalid request, please check your server timestamp or recv_window param. req_timestamp[1757714748920],server_timestamp[1757714746804],recv_window[105000] (ErrCode: 10002). Added 2.5 seconds to recv_window. 0 retries remain.
2025-09-13 02:10:55,102 - ERROR - invalid request, please check your server timestamp or recv_window param. req_timestamp[1757715053738],server_timestamp[1757715052696],recv_window[100000] (ErrCode: 10002). Added 2.5 seconds to recv_window. 2 retries remain.
2025-09-13 02:10:58,423 - ERROR - invalid request, please check your server timestamp or recv_window param. req_timestamp[1757715058103],server_timestamp[1757715056015],recv_window[102500] (ErrCode: 10002). Added 2.5 seconds to recv_window. 1 retries remain.
2025-09-13 02:11:01,733 - ERROR - invalid request, please check your server timestamp or recv_window param. req_timestamp[1757715061423],server_timestamp[1757715059327],recv_window[105000] (ErrCode: 10002). Added 2.5 seconds to recv_window. 0 retries remain.
2025-09-13 02:16:18,464 - ERROR - invalid request, please check your server timestamp or recv_window param. req_timestamp[1757715378151],server_timestamp[1757715376083],recv_window[100000] (ErrCode: 10002). Added 2.5 seconds to recv_window. 2 retries remain.
2025-09-13 02:16:21,785 - ERROR - invalid request, please check your server timestamp or recv_window param. req_timestamp[1757715381465],server_timestamp[1757715379403],recv_window[102500] (ErrCode: 10002). Added 2.5 seconds to recv_window. 1 retries remain.
2025-09-13 02:16:25,246 - ERROR - invalid request, please check your server timestamp or recv_window param. req_timestamp[1757715384786],server_timestamp[1757715382861],recv_window[105000] (ErrCode: 10002). Added 2.5 seconds to recv_window. 0 retries remain.
2025-09-13 02:20:15,712 - ERROR - invalid request, please check your server timestamp or recv_window param. req_timestamp[1757715614663],server_timestamp[1757715613417],recv_window[100000] (ErrCode: 10002). Added 2.5 seconds to recv_window. 2 retries remain.
2025-09-13 02:20:18,964 - ERROR - invalid request, please check your server timestamp or recv_window param. req_timestamp[1757715618713],server_timestamp[1757715616668],recv_window[102500] (ErrCode: 10002). Added 2.5 seconds to recv_window. 1 retries remain.
2025-09-13 02:20:22,215 - ERROR - invalid request, please check your server timestamp or recv_window param. req_timestamp[1757715621965],server_timestamp[1757715619918],recv_window[105000] (ErrCode: 10002). Added 2.5 seconds to recv_window. 0 retries remain.
2025-09-13 02:25:15,848 - ERROR - invalid request, please check your server timestamp or recv_window param. req_timestamp[1757715914784],server_timestamp[1757715913573],recv_window[100000] (ErrCode: 10002). Added 2.5 seconds to recv_window. 2 retries remain.
2025-09-13 02:25:19,110 - ERROR - invalid request, please check your server timestamp or recv_window param. req_timestamp[1757715918849],server_timestamp[1757715916833],recv_window[102500] (ErrCode: 10002). Added 2.5 seconds to recv_window. 1 retries remain.
2025-09-13 02:25:22,486 - ERROR - invalid request, please check your server timestamp or recv_window param. req_timestamp[1757715922111],server_timestamp[1757715920198],recv_window[105000] (ErrCode: 10002). Added 2.5 seconds to recv_window. 0 retries remain.
2025-09-13 02:30:15,967 - ERROR - invalid request, please check your server timestamp or recv_window param. req_timestamp[1757716214830],server_timestamp[1757716213689],recv_window[100000] (ErrCode: 10002). Added 2.5 seconds to recv_window. 2 retries remain.
2025-09-13 02:30:19,222 - ERROR - invalid request, please check your server timestamp or recv_window param. req_timestamp[1757716218967],server_timestamp[1757716216968],recv_window[102500] (ErrCode: 10002). Added 2.5 seconds to recv_window. 1 retries remain.
2025-09-13 02:30:22,478 - ERROR - invalid request, please check your server timestamp or recv_window param. req_timestamp[1757716222223],server_timestamp[1757716220222],recv_window[105000] (ErrCode: 10002). Added 2.5 seconds to recv_window. 0 retries remain.
2025-09-13 02:35:55,693 - ERROR - invalid request, please check your server timestamp or recv_window param. req_timestamp[1757716554644],server_timestamp[1757716553466],recv_window[100000] (ErrCode: 10002). Added 2.5 seconds to recv_window. 2 retries remain.
2025-09-13 02:35:58,955 - ERROR - invalid request, please check your server timestamp or recv_window param. req_timestamp[1757716558694],server_timestamp[1757716556726],recv_window[102500] (ErrCode: 10002). Added 2.5 seconds to recv_window. 1 retries remain.
2025-09-13 02:36:02,204 - ERROR - invalid request, please check your server timestamp or recv_window param. req_timestamp[1757716561955],server_timestamp[1757716559977],recv_window[105000] (ErrCode: 10002). Added 2.5 seconds to recv_window. 0 retries remain.
2025-09-13 02:41:27,191 - ERROR - invalid request, please check your server timestamp or recv_window param. req_timestamp[1757716886878],server_timestamp[1757716884921],recv_window[100000] (ErrCode: 10002). Added 2.5 seconds to recv_window. 2 retries remain.
2025-09-13 02:41:30,692 - ERROR - invalid request, please check your server timestamp or recv_window param. req_timestamp[1757716890191],server_timestamp[1757716888400],recv_window[102500] (ErrCode: 10002). Added 2.5 seconds to recv_window. 1 retries remain.
2025-09-13 02:41:34,015 - ERROR - invalid request, please check your server timestamp or recv_window param. req_timestamp[1757716893692],server_timestamp[1757716891746],recv_window[105000] (ErrCode: 10002). Added 2.5 seconds to recv_window. 0 retries remain.
2025-09-13 02:46:22,611 - ERROR - invalid request, please check your server timestamp or recv_window param. req_timestamp[1757717182061],server_timestamp[1757717180241],recv_window[100000] (ErrCode: 10002). Added 2.5 seconds to recv_window. 2 retries remain.
2025-09-13 02:46:25,934 - ERROR - invalid request, please check your server timestamp or recv_window param. req_timestamp[1757717185612],server_timestamp[1757717183689],recv_window[102500] (ErrCode: 10002). Added 2.5 seconds to recv_window. 1 retries remain.
2025-09-13 02:46:29,397 - ERROR - invalid request, please check your server timestamp or recv_window param. req_timestamp[1757717188935],server_timestamp[1757717187140],recv_window[105000] (ErrCode: 10002). Added 2.5 seconds to recv_window. 0 retries remain.
2025-09-13 02:50:15,754 - ERROR - invalid request, please check your server timestamp or recv_window param. req_timestamp[1757717414656],server_timestamp[1757717413596],recv_window[100000] (ErrCode: 10002). Added 2.5 seconds to recv_window. 2 retries remain.
2025-09-13 02:50:19,019 - ERROR - invalid request, please check your server timestamp or recv_window param. req_timestamp[1757717418755],server_timestamp[1757717416857],recv_window[102500] (ErrCode: 10002). Added 2.5 seconds to recv_window. 1 retries remain.
2025-09-13 02:50:22,301 - ERROR - invalid request, please check your server timestamp or recv_window param. req_timestamp[1757717422020],server_timestamp[1757717420108],recv_window[105000] (ErrCode: 10002). Added 2.5 seconds to recv_window. 0 retries remain.
2025-09-13 02:56:20,305 - ERROR - invalid request, please check your server timestamp or recv_window param. req_timestamp[1757717779856],server_timestamp[1757717778087],recv_window[100000] (ErrCode: 10002). Added 2.5 seconds to recv_window. 2 retries remain.
2025-09-13 02:56:23,621 - ERROR - invalid request, please check your server timestamp or recv_window param. req_timestamp[1757717783306],server_timestamp[1757717781420],recv_window[102500] (ErrCode: 10002). Added 2.5 seconds to recv_window. 1 retries remain.
2025-09-13 02:56:27,064 - ERROR - invalid request, please check your server timestamp or recv_window param. req_timestamp[1757717786621],server_timestamp[1757717784849],recv_window[105000] (ErrCode: 10002). Added 2.5 seconds to recv_window. 0 retries remain.
2025-09-13 03:00:54,416 - ERROR - invalid request, please check your server timestamp or recv_window param. req_timestamp[1757718053345],server_timestamp[1757718052305],recv_window[100000] (ErrCode: 10002). Added 2.5 seconds to recv_window. 2 retries remain.
2025-09-13 03:00:57,671 - ERROR - invalid request, please check your server timestamp or recv_window param. req_timestamp[1757718057417],server_timestamp[1757718055558],recv_window[102500] (ErrCode: 10002). Added 2.5 seconds to recv_window. 1 retries remain.
2025-09-13 03:01:00,920 - ERROR - invalid request, please check your server timestamp or recv_window param. req_timestamp[1757718060672],server_timestamp[1757718058799],recv_window[105000] (ErrCode: 10002). Added 2.5 seconds to recv_window. 0 retries remain.
2025-09-13 03:05:54,810 - ERROR - invalid request, please check your server timestamp or recv_window param. req_timestamp[1757718353769],server_timestamp[1757718352710],recv_window[100000] (ErrCode: 10002). Added 2.5 seconds to recv_window. 2 retries remain.
2025-09-13 03:05:58,060 - ERROR - invalid request, please check your server timestamp or recv_window param. req_timestamp[1757718357811],server_timestamp[1757718355969],recv_window[102500] (ErrCode: 10002). Added 2.5 seconds to recv_window. 1 retries remain.
2025-09-13 03:06:01,309 - ERROR - invalid request, please check your server timestamp or recv_window param. req_timestamp[1757718361061],server_timestamp[1757718359219],recv_window[105000] (ErrCode: 10002). Added 2.5 seconds to recv_window. 0 retries remain.
2025-09-13 03:11:21,858 - ERROR - invalid request, please check your server timestamp or recv_window param. req_timestamp[1757718681408],server_timestamp[1757718679728],recv_window[100000] (ErrCode: 10002). Added 2.5 seconds to recv_window. 2 retries remain.
2025-09-13 03:11:25,377 - ERROR - invalid request, please check your server timestamp or recv_window param. req_timestamp[1757718684859],server_timestamp[1757718683146],recv_window[102500] (ErrCode: 10002). Added 2.5 seconds to recv_window. 1 retries remain.
2025-09-13 03:11:28,897 - ERROR - invalid request, please check your server timestamp or recv_window param. req_timestamp[1757718688378],server_timestamp[1757718686742],recv_window[105000] (ErrCode: 10002). Added 2.5 seconds to recv_window. 0 retries remain.
2025-09-13 03:16:22,852 - ERROR - invalid request, please check your server timestamp or recv_window param. req_timestamp[1757718982548],server_timestamp[1757718980741],recv_window[100000] (ErrCode: 10002). Added 2.5 seconds to recv_window. 2 retries remain.
2025-09-13 03:16:26,177 - ERROR - invalid request, please check your server timestamp or recv_window param. req_timestamp[1757718985853],server_timestamp[1757718984066],recv_window[102500] (ErrCode: 10002). Added 2.5 seconds to recv_window. 1 retries remain.
2025-09-13 03:16:29,500 - ERROR - invalid request, please check your server timestamp or recv_window param. req_timestamp[1757718989178],server_timestamp[1757718987389],recv_window[105000] (ErrCode: 10002). Added 2.5 seconds to recv_window. 0 retries remain.
2025-09-13 03:21:17,693 - ERROR - invalid request, please check your server timestamp or recv_window param. req_timestamp[1757719277343],server_timestamp[1757719275677],recv_window[100000] (ErrCode: 10002). Added 2.5 seconds to recv_window. 2 retries remain.
2025-09-13 03:21:20,938 - ERROR - invalid request, please check your server timestamp or recv_window param. req_timestamp[1757719280694],server_timestamp[1757719278919],recv_window[102500] (ErrCode: 10002). Added 2.5 seconds to recv_window. 1 retries remain.
2025-09-13 03:21:24,313 - ERROR - invalid request, please check your server timestamp or recv_window param. req_timestamp[1757719283939],server_timestamp[1757719282293],recv_window[105000] (ErrCode: 10002). Added 2.5 seconds to recv_window. 0 retries remain.
2025-09-13 03:26:23,689 - ERROR - invalid request, please check your server timestamp or recv_window param. req_timestamp[1757719583317],server_timestamp[1757719581687],recv_window[100000] (ErrCode: 10002). Added 2.5 seconds to recv_window. 2 retries remain.
2025-09-13 03:26:27,088 - ERROR - invalid request, please check your server timestamp or recv_window param. req_timestamp[1757719586690],server_timestamp[1757719585074],recv_window[102500] (ErrCode: 10002). Added 2.5 seconds to recv_window. 1 retries remain.
2025-09-13 03:26:30,333 - ERROR - invalid request, please check your server timestamp or recv_window param. req_timestamp[1757719590089],server_timestamp[1757719588337],recv_window[105000] (ErrCode: 10002). Added 2.5 seconds to recv_window. 0 retries remain.
2025-09-13 03:31:17,192 - ERROR - invalid request, please check your server timestamp or recv_window param. req_timestamp[1757719876954],server_timestamp[1757719875219],recv_window[100000] (ErrCode: 10002). Added 2.5 seconds to recv_window. 2 retries remain.
2025-09-13 03:31:20,451 - ERROR - invalid request, please check your server timestamp or recv_window param. req_timestamp[1757719880193],server_timestamp[1757719878476],recv_window[102500] (ErrCode: 10002). Added 2.5 seconds to recv_window. 1 retries remain.
2025-09-13 03:31:23,704 - ERROR - invalid request, please check your server timestamp or recv_window param. req_timestamp[1757719883452],server_timestamp[1757719881729],recv_window[105000] (ErrCode: 10002). Added 2.5 seconds to recv_window. 0 retries remain.
2025-09-13 03:36:17,154 - ERROR - invalid request, please check your server timestamp or recv_window param. req_timestamp[1757720176796],server_timestamp[1757720175205],recv_window[100000] (ErrCode: 10002). Added 2.5 seconds to recv_window. 2 retries remain.
2025-09-13 03:36:20,410 - ERROR - invalid request, please check your server timestamp or recv_window param. req_timestamp[1757720180155],server_timestamp[1757720178450],recv_window[102500] (ErrCode: 10002). Added 2.5 seconds to recv_window. 1 retries remain.
2025-09-13 03:36:23,662 - ERROR - invalid request, please check your server timestamp or recv_window param. req_timestamp[1757720183411],server_timestamp[1757720181710],recv_window[105000] (ErrCode: 10002). Added 2.5 seconds to recv_window. 0 retries remain.
2025-09-13 03:41:26,562 - ERROR - invalid request, please check your server timestamp or recv_window param. req_timestamp[1757720486253],server_timestamp[1757720484568],recv_window[100000] (ErrCode: 10002). Added 2.5 seconds to recv_window. 2 retries remain.
2025-09-13 03:41:30,019 - ERROR - invalid request, please check your server timestamp or recv_window param. req_timestamp[1757720489563],server_timestamp[1757720487996],recv_window[102500] (ErrCode: 10002). Added 2.5 seconds to recv_window. 1 retries remain.
2025-09-13 03:41:33,335 - ERROR - invalid request, please check your server timestamp or recv_window param. req_timestamp[1757720493020],server_timestamp[1757720491337],recv_window[105000] (ErrCode: 10002). Added 2.5 seconds to recv_window. 0 retries remain.
2025-09-13 03:46:20,634 - ERROR - invalid request, please check your server timestamp or recv_window param. req_timestamp[1757720780270],server_timestamp[1757720778729],recv_window[100000] (ErrCode: 10002). Added 2.5 seconds to recv_window. 2 retries remain.
2025-09-13 03:46:23,875 - ERROR - invalid request, please check your server timestamp or recv_window param. req_timestamp[1757720783635],server_timestamp[1757720781967],recv_window[102500] (ErrCode: 10002). Added 2.5 seconds to recv_window. 1 retries remain.
2025-09-13 03:46:27,298 - ERROR - invalid request, please check your server timestamp or recv_window param. req_timestamp[1757720786875],server_timestamp[1757720785348],recv_window[105000] (ErrCode: 10002). Added 2.5 seconds to recv_window. 0 retries remain.
2025-09-13 03:51:25,284 - ERROR - invalid request, please check your server timestamp or recv_window param. req_timestamp[1757721084906],server_timestamp[1757721083401],recv_window[100000] (ErrCode: 10002). Added 2.5 seconds to recv_window. 2 retries remain.
2025-09-13 03:51:28,534 - ERROR - invalid request, please check your server timestamp or recv_window param. req_timestamp[1757721088285],server_timestamp[1757721086650],recv_window[102500] (ErrCode: 10002). Added 2.5 seconds to recv_window. 1 retries remain.
2025-09-13 03:51:31,800 - ERROR - invalid request, please check your server timestamp or recv_window param. req_timestamp[1757721091534],server_timestamp[1757721089916],recv_window[105000] (ErrCode: 10002). Added 2.5 seconds to recv_window. 0 retries remain.
2025-09-13 03:56:25,560 - ERROR - invalid request, please check your server timestamp or recv_window param. req_timestamp[1757721385250],server_timestamp[1757721383629],recv_window[100000] (ErrCode: 10002). Added 2.5 seconds to recv_window. 2 retries remain.
2025-09-13 03:56:28,877 - ERROR - invalid request, please check your server timestamp or recv_window param. req_timestamp[1757721388560],server_timestamp[1757721386948],recv_window[102500] (ErrCode: 10002). Added 2.5 seconds to recv_window. 1 retries remain.
2025-09-13 03:56:32,190 - ERROR - invalid request, please check your server timestamp or recv_window param. req_timestamp[1757721391878],server_timestamp[1757721390260],recv_window[105000] (ErrCode: 10002). Added 2.5 seconds to recv_window. 0 retries remain.
2025-09-13 04:01:16,090 - ERROR - invalid request, please check your server timestamp or recv_window param. req_timestamp[1757721675721],server_timestamp[1757721674252],recv_window[100000] (ErrCode: 10002). Added 2.5 seconds to recv_window. 2 retries remain.
2025-09-13 04:01:19,391 - ERROR - invalid request, please check your server timestamp or recv_window param. req_timestamp[1757721679091],server_timestamp[1757721677491],recv_window[102500] (ErrCode: 10002). Added 2.5 seconds to recv_window. 1 retries remain.
2025-09-13 04:01:22,654 - ERROR - invalid request, please check your server timestamp or recv_window param. req_timestamp[1757721682391],server_timestamp[1757721680813],recv_window[105000] (ErrCode: 10002). Added 2.5 seconds to recv_window. 0 retries remain.
2025-09-13 04:06:21,779 - ERROR - invalid request, please check your server timestamp or recv_window param. req_timestamp[1757721981470],server_timestamp[1757721979899],recv_window[100000] (ErrCode: 10002). Added 2.5 seconds to recv_window. 2 retries remain.
2025-09-13 04:06:25,214 - ERROR - invalid request, please check your server timestamp or recv_window param. req_timestamp[1757721984780],server_timestamp[1757721983331],recv_window[102500] (ErrCode: 10002). Added 2.5 seconds to recv_window. 1 retries remain.
2025-09-13 04:06:28,515 - ERROR - invalid request, please check your server timestamp or recv_window param. req_timestamp[1757721988215],server_timestamp[1757721986633],recv_window[105000] (ErrCode: 10002). Added 2.5 seconds to recv_window. 0 retries remain.
2025-09-13 04:11:27,665 - ERROR - invalid request, please check your server timestamp or recv_window param. req_timestamp[1757722287072],server_timestamp[1757722285737],recv_window[100000] (ErrCode: 10002). Added 2.5 seconds to recv_window. 2 retries remain.
2025-09-13 04:11:30,965 - ERROR - invalid request, please check your server timestamp or recv_window param. req_timestamp[1757722290666],server_timestamp[1757722289108],recv_window[102500] (ErrCode: 10002). Added 2.5 seconds to recv_window. 1 retries remain.
2025-09-13 04:11:34,297 - ERROR - invalid request, please check your server timestamp or recv_window param. req_timestamp[1757722293966],server_timestamp[1757722292440],recv_window[105000] (ErrCode: 10002). Added 2.5 seconds to recv_window. 0 retries remain.
2025-09-13 04:16:15,761 - ERROR - invalid request, please check your server timestamp or recv_window param. req_timestamp[1757722575527],server_timestamp[1757722573989],recv_window[100000] (ErrCode: 10002). Added 2.5 seconds to recv_window. 2 retries remain.
2025-09-13 04:16:19,010 - ERROR - invalid request, please check your server timestamp or recv_window param. req_timestamp[1757722578762],server_timestamp[1757722577239],recv_window[102500] (ErrCode: 10002). Added 2.5 seconds to recv_window. 1 retries remain.
2025-09-13 04:16:22,261 - ERROR - invalid request, please check your server timestamp or recv_window param. req_timestamp[1757722582010],server_timestamp[1757722580489],recv_window[105000] (ErrCode: 10002). Added 2.5 seconds to recv_window. 0 retries remain.
2025-09-13 04:21:15,839 - ERROR - invalid request, please check your server timestamp or recv_window param. req_timestamp[1757722875457],server_timestamp[1757722874069],recv_window[100000] (ErrCode: 10002). Added 2.5 seconds to recv_window. 2 retries remain.
2025-09-13 04:21:19,240 - ERROR - invalid request, please check your server timestamp or recv_window param. req_timestamp[1757722878840],server_timestamp[1757722877462],recv_window[102500] (ErrCode: 10002). Added 2.5 seconds to recv_window. 1 retries remain.
2025-09-13 04:21:22,613 - ERROR - invalid request, please check your server timestamp or recv_window param. req_timestamp[1757722882240],server_timestamp[1757722880862],recv_window[105000] (ErrCode: 10002). Added 2.5 seconds to recv_window. 0 retries remain.
2025-09-13 04:26:17,617 - ERROR - invalid request, please check your server timestamp or recv_window param. req_timestamp[1757723177229],server_timestamp[1757723175861],recv_window[100000] (ErrCode: 10002). Added 2.5 seconds to recv_window. 2 retries remain.
2025-09-13 04:26:20,862 - ERROR - invalid request, please check your server timestamp or recv_window param. req_timestamp[1757723180618],server_timestamp[1757723179137],recv_window[102500] (ErrCode: 10002). Added 2.5 seconds to recv_window. 1 retries remain.
2025-09-13 04:26:24,111 - ERROR - invalid request, please check your server timestamp or recv_window param. req_timestamp[1757723183863],server_timestamp[1757723182387],recv_window[105000] (ErrCode: 10002). Added 2.5 seconds to recv_window. 0 retries remain.
2025-09-13 04:31:21,226 - ERROR - invalid request, please check your server timestamp or recv_window param. req_timestamp[1757723480866],server_timestamp[1757723479521],recv_window[100000] (ErrCode: 10002). Added 2.5 seconds to recv_window. 2 retries remain.
2025-09-13 04:31:24,473 - ERROR - invalid request, please check your server timestamp or recv_window param. req_timestamp[1757723484227],server_timestamp[1757723482770],recv_window[102500] (ErrCode: 10002). Added 2.5 seconds to recv_window. 1 retries remain.
2025-09-13 04:31:27,732 - ERROR - invalid request, please check your server timestamp or recv_window param. req_timestamp[1757723487474],server_timestamp[1757723486028],recv_window[105000] (ErrCode: 10002). Added 2.5 seconds to recv_window. 0 retries remain.
2025-09-13 04:36:16,353 - ERROR - invalid request, please check your server timestamp or recv_window param. req_timestamp[1757723775929],server_timestamp[1757723774611],recv_window[100000] (ErrCode: 10002). Added 2.5 seconds to recv_window. 2 retries remain.
2025-09-13 04:36:19,739 - ERROR - invalid request, please check your server timestamp or recv_window param. req_timestamp[1757723779354],server_timestamp[1757723778057],recv_window[102500] (ErrCode: 10002). Added 2.5 seconds to recv_window. 1 retries remain.
2025-09-13 04:36:22,994 - ERROR - invalid request, please check your server timestamp or recv_window param. req_timestamp[1757723782740],server_timestamp[1757723781310],recv_window[105000] (ErrCode: 10002). Added 2.5 seconds to recv_window. 0 retries remain.
2025-09-13 04:41:15,050 - ERROR - invalid request, please check your server timestamp or recv_window param. req_timestamp[1757724074770],server_timestamp[1757724073359],recv_window[100000] (ErrCode: 10002). Added 2.5 seconds to recv_window. 2 retries remain.
2025-09-13 04:41:18,308 - ERROR - invalid request, please check your server timestamp or recv_window param. req_timestamp[1757724078051],server_timestamp[1757724076649],recv_window[102500] (ErrCode: 10002). Added 2.5 seconds to recv_window. 1 retries remain.
2025-09-13 04:41:21,709 - ERROR - invalid request, please check your server timestamp or recv_window param. req_timestamp[1757724081309],server_timestamp[1757724080030],recv_window[105000] (ErrCode: 10002). Added 2.5 seconds to recv_window. 0 retries remain.
2025-09-13 04:46:26,227 - ERROR - invalid request, please check your server timestamp or recv_window param. req_timestamp[1757724385788],server_timestamp[1757724384521],recv_window[100000] (ErrCode: 10002). Added 2.5 seconds to recv_window. 2 retries remain.
2025-09-13 04:46:29,685 - ERROR - invalid request, please check your server timestamp or recv_window param. req_timestamp[1757724389228],server_timestamp[1757724387970],recv_window[102500] (ErrCode: 10002). Added 2.5 seconds to recv_window. 1 retries remain.
2025-09-13 04:46:33,172 - ERROR - invalid request, please check your server timestamp or recv_window param. req_timestamp[1757724392686],server_timestamp[1757724391431],recv_window[105000] (ErrCode: 10002). Added 2.5 seconds to recv_window. 0 retries remain.
2025-09-13 04:51:22,364 - ERROR - invalid request, please check your server timestamp or recv_window param. req_timestamp[1757724682064],server_timestamp[1757724680708],recv_window[100000] (ErrCode: 10002). Added 2.5 seconds to recv_window. 2 retries remain.
2025-09-13 04:51:25,746 - ERROR - invalid request, please check your server timestamp or recv_window param. req_timestamp[1757724685365],server_timestamp[1757724684132],recv_window[102500] (ErrCode: 10002). Added 2.5 seconds to recv_window. 1 retries remain.
2025-09-13 04:51:28,991 - ERROR - invalid request, please check your server timestamp or recv_window param. req_timestamp[1757724688747],server_timestamp[1757724687381],recv_window[105000] (ErrCode: 10002). Added 2.5 seconds to recv_window. 0 retries remain.
2025-09-13 04:56:19,336 - ERROR - invalid request, please check your server timestamp or recv_window param. req_timestamp[1757724979046],server_timestamp[1757724977682],recv_window[100000] (ErrCode: 10002). Added 2.5 seconds to recv_window. 2 retries remain.
2025-09-13 04:56:22,655 - ERROR - invalid request, please check your server timestamp or recv_window param. req_timestamp[1757724982337],server_timestamp[1757724980998],recv_window[102500] (ErrCode: 10002). Added 2.5 seconds to recv_window. 1 retries remain.
2025-09-13 04:56:26,120 - ERROR - invalid request, please check your server timestamp or recv_window param. req_timestamp[1757724985656],server_timestamp[1757724984441],recv_window[105000] (ErrCode: 10002). Added 2.5 seconds to recv_window. 0 retries remain.
2025-09-15 21:21:08,908 - WARNING - Retrying (Retry(total=4, connect=None, read=None, redirect=None, status=None)) after connection broken by 'NameResolutionError("<urllib3.connection.HTTPSConnection object at 0x0000019DA88D6AD0>: Failed to resolve 'api.coingecko.com' ([Errno 11001] getaddrinfo failed)")': /api/v3/coins/markets?order=market_cap_desc&per_page=300&page=1&vs_currency=usd
2025-09-15 21:21:21,257 - WARNING - Retrying (Retry(total=3, connect=None, read=None, redirect=None, status=None)) after connection broken by 'NameResolutionError("<urllib3.connection.HTTPSConnection object at 0x0000019DA88D6D50>: Failed to resolve 'api.coingecko.com' ([Errno 11001] getaddrinfo failed)")': /api/v3/coins/markets?order=market_cap_desc&per_page=300&page=1&vs_currency=usd
2025-09-15 21:21:34,602 - WARNING - Retrying (Retry(total=2, connect=None, read=None, redirect=None, status=None)) after connection broken by 'NameResolutionError("<urllib3.connection.HTTPSConnection object at 0x0000019DA88D6FD0>: Failed to resolve 'api.coingecko.com' ([Errno 11001] getaddrinfo failed)")': /api/v3/coins/markets?order=market_cap_desc&per_page=300&page=1&vs_currency=usd
2025-09-26 13:01:06,069 - WARNING - Retrying (Retry(total=4, connect=None, read=None, redirect=None, status=None)) after connection broken by 'RemoteDisconnected('Remote end closed connection without response')': /api/v3/coins/markets?order=market_cap_desc&per_page=300&page=1&vs_currency=usd
2025-09-30 13:02:17,576 - WARNING - Retrying (Retry(total=4, connect=None, read=None, redirect=None, status=None)) after connection broken by 'ReadTimeoutError("HTTPSConnectionPool(host='api.coingecko.com', port=443): Read timed out. (read timeout=120)")': /api/v3/coins/markets?order=market_cap_desc&per_page=300&page=1&vs_currency=usd
2025-10-02 16:05:44,549 - WARNING - Retrying (Retry(total=4, connect=None, read=None, redirect=None, status=None)) after connection broken by 'ReadTimeoutError("HTTPSConnectionPool(host='api.coingecko.com', port=443): Read timed out. (read timeout=120)")': /api/v3/coins/markets?order=market_cap_desc&per_page=300&page=1&vs_currency=usd
