2025-09-06 18:15:29,319 - WARNING - Retrying (Retry(total=4, connect=None, read=None, redirect=None, status=None)) after connection broken by 'RemoteDisconnected('Remote end closed connection without response')': /api/v3/coins/markets?order=market_cap_desc&per_page=200&page=1&vs_currency=usd
2025-09-07 18:32:08,473 - WARNING - Retrying (Retry(total=4, connect=None, read=None, redirect=None, status=None)) after connection broken by 'ReadTimeoutError("HTTPSConnectionPool(host='api.coingecko.com', port=443): Read timed out. (read timeout=120)")': /api/v3/coins/markets?order=market_cap_desc&per_page=200&page=1&vs_currency=usd
2025-09-07 19:50:27,552 - WARNING - Retrying (Retry(total=4, connect=None, read=None, redirect=None, status=None)) after connection broken by 'RemoteDisconnected('Remote end closed connection without response')': /api/v3/coins/markets?order=market_cap_desc&per_page=200&page=1&vs_currency=usd
2025-09-07 22:32:07,059 - WARNING - Retrying (Retry(total=4, connect=None, read=None, redirect=None, status=None)) after connection broken by 'ReadTimeoutError("HTTPSConnectionPool(host='api.coingecko.com', port=443): Read timed out. (read timeout=120)")': /api/v3/coins/markets?order=market_cap_desc&per_page=200&page=1&vs_currency=usd
2025-09-10 19:32:51,034 - WARNING - Retrying (Retry(total=4, connect=None, read=None, redirect=None, status=None)) after connection broken by 'ReadTimeoutError("HTTPSConnectionPool(host='api.coingecko.com', port=443): Read timed out. (read timeout=120)")': /api/v3/coins/markets?order=market_cap_desc&per_page=200&page=1&vs_currency=usd
2025-09-10 19:35:34,576 - WARNING - Retrying (Retry(total=3, connect=None, read=None, redirect=None, status=None)) after connection broken by 'ReadTimeoutError("HTTPSConnectionPool(host='api.coingecko.com', port=443): Read timed out. (read timeout=120)")': /api/v3/coins/markets?order=market_cap_desc&per_page=200&page=1&vs_currency=usd
2025-09-10 19:36:41,916 - WARNING - Retrying (Retry(total=2, connect=None, read=None, redirect=None, status=None)) after connection broken by 'ConnectionResetError(10054, 'An existing connection was forcibly closed by the remote host', None, 10054, None)': /api/v3/coins/markets?order=market_cap_desc&per_page=200&page=1&vs_currency=usd
2025-09-10 20:12:50,794 - WARNING - Retrying (Retry(total=4, connect=None, read=None, redirect=None, status=None)) after connection broken by 'ReadTimeoutError("HTTPSConnectionPool(host='api.coingecko.com', port=443): Read timed out. (read timeout=120)")': /api/v3/coins/markets?order=market_cap_desc&per_page=200&page=1&vs_currency=usd
2025-09-10 20:14:53,252 - WARNING - Retrying (Retry(total=3, connect=None, read=None, redirect=None, status=None)) after connection broken by 'ReadTimeoutError("HTTPSConnectionPool(host='api.coingecko.com', port=443): Read timed out. (read timeout=120)")': /api/v3/coins/markets?order=market_cap_desc&per_page=200&page=1&vs_currency=usd
2025-09-10 20:17:37,859 - WARNING - Retrying (Retry(total=2, connect=None, read=None, redirect=None, status=None)) after connection broken by 'ReadTimeoutError("HTTPSConnectionPool(host='api.coingecko.com', port=443): Read timed out. (read timeout=120)")': /api/v3/coins/markets?order=market_cap_desc&per_page=200&page=1&vs_currency=usd
2025-09-12 16:10:21,139 - WARNING - Retrying (Retry(total=4, connect=None, read=None, redirect=None, status=None)) after connection broken by 'SSLError(SSLEOFError(8, '[SSL: UNEXPECTED_EOF_WHILE_READING] EOF occurred in violation of protocol (_ssl.c:1032)'))': /api/v3/coins/markets?order=market_cap_desc&per_page=200&page=1&vs_currency=usd
2025-09-12 23:15:04,587 - ERROR - invalid request, please check your server timestamp or recv_window param. req_timestamp[1757704503086],server_timestamp[1757704501361],recv_window[100000] (ErrCode: 10002). Added 2.5 seconds to recv_window. 2 retries remain.
2025-09-12 23:15:07,912 - ERROR - invalid request, please check your server timestamp or recv_window param. req_timestamp[1757704507588],server_timestamp[1757704504706],recv_window[102500] (ErrCode: 10002). Added 2.5 seconds to recv_window. 1 retries remain.
2025-09-12 23:15:11,257 - ERROR - invalid request, please check your server timestamp or recv_window param. req_timestamp[1757704510913],server_timestamp[1757704508055],recv_window[105000] (ErrCode: 10002). Added 2.5 seconds to recv_window. 0 retries remain.
2025-09-12 23:20:04,457 - ERROR - invalid request, please check your server timestamp or recv_window param. req_timestamp[1757704803229],server_timestamp[1757704801342],recv_window[100000] (ErrCode: 10002). Added 2.5 seconds to recv_window. 2 retries remain.
2025-09-12 23:20:07,704 - ERROR - invalid request, please check your server timestamp or recv_window param. req_timestamp[1757704807458],server_timestamp[1757704804588],recv_window[102500] (ErrCode: 10002). Added 2.5 seconds to recv_window. 1 retries remain.
2025-09-12 23:20:10,959 - ERROR - invalid request, please check your server timestamp or recv_window param. req_timestamp[1757704810706],server_timestamp[1757704807843],recv_window[105000] (ErrCode: 10002). Added 2.5 seconds to recv_window. 0 retries remain.
2025-09-12 23:30:04,593 - ERROR - invalid request, please check your server timestamp or recv_window param. req_timestamp[1757705403159],server_timestamp[1757705401461],recv_window[100000] (ErrCode: 10002). Added 2.5 seconds to recv_window. 2 retries remain.
2025-09-12 23:30:07,837 - ERROR - invalid request, please check your server timestamp or recv_window param. req_timestamp[1757705407594],server_timestamp[1757705404770],recv_window[102500] (ErrCode: 10002). Added 2.5 seconds to recv_window. 1 retries remain.
2025-09-12 23:30:11,096 - ERROR - invalid request, please check your server timestamp or recv_window param. req_timestamp[1757705410838],server_timestamp[1757705408025],recv_window[105000] (ErrCode: 10002). Added 2.5 seconds to recv_window. 0 retries remain.
2025-09-12 23:35:04,704 - ERROR - invalid request, please check your server timestamp or recv_window param. req_timestamp[1757705703124],server_timestamp[1757705701655],recv_window[100000] (ErrCode: 10002). Added 2.5 seconds to recv_window. 2 retries remain.
2025-09-12 23:35:08,092 - ERROR - invalid request, please check your server timestamp or recv_window param. req_timestamp[1757705707704],server_timestamp[1757705704963],recv_window[102500] (ErrCode: 10002). Added 2.5 seconds to recv_window. 1 retries remain.
2025-09-12 23:35:11,333 - ERROR - invalid request, please check your server timestamp or recv_window param. req_timestamp[1757705711093],server_timestamp[1757705708285],recv_window[105000] (ErrCode: 10002). Added 2.5 seconds to recv_window. 0 retries remain.
2025-09-12 23:40:04,615 - ERROR - invalid request, please check your server timestamp or recv_window param. req_timestamp[1757706003151],server_timestamp[1757706001524],recv_window[100000] (ErrCode: 10002). Added 2.5 seconds to recv_window. 2 retries remain.
2025-09-12 23:40:07,978 - ERROR - invalid request, please check your server timestamp or recv_window param. req_timestamp[1757706007615],server_timestamp[1757706004888],recv_window[102500] (ErrCode: 10002). Added 2.5 seconds to recv_window. 1 retries remain.
2025-09-12 23:40:11,434 - ERROR - invalid request, please check your server timestamp or recv_window param. req_timestamp[1757706010979],server_timestamp[1757706008342],recv_window[105000] (ErrCode: 10002). Added 2.5 seconds to recv_window. 0 retries remain.
2025-09-12 23:45:04,418 - ERROR - invalid request, please check your server timestamp or recv_window param. req_timestamp[1757706303149],server_timestamp[1757706301418],recv_window[100000] (ErrCode: 10002). Added 2.5 seconds to recv_window. 2 retries remain.
2025-09-12 23:45:07,687 - ERROR - invalid request, please check your server timestamp or recv_window param. req_timestamp[1757706307419],server_timestamp[1757706304685],recv_window[102500] (ErrCode: 10002). Added 2.5 seconds to recv_window. 1 retries remain.
2025-09-12 23:45:10,942 - ERROR - invalid request, please check your server timestamp or recv_window param. req_timestamp[1757706310688],server_timestamp[1757706307940],recv_window[105000] (ErrCode: 10002). Added 2.5 seconds to recv_window. 0 retries remain.
2025-09-12 23:50:04,749 - ERROR - invalid request, please check your server timestamp or recv_window param. req_timestamp[1757706603160],server_timestamp[1757706601692],recv_window[100000] (ErrCode: 10002). Added 2.5 seconds to recv_window. 2 retries remain.
2025-09-12 23:50:08,229 - ERROR - invalid request, please check your server timestamp or recv_window param. req_timestamp[1757706607749],server_timestamp[1757706605162],recv_window[102500] (ErrCode: 10002). Added 2.5 seconds to recv_window. 1 retries remain.
2025-09-12 23:50:11,709 - ERROR - invalid request, please check your server timestamp or recv_window param. req_timestamp[1757706611230],server_timestamp[1757706608646],recv_window[105000] (ErrCode: 10002). Added 2.5 seconds to recv_window. 0 retries remain.
